[2026-01-24 17:07:15,248] tensorflow - Level 1 - Registering Relayout (<function _relayout_gradient at 0x000001B7EC93F7E0>) in gradient.
[2026-01-24 17:07:15,248] tensorflow - Level 1 - Registering RelayoutLike (<function _relayout_grad_gradient at 0x000001B7EC93F920>) in gradient.
[2026-01-24 17:07:15,248] tensorflow - Level 1 - Registering CopyToMesh (<function _copy_to_mesh_gradient at 0x000001B7EC93FF60>) in gradient.
[2026-01-24 17:07:15,248] tensorflow - Level 1 - Registering CopyToMeshGrad (<function _copy_to_mesh_grad_gradient at 0x000001B7EC9D4040>) in gradient.
[2026-01-24 17:07:15,267] tensorflow - Level 1 - Registering FakeQuantWithMinMaxArgs (<function _FakeQuantWithMinMaxArgsGradient at 0x000001B7ECA040E0>) in gradient.
[2026-01-24 17:07:15,275] tensorflow - Level 1 - Registering FakeQuantWithMinMaxVars (<function _FakeQuantWithMinMaxVarsGradient at 0x000001B7ECA042C0>) in gradient.
[2026-01-24 17:07:15,275] tensorflow - Level 1 - Registering FakeQuantWithMinMaxVarsPerChannel (<function _FakeQuantWithMinMaxVarsPerChannelGradient at 0x000001B7ECA04860>) in gradient.
[2026-01-24 17:07:15,276] tensorflow - Level 1 - Registering QuantizeAndDequantizeV4 (<function _QuantizeAndDequantizeV4Grad at 0x000001B7ECA04900>) in gradient.
[2026-01-24 17:07:15,276] tensorflow - Level 1 - Registering QuantizeAndDequantizeV4Grad (<function _QuantizeAndDequantizeV4GradGrad at 0x000001B7ECA049A0>) in gradient.
[2026-01-24 17:07:15,305] tensorflow - Level 1 - Registering TensorListConcatLists (None) in gradient.
[2026-01-24 17:07:15,308] tensorflow - Level 1 - Registering TensorListElementShape (None) in gradient.
[2026-01-24 17:07:15,308] tensorflow - Level 1 - Registering TensorListLength (None) in gradient.
[2026-01-24 17:07:15,308] tensorflow - Level 1 - Registering TensorListPushBackBatch (None) in gradient.
[2026-01-24 17:07:15,308] tensorflow - Level 1 - Registering TensorListPushBack (<function _PushBackGrad at 0x000001B7ECBB9260>) in gradient.
[2026-01-24 17:07:15,308] tensorflow - Level 1 - Registering TensorListPopBack (<function _PopBackGrad at 0x000001B7ECBB9300>) in gradient.
[2026-01-24 17:07:15,308] tensorflow - Level 1 - Registering TensorListStack (<function _TensorListStackGrad at 0x000001B7ECBB93A0>) in gradient.
[2026-01-24 17:07:15,308] tensorflow - Level 1 - Registering TensorListConcatV2 (<function _TensorListConcatGrad at 0x000001B7ECBB9440>) in gradient.
[2026-01-24 17:07:15,308] tensorflow - Level 1 - Registering TensorListConcat (<function _TensorListConcatGrad at 0x000001B7ECBB9440>) in gradient.
[2026-01-24 17:07:15,308] tensorflow - Level 1 - Registering TensorListSplit (<function _TensorListSplitGrad at 0x000001B7ECBB94E0>) in gradient.
[2026-01-24 17:07:15,308] tensorflow - Level 1 - Registering TensorListFromTensor (<function _TensorListFromTensorGrad at 0x000001B7ECBB9580>) in gradient.
[2026-01-24 17:07:15,308] tensorflow - Level 1 - Registering TensorListGetItem (<function _TensorListGetItemGrad at 0x000001B7ECBB9620>) in gradient.
[2026-01-24 17:07:15,308] tensorflow - Level 1 - Registering TensorListSetItem (<function _TensorListSetItemGrad at 0x000001B7ECBB96C0>) in gradient.
[2026-01-24 17:07:15,308] tensorflow - Level 1 - Registering TensorListResize (<function _TensorListResizeGrad at 0x000001B7ECBB9760>) in gradient.
[2026-01-24 17:07:15,308] tensorflow - Level 1 - Registering TensorListGather (<function _TensorListGatherGrad at 0x000001B7ECBB9800>) in gradient.
[2026-01-24 17:07:15,308] tensorflow - Level 1 - Registering TensorListScatterV2 (<function _TensorListScatterGrad at 0x000001B7ECBB98A0>) in gradient.
[2026-01-24 17:07:15,308] tensorflow - Level 1 - Registering TensorListScatter (<function _TensorListScatterGrad at 0x000001B7ECBB98A0>) in gradient.
[2026-01-24 17:07:15,308] tensorflow - Level 1 - Registering TensorListScatterIntoExistingList (<function _TensorListScatterIntoExistingListGrad at 0x000001B7ECBB9940>) in gradient.
[2026-01-24 17:07:15,375] tensorflow - Level 1 - Registering AccumulateNV2 (<function _accumulate_n_grad at 0x000001B7ECD62B60>) in gradient.
[2026-01-24 17:07:15,424] tensorflow - Level 1 - Registering cond_context ((<class 'tensorflow.core.protobuf.control_flow_pb2.CondContextDef'>, <function CondContext.to_proto at 0x000001B7ECE7DBC0>, <function CondContext.from_proto at 0x000001B7ECE7DC60>)) in proto functions.
[2026-01-24 17:07:15,430] tensorflow - Level 1 - Registering while_context ((<class 'tensorflow.core.protobuf.control_flow_pb2.WhileContextDef'>, <function WhileContext.to_proto at 0x000001B7ECE7EA20>, <function WhileContext.from_proto at 0x000001B7ECE7EB60>)) in proto functions.
[2026-01-24 17:07:15,430] tensorflow - Level 1 - Registering _identity_resolver (<function _identity_resolver at 0x000001B7ECE8CA40>) in acd_resource_resolvers.
[2026-01-24 17:07:15,489] tensorflow - Level 1 - Registering Assign (None) in gradient.
[2026-01-24 17:07:15,489] tensorflow - Level 1 - Registering AssignAdd (None) in gradient.
[2026-01-24 17:07:15,489] tensorflow - Level 1 - Registering AssignSub (None) in gradient.
[2026-01-24 17:07:15,489] tensorflow - Level 1 - Registering ScatterAdd (None) in gradient.
[2026-01-24 17:07:15,489] tensorflow - Level 1 - Registering ScatterSub (None) in gradient.
[2026-01-24 17:07:15,489] tensorflow - Level 1 - Registering ScatterMul (None) in gradient.
[2026-01-24 17:07:15,489] tensorflow - Level 1 - Registering ScatterDiv (None) in gradient.
[2026-01-24 17:07:15,489] tensorflow - Level 1 - Registering ScatterNdUpdate (None) in gradient.
[2026-01-24 17:07:15,489] tensorflow - Level 1 - Registering ScatterNdAdd (None) in gradient.
[2026-01-24 17:07:15,489] tensorflow - Level 1 - Registering ScatterNdSub (None) in gradient.
[2026-01-24 17:07:15,489] tensorflow - Level 1 - Registering ScatterNdMul (None) in gradient.
[2026-01-24 17:07:15,489] tensorflow - Level 1 - Registering ScatterNdDiv (None) in gradient.
[2026-01-24 17:07:15,506] tensorflow - Level 1 - Registering ReadVariableOp (<function _ReadGrad at 0x000001B7ED004900>) in gradient.
[2026-01-24 17:07:15,508] tensorflow - Level 1 - Registering ResourceGather (<function _GatherGrad at 0x000001B7ED005940>) in gradient.
[2026-01-24 17:07:15,508] tensorflow - Level 1 - Registering Assert (None) in gradient.
[2026-01-24 17:07:15,508] tensorflow - Level 1 - Registering VarIsInitializedOp (None) in gradient.
[2026-01-24 17:07:15,508] tensorflow - Level 1 - Registering VariableShape (None) in gradient.
[2026-01-24 17:07:15,553] tensorflow - Level 1 - Registering RandomStandardNormal (None) in gradient.
[2026-01-24 17:07:15,556] tensorflow - Level 1 - Registering ParameterizedTruncatedNormal (None) in gradient.
[2026-01-24 17:07:15,556] tensorflow - Level 1 - Registering TruncatedNormal (None) in gradient.
[2026-01-24 17:07:15,559] tensorflow - Level 1 - Registering RandomUniform (None) in gradient.
[2026-01-24 17:07:15,561] tensorflow - Level 1 - Registering RandomShuffle (None) in gradient.
[2026-01-24 17:07:15,561] tensorflow - Level 1 - Registering Multinomial (None) in gradient.
[2026-01-24 17:07:15,629] tensorflow - Level 1 - Registering If (<function _IfGrad at 0x000001B7E1199120>) in gradient.
[2026-01-24 17:07:15,634] tensorflow - Level 1 - Registering StatelessIf (<function _IfGrad at 0x000001B7E1199120>) in gradient.
[2026-01-24 17:07:15,634] tensorflow - Level 1 - Registering StatelessCase (<function _CaseGrad at 0x000001B7E119A840>) in gradient.
[2026-01-24 17:07:15,634] tensorflow - Level 1 - Registering Case (<function _CaseGrad at 0x000001B7E119A840>) in gradient.
[2026-01-24 17:07:15,663] tensorflow - Level 1 - Registering While (<function _WhileGrad at 0x000001B7E1215120>) in gradient.
[2026-01-24 17:07:15,664] tensorflow - Level 1 - Registering StatelessWhile (<function _WhileGrad at 0x000001B7E1215120>) in gradient.
[2026-01-24 17:07:15,799] tensorflow - Level 1 - Registering EnsureShape (<function _ensure_shape_grad at 0x000001B7ED940900>) in gradient.
[2026-01-24 17:07:15,815] tensorflow - Level 1 - Registering RaggedTensorToSparse (<function _ragged_tensor_to_sparse_gradient at 0x000001B7ED9BC900>) in gradient.
[2026-01-24 17:07:15,842] tensorflow - Level 1 - Registering Conv2DBackpropInput (<function _Conv2DBackpropInputGrad at 0x000001B7EDA44D60>) in gradient.
[2026-01-24 17:07:15,845] tensorflow - Level 1 - Registering Conv2DBackpropFilter (<function _Conv2DBackpropFilterGrad at 0x000001B7EDA453A0>) in gradient.
[2026-01-24 17:07:15,845] tensorflow - Level 1 - Registering DepthwiseConv2dNativeBackpropInput (<function _DepthwiseConv2dNativeBackpropInputGrad at 0x000001B7EDA459E0>) in gradient.
[2026-01-24 17:07:15,845] tensorflow - Level 1 - Registering DepthwiseConv2dNativeBackpropFilter (<function _DepthwiseConv2dNativeBackpropFilterGrad at 0x000001B7EDA46160>) in gradient.
[2026-01-24 17:07:15,845] tensorflow - Level 1 - Registering Conv3D (<function _Conv3DGrad at 0x000001B7EDA46200>) in gradient.
[2026-01-24 17:07:15,845] tensorflow - Level 1 - Registering Conv3DBackpropInputV2 (<function _Conv3DBackpropInputGrad at 0x000001B7EDA462A0>) in gradient.
[2026-01-24 17:07:15,845] tensorflow - Level 1 - Registering Conv3DBackpropFilterV2 (<function _Conv3DBackpropFilterGrad at 0x000001B7EDA46340>) in gradient.
[2026-01-24 17:07:15,845] tensorflow - Level 1 - Registering AvgPool3D (<function _AvgPool3DGrad at 0x000001B7EDA463E0>) in gradient.
[2026-01-24 17:07:15,845] tensorflow - Level 1 - Registering AvgPool3DGrad (<function _AvgPool3DGradGrad at 0x000001B7EDA46480>) in gradient.
[2026-01-24 17:07:15,845] tensorflow - Level 1 - Registering MaxPool3D (<function _MaxPool3DGrad at 0x000001B7EDA46520>) in gradient.
[2026-01-24 17:07:15,845] tensorflow - Level 1 - Registering MaxPool3DGrad (<function _MaxPool3DGradGrad at 0x000001B7EDA465C0>) in gradient.
[2026-01-24 17:07:15,845] tensorflow - Level 1 - Registering MaxPool3DGradGrad (<function _MaxPool3DGradGradGrad at 0x000001B7EDA46660>) in gradient.
[2026-01-24 17:07:15,845] tensorflow - Level 1 - Registering Softmax (<function _SoftmaxGrad at 0x000001B7EDA46700>) in gradient.
[2026-01-24 17:07:15,846] tensorflow - Level 1 - Registering LogSoftmax (<function _LogSoftmaxGrad at 0x000001B7EDA467A0>) in gradient.
[2026-01-24 17:07:15,846] tensorflow - Level 1 - Registering BiasAdd (<function _BiasAddGrad at 0x000001B7EDA46840>) in gradient.
[2026-01-24 17:07:15,846] tensorflow - Level 1 - Registering BiasAddGrad (<function _BiasAddGradGrad at 0x000001B7EDA468E0>) in gradient.
[2026-01-24 17:07:15,846] tensorflow - Level 1 - Registering BiasAddV1 (<function _BiasAddGradV1 at 0x000001B7EDA46980>) in gradient.
[2026-01-24 17:07:15,846] tensorflow - Level 1 - Registering Relu (<function _ReluGrad at 0x000001B7EDA46A20>) in gradient.
[2026-01-24 17:07:15,846] tensorflow - Level 1 - Registering EluGrad (<function _EluGradGrad at 0x000001B7EDA46AC0>) in gradient.
[2026-01-24 17:07:15,846] tensorflow - Level 1 - Registering SeluGrad (<function _SeluGradGrad at 0x000001B7EDA46B60>) in gradient.
[2026-01-24 17:07:15,846] tensorflow - Level 1 - Registering Relu6 (<function _Relu6Grad at 0x000001B7EDA46C00>) in gradient.
[2026-01-24 17:07:15,846] tensorflow - Level 1 - Registering Relu6Grad (<function _Relu6GradGrad at 0x000001B7EDA46CA0>) in gradient.
[2026-01-24 17:07:15,846] tensorflow - Level 1 - Registering LeakyRelu (<function _LeakyReluGrad at 0x000001B7EDA46D40>) in gradient.
[2026-01-24 17:07:15,846] tensorflow - Level 1 - Registering LeakyReluGrad (<function _LeakyReluGradGrad at 0x000001B7EDA46DE0>) in gradient.
[2026-01-24 17:07:15,846] tensorflow - Level 1 - Registering Elu (<function _EluGrad at 0x000001B7EDA46E80>) in gradient.
[2026-01-24 17:07:15,846] tensorflow - Level 1 - Registering Selu (<function _SeluGrad at 0x000001B7EDA46F20>) in gradient.
[2026-01-24 17:07:15,846] tensorflow - Level 1 - Registering Softplus (<function _SoftplusGrad at 0x000001B7EDA46FC0>) in gradient.
[2026-01-24 17:07:15,848] tensorflow - Level 1 - Registering SoftplusGrad (<function _SoftplusGradGrad at 0x000001B7EDA47060>) in gradient.
[2026-01-24 17:07:15,848] tensorflow - Level 1 - Registering Softsign (<function _SoftsignGrad at 0x000001B7EDA47100>) in gradient.
[2026-01-24 17:07:15,848] tensorflow - Level 1 - Registering ReluGrad (<function _ReluGradGrad at 0x000001B7EDA471A0>) in gradient.
[2026-01-24 17:07:15,848] tensorflow - Level 1 - Registering SoftmaxCrossEntropyWithLogits (<function _SoftmaxCrossEntropyWithLogitsGrad at 0x000001B7EDA472E0>) in gradient.
[2026-01-24 17:07:15,848] tensorflow - Level 1 - Registering SparseSoftmaxCrossEntropyWithLogits (<function _SparseSoftmaxCrossEntropyWithLogitsGrad at 0x000001B7EDA47380>) in gradient.
[2026-01-24 17:07:15,848] tensorflow - Level 1 - Registering Conv2D (<function _Conv2DGrad at 0x000001B7EDA47420>) in gradient.
[2026-01-24 17:07:15,848] tensorflow - Level 1 - Registering DepthwiseConv2dNative (<function _DepthwiseConv2dNativeGrad at 0x000001B7EDA474C0>) in gradient.
[2026-01-24 17:07:15,848] tensorflow - Level 1 - Registering Dilation2D (<function _Dilation2DGrad at 0x000001B7EDA47560>) in gradient.
[2026-01-24 17:07:15,848] tensorflow - Level 1 - Registering LRN (<function _LRNGrad at 0x000001B7EDA47600>) in gradient.
[2026-01-24 17:07:15,848] tensorflow - Level 1 - Registering AvgPool (<function _AvgPoolGrad at 0x000001B7EDA476A0>) in gradient.
[2026-01-24 17:07:15,848] tensorflow - Level 1 - Registering AvgPoolGrad (<function _AvgPoolGradGrad at 0x000001B7EDA47740>) in gradient.
[2026-01-24 17:07:15,848] tensorflow - Level 1 - Registering MaxPool (<function _MaxPoolGrad at 0x000001B7EDA477E0>) in gradient.
[2026-01-24 17:07:15,848] tensorflow - Level 1 - Registering MaxPoolV2 (<function _MaxPoolGradV2 at 0x000001B7EDA47880>) in gradient.
[2026-01-24 17:07:15,848] tensorflow - Level 1 - Registering MaxPoolWithArgmax (<function _MaxPoolGradWithArgmax at 0x000001B7EDA47920>) in gradient.
[2026-01-24 17:07:15,848] tensorflow - Level 1 - Registering MaxPoolGrad (<function _MaxPoolGradGrad at 0x000001B7EDA479C0>) in gradient.
[2026-01-24 17:07:15,848] tensorflow - Level 1 - Registering MaxPoolGradV2 (<function _MaxPoolGradGradV2 at 0x000001B7EDA47A60>) in gradient.
[2026-01-24 17:07:15,848] tensorflow - Level 1 - Registering MaxPoolGradGrad (<function _MaxPoolGradGradGrad at 0x000001B7EDA47B00>) in gradient.
[2026-01-24 17:07:15,848] tensorflow - Level 1 - Registering FractionalMaxPool (<function _FractionalMaxPoolGrad at 0x000001B7EDA47BA0>) in gradient.
[2026-01-24 17:07:15,848] tensorflow - Level 1 - Registering FractionalAvgPool (<function _FractionalAvgPoolGrad at 0x000001B7EDA47C40>) in gradient.
[2026-01-24 17:07:15,850] tensorflow - Level 1 - Registering BatchNormWithGlobalNormalization (<function _BatchNormWithGlobalNormalizationGrad at 0x000001B7EDA47CE0>) in gradient.
[2026-01-24 17:07:15,850] tensorflow - Level 1 - Registering FusedBatchNorm (<function _FusedBatchNormGrad at 0x000001B7EDA47E20>) in gradient.
[2026-01-24 17:07:15,850] tensorflow - Level 1 - Registering FusedBatchNormV2 (<function _FusedBatchNormV2Grad at 0x000001B7EDA47EC0>) in gradient.
[2026-01-24 17:07:15,850] tensorflow - Level 1 - Registering FusedBatchNormV3 (<function _FusedBatchNormV3Grad at 0x000001B7EDA47F60>) in gradient.
[2026-01-24 17:07:15,850] tensorflow - Level 1 - Registering L2Loss (<function _L2LossGrad at 0x000001B7EDA84040>) in gradient.
[2026-01-24 17:07:15,850] tensorflow - Level 1 - Registering TopKV2 (<function _TopKGrad at 0x000001B7EDA840E0>) in gradient.
[2026-01-24 17:07:15,850] tensorflow - Level 1 - Registering TopK (<function _TopKGrad at 0x000001B7EDA840E0>) in gradient.
[2026-01-24 17:07:15,850] tensorflow - Level 1 - Registering ApproxTopK (<function _ApproxTopKGradient at 0x000001B7EDA84180>) in gradient.
[2026-01-24 17:07:15,850] tensorflow - Level 1 - Registering NthElement (<function _NthElementGrad at 0x000001B7EDA84220>) in gradient.
[2026-01-24 17:07:15,850] tensorflow - Level 1 - Registering IsotonicRegression (<function _IsotonicRegressionGrad at 0x000001B7EDA84360>) in gradient.
[2026-01-24 17:07:15,856] tensorflow - Level 1 - Registering BitwiseAnd (None) in gradient.
[2026-01-24 17:07:15,856] tensorflow - Level 1 - Registering BitwiseOr (None) in gradient.
[2026-01-24 17:07:15,856] tensorflow - Level 1 - Registering BitwiseXor (None) in gradient.
[2026-01-24 17:07:15,864] tensorflow - Level 1 - Registering Invert (None) in gradient.
[2026-01-24 17:07:15,864] tensorflow - Level 1 - Registering PopulationCount (None) in gradient.
[2026-01-24 17:07:15,864] tensorflow - Level 1 - Registering LeftShift (None) in gradient.
[2026-01-24 17:07:15,864] tensorflow - Level 1 - Registering RightShift (None) in gradient.
[2026-01-24 17:07:15,864] tensorflow - Level 1 - Registering StatelessMultinomial (None) in gradient.
[2026-01-24 17:07:15,864] tensorflow - Level 1 - Registering StatelessRandomBinomial (None) in gradient.
[2026-01-24 17:07:15,864] tensorflow - Level 1 - Registering StatelessRandomNormal (None) in gradient.
[2026-01-24 17:07:15,864] tensorflow - Level 1 - Registering StatelessRandomPoisson (None) in gradient.
[2026-01-24 17:07:15,864] tensorflow - Level 1 - Registering StatelessRandomUniform (None) in gradient.
[2026-01-24 17:07:15,864] tensorflow - Level 1 - Registering StatelessRandomUniformInt (None) in gradient.
[2026-01-24 17:07:15,864] tensorflow - Level 1 - Registering StatelessRandomUniformFullInt (None) in gradient.
[2026-01-24 17:07:15,864] tensorflow - Level 1 - Registering StatelessTruncatedNormal (None) in gradient.
[2026-01-24 17:07:15,864] tensorflow - Level 1 - Registering StatelessRandomNormalV2 (None) in gradient.
[2026-01-24 17:07:15,864] tensorflow - Level 1 - Registering StatelessRandomUniformV2 (None) in gradient.
[2026-01-24 17:07:15,864] tensorflow - Level 1 - Registering StatelessRandomUniformIntV2 (None) in gradient.
[2026-01-24 17:07:15,864] tensorflow - Level 1 - Registering StatelessRandomUniformFullIntV2 (None) in gradient.
[2026-01-24 17:07:15,864] tensorflow - Level 1 - Registering StatelessTruncatedNormalV2 (None) in gradient.
[2026-01-24 17:07:15,864] tensorflow - Level 1 - Registering StatelessRandomShuffle (None) in gradient.
[2026-01-24 17:07:15,864] tensorflow - Level 1 - Registering RandomIndexShuffle (None) in gradient.
[2026-01-24 17:07:15,872] tensorflow - Level 1 - Registering Conv3D,flops (<function _calc_conv3d_flops at 0x000001B7EDB06AC0>) in statistical functions.
[2026-01-24 17:07:15,880] tensorflow - Level 1 - Registering Conv2D,flops (<function _calc_conv_flops at 0x000001B7EDB06CA0>) in statistical functions.
[2026-01-24 17:07:15,880] tensorflow - Level 1 - Registering DepthwiseConv2dNative,flops (<function _calc_depthwise_conv_flops at 0x000001B7EDB07240>) in statistical functions.
[2026-01-24 17:07:15,880] tensorflow - Level 1 - Registering BiasAdd,flops (<function _calc_bias_add_flops at 0x000001B7EDB072E0>) in statistical functions.
[2026-01-24 17:07:15,880] tensorflow - Level 1 - Registering Dilation2D,flops (<function _calc_dilation2d_flops at 0x000001B7EDBA4E00>) in statistical functions.
[2026-01-24 17:07:15,890] tensorflow - Level 1 - Registering CompositeTensorVariantFromComponents (<function _composite_tensor_to_variants_grad at 0x000001B7EDC01E40>) in gradient.
[2026-01-24 17:07:15,897] tensorflow - Level 1 - Registering CompositeTensorVariantToComponents (<function _composite_tensor_from_variant_grad at 0x000001B7EDC01EE0>) in gradient.
[2026-01-24 17:07:15,914] tensorflow - Level 1 - Registering RaggedRange (None) in gradient.
[2026-01-24 17:07:15,925] tensorflow - Level 1 - Registering RaggedFillEmptyRows (<function _ragged_fill_empty_rows_grad at 0x000001B7EDC66DE0>) in gradient.
[2026-01-24 17:07:15,930] tensorflow - Level 1 - Registering RaggedGather (<function _ragged_gather_grad at 0x000001B7EDC8CCC0>) in gradient.
[2026-01-24 17:07:15,947] tensorflow - Level 1 - Registering RegexReplace (None) in gradient.
[2026-01-24 17:07:15,947] tensorflow - Level 1 - Registering StringToHashBucket (None) in gradient.
[2026-01-24 17:07:15,947] tensorflow - Level 1 - Registering StringToHashBucketFast (None) in gradient.
[2026-01-24 17:07:15,949] tensorflow - Level 1 - Registering StringToHashBucketStrong (None) in gradient.
[2026-01-24 17:07:15,949] tensorflow - Level 1 - Registering ReduceJoin (None) in gradient.
[2026-01-24 17:07:15,949] tensorflow - Level 1 - Registering StringJoin (None) in gradient.
[2026-01-24 17:07:15,949] tensorflow - Level 1 - Registering StringSplit (None) in gradient.
[2026-01-24 17:07:15,949] tensorflow - Level 1 - Registering AsString (None) in gradient.
[2026-01-24 17:07:15,949] tensorflow - Level 1 - Registering EncodeBase64 (None) in gradient.
[2026-01-24 17:07:15,949] tensorflow - Level 1 - Registering DecodeBase64 (None) in gradient.
[2026-01-24 17:07:15,949] tensorflow - Level 1 - Registering Print (<function _PrintGrad at 0x000001B7EDC8F920>) in gradient.
[2026-01-24 17:07:15,956] tensorflow - Level 1 - Registering HistogramSummary (None) in gradient.
[2026-01-24 17:07:15,956] tensorflow - Level 1 - Registering ImageSummary (None) in gradient.
[2026-01-24 17:07:15,956] tensorflow - Level 1 - Registering AudioSummary (None) in gradient.
[2026-01-24 17:07:15,956] tensorflow - Level 1 - Registering AudioSummaryV2 (None) in gradient.
[2026-01-24 17:07:15,956] tensorflow - Level 1 - Registering MergeSummary (None) in gradient.
[2026-01-24 17:07:15,956] tensorflow - Level 1 - Registering ScalarSummary (None) in gradient.
[2026-01-24 17:07:15,956] tensorflow - Level 1 - Registering TensorSummary (None) in gradient.
[2026-01-24 17:07:15,956] tensorflow - Level 1 - Registering TensorSummaryV2 (None) in gradient.
[2026-01-24 17:07:15,958] tensorflow - Level 1 - Registering Timestamp (None) in gradient.
[2026-01-24 17:07:15,997] tensorflow - Level 1 - Registering XlaEinsum (<function _einsum_grad at 0x000001B7EDD4E980>) in gradient.
[2026-01-24 17:07:16,008] tensorflow - Level 1 - Registering RaggedTensorToTensor (<function _ragged_tensor_to_tensor_grad at 0x000001B7EDD7B920>) in gradient.
[2026-01-24 17:07:16,012] tensorflow - Level 1 - Registering RaggedTensorFromVariant (<function _ragged_tensor_from_variant_grad at 0x000001B7EDD7BBA0>) in gradient.
[2026-01-24 17:07:16,012] tensorflow - Level 1 - Registering RaggedTensorToVariant (<function _ragged_tensor_to_variant_grad at 0x000001B7EDD7BC40>) in gradient.
[2026-01-24 17:07:16,012] tensorflow - Level 1 - Registering ClipByValue (<function _clip_by_value_grad at 0x000001B7EDDA4360>) in gradient.
[2026-01-24 17:07:16,022] tensorflow - Level 1 - Registering DynamicPartition (<function _DynamicPartitionGrads at 0x000001B7EDDA4D60>) in gradient.
[2026-01-24 17:07:16,024] tensorflow - Level 1 - Registering ParallelDynamicStitch (<function _DynamicStitchGrads at 0x000001B7EDDA5080>) in gradient.
[2026-01-24 17:07:16,024] tensorflow - Level 1 - Registering DynamicStitch (<function _DynamicStitchGrads at 0x000001B7EDDA5080>) in gradient.
[2026-01-24 17:07:16,024] tensorflow - Level 1 - Registering Queue (None) in gradient.
[2026-01-24 17:07:16,024] tensorflow - Level 1 - Registering QueueEnqueue (None) in gradient.
[2026-01-24 17:07:16,024] tensorflow - Level 1 - Registering QueueEnqueueMany (None) in gradient.
[2026-01-24 17:07:16,024] tensorflow - Level 1 - Registering QueueDequeue (None) in gradient.
[2026-01-24 17:07:16,024] tensorflow - Level 1 - Registering QueueDequeueMany (None) in gradient.
[2026-01-24 17:07:16,024] tensorflow - Level 1 - Registering QueueDequeueUpTo (None) in gradient.
[2026-01-24 17:07:16,024] tensorflow - Level 1 - Registering QueueClose (None) in gradient.
[2026-01-24 17:07:16,024] tensorflow - Level 1 - Registering QueueSize (None) in gradient.
[2026-01-24 17:07:16,026] tensorflow - Level 1 - Registering Stack (None) in gradient.
[2026-01-24 17:07:16,026] tensorflow - Level 1 - Registering StackPush (None) in gradient.
[2026-01-24 17:07:16,026] tensorflow - Level 1 - Registering StackPop (None) in gradient.
[2026-01-24 17:07:16,026] tensorflow - Level 1 - Registering StackClose (None) in gradient.
[2026-01-24 17:07:16,026] tensorflow - Level 1 - Registering GetSessionHandle (None) in gradient.
[2026-01-24 17:07:16,026] tensorflow - Level 1 - Registering GetSessionHandleV2 (None) in gradient.
[2026-01-24 17:07:16,026] tensorflow - Level 1 - Registering GetSessionTensor (None) in gradient.
[2026-01-24 17:07:16,026] tensorflow - Level 1 - Registering DeleteSessionTensor (None) in gradient.
[2026-01-24 17:07:16,092] tensorflow - Level 1 - Registering TPUReplicatedInput (None) in gradient.
[2026-01-24 17:07:16,092] tensorflow - Level 1 - Registering AllToAll (<function _all_to_all_grad at 0x000001B7EDEEB380>) in gradient.
[2026-01-24 17:07:16,092] tensorflow - Level 1 - Registering CollectivePermute (<function _collective_permute_grad at 0x000001B7EDEEB560>) in gradient.
[2026-01-24 17:07:16,092] tensorflow - Level 1 - Registering CrossReplicaSum (<function _cross_replica_sum_grad at 0x000001B7EDEEB600>) in gradient.
[2026-01-24 17:07:16,092] tensorflow - Level 1 - Registering TPUEmbeddingActivations (<function _embedding_activations_grad at 0x000001B7EDEEB6A0>) in gradient.
[2026-01-24 17:07:16,120] tensorflow - Level 1 - Registering XlaClusterOutput (<function _XlaClusterOutputGrad at 0x000001B7EDF3E840>) in gradient.
[2026-01-24 17:07:16,122] tensorflow - Level 1 - Registering Pack (<function _PackGrad at 0x000001B7EDF3EDE0>) in gradient.
[2026-01-24 17:07:16,122] tensorflow - Level 1 - Registering Unpack (<function _UnpackGrad at 0x000001B7EDF3EF20>) in gradient.
[2026-01-24 17:07:16,124] tensorflow - Level 1 - Registering Concat (<function _ConcatGrad at 0x000001B7EDF3F100>) in gradient.
[2026-01-24 17:07:16,124] tensorflow - Level 1 - Registering ConcatV2 (<function _ConcatGradV2 at 0x000001B7EDF3F1A0>) in gradient.
[2026-01-24 17:07:16,124] tensorflow - Level 1 - Registering ConcatOffset (None) in gradient.
[2026-01-24 17:07:16,124] tensorflow - Level 1 - Registering Slice (<function _SliceGrad at 0x000001B7EDF3F240>) in gradient.
[2026-01-24 17:07:16,124] tensorflow - Level 1 - Registering StridedSlice (<function _StridedSliceGrad at 0x000001B7EDF3F420>) in gradient.
[2026-01-24 17:07:16,124] tensorflow - Level 1 - Registering StridedSliceGrad (<function _StridedSliceGradGrad at 0x000001B7EDF3F4C0>) in gradient.
[2026-01-24 17:07:16,124] tensorflow - Level 1 - Registering TensorStridedSliceUpdate (<function _TensorStridedSliceUpdateGrad at 0x000001B7EDF3F560>) in gradient.
[2026-01-24 17:07:16,124] tensorflow - Level 1 - Registering Split (<function _SplitGrad at 0x000001B7EDF3F600>) in gradient.
[2026-01-24 17:07:16,124] tensorflow - Level 1 - Registering SplitV (<function _SplitVGrad at 0x000001B7EDF3F6A0>) in gradient.
[2026-01-24 17:07:16,124] tensorflow - Level 1 - Registering Const (None) in gradient.
[2026-01-24 17:07:16,124] tensorflow - Level 1 - Registering Diag (<function _DiagGrad at 0x000001B7EDF3F740>) in gradient.
[2026-01-24 17:07:16,124] tensorflow - Level 1 - Registering DiagPart (<function _DiagPartGrad at 0x000001B7EDF3F7E0>) in gradient.
[2026-01-24 17:07:16,124] tensorflow - Level 1 - Registering MatrixDiag (<function _MatrixDiagGrad at 0x000001B7EDF3F880>) in gradient.
[2026-01-24 17:07:16,124] tensorflow - Level 1 - Registering MatrixDiagV2 (<function _MatrixDiagV2Grad at 0x000001B7EDF3F920>) in gradient.
[2026-01-24 17:07:16,124] tensorflow - Level 1 - Registering MatrixDiagV3 (<function _MatrixDiagV3Grad at 0x000001B7EDF3F9C0>) in gradient.
[2026-01-24 17:07:16,124] tensorflow - Level 1 - Registering MatrixDiagPart (<function _MatrixDiagPartGrad at 0x000001B7EDF3FA60>) in gradient.
[2026-01-24 17:07:16,124] tensorflow - Level 1 - Registering MatrixDiagPartV2 (<function _MatrixDiagPartV2Grad at 0x000001B7EDF3FB00>) in gradient.
[2026-01-24 17:07:16,124] tensorflow - Level 1 - Registering MatrixDiagPartV3 (<function _MatrixDiagPartV3Grad at 0x000001B7EDF3FBA0>) in gradient.
[2026-01-24 17:07:16,124] tensorflow - Level 1 - Registering MatrixSetDiag (<function _MatrixSetDiagGrad at 0x000001B7EDF3FC40>) in gradient.
[2026-01-24 17:07:16,124] tensorflow - Level 1 - Registering MatrixSetDiagV2 (<function _MatrixSetDiagGradV2 at 0x000001B7EDF3FCE0>) in gradient.
[2026-01-24 17:07:16,124] tensorflow - Level 1 - Registering MatrixSetDiagV3 (<function _MatrixSetDiagGradV3 at 0x000001B7EDF3FD80>) in gradient.
[2026-01-24 17:07:16,124] tensorflow - Level 1 - Registering MatrixBandPart (<function _MatrixBandPartGrad at 0x000001B7EDF3FE20>) in gradient.
[2026-01-24 17:07:16,124] tensorflow - Level 1 - Registering EditDistance (None) in gradient.
[2026-01-24 17:07:16,124] tensorflow - Level 1 - Registering Fill (<function _FillGrad at 0x000001B7EDF3FEC0>) in gradient.
[2026-01-24 17:07:16,124] tensorflow - Level 1 - Registering ZerosLike (None) in gradient.
[2026-01-24 17:07:16,124] tensorflow - Level 1 - Registering OnesLike (None) in gradient.
[2026-01-24 17:07:16,124] tensorflow - Level 1 - Registering PreventGradient (<function _PreventGradientGrad at 0x000001B7EDF3FF60>) in gradient.
[2026-01-24 17:07:16,124] tensorflow - Level 1 - Registering Gather (<function _GatherGrad at 0x000001B7EDFAC0E0>) in gradient.
[2026-01-24 17:07:16,124] tensorflow - Level 1 - Registering GatherV2 (<function _GatherV2Grad at 0x000001B7EDFAC2C0>) in gradient.
[2026-01-24 17:07:16,124] tensorflow - Level 1 - Registering GatherNd (<function _GatherNdGrad at 0x000001B7EDFAC360>) in gradient.
[2026-01-24 17:07:16,128] tensorflow - Level 1 - Registering ResourceGatherNd (<function _ResourceGatherNdGrad at 0x000001B7EDFAC400>) in gradient.
[2026-01-24 17:07:16,128] tensorflow - Level 1 - Registering CheckNumerics (<function _CheckNumericsGrad at 0x000001B7EDFAC4A0>) in gradient.
[2026-01-24 17:07:16,128] tensorflow - Level 1 - Registering CheckNumericsV2 (<function _CheckNumericsV2Grad at 0x000001B7EDFAC540>) in gradient.
[2026-01-24 17:07:16,128] tensorflow - Level 1 - Registering Identity (<function _IdGrad at 0x000001B7EDFAC5E0>) in gradient.
[2026-01-24 17:07:16,128] tensorflow - Level 1 - Registering PlaceholderWithDefault (<function _IdGrad at 0x000001B7EDFAC5E0>) in gradient.
[2026-01-24 17:07:16,128] tensorflow - Level 1 - Registering _EagerConst (<function _EagerConstGrad at 0x000001B7EDFAC680>) in gradient.
[2026-01-24 17:07:16,128] tensorflow - Level 1 - Registering RefIdentity (<function _RefIdGrad at 0x000001B7EDFAC720>) in gradient.
[2026-01-24 17:07:16,128] tensorflow - Level 1 - Registering IdentityN (<function _IdNGrad at 0x000001B7EDFAC7C0>) in gradient.
[2026-01-24 17:07:16,128] tensorflow - Level 1 - Registering StopGradient (None) in gradient.
[2026-01-24 17:07:16,128] tensorflow - Level 1 - Registering Reshape (<function _ReshapeGrad at 0x000001B7EDFAC860>) in gradient.
[2026-01-24 17:07:16,128] tensorflow - Level 1 - Registering InvertPermutation (None) in gradient.
[2026-01-24 17:07:16,128] tensorflow - Level 1 - Registering ExpandDims (<function _ExpandDimsGrad at 0x000001B7EDFAC9A0>) in gradient.
[2026-01-24 17:07:16,128] tensorflow - Level 1 - Registering Squeeze (<function _SqueezeGrad at 0x000001B7EDFACA40>) in gradient.
[2026-01-24 17:07:16,129] tensorflow - Level 1 - Registering Transpose (<function _TransposeGrad at 0x000001B7EDFACAE0>) in gradient.
[2026-01-24 17:07:16,129] tensorflow - Level 1 - Registering ConjugateTranspose (<function _ConjugateTransposeGrad at 0x000001B7EDFACB80>) in gradient.
[2026-01-24 17:07:16,129] tensorflow - Level 1 - Registering Shape (None) in gradient.
[2026-01-24 17:07:16,129] tensorflow - Level 1 - Registering ShapeN (None) in gradient.
[2026-01-24 17:07:16,129] tensorflow - Level 1 - Registering Rank (None) in gradient.
[2026-01-24 17:07:16,129] tensorflow - Level 1 - Registering Size (None) in gradient.
[2026-01-24 17:07:16,129] tensorflow - Level 1 - Registering Tile (<function _TileGrad at 0x000001B7EDFACC20>) in gradient.
[2026-01-24 17:07:16,129] tensorflow - Level 1 - Registering BroadcastGradientArgs (None) in gradient.
[2026-01-24 17:07:16,129] tensorflow - Level 1 - Registering Pad (<function _PadGrad at 0x000001B7EDFACCC0>) in gradient.
[2026-01-24 17:07:16,129] tensorflow - Level 1 - Registering PadV2 (<function _PadGrad at 0x000001B7EDFACCC0>) in gradient.
[2026-01-24 17:07:16,129] tensorflow - Level 1 - Registering ReverseSequence (<function _ReverseSequenceGrad at 0x000001B7EDFACD60>) in gradient.
[2026-01-24 17:07:16,129] tensorflow - Level 1 - Registering Reverse (<function _ReverseGrad at 0x000001B7EDFACE00>) in gradient.
[2026-01-24 17:07:16,129] tensorflow - Level 1 - Registering ReverseV2 (<function _ReverseV2Grad at 0x000001B7EDFACEA0>) in gradient.
[2026-01-24 17:07:16,129] tensorflow - Level 1 - Registering SpaceToBatch (<function _SpaceToBatchGrad at 0x000001B7EDFACF40>) in gradient.
[2026-01-24 17:07:16,129] tensorflow - Level 1 - Registering SpaceToBatchND (<function _SpaceToBatchNDGrad at 0x000001B7EDFACFE0>) in gradient.
[2026-01-24 17:07:16,129] tensorflow - Level 1 - Registering BatchToSpace (<function _BatchToSpaceGrad at 0x000001B7EDFAD080>) in gradient.
[2026-01-24 17:07:16,129] tensorflow - Level 1 - Registering BatchToSpaceND (<function _BatchToSpaceNDGrad at 0x000001B7EDFAD120>) in gradient.
[2026-01-24 17:07:16,129] tensorflow - Level 1 - Registering SpaceToDepth (<function _SpaceToDepthGrad at 0x000001B7EDFAD1C0>) in gradient.
[2026-01-24 17:07:16,129] tensorflow - Level 1 - Registering DepthToSpace (<function _DepthToSpaceGrad at 0x000001B7EDFAD260>) in gradient.
[2026-01-24 17:07:16,129] tensorflow - Level 1 - Registering OneHot (None) in gradient.
[2026-01-24 17:07:16,129] tensorflow - Level 1 - Registering MirrorPad (<function _MirrorPadGrad at 0x000001B7EDFAD300>) in gradient.
[2026-01-24 17:07:16,129] tensorflow - Level 1 - Registering MirrorPadGrad (<function _MirrorPadGradGrad at 0x000001B7EDFAD3A0>) in gradient.
[2026-01-24 17:07:16,129] tensorflow - Level 1 - Registering FakeQuantWithMinMaxArgsGradient (None) in gradient.
[2026-01-24 17:07:16,129] tensorflow - Level 1 - Registering FakeQuantWithMinMaxVarsGradient (None) in gradient.
[2026-01-24 17:07:16,129] tensorflow - Level 1 - Registering FakeQuantWithMinMaxVarsPerChannelGradient (None) in gradient.
[2026-01-24 17:07:16,129] tensorflow - Level 1 - Registering QuantizeAndDequantize (<function _QuantizeAndDequantizeGrad at 0x000001B7EDFAD440>) in gradient.
[2026-01-24 17:07:16,129] tensorflow - Level 1 - Registering QuantizeAndDequantizeV2 (<function _QuantizeAndDequantizeV2Grad at 0x000001B7EDFAD580>) in gradient.
[2026-01-24 17:07:16,129] tensorflow - Level 1 - Registering QuantizeAndDequantizeV3 (<function _QuantizeAndDequantizeV3Grad at 0x000001B7EDFAD620>) in gradient.
[2026-01-24 17:07:16,129] tensorflow - Level 1 - Registering ExtractImagePatches (<function _ExtractImagePatchesGrad at 0x000001B7EDFAD4E0>) in gradient.
[2026-01-24 17:07:16,129] tensorflow - Level 1 - Registering ExtractVolumePatches (<function _ExtractVolumePatchesGrad at 0x000001B7EDFAD6C0>) in gradient.
[2026-01-24 17:07:16,129] tensorflow - Level 1 - Registering ScatterNd (<function _ScatterNdGrad at 0x000001B7EDFAD760>) in gradient.
[2026-01-24 17:07:16,129] tensorflow - Level 1 - Registering TensorScatterUpdate (<function _TensorScatterUpdateGrad at 0x000001B7EDFAD800>) in gradient.
[2026-01-24 17:07:16,129] tensorflow - Level 1 - Registering TensorScatterAdd (<function _TensorScatterAddGrad at 0x000001B7EDFAD8A0>) in gradient.
[2026-01-24 17:07:16,129] tensorflow - Level 1 - Registering TensorScatterMax (<function _TensorScatterMaxGrad at 0x000001B7EDFAD9E0>) in gradient.
[2026-01-24 17:07:16,129] tensorflow - Level 1 - Registering TensorScatterMin (<function _TensorScatterMinGrad at 0x000001B7EDFADA80>) in gradient.
[2026-01-24 17:07:16,129] tensorflow - Level 1 - Registering TensorScatterSub (<function _TensorScatterSubGrad at 0x000001B7EDFADB20>) in gradient.
[2026-01-24 17:07:16,129] tensorflow - Level 1 - Registering ScatterNdNonAliasingAdd (<function _ScatterNdNonAliasingAddGrad at 0x000001B7EDFADBC0>) in gradient.
[2026-01-24 17:07:16,129] tensorflow - Level 1 - Registering BroadcastTo (<function _BroadcastToGrad at 0x000001B7EDFADC60>) in gradient.
[2026-01-24 17:07:16,135] tensorflow - Level 1 - Registering Switch (<function _SwitchGrad at 0x000001B7EDFADE40>) in gradient.
[2026-01-24 17:07:16,136] tensorflow - Level 1 - Registering RefSwitch (<function _SwitchGrad at 0x000001B7EDFADE40>) in gradient.
[2026-01-24 17:07:16,136] tensorflow - Level 1 - Registering Merge (<function _MergeGrad at 0x000001B7EDFADEE0>) in gradient.
[2026-01-24 17:07:16,136] tensorflow - Level 1 - Registering RefMerge (<function _RefMergeGrad at 0x000001B7EDFAE020>) in gradient.
[2026-01-24 17:07:16,136] tensorflow - Level 1 - Registering Exit (<function _ExitGrad at 0x000001B7EDFADF80>) in gradient.
[2026-01-24 17:07:16,136] tensorflow - Level 1 - Registering RefExit (<function _ExitGrad at 0x000001B7EDFADF80>) in gradient.
[2026-01-24 17:07:16,136] tensorflow - Level 1 - Registering NextIteration (<function _NextIterationGrad at 0x000001B7EDFAE0C0>) in gradient.
[2026-01-24 17:07:16,136] tensorflow - Level 1 - Registering RefNextIteration (<function _RefNextIterationGrad at 0x000001B7EDFAE160>) in gradient.
[2026-01-24 17:07:16,136] tensorflow - Level 1 - Registering Enter (<function _EnterGrad at 0x000001B7EDFAE200>) in gradient.
[2026-01-24 17:07:16,136] tensorflow - Level 1 - Registering RefEnter (<function _RefEnterGrad at 0x000001B7EDFAE2A0>) in gradient.
[2026-01-24 17:07:16,136] tensorflow - Level 1 - Registering LoopCond (<function _LoopCondGrad at 0x000001B7EDFAE340>) in gradient.
[2026-01-24 17:07:16,141] tensorflow - Level 1 - Registering CudnnRNN (<function _cudnn_rnn_backward at 0x000001B7EDFAE480>) in gradient.
[2026-01-24 17:07:16,144] tensorflow - Level 1 - Registering CudnnRNNV2 (<function _cudnn_rnn_backward_v2 at 0x000001B7EDFAE660>) in gradient.
[2026-01-24 17:07:16,144] tensorflow - Level 1 - Registering CudnnRNNV3 (<function _cudnn_rnn_backwardv3 at 0x000001B7EDFCA7A0>) in gradient.
[2026-01-24 17:07:16,146] tensorflow - Level 1 - Registering ResizeNearestNeighbor (<function _ResizeNearestNeighborGrad at 0x000001B7EDFCA700>) in gradient.
[2026-01-24 17:07:16,146] tensorflow - Level 1 - Registering ResizeBilinear (<function _ResizeBilinearGrad at 0x000001B7EDFCA840>) in gradient.
[2026-01-24 17:07:16,146] tensorflow - Level 1 - Registering ResizeBilinearGrad (None) in gradient.
[2026-01-24 17:07:16,146] tensorflow - Level 1 - Registering ScaleAndTranslate (<function _ScaleAndTranslateGrad at 0x000001B7EDFCAA20>) in gradient.
[2026-01-24 17:07:16,146] tensorflow - Level 1 - Registering ResizeBicubic (<function _ResizeBicubicGrad at 0x000001B7EDFCA980>) in gradient.
[2026-01-24 17:07:16,146] tensorflow - Level 1 - Registering CropAndResize (<function _CropAndResizeGrad at 0x000001B7EDFCAAC0>) in gradient.
[2026-01-24 17:07:16,146] tensorflow - Level 1 - Registering RGBToHSV (<function _RGBToHSVGrad at 0x000001B7EDFCAC00>) in gradient.
[2026-01-24 17:07:16,154] tensorflow - Level 1 - Registering ReaderRead (None) in gradient.
[2026-01-24 17:07:16,155] tensorflow - Level 1 - Registering ReaderReadUpTo (None) in gradient.
[2026-01-24 17:07:16,155] tensorflow - Level 1 - Registering ReaderNumRecordsProduced (None) in gradient.
[2026-01-24 17:07:16,155] tensorflow - Level 1 - Registering ReaderNumWorkUnitsCompleted (None) in gradient.
[2026-01-24 17:07:16,155] tensorflow - Level 1 - Registering ReaderSerializeState (None) in gradient.
[2026-01-24 17:07:16,157] tensorflow - Level 1 - Registering ReaderRestoreState (None) in gradient.
[2026-01-24 17:07:16,157] tensorflow - Level 1 - Registering ReaderReset (None) in gradient.
[2026-01-24 17:07:16,157] tensorflow - Level 1 - Registering WholeFileReader (None) in gradient.
[2026-01-24 17:07:16,157] tensorflow - Level 1 - Registering TextLineReader (None) in gradient.
[2026-01-24 17:07:16,157] tensorflow - Level 1 - Registering FixedLengthRecordReader (None) in gradient.
[2026-01-24 17:07:16,157] tensorflow - Level 1 - Registering TFRecordReader (None) in gradient.
[2026-01-24 17:07:16,157] tensorflow - Level 1 - Registering LMDBReader (None) in gradient.
[2026-01-24 17:07:16,157] tensorflow - Level 1 - Registering IdentityReader (None) in gradient.
[2026-01-24 17:07:16,162] tensorflow - Level 1 - Registering MatrixInverse (<function _MatrixInverseGrad at 0x000001B7EDFCACA0>) in gradient.
[2026-01-24 17:07:16,162] tensorflow - Level 1 - Registering Einsum (<function _EinsumGrad at 0x000001B7EE04C360>) in gradient.
[2026-01-24 17:07:16,167] tensorflow - Level 1 - Registering MatrixDeterminant (<function _MatrixDeterminantGrad at 0x000001B7EE04E7A0>) in gradient.
[2026-01-24 17:07:16,167] tensorflow - Level 1 - Registering MatrixSquareRoot (<function _MatrixSquareRootGrad at 0x000001B7EE04E8E0>) in gradient.
[2026-01-24 17:07:16,167] tensorflow - Level 1 - Registering LogMatrixDeterminant (<function _LogMatrixDeterminantGrad at 0x000001B7EE04E980>) in gradient.
[2026-01-24 17:07:16,167] tensorflow - Level 1 - Registering Cholesky (<function _CholeskyGrad at 0x000001B7EE04EA20>) in gradient.
[2026-01-24 17:07:16,167] tensorflow - Level 1 - Registering Qr (<function _QrGrad at 0x000001B7EE04EAC0>) in gradient.
[2026-01-24 17:07:16,167] tensorflow - Level 1 - Registering MatrixSolve (<function _MatrixSolveGrad at 0x000001B7EE04EB60>) in gradient.
[2026-01-24 17:07:16,167] tensorflow - Level 1 - Registering MatrixSolveLs (<function _MatrixSolveLsGrad at 0x000001B7EE04EC00>) in gradient.
[2026-01-24 17:07:16,169] tensorflow - Level 1 - Registering BandedTriangularSolve (<function _BandedTriangularSolveGrad at 0x000001B7EE04ECA0>) in gradient.
[2026-01-24 17:07:16,169] tensorflow - Level 1 - Registering MatrixTriangularSolve (<function _MatrixTriangularSolveGrad at 0x000001B7EE04ED40>) in gradient.
[2026-01-24 17:07:16,169] tensorflow - Level 1 - Registering Eig (<function _EigGrad at 0x000001B7EE04EE80>) in gradient.
[2026-01-24 17:07:16,169] tensorflow - Level 1 - Registering SelfAdjointEigV2 (<function _SelfAdjointEigV2Grad at 0x000001B7EE04EF20>) in gradient.
[2026-01-24 17:07:16,169] tensorflow - Level 1 - Registering Svd (<function _SvdGrad at 0x000001B7EE04EFC0>) in gradient.
[2026-01-24 17:07:16,169] tensorflow - Level 1 - Registering TridiagonalMatMul (<function _TridiagonalMatMulGrad at 0x000001B7EE04F1A0>) in gradient.
[2026-01-24 17:07:16,169] tensorflow - Level 1 - Registering TridiagonalSolve (<function _TridiagonalSolveGrad at 0x000001B7EE04F240>) in gradient.
[2026-01-24 17:07:16,169] tensorflow - Level 1 - Registering LookupTableFind (None) in gradient.
[2026-01-24 17:07:16,172] tensorflow - Level 1 - Registering LookupTableFindV2 (None) in gradient.
[2026-01-24 17:07:16,173] tensorflow - Level 1 - Registering LookupTableInsert (None) in gradient.
[2026-01-24 17:07:16,173] tensorflow - Level 1 - Registering LookupTableInsertV2 (None) in gradient.
[2026-01-24 17:07:16,173] tensorflow - Level 1 - Registering LookupTableSize (None) in gradient.
[2026-01-24 17:07:16,173] tensorflow - Level 1 - Registering LookupTableSizeV2 (None) in gradient.
[2026-01-24 17:07:16,173] tensorflow - Level 1 - Registering HashTable (None) in gradient.
[2026-01-24 17:07:16,173] tensorflow - Level 1 - Registering HashTableV2 (None) in gradient.
[2026-01-24 17:07:16,173] tensorflow - Level 1 - Registering InitializeTable (None) in gradient.
[2026-01-24 17:07:16,173] tensorflow - Level 1 - Registering InitializeTableV2 (None) in gradient.
[2026-01-24 17:07:16,173] tensorflow - Level 1 - Registering InitializeTableFromTextFile (None) in gradient.
[2026-01-24 17:07:16,173] tensorflow - Level 1 - Registering InitializeTableFromTextFileV2 (None) in gradient.
[2026-01-24 17:07:16,173] tensorflow - Level 1 - Registering MutableDenseHashTable (None) in gradient.
[2026-01-24 17:07:16,173] tensorflow - Level 1 - Registering MutableDenseHashTableV2 (None) in gradient.
[2026-01-24 17:07:16,173] tensorflow - Level 1 - Registering MutableHashTable (None) in gradient.
[2026-01-24 17:07:16,173] tensorflow - Level 1 - Registering MutableHashTableV2 (None) in gradient.
[2026-01-24 17:07:16,173] tensorflow - Level 1 - Registering MutableHashTableOfTensors (None) in gradient.
[2026-01-24 17:07:16,173] tensorflow - Level 1 - Registering MutableHashTableOfTensorsV2 (None) in gradient.
[2026-01-24 17:07:16,178] tensorflow - Level 1 - Registering Roll (<function _RollGrad at 0x000001B7EE04F420>) in gradient.
[2026-01-24 17:07:16,180] tensorflow - Level 1 - Registering ArgMax (<function _ArgMaxGrad at 0x000001B7EE04F600>) in gradient.
[2026-01-24 17:07:16,180] tensorflow - Level 1 - Registering ArgMin (<function _ArgMinGrad at 0x000001B7EE094360>) in gradient.
[2026-01-24 17:07:16,180] tensorflow - Level 1 - Registering EuclideanNorm (<function _EuclideanNormGrad at 0x000001B7EE0945E0>) in gradient.
[2026-01-24 17:07:16,180] tensorflow - Level 1 - Registering Sum (<function _SumGrad at 0x000001B7EE094A40>) in gradient.
[2026-01-24 17:07:16,180] tensorflow - Level 1 - Registering Max (<function _MaxGrad at 0x000001B7EE094B80>) in gradient.
[2026-01-24 17:07:16,180] tensorflow - Level 1 - Registering Min (<function _MinGrad at 0x000001B7EE094C20>) in gradient.
[2026-01-24 17:07:16,183] tensorflow - Level 1 - Registering Mean (<function _MeanGrad at 0x000001B7EE094CC0>) in gradient.
[2026-01-24 17:07:16,183] tensorflow - Level 1 - Registering Prod (<function _ProdGrad at 0x000001B7EE094D60>) in gradient.
[2026-01-24 17:07:16,183] tensorflow - Level 1 - Registering SegmentSum (<function _SegmentSumGrad at 0x000001B7EE094E00>) in gradient.
[2026-01-24 17:07:16,183] tensorflow - Level 1 - Registering SegmentMean (<function _SegmentMeanGrad at 0x000001B7EE094EA0>) in gradient.
[2026-01-24 17:07:16,183] tensorflow - Level 1 - Registering SparseSegmentSum (<function _SparseSegmentSumGrad at 0x000001B7EE095080>) in gradient.
[2026-01-24 17:07:16,183] tensorflow - Level 1 - Registering SparseSegmentSumWithNumSegments (<function _SparseSegmentSumWithNumSegmentsGrad at 0x000001B7EE095120>) in gradient.
[2026-01-24 17:07:16,183] tensorflow - Level 1 - Registering SparseSegmentMean (<function _SparseSegmentMeanGrad at 0x000001B7EE0951C0>) in gradient.
[2026-01-24 17:07:16,183] tensorflow - Level 1 - Registering SparseSegmentMeanWithNumSegments (<function _SparseSegmentMeanWithNumSegmentsGrad at 0x000001B7EE095260>) in gradient.
[2026-01-24 17:07:16,183] tensorflow - Level 1 - Registering SparseSegmentSqrtN (<function _SparseSegmentSqrtNGrad at 0x000001B7EE095300>) in gradient.
[2026-01-24 17:07:16,183] tensorflow - Level 1 - Registering SparseSegmentSqrtNWithNumSegments (<function _SparseSegmentSqrtNWithNumSegmentsGrad at 0x000001B7EE0953A0>) in gradient.
[2026-01-24 17:07:16,183] tensorflow - Level 1 - Registering SegmentMin (<function _SegmentMinGrad at 0x000001B7EE0954E0>) in gradient.
[2026-01-24 17:07:16,183] tensorflow - Level 1 - Registering SegmentMax (<function _SegmentMaxGrad at 0x000001B7EE095580>) in gradient.
[2026-01-24 17:07:16,183] tensorflow - Level 1 - Registering SegmentProd (<function _SegmentProdGrad at 0x000001B7EE095620>) in gradient.
[2026-01-24 17:07:16,183] tensorflow - Level 1 - Registering UnsortedSegmentSum (<function _UnsortedSegmentSumGrad at 0x000001B7EE095800>) in gradient.
[2026-01-24 17:07:16,183] tensorflow - Level 1 - Registering UnsortedSegmentMax (<function _UnsortedSegmentMaxGrad at 0x000001B7EE0958A0>) in gradient.
[2026-01-24 17:07:16,183] tensorflow - Level 1 - Registering UnsortedSegmentMin (<function _UnsortedSegmentMinGrad at 0x000001B7EE095940>) in gradient.
[2026-01-24 17:07:16,185] tensorflow - Level 1 - Registering UnsortedSegmentProd (<function _UnsortedSegmentProdGrad at 0x000001B7EE0959E0>) in gradient.
[2026-01-24 17:07:16,185] tensorflow - Level 1 - Registering Abs (<function _AbsGrad at 0x000001B7EE095A80>) in gradient.
[2026-01-24 17:07:16,185] tensorflow - Level 1 - Registering Neg (<function _NegGrad at 0x000001B7EE095B20>) in gradient.
[2026-01-24 17:07:16,185] tensorflow - Level 1 - Registering Inv (<function _InvGrad at 0x000001B7EE095BC0>) in gradient.
[2026-01-24 17:07:16,185] tensorflow - Level 1 - Registering Reciprocal (<function _ReciprocalGrad at 0x000001B7EE095C60>) in gradient.
[2026-01-24 17:07:16,185] tensorflow - Level 1 - Registering InvGrad (<function _InvGradGrad at 0x000001B7EE095D00>) in gradient.
[2026-01-24 17:07:16,185] tensorflow - Level 1 - Registering ReciprocalGrad (<function _ReciprocalGradGrad at 0x000001B7EE095DA0>) in gradient.
[2026-01-24 17:07:16,185] tensorflow - Level 1 - Registering Square (<function _SquareGrad at 0x000001B7EE095E40>) in gradient.
[2026-01-24 17:07:16,185] tensorflow - Level 1 - Registering Sqrt (<function _SqrtGrad at 0x000001B7EE095EE0>) in gradient.
[2026-01-24 17:07:16,185] tensorflow - Level 1 - Registering SqrtGrad (<function _SqrtGradGrad at 0x000001B7EE095F80>) in gradient.
[2026-01-24 17:07:16,185] tensorflow - Level 1 - Registering Rsqrt (<function _RsqrtGrad at 0x000001B7EE096020>) in gradient.
[2026-01-24 17:07:16,185] tensorflow - Level 1 - Registering RsqrtGrad (<function _RsqrtGradGrad at 0x000001B7EE0960C0>) in gradient.
[2026-01-24 17:07:16,185] tensorflow - Level 1 - Registering Exp (<function _ExpGrad at 0x000001B7EE096160>) in gradient.
[2026-01-24 17:07:16,185] tensorflow - Level 1 - Registering Expm1 (<function _Expm1Grad at 0x000001B7EE096200>) in gradient.
[2026-01-24 17:07:16,185] tensorflow - Level 1 - Registering Log (<function _LogGrad at 0x000001B7EE0962A0>) in gradient.
[2026-01-24 17:07:16,185] tensorflow - Level 1 - Registering Log1p (<function _Log1pGrad at 0x000001B7EE096340>) in gradient.
[2026-01-24 17:07:16,185] tensorflow - Level 1 - Registering Xlogy (<function _XLogyGrad at 0x000001B7EE0963E0>) in gradient.
[2026-01-24 17:07:16,185] tensorflow - Level 1 - Registering Xlog1py (<function _XLog1pyGrad at 0x000001B7EE096480>) in gradient.
[2026-01-24 17:07:16,185] tensorflow - Level 1 - Registering Xdivy (<function _XDivyGrad at 0x000001B7EE096520>) in gradient.
[2026-01-24 17:07:16,188] tensorflow - Level 1 - Registering Sinh (<function _SinhGrad at 0x000001B7EE0965C0>) in gradient.
[2026-01-24 17:07:16,188] tensorflow - Level 1 - Registering Cosh (<function _CoshGrad at 0x000001B7EE096660>) in gradient.
[2026-01-24 17:07:16,188] tensorflow - Level 1 - Registering Tanh (<function _TanhGrad at 0x000001B7EE096700>) in gradient.
[2026-01-24 17:07:16,188] tensorflow - Level 1 - Registering Asinh (<function _AsinhGrad at 0x000001B7EE0967A0>) in gradient.
[2026-01-24 17:07:16,188] tensorflow - Level 1 - Registering Acosh (<function _AcoshGrad at 0x000001B7EE096840>) in gradient.
[2026-01-24 17:07:16,188] tensorflow - Level 1 - Registering Atanh (<function _AtanhGrad at 0x000001B7EE0968E0>) in gradient.
[2026-01-24 17:07:16,188] tensorflow - Level 1 - Registering TanhGrad (<function _TanhGradGrad at 0x000001B7EE096980>) in gradient.
[2026-01-24 17:07:16,188] tensorflow - Level 1 - Registering Erf (<function _ErfGrad at 0x000001B7EE096A20>) in gradient.
[2026-01-24 17:07:16,189] tensorflow - Level 1 - Registering Erfc (<function _ErfcGrad at 0x000001B7EE096AC0>) in gradient.
[2026-01-24 17:07:16,189] tensorflow - Level 1 - Registering Erfinv (<function _ErfinvGrad at 0x000001B7EE096B60>) in gradient.
[2026-01-24 17:07:16,189] tensorflow - Level 1 - Registering Ndtri (<function _NdtriGrad at 0x000001B7EE096C00>) in gradient.
[2026-01-24 17:07:16,189] tensorflow - Level 1 - Registering Lgamma (<function _LgammaGrad at 0x000001B7EE096CA0>) in gradient.
[2026-01-24 17:07:16,189] tensorflow - Level 1 - Registering Digamma (<function _DigammaGrad at 0x000001B7EE096D40>) in gradient.
[2026-01-24 17:07:16,189] tensorflow - Level 1 - Registering Dawsn (<function _DawsnGrad at 0x000001B7EE096DE0>) in gradient.
[2026-01-24 17:07:16,189] tensorflow - Level 1 - Registering Expint (<function _ExpintGrad at 0x000001B7EE096E80>) in gradient.
[2026-01-24 17:07:16,189] tensorflow - Level 1 - Registering FresnelCos (<function _FresnelCosGrad at 0x000001B7EE096F20>) in gradient.
[2026-01-24 17:07:16,189] tensorflow - Level 1 - Registering FresnelSin (<function _FresnelSinGrad at 0x000001B7EE096FC0>) in gradient.
[2026-01-24 17:07:16,189] tensorflow - Level 1 - Registering Spence (<function _SpenceGrad at 0x000001B7EE097060>) in gradient.
[2026-01-24 17:07:16,189] tensorflow - Level 1 - Registering BesselI0 (<function _BesselI0Grad at 0x000001B7EE097100>) in gradient.
[2026-01-24 17:07:16,189] tensorflow - Level 1 - Registering BesselI0e (<function _BesselI0eGrad at 0x000001B7EE0971A0>) in gradient.
[2026-01-24 17:07:16,189] tensorflow - Level 1 - Registering BesselI1 (<function _BesselI1Grad at 0x000001B7EE097240>) in gradient.
[2026-01-24 17:07:16,189] tensorflow - Level 1 - Registering BesselI1e (<function _BesselI1eGrad at 0x000001B7EE0972E0>) in gradient.
[2026-01-24 17:07:16,189] tensorflow - Level 1 - Registering BesselK0 (<function _BesselK0Grad at 0x000001B7EE097380>) in gradient.
[2026-01-24 17:07:16,189] tensorflow - Level 1 - Registering BesselK0e (<function _BesselK0eGrad at 0x000001B7EE097420>) in gradient.
[2026-01-24 17:07:16,189] tensorflow - Level 1 - Registering BesselK1 (<function _BesselK1Grad at 0x000001B7EE0974C0>) in gradient.
[2026-01-24 17:07:16,189] tensorflow - Level 1 - Registering BesselK1e (<function _BesselK1eGrad at 0x000001B7EE097560>) in gradient.
[2026-01-24 17:07:16,189] tensorflow - Level 1 - Registering BesselJ0 (<function _BesselJ0Grad at 0x000001B7EE097600>) in gradient.
[2026-01-24 17:07:16,189] tensorflow - Level 1 - Registering BesselJ1 (<function _BesselJ1Grad at 0x000001B7EE0976A0>) in gradient.
[2026-01-24 17:07:16,189] tensorflow - Level 1 - Registering BesselY0 (<function _BesselY0Grad at 0x000001B7EE097740>) in gradient.
[2026-01-24 17:07:16,189] tensorflow - Level 1 - Registering BesselY1 (<function _BesselY1Grad at 0x000001B7EE0977E0>) in gradient.
[2026-01-24 17:07:16,189] tensorflow - Level 1 - Registering Igamma (<function _IgammaGrad at 0x000001B7EE097880>) in gradient.
[2026-01-24 17:07:16,189] tensorflow - Level 1 - Registering Igammac (<function _IgammacGrad at 0x000001B7EE097920>) in gradient.
[2026-01-24 17:07:16,189] tensorflow - Level 1 - Registering Betainc (<function _BetaincGrad at 0x000001B7EE0979C0>) in gradient.
[2026-01-24 17:07:16,189] tensorflow - Level 1 - Registering Zeta (<function _ZetaGrad at 0x000001B7EE097A60>) in gradient.
[2026-01-24 17:07:16,189] tensorflow - Level 1 - Registering Polygamma (<function _PolygammaGrad at 0x000001B7EE097B00>) in gradient.
[2026-01-24 17:07:16,189] tensorflow - Level 1 - Registering Sigmoid (<function _SigmoidGrad at 0x000001B7EE097BA0>) in gradient.
[2026-01-24 17:07:16,189] tensorflow - Level 1 - Registering SigmoidGrad (<function _SigmoidGradGrad at 0x000001B7EE097C40>) in gradient.
[2026-01-24 17:07:16,189] tensorflow - Level 1 - Registering Sign (<function _SignGrad at 0x000001B7EE097CE0>) in gradient.
[2026-01-24 17:07:16,189] tensorflow - Level 1 - Registering Sin (<function _SinGrad at 0x000001B7EE097D80>) in gradient.
[2026-01-24 17:07:16,189] tensorflow - Level 1 - Registering Cos (<function _CosGrad at 0x000001B7EE097E20>) in gradient.
[2026-01-24 17:07:16,189] tensorflow - Level 1 - Registering Tan (<function _TanGrad at 0x000001B7EE097EC0>) in gradient.
[2026-01-24 17:07:16,189] tensorflow - Level 1 - Registering Asin (<function _AsinGrad at 0x000001B7EE097F60>) in gradient.
[2026-01-24 17:07:16,189] tensorflow - Level 1 - Registering Acos (<function _AcosGrad at 0x000001B7EE0D0040>) in gradient.
[2026-01-24 17:07:16,189] tensorflow - Level 1 - Registering Atan (<function _AtanGrad at 0x000001B7EE0D00E0>) in gradient.
[2026-01-24 17:07:16,189] tensorflow - Level 1 - Registering Atan2 (<function _Atan2Grad at 0x000001B7EE0D0180>) in gradient.
[2026-01-24 17:07:16,189] tensorflow - Level 1 - Registering AddN (<function _AddNGrad at 0x000001B7EE0D0220>) in gradient.
[2026-01-24 17:07:16,189] tensorflow - Level 1 - Registering AddV2 (<function _AddGrad at 0x000001B7EE0D0360>) in gradient.
[2026-01-24 17:07:16,189] tensorflow - Level 1 - Registering Add (<function _AddGrad at 0x000001B7EE0D0360>) in gradient.
[2026-01-24 17:07:16,193] tensorflow - Level 1 - Registering Sub (<function _SubGrad at 0x000001B7EE0D0400>) in gradient.
[2026-01-24 17:07:16,193] tensorflow - Level 1 - Registering Mul (<function _MulGrad at 0x000001B7EE0D04A0>) in gradient.
[2026-01-24 17:07:16,193] tensorflow - Level 1 - Registering MulNoNan (<function _MulNoNanGrad at 0x000001B7EE0D0540>) in gradient.
[2026-01-24 17:07:16,193] tensorflow - Level 1 - Registering Div (<function _DivGrad at 0x000001B7EE0D05E0>) in gradient.
[2026-01-24 17:07:16,193] tensorflow - Level 1 - Registering FloorDiv (<function _FloorDivGrad at 0x000001B7EE0D0680>) in gradient.
[2026-01-24 17:07:16,194] tensorflow - Level 1 - Registering FloorMod (<function _FloorModGrad at 0x000001B7EE0D0720>) in gradient.
[2026-01-24 17:07:16,194] tensorflow - Level 1 - Registering TruncateDiv (<function _TruncateDivGrad at 0x000001B7EE0D07C0>) in gradient.
[2026-01-24 17:07:16,194] tensorflow - Level 1 - Registering RealDiv (<function _RealDivGrad at 0x000001B7EE0D0860>) in gradient.
[2026-01-24 17:07:16,194] tensorflow - Level 1 - Registering DivNoNan (<function _DivNoNanGrad at 0x000001B7EE0D0900>) in gradient.
[2026-01-24 17:07:16,194] tensorflow - Level 1 - Registering Pow (<function _PowGrad at 0x000001B7EE0D09A0>) in gradient.
[2026-01-24 17:07:16,194] tensorflow - Level 1 - Registering Maximum (<function _MaximumGrad at 0x000001B7EE0D0B80>) in gradient.
[2026-01-24 17:07:16,194] tensorflow - Level 1 - Registering Minimum (<function _MinimumGrad at 0x000001B7EE0D0C20>) in gradient.
[2026-01-24 17:07:16,194] tensorflow - Level 1 - Registering SquaredDifference (<function _SquaredDifferenceGrad at 0x000001B7EE0D0CC0>) in gradient.
[2026-01-24 17:07:16,194] tensorflow - Level 1 - Registering Less (None) in gradient.
[2026-01-24 17:07:16,194] tensorflow - Level 1 - Registering LessEqual (None) in gradient.
[2026-01-24 17:07:16,194] tensorflow - Level 1 - Registering Greater (None) in gradient.
[2026-01-24 17:07:16,194] tensorflow - Level 1 - Registering GreaterEqual (None) in gradient.
[2026-01-24 17:07:16,194] tensorflow - Level 1 - Registering Equal (None) in gradient.
[2026-01-24 17:07:16,194] tensorflow - Level 1 - Registering ApproximateEqual (None) in gradient.
[2026-01-24 17:07:16,194] tensorflow - Level 1 - Registering NotEqual (None) in gradient.
[2026-01-24 17:07:16,194] tensorflow - Level 1 - Registering LogicalAnd (None) in gradient.
[2026-01-24 17:07:16,194] tensorflow - Level 1 - Registering LogicalOr (None) in gradient.
[2026-01-24 17:07:16,194] tensorflow - Level 1 - Registering LogicalNot (None) in gradient.
[2026-01-24 17:07:16,194] tensorflow - Level 1 - Registering Select (<function _SelectGrad at 0x000001B7EE0D0D60>) in gradient.
[2026-01-24 17:07:16,199] tensorflow - Level 1 - Registering SelectV2 (<function _SelectGradV2 at 0x000001B7EE0D0E00>) in gradient.
[2026-01-24 17:07:16,199] tensorflow - Level 1 - Registering MatMul (<function _MatMulGrad at 0x000001B7EE0D0FE0>) in gradient.
[2026-01-24 17:07:16,199] tensorflow - Level 1 - Registering SparseMatMul (<function _SparseMatMulGrad at 0x000001B7EE0D1080>) in gradient.
[2026-01-24 17:07:16,199] tensorflow - Level 1 - Registering Floor (<function _FloorGrad at 0x000001B7EE0D1120>) in gradient.
[2026-01-24 17:07:16,199] tensorflow - Level 1 - Registering Ceil (<function _CeilGrad at 0x000001B7EE0D11C0>) in gradient.
[2026-01-24 17:07:16,199] tensorflow - Level 1 - Registering Round (<function _RoundGrad at 0x000001B7EE0D1260>) in gradient.
[2026-01-24 17:07:16,199] tensorflow - Level 1 - Registering Rint (<function _RintGrad at 0x000001B7EE0D1300>) in gradient.
[2026-01-24 17:07:16,199] tensorflow - Level 1 - Registering BatchMatMul (<function _BatchMatMul at 0x000001B7EE0D13A0>) in gradient.
[2026-01-24 17:07:16,201] tensorflow - Level 1 - Registering BatchMatMulV3 (<function _BatchMatMulV2 at 0x000001B7EE0D1440>) in gradient.
[2026-01-24 17:07:16,201] tensorflow - Level 1 - Registering BatchMatMulV2 (<function _BatchMatMulV2 at 0x000001B7EE0D1440>) in gradient.
[2026-01-24 17:07:16,201] tensorflow - Level 1 - Registering Range (None) in gradient.
[2026-01-24 17:07:16,201] tensorflow - Level 1 - Registering LinSpace (None) in gradient.
[2026-01-24 17:07:16,201] tensorflow - Level 1 - Registering Complex (<function _ComplexGrad at 0x000001B7EE0D14E0>) in gradient.
[2026-01-24 17:07:16,201] tensorflow - Level 1 - Registering Real (<function _RealGrad at 0x000001B7EE0D1580>) in gradient.
[2026-01-24 17:07:16,201] tensorflow - Level 1 - Registering Imag (<function _ImagGrad at 0x000001B7EE0D1620>) in gradient.
[2026-01-24 17:07:16,201] tensorflow - Level 1 - Registering Angle (<function _AngleGrad at 0x000001B7EE0D16C0>) in gradient.
[2026-01-24 17:07:16,201] tensorflow - Level 1 - Registering Conj (<function _ConjGrad at 0x000001B7EE0D1760>) in gradient.
[2026-01-24 17:07:16,201] tensorflow - Level 1 - Registering ComplexAbs (<function _ComplexAbsGrad at 0x000001B7EE0D1800>) in gradient.
[2026-01-24 17:07:16,205] tensorflow - Level 1 - Registering Cast (<function _CastGrad at 0x000001B7EE0D18A0>) in gradient.
[2026-01-24 17:07:16,205] tensorflow - Level 1 - Registering Cross (<function _CrossGrad at 0x000001B7EE0D1940>) in gradient.
[2026-01-24 17:07:16,205] tensorflow - Level 1 - Registering Cumsum (<function _CumsumGrad at 0x000001B7EE0D19E0>) in gradient.
[2026-01-24 17:07:16,205] tensorflow - Level 1 - Registering Cumprod (<function _CumprodGrad at 0x000001B7EE0D1A80>) in gradient.
[2026-01-24 17:07:16,205] tensorflow - Level 1 - Registering CumulativeLogsumexp (<function _CumulativeLogsumexpGrad at 0x000001B7EE0D1B20>) in gradient.
[2026-01-24 17:07:16,205] tensorflow - Level 1 - Registering NextAfter (<function _NextAfterGrad at 0x000001B7EE0D1BC0>) in gradient.
[2026-01-24 17:07:16,212] tensorflow - Level 1 - Registering NcclAllReduce (<function _all_sum_grad at 0x000001B7EE0D1F80>) in gradient.
[2026-01-24 17:07:16,212] tensorflow - Level 1 - Registering NcclReduce (<function _reduce_sum_grad at 0x000001B7EE0D2B60>) in gradient.
[2026-01-24 17:07:16,212] tensorflow - Level 1 - Registering NcclBroadcast (<function _broadcast_grad at 0x000001B7EE0D2CA0>) in gradient.
[2026-01-24 17:07:16,215] tensorflow - Level 1 - Registering OptionalFromValue (<function _OptionalFromValueGrad at 0x000001B7EE0D28E0>) in gradient.
[2026-01-24 17:07:16,215] tensorflow - Level 1 - Registering OptionalGetValue (<function _OptionalGetValueGrad at 0x000001B7EE0D2FC0>) in gradient.
[2026-01-24 17:07:16,218] tensorflow - Level 1 - Registering DecodeRaw (None) in gradient.
[2026-01-24 17:07:16,218] tensorflow - Level 1 - Registering DecodePaddedRaw (None) in gradient.
[2026-01-24 17:07:16,220] tensorflow - Level 1 - Registering ParseTensor (None) in gradient.
[2026-01-24 17:07:16,220] tensorflow - Level 1 - Registering SerializeTensor (None) in gradient.
[2026-01-24 17:07:16,221] tensorflow - Level 1 - Registering StringToNumber (None) in gradient.
[2026-01-24 17:07:16,221] tensorflow - Level 1 - Registering DecodeProtoV2 (None) in gradient.
[2026-01-24 17:07:16,226] tensorflow - Level 1 - Registering EncodeProto (None) in gradient.
[2026-01-24 17:07:16,228] tensorflow - Level 1 - Registering RandomGamma (<function _RandomGammaGrad at 0x000001B7EE0D3CE0>) in gradient.
[2026-01-24 17:07:16,228] tensorflow - Level 1 - Registering StatelessRandomGammaV2 (<function _StatelessRandomGammaV2Grad at 0x000001B7EE0D3E20>) in gradient.
[2026-01-24 17:07:16,228] tensorflow - Level 1 - Registering StatelessRandomGammaV3 (<function _StatelessRandomGammaV3Grad at 0x000001B7EE0EC040>) in gradient.
[2026-01-24 17:07:16,228] tensorflow - Level 1 - Registering StatelessParameterizedTruncatedNormal (<function _StatelessParameterizedTruncatedNormalGrad at 0x000001B7EE0EC220>) in gradient.
[2026-01-24 17:07:16,236] tensorflow - Level 1 - Registering BlockLSTM (<function _block_lstm_grad at 0x000001B7EE0D3EC0>) in gradient.
[2026-01-24 17:07:16,238] tensorflow - Level 1 - Registering BlockLSTMV2 (<function _block_lstm_grad at 0x000001B7EE0D3EC0>) in gradient.
[2026-01-24 17:07:16,241] tensorflow - Level 1 - Registering SdcaFprint (None) in gradient.
[2026-01-24 17:07:16,241] tensorflow - Level 1 - Registering SdcaOptimizer (None) in gradient.
[2026-01-24 17:07:16,241] tensorflow - Level 1 - Registering SdcaOptimizerV2 (None) in gradient.
[2026-01-24 17:07:16,241] tensorflow - Level 1 - Registering SdcaShrinkL1 (None) in gradient.
[2026-01-24 17:07:16,250] tensorflow - Level 1 - Registering SetSize (None) in gradient.
[2026-01-24 17:07:16,252] tensorflow - Level 1 - Registering DenseToDenseSetOperation (None) in gradient.
[2026-01-24 17:07:16,252] tensorflow - Level 1 - Registering DenseToSparseSetOperation (None) in gradient.
[2026-01-24 17:07:16,252] tensorflow - Level 1 - Registering SparseToSparseSetOperation (None) in gradient.
[2026-01-24 17:07:16,255] tensorflow - Level 1 - Registering SparseAddGrad (None) in gradient.
[2026-01-24 17:07:16,255] tensorflow - Level 1 - Registering SparseConcat (None) in gradient.
[2026-01-24 17:07:16,255] tensorflow - Level 1 - Registering SparseReorder (<function _SparseReorderGrad at 0x000001B7EE127240>) in gradient.
[2026-01-24 17:07:16,255] tensorflow - Level 1 - Registering SparseAdd (<function _SparseAddGrad at 0x000001B7EE127420>) in gradient.
[2026-01-24 17:07:16,255] tensorflow - Level 1 - Registering SparseTensorDenseAdd (<function _SparseTensorDenseAddGrad at 0x000001B7EE127380>) in gradient.
[2026-01-24 17:07:16,255] tensorflow - Level 1 - Registering SparseReduceSum (<function _SparseReduceSumGrad at 0x000001B7EE1274C0>) in gradient.
[2026-01-24 17:07:16,255] tensorflow - Level 1 - Registering SparseSlice (<function _SparseSliceGrad at 0x000001B7EE127560>) in gradient.
[2026-01-24 17:07:16,255] tensorflow - Level 1 - Registering SparseTensorDenseMatMul (<function _SparseTensorDenseMatMulGrad at 0x000001B7EE127600>) in gradient.
[2026-01-24 17:07:16,258] tensorflow - Level 1 - Registering SparseDenseCwiseAdd (<function _SparseDenseCwiseAddGrad at 0x000001B7EE1276A0>) in gradient.
[2026-01-24 17:07:16,258] tensorflow - Level 1 - Registering SparseDenseCwiseMul (<function _SparseDenseCwiseMulGrad at 0x000001B7EE1277E0>) in gradient.
[2026-01-24 17:07:16,258] tensorflow - Level 1 - Registering SparseDenseCwiseDiv (<function _SparseDenseCwiseDivGrad at 0x000001B7EE127880>) in gradient.
[2026-01-24 17:07:16,258] tensorflow - Level 1 - Registering SparseSoftmax (<function _SparseSoftmaxGrad at 0x000001B7EE127920>) in gradient.
[2026-01-24 17:07:16,259] tensorflow - Level 1 - Registering SparseSparseMaximum (<function _SparseSparseMaximumGrad at 0x000001B7EE1279C0>) in gradient.
[2026-01-24 17:07:16,259] tensorflow - Level 1 - Registering SparseSparseMinimum (<function _SparseSparseMinimumGrad at 0x000001B7EE127A60>) in gradient.
[2026-01-24 17:07:16,259] tensorflow - Level 1 - Registering SparseFillEmptyRows (<function _SparseFillEmptyRowsGrad at 0x000001B7EE127B00>) in gradient.
[2026-01-24 17:07:16,259] tensorflow - Level 1 - Registering SparseToDense (<function _SparseToDenseGrad at 0x000001B7EE127BA0>) in gradient.
[2026-01-24 17:07:16,259] tensorflow - Level 1 - Registering TensorArray (None) in gradient.
[2026-01-24 17:07:16,259] tensorflow - Level 1 - Registering TensorArrayGrad (None) in gradient.
[2026-01-24 17:07:16,259] tensorflow - Level 1 - Registering TensorArraySize (None) in gradient.
[2026-01-24 17:07:16,259] tensorflow - Level 1 - Registering TensorArrayClose (None) in gradient.
[2026-01-24 17:07:16,263] tensorflow - Level 1 - Registering TensorArrayV2 (None) in gradient.
[2026-01-24 17:07:16,263] tensorflow - Level 1 - Registering TensorArrayGradV2 (None) in gradient.
[2026-01-24 17:07:16,263] tensorflow - Level 1 - Registering TensorArraySizeV2 (None) in gradient.
[2026-01-24 17:07:16,263] tensorflow - Level 1 - Registering TensorArrayCloseV2 (None) in gradient.
[2026-01-24 17:07:16,263] tensorflow - Level 1 - Registering TensorArrayV3 (None) in gradient.
[2026-01-24 17:07:16,263] tensorflow - Level 1 - Registering TensorArrayGradV3 (None) in gradient.
[2026-01-24 17:07:16,263] tensorflow - Level 1 - Registering TensorArrayGradWithShape (None) in gradient.
[2026-01-24 17:07:16,263] tensorflow - Level 1 - Registering TensorArraySizeV3 (None) in gradient.
[2026-01-24 17:07:16,263] tensorflow - Level 1 - Registering TensorArrayCloseV3 (None) in gradient.
[2026-01-24 17:07:16,263] tensorflow - Level 1 - Registering TensorArrayReadV3 (<function _TensorArrayReadGrad at 0x000001B7EE127D80>) in gradient.
[2026-01-24 17:07:16,263] tensorflow - Level 1 - Registering TensorArrayReadV2 (<function _TensorArrayReadGrad at 0x000001B7EE127D80>) in gradient.
[2026-01-24 17:07:16,263] tensorflow - Level 1 - Registering TensorArrayRead (<function _TensorArrayReadGrad at 0x000001B7EE127D80>) in gradient.
[2026-01-24 17:07:16,265] tensorflow - Level 1 - Registering TensorArrayWriteV3 (<function _TensorArrayWriteGrad at 0x000001B7EE127CE0>) in gradient.
[2026-01-24 17:07:16,265] tensorflow - Level 1 - Registering TensorArrayWriteV2 (<function _TensorArrayWriteGrad at 0x000001B7EE127CE0>) in gradient.
[2026-01-24 17:07:16,266] tensorflow - Level 1 - Registering TensorArrayWrite (<function _TensorArrayWriteGrad at 0x000001B7EE127CE0>) in gradient.
[2026-01-24 17:07:16,266] tensorflow - Level 1 - Registering TensorArrayGatherV3 (<function _TensorArrayGatherGrad at 0x000001B7EE127E20>) in gradient.
[2026-01-24 17:07:16,267] tensorflow - Level 1 - Registering TensorArrayGatherV2 (<function _TensorArrayGatherGrad at 0x000001B7EE127E20>) in gradient.
[2026-01-24 17:07:16,267] tensorflow - Level 1 - Registering TensorArrayGather (<function _TensorArrayGatherGrad at 0x000001B7EE127E20>) in gradient.
[2026-01-24 17:07:16,267] tensorflow - Level 1 - Registering TensorArrayScatterV3 (<function _TensorArrayScatterGrad at 0x000001B7EE127EC0>) in gradient.
[2026-01-24 17:07:16,267] tensorflow - Level 1 - Registering TensorArrayScatterV2 (<function _TensorArrayScatterGrad at 0x000001B7EE127EC0>) in gradient.
[2026-01-24 17:07:16,267] tensorflow - Level 1 - Registering TensorArrayScatter (<function _TensorArrayScatterGrad at 0x000001B7EE127EC0>) in gradient.
[2026-01-24 17:07:16,267] tensorflow - Level 1 - Registering TensorArrayConcatV3 (<function _TensorArrayConcatGrad at 0x000001B7EE127F60>) in gradient.
[2026-01-24 17:07:16,267] tensorflow - Level 1 - Registering TensorArrayConcatV2 (<function _TensorArrayConcatGrad at 0x000001B7EE127F60>) in gradient.
[2026-01-24 17:07:16,267] tensorflow - Level 1 - Registering TensorArrayConcat (<function _TensorArrayConcatGrad at 0x000001B7EE127F60>) in gradient.
[2026-01-24 17:07:16,267] tensorflow - Level 1 - Registering TensorArraySplitV3 (<function _TensorArraySplitGrad at 0x000001B7EE150040>) in gradient.
[2026-01-24 17:07:16,267] tensorflow - Level 1 - Registering TensorArraySplitV2 (<function _TensorArraySplitGrad at 0x000001B7EE150040>) in gradient.
[2026-01-24 17:07:16,267] tensorflow - Level 1 - Registering TensorArraySplit (<function _TensorArraySplitGrad at 0x000001B7EE150040>) in gradient.
[2026-01-24 17:07:16,274] tensorflow - Level 1 - Registering DenseToCSRSparseMatrix (<function _DenseToCSRSparseMatrixGrad at 0x000001B7EE1502C0>) in gradient.
[2026-01-24 17:07:16,277] tensorflow - Level 1 - Registering CSRSparseMatrixToDense (<function _CSRSparseMatrixToDenseGrad at 0x000001B7EE150400>) in gradient.
[2026-01-24 17:07:16,277] tensorflow - Level 1 - Registering SparseTensorToCSRSparseMatrix (<function _SparseTensorToCSRSparseMatrixGrad at 0x000001B7EE174E00>) in gradient.
[2026-01-24 17:07:16,277] tensorflow - Level 1 - Registering CSRSparseMatrixToSparseTensor (<function _CSRSparseMatrixToSparseTensorGrad at 0x000001B7EE174D60>) in gradient.
[2026-01-24 17:07:16,277] tensorflow - Level 1 - Registering SparseMatrixNNZ (None) in gradient.
[2026-01-24 17:07:16,277] tensorflow - Level 1 - Registering SparseMatrixZeros (None) in gradient.
[2026-01-24 17:07:16,277] tensorflow - Level 1 - Registering SparseMatrixAdd (<function _SparseMatrixAddGrad at 0x000001B7EE174FE0>) in gradient.
[2026-01-24 17:07:16,277] tensorflow - Level 1 - Registering SparseMatrixTranspose (<function _SparseMatrixTransposeGrad at 0x000001B7EE175120>) in gradient.
[2026-01-24 17:07:16,277] tensorflow - Level 1 - Registering SparseMatrixSoftmax (<function _SparseMatrixSoftmaxGrad at 0x000001B7EE1751C0>) in gradient.
[2026-01-24 17:07:16,277] tensorflow - Level 1 - Registering SparseMatrixMatMul (<function _SparseMatrixMatMulGrad at 0x000001B7EE175260>) in gradient.
[2026-01-24 17:07:16,279] tensorflow - Level 1 - Registering SparseMatrixSparseMatMul (<function _SparseMatrixSparseMatMulGrad at 0x000001B7EE175300>) in gradient.
[2026-01-24 17:07:16,279] tensorflow - Level 1 - Registering SparseMatrixMul (<function _SparseMatrixMulGrad at 0x000001B7EE1753A0>) in gradient.
[2026-01-24 17:07:16,291] tensorflow - Level 1 - Registering FFT (<function _fft_grad at 0x000001B7EE1A2E80>) in gradient.
[2026-01-24 17:07:16,291] tensorflow - Level 1 - Registering IFFT (<function _ifft_grad at 0x000001B7EE1A2F20>) in gradient.
[2026-01-24 17:07:16,291] tensorflow - Level 1 - Registering FFT2D (<function _fft2d_grad at 0x000001B7EE1A2FC0>) in gradient.
[2026-01-24 17:07:16,291] tensorflow - Level 1 - Registering IFFT2D (<function _ifft2d_grad at 0x000001B7EE1A3100>) in gradient.
[2026-01-24 17:07:16,291] tensorflow - Level 1 - Registering FFT3D (<function _fft3d_grad at 0x000001B7EE1A31A0>) in gradient.
[2026-01-24 17:07:16,291] tensorflow - Level 1 - Registering IFFT3D (<function _ifft3d_grad at 0x000001B7EE1A3240>) in gradient.
[2026-01-24 17:07:16,291] tensorflow - Level 1 - Registering RFFT (<function _rfft_grad_helper.<locals>._grad at 0x000001B7EE1A36A0>) in gradient.
[2026-01-24 17:07:16,291] tensorflow - Level 1 - Registering IRFFT (<function _irfft_grad_helper.<locals>._grad at 0x000001B7EE1A3880>) in gradient.
[2026-01-24 17:07:16,291] tensorflow - Level 1 - Registering RFFT2D (<function _rfft_grad_helper.<locals>._grad at 0x000001B7EE1A3920>) in gradient.
[2026-01-24 17:07:16,291] tensorflow - Level 1 - Registering IRFFT2D (<function _irfft_grad_helper.<locals>._grad at 0x000001B7EE1A39C0>) in gradient.
[2026-01-24 17:07:16,299] tensorflow - Level 1 - Registering GenerateVocabRemapping (None) in gradient.
[2026-01-24 17:07:16,299] tensorflow - Level 1 - Registering LoadAndRemapMatrix (None) in gradient.
[2026-01-24 17:07:16,318] tensorflow - Level 1 - Registering XlaVariadicReduce (None) in gradient.
[2026-01-24 17:07:16,318] tensorflow - Level 1 - Registering XlaSharding (<function _sharding_grad at 0x000001B7EE2723E0>) in gradient.
[2026-01-24 17:07:16,321] tensorflow - Level 1 - Registering XlaSpmdFullToShardShape (<function _spmd_full_to_shard_shape_grad at 0x000001B7EE272480>) in gradient.
[2026-01-24 17:07:16,321] tensorflow - Level 1 - Registering XlaSpmdShardToFullShape (<function _spmd_shard_to_full_shape_grad at 0x000001B7EE272520>) in gradient.
[2026-01-24 17:07:16,333] tensorflow - Level 1 - Registering CTCLoss (<function _CTCLossGrad at 0x000001B7EE2B6980>) in gradient.
[2026-01-24 17:07:16,340] tensorflow - Level 1 - Registering CTCLossV2 (<function _CTCLossV2Grad at 0x000001B7EE2B6A20>) in gradient.
[2026-01-24 17:07:16,340] tensorflow - Level 1 - Registering CTCGreedyDecoder (None) in gradient.
[2026-01-24 17:07:16,340] tensorflow - Level 1 - Registering CTCBeamSearchDecoder (None) in gradient.
[2026-01-24 17:07:16,343] tensorflow - Level 1 - Registering FusedBatchNormGrad (<function _FusedBatchNormGradGrad at 0x000001B7EE2E84A0>) in gradient.
[2026-01-24 17:07:16,343] tensorflow - Level 1 - Registering FusedBatchNormGradV2 (<function _FusedBatchNormGradGradV2 at 0x000001B7EE2E8540>) in gradient.
[2026-01-24 17:07:16,343] tensorflow - Level 1 - Registering FusedBatchNormGradV3 (<function _FusedBatchNormGradGradV3 at 0x000001B7EE2E8720>) in gradient.
[2026-01-24 17:07:16,350] tensorflow - Level 1 - Registering variables ((<class 'tensorflow.core.framework.variable_pb2.VariableDef'>, <function _to_proto_fn at 0x000001B7EE30C7C0>, <function _from_proto_fn at 0x000001B7EE30CAE0>)) in proto functions.
[2026-01-24 17:07:16,350] tensorflow - Level 1 - Registering trainable_variables ((<class 'tensorflow.core.framework.variable_pb2.VariableDef'>, <function _to_proto_fn at 0x000001B7EE30C7C0>, <function _from_proto_fn at 0x000001B7EE30CAE0>)) in proto functions.
[2026-01-24 17:07:16,350] tensorflow - Level 1 - Registering moving_average_variables ((<class 'tensorflow.core.framework.variable_pb2.VariableDef'>, <function _to_proto_fn at 0x000001B7EE30C7C0>, <function _from_proto_fn at 0x000001B7EE30CAE0>)) in proto functions.
[2026-01-24 17:07:16,350] tensorflow - Level 1 - Registering local_variables ((<class 'tensorflow.core.framework.variable_pb2.VariableDef'>, <function _to_proto_fn at 0x000001B7EE30C7C0>, <function _from_proto_fn at 0x000001B7EE30CAE0>)) in proto functions.
[2026-01-24 17:07:16,350] tensorflow - Level 1 - Registering model_variables ((<class 'tensorflow.core.framework.variable_pb2.VariableDef'>, <function _to_proto_fn at 0x000001B7EE30C7C0>, <function _from_proto_fn at 0x000001B7EE30CAE0>)) in proto functions.
[2026-01-24 17:07:16,350] tensorflow - Level 1 - Registering global_step ((<class 'tensorflow.core.framework.variable_pb2.VariableDef'>, <function _to_proto_fn at 0x000001B7EE30C7C0>, <function _from_proto_fn at 0x000001B7EE30CAE0>)) in proto functions.
[2026-01-24 17:07:16,350] tensorflow - Level 1 - Registering metric_variables ((<class 'tensorflow.core.framework.variable_pb2.VariableDef'>, <function _to_proto_fn at 0x000001B7EE30C7C0>, <function _from_proto_fn at 0x000001B7EE30CAE0>)) in proto functions.
[2026-01-24 17:07:16,350] tensorflow - Level 1 - Registering RandomCrop (None) in gradient.
[2026-01-24 17:07:16,356] tensorflow - Level 1 - Registering HSVToRGB (None) in gradient.
[2026-01-24 17:07:16,356] tensorflow - Level 1 - Registering DrawBoundingBoxes (None) in gradient.
[2026-01-24 17:07:16,358] tensorflow - Level 1 - Registering SampleDistortedBoundingBox (None) in gradient.
[2026-01-24 17:07:16,358] tensorflow - Level 1 - Registering SampleDistortedBoundingBoxV2 (None) in gradient.
[2026-01-24 17:07:16,358] tensorflow - Level 1 - Registering ExtractGlimpse (None) in gradient.
[2026-01-24 17:07:16,358] tensorflow - Level 1 - Registering NonMaxSuppression (None) in gradient.
[2026-01-24 17:07:16,358] tensorflow - Level 1 - Registering NonMaxSuppressionV2 (None) in gradient.
[2026-01-24 17:07:16,358] tensorflow - Level 1 - Registering NonMaxSuppressionWithOverlaps (None) in gradient.
[2026-01-24 17:07:16,358] tensorflow - Level 1 - Registering GenerateBoundingBoxProposals (None) in gradient.
[2026-01-24 17:07:16,372] tensorflow - Level 1 - Registering ImageProjectiveTransformV2 (<function _image_projective_transform_grad at 0x000001B7EF5C14E0>) in gradient.
[2026-01-24 17:07:16,372] tensorflow - Level 1 - Registering ImageProjectiveTransformV3 (<function _image_projective_transform_v3_grad at 0x000001B7EF5C16C0>) in gradient.
[2026-01-24 17:07:16,477] tensorflow - Level 1 - Registering savers ((<class 'tensorflow.core.protobuf.saver_pb2.SaverDef'>, <function Saver.to_proto at 0x000001B7EF880A40>, <function Saver.from_proto at 0x000001B7EF880AE0>)) in proto functions.
[2026-01-24 17:07:16,494] tensorflow - Level 1 - Registering EagerPyFunc (<function _EagerPyFuncGrad at 0x000001B7EF8C16C0>) in gradient.
[2026-01-24 17:07:16,494] tensorflow - Level 1 - Registering PyFunc (None) in gradient.
[2026-01-24 17:07:16,494] tensorflow - Level 1 - Registering PyFuncStateless (None) in gradient.
[2026-01-24 17:07:16,505] tensorflow - Level 1 - Registering ReduceDataset (None) in gradient.
[2026-01-24 17:07:16,510] tensorflow - Level 1 - Registering tensorflow.python.data.ops.dataset_ops (<function _tf2_callback at 0x000001B7EF907B00>) in data_v2_callbacks.
[2026-01-24 17:07:16,518] tensorflow - Level 1 - Registering _resource_resolver (<function _resource_resolver at 0x000001B7EF9987C0>) in acd_resource_resolvers.
[2026-01-24 17:07:16,526] tensorflow - Level 1 - Registering tensorflow.python.data.experimental.ops.counter (<function _tf2_callback at 0x000001B7EF999D00>) in data_v2_callbacks.
[2026-01-24 17:07:16,549] tensorflow - Level 1 - Registering tensorflow.python.data.ops.readers (<function _tf2_callback at 0x000001B7EF9993A0>) in data_v2_callbacks.
[2026-01-24 17:07:16,551] tensorflow - Level 1 - Registering tensorflow.python.data.experimental.ops.interleave_ops (<function _tf2_callback at 0x000001B7EF9A56C0>) in data_v2_callbacks.
[2026-01-24 17:07:16,575] tensorflow - Level 1 - Registering tensorflow.python.data.experimental.ops.random_ops (<function _tf2_callback at 0x000001B7EFA4C860>) in data_v2_callbacks.
[2026-01-24 17:07:16,577] tensorflow - Level 1 - Registering tensorflow.python.data.experimental.ops.readers (<function _tf2_callback at 0x000001B7EFA4E160>) in data_v2_callbacks.
[2026-01-24 17:07:16,728] tensorflow - Level 1 - Registering tpu_replicated_input_resolver (<function tpu_replicated_input_resolver at 0x000001B7EFCCE160>) in acd_resource_resolvers.
[2026-01-24 17:07:16,739] tensorflow - DEBUG - Falling back to TensorFlow client; we recommended you install the Cloud TPU client directly with pip install cloud-tpu-client.
[2026-01-24 17:07:17,048] tensorflow - Level 1 - Registering queue_runners ((<class 'tensorflow.core.protobuf.queue_runner_pb2.QueueRunnerDef'>, <function QueueRunner.to_proto at 0x000001B7EFEF8B80>, <function QueueRunner.from_proto at 0x000001B7EFEF8C20>)) in proto functions.
[2026-01-24 17:07:17,372] h5py._conv - DEBUG - Creating converter from 7 to 5
[2026-01-24 17:07:17,372] h5py._conv - DEBUG - Creating converter from 5 to 7
[2026-01-24 17:07:17,372] h5py._conv - DEBUG - Creating converter from 7 to 5
[2026-01-24 17:07:17,384] h5py._conv - DEBUG - Creating converter from 5 to 7
[2026-01-24 17:07:17,534] tensorflow - Level 1 - Registering DebugGradientIdentity (<function _identify_gradient_grad at 0x000001B7F09814E0>) in gradient.
[2026-01-24 17:07:17,534] tensorflow - Level 1 - Registering DebugGradientRefIdentity (<function _identify_gradient_grad_ref at 0x000001B7F0981580>) in gradient.
[2026-01-24 17:07:17,581] tensorflow - Level 1 - Registering DebugIdentityV2 (<function _debug_identity_v2_grad at 0x000001B7F0A10900>) in gradient.
[2026-01-24 17:07:17,802] tensorflow - Level 1 - Registering AudioMicrofrontend (None) in gradient.
[2026-01-24 17:07:17,866] tensorflow - Level 1 - Registering Reciprocal,flops (<function _reciprocal_flops at 0x000001B7F0FCA200>) in statistical functions.
[2026-01-24 17:07:17,866] tensorflow - Level 1 - Registering Square,flops (<function _square_flops at 0x000001B7F0FCA2A0>) in statistical functions.
[2026-01-24 17:07:17,866] tensorflow - Level 1 - Registering Rsqrt,flops (<function _rsqrt_flops at 0x000001B7F0FCA3E0>) in statistical functions.
[2026-01-24 17:07:17,866] tensorflow - Level 1 - Registering Log,flops (<function _log_flops at 0x000001B7F0FCA340>) in statistical functions.
[2026-01-24 17:07:17,866] tensorflow - Level 1 - Registering Neg,flops (<function _neg_flops at 0x000001B7F0FCA480>) in statistical functions.
[2026-01-24 17:07:17,882] tensorflow - Level 1 - Registering AssignSub,flops (<function _assign_sub_flops at 0x000001B7F0FCA520>) in statistical functions.
[2026-01-24 17:07:17,882] tensorflow - Level 1 - Registering AssignAdd,flops (<function _assign_add_flops at 0x000001B7F0FCA5C0>) in statistical functions.
[2026-01-24 17:07:17,882] tensorflow - Level 1 - Registering L2Loss,flops (<function _l2_loss_flops at 0x000001B7F0FCA660>) in statistical functions.
[2026-01-24 17:07:17,882] tensorflow - Level 1 - Registering Softmax,flops (<function _softmax_flops at 0x000001B7F0FCA700>) in statistical functions.
[2026-01-24 17:07:17,882] tensorflow - Level 1 - Registering AddV2,flops (<function _add_flops at 0x000001B7F0FCA840>) in statistical functions.
[2026-01-24 17:07:17,882] tensorflow - Level 1 - Registering Add,flops (<function _add_flops at 0x000001B7F0FCA840>) in statistical functions.
[2026-01-24 17:07:17,882] tensorflow - Level 1 - Registering Sub,flops (<function _sub_flops at 0x000001B7F0FCA8E0>) in statistical functions.
[2026-01-24 17:07:17,882] tensorflow - Level 1 - Registering Mul,flops (<function _mul_flops at 0x000001B7F0FCA980>) in statistical functions.
[2026-01-24 17:07:17,882] tensorflow - Level 1 - Registering RealDiv,flops (<function _real_div_flops at 0x000001B7F0FCAA20>) in statistical functions.
[2026-01-24 17:07:17,882] tensorflow - Level 1 - Registering Maximum,flops (<function _maximum_flops at 0x000001B7F0FCAAC0>) in statistical functions.
[2026-01-24 17:07:17,882] tensorflow - Level 1 - Registering Minimum,flops (<function _minimum_flops at 0x000001B7F0FCAB60>) in statistical functions.
[2026-01-24 17:07:17,882] tensorflow - Level 1 - Registering Pow,flops (<function _pow_flops at 0x000001B7F0FCAC00>) in statistical functions.
[2026-01-24 17:07:17,882] tensorflow - Level 1 - Registering RsqrtGrad,flops (<function _rsqrt_grad_flops at 0x000001B7F0FCACA0>) in statistical functions.
[2026-01-24 17:07:17,882] tensorflow - Level 1 - Registering GreaterEqual,flops (<function _greater_equal_flops at 0x000001B7F0FCAD40>) in statistical functions.
[2026-01-24 17:07:17,882] tensorflow - Level 1 - Registering Greater,flops (<function _greater_flops at 0x000001B7F0FCADE0>) in statistical functions.
[2026-01-24 17:07:17,882] tensorflow - Level 1 - Registering LessEqual,flops (<function _less_equal_flops at 0x000001B7F0FCAE80>) in statistical functions.
[2026-01-24 17:07:17,882] tensorflow - Level 1 - Registering Less,flops (<function _less_flops at 0x000001B7F0FCAF20>) in statistical functions.
[2026-01-24 17:07:17,882] tensorflow - Level 1 - Registering Equal,flops (<function _equal_flops at 0x000001B7F0FCAFC0>) in statistical functions.
[2026-01-24 17:07:17,882] tensorflow - Level 1 - Registering NotEqual,flops (<function _not_equal_flops at 0x000001B7F0FCB060>) in statistical functions.
[2026-01-24 17:07:17,882] tensorflow - Level 1 - Registering SquaredDifference,flops (<function _squared_difference_flops at 0x000001B7F0FCB100>) in statistical functions.
[2026-01-24 17:07:17,882] tensorflow - Level 1 - Registering Mean,flops (<function _mean_flops at 0x000001B7F0FCB240>) in statistical functions.
[2026-01-24 17:07:17,882] tensorflow - Level 1 - Registering Sum,flops (<function _sum_flops at 0x000001B7F0FCB2E0>) in statistical functions.
[2026-01-24 17:07:17,882] tensorflow - Level 1 - Registering ArgMax,flops (<function _arg_max_flops at 0x000001B7F0FCB380>) in statistical functions.
[2026-01-24 17:07:17,882] tensorflow - Level 1 - Registering ArgMin,flops (<function _arg_min_flops at 0x000001B7F0FCB420>) in statistical functions.
[2026-01-24 17:07:17,882] tensorflow - Level 1 - Registering BiasAddGrad,flops (<function _bias_add_grad_flops at 0x000001B7F0FCB4C0>) in statistical functions.
[2026-01-24 17:07:17,882] tensorflow - Level 1 - Registering AvgPool,flops (<function _avg_pool_flops at 0x000001B7F0FCB6A0>) in statistical functions.
[2026-01-24 17:07:17,882] tensorflow - Level 1 - Registering MaxPool,flops (<function _max_pool_flops at 0x000001B7F0FCB740>) in statistical functions.
[2026-01-24 17:07:17,882] tensorflow - Level 1 - Registering AvgPoolGrad,flops (<function _avg_pool_grad_flops at 0x000001B7F0FCB7E0>) in statistical functions.
[2026-01-24 17:07:17,882] tensorflow - Level 1 - Registering MaxPoolGrad,flops (<function _max_pool_grad_flops at 0x000001B7F0FCB880>) in statistical functions.
[2026-01-24 17:07:17,882] tensorflow - Level 1 - Registering Conv2DBackpropInput,flops (<function _conv_2d_backprop_input_flops at 0x000001B7F0FCB920>) in statistical functions.
[2026-01-24 17:07:17,882] tensorflow - Level 1 - Registering Conv2DBackpropFilter,flops (<function _conv_2d_backprop_filter_flops at 0x000001B7F0FCB9C0>) in statistical functions.
[2026-01-24 17:07:17,882] tensorflow - Level 1 - Registering AddN,flops (<function _add_n_flops at 0x000001B7F0FCBA60>) in statistical functions.
[2026-01-24 17:07:17,882] tensorflow - Level 1 - Registering MatMul,flops (<function _calc_mat_mul_flops at 0x000001B7F0FCBB00>) in statistical functions.
[2026-01-24 17:07:17,882] tensorflow - Level 1 - Registering BatchMatMulV3,flops (<function _calc_batch_mat_mul_flops at 0x000001B7F0FCBBA0>) in statistical functions.
[2026-01-24 17:07:17,882] tensorflow - Level 1 - Registering BatchMatMulV2,flops (<function _calc_batch_mat_mul_flops at 0x000001B7F0FCBBA0>) in statistical functions.
[2026-01-24 17:07:17,882] tensorflow - Level 1 - Registering BatchMatMul,flops (<function _calc_batch_mat_mul_flops at 0x000001B7F0FCBBA0>) in statistical functions.
[2026-01-24 17:07:18,405] tensorflow - Level 1 - Enabling eager execution
[2026-01-24 17:07:18,405] tensorflow - Level 1 - Enabling v2 tensorshape
[2026-01-24 17:07:18,405] tensorflow - Level 1 - Enabling resource variables
[2026-01-24 17:07:18,405] tensorflow - Level 1 - Enabling tensor equality
[2026-01-24 17:07:18,405] tensorflow - Level 1 - Enabling control flow v2
[2026-01-24 17:07:18,986] matplotlib - DEBUG - matplotlib data path: C:\Users\BS\anaconda3\Lib\site-packages\matplotlib\mpl-data
[2026-01-24 17:07:18,996] matplotlib - DEBUG - CONFIGDIR=C:\Users\BS\.matplotlib
[2026-01-24 17:07:19,000] matplotlib - DEBUG - interactive is False
[2026-01-24 17:07:19,000] matplotlib - DEBUG - platform is win32
[2026-01-24 17:07:19,086] matplotlib - DEBUG - CACHEDIR=C:\Users\BS\.matplotlib
[2026-01-24 17:07:19,086] matplotlib.font_manager - DEBUG - Using fontManager instance from C:\Users\BS\.matplotlib\fontlist-v390.json
[2026-01-24 17:07:31,700] tensorflow - WARNING - From C:\Users\BS\anaconda3\Lib\site-packages\tf_keras\src\losses.py:2976: The name tf.losses.sparse_softmax_cross_entropy is deprecated. Please use tf.compat.v1.losses.sparse_softmax_cross_entropy instead.

