[2026-01-24 18:15:19,198] tensorflow - Level 1 - Registering Relayout (<function _relayout_gradient at 0x000001CDBB9EFC40>) in gradient.
[2026-01-24 18:15:19,199] tensorflow - Level 1 - Registering RelayoutLike (<function _relayout_grad_gradient at 0x000001CDBB9EFD80>) in gradient.
[2026-01-24 18:15:19,199] tensorflow - Level 1 - Registering CopyToMesh (<function _copy_to_mesh_gradient at 0x000001CDBBA2C4A0>) in gradient.
[2026-01-24 18:15:19,199] tensorflow - Level 1 - Registering CopyToMeshGrad (<function _copy_to_mesh_grad_gradient at 0x000001CDBBA2C400>) in gradient.
[2026-01-24 18:15:19,214] tensorflow - Level 1 - Registering FakeQuantWithMinMaxArgs (<function _FakeQuantWithMinMaxArgsGradient at 0x000001CDBBAB4540>) in gradient.
[2026-01-24 18:15:19,214] tensorflow - Level 1 - Registering FakeQuantWithMinMaxVars (<function _FakeQuantWithMinMaxVarsGradient at 0x000001CDBBAB4720>) in gradient.
[2026-01-24 18:15:19,214] tensorflow - Level 1 - Registering FakeQuantWithMinMaxVarsPerChannel (<function _FakeQuantWithMinMaxVarsPerChannelGradient at 0x000001CDBBAB4CC0>) in gradient.
[2026-01-24 18:15:19,214] tensorflow - Level 1 - Registering QuantizeAndDequantizeV4 (<function _QuantizeAndDequantizeV4Grad at 0x000001CDBBAB4D60>) in gradient.
[2026-01-24 18:15:19,214] tensorflow - Level 1 - Registering QuantizeAndDequantizeV4Grad (<function _QuantizeAndDequantizeV4GradGrad at 0x000001CDBBAB4E00>) in gradient.
[2026-01-24 18:15:19,258] tensorflow - Level 1 - Registering TensorListConcatLists (None) in gradient.
[2026-01-24 18:15:19,258] tensorflow - Level 1 - Registering TensorListElementShape (None) in gradient.
[2026-01-24 18:15:19,258] tensorflow - Level 1 - Registering TensorListLength (None) in gradient.
[2026-01-24 18:15:19,258] tensorflow - Level 1 - Registering TensorListPushBackBatch (None) in gradient.
[2026-01-24 18:15:19,258] tensorflow - Level 1 - Registering TensorListPushBack (<function _PushBackGrad at 0x000001CDBBC696C0>) in gradient.
[2026-01-24 18:15:19,258] tensorflow - Level 1 - Registering TensorListPopBack (<function _PopBackGrad at 0x000001CDBBC69760>) in gradient.
[2026-01-24 18:15:19,258] tensorflow - Level 1 - Registering TensorListStack (<function _TensorListStackGrad at 0x000001CDBBC69800>) in gradient.
[2026-01-24 18:15:19,258] tensorflow - Level 1 - Registering TensorListConcatV2 (<function _TensorListConcatGrad at 0x000001CDBBC698A0>) in gradient.
[2026-01-24 18:15:19,258] tensorflow - Level 1 - Registering TensorListConcat (<function _TensorListConcatGrad at 0x000001CDBBC698A0>) in gradient.
[2026-01-24 18:15:19,258] tensorflow - Level 1 - Registering TensorListSplit (<function _TensorListSplitGrad at 0x000001CDBBC69940>) in gradient.
[2026-01-24 18:15:19,258] tensorflow - Level 1 - Registering TensorListFromTensor (<function _TensorListFromTensorGrad at 0x000001CDBBC699E0>) in gradient.
[2026-01-24 18:15:19,258] tensorflow - Level 1 - Registering TensorListGetItem (<function _TensorListGetItemGrad at 0x000001CDBBC69A80>) in gradient.
[2026-01-24 18:15:19,258] tensorflow - Level 1 - Registering TensorListSetItem (<function _TensorListSetItemGrad at 0x000001CDBBC69B20>) in gradient.
[2026-01-24 18:15:19,258] tensorflow - Level 1 - Registering TensorListResize (<function _TensorListResizeGrad at 0x000001CDBBC69BC0>) in gradient.
[2026-01-24 18:15:19,258] tensorflow - Level 1 - Registering TensorListGather (<function _TensorListGatherGrad at 0x000001CDBBC69C60>) in gradient.
[2026-01-24 18:15:19,258] tensorflow - Level 1 - Registering TensorListScatterV2 (<function _TensorListScatterGrad at 0x000001CDBBC69D00>) in gradient.
[2026-01-24 18:15:19,258] tensorflow - Level 1 - Registering TensorListScatter (<function _TensorListScatterGrad at 0x000001CDBBC69D00>) in gradient.
[2026-01-24 18:15:19,258] tensorflow - Level 1 - Registering TensorListScatterIntoExistingList (<function _TensorListScatterIntoExistingListGrad at 0x000001CDBBC69DA0>) in gradient.
[2026-01-24 18:15:19,321] tensorflow - Level 1 - Registering AccumulateNV2 (<function _accumulate_n_grad at 0x000001CDBBE16FC0>) in gradient.
[2026-01-24 18:15:19,388] tensorflow - Level 1 - Registering cond_context ((<class 'tensorflow.core.protobuf.control_flow_pb2.CondContextDef'>, <function CondContext.to_proto at 0x000001CDBBF2A020>, <function CondContext.from_proto at 0x000001CDBBF2A0C0>)) in proto functions.
[2026-01-24 18:15:19,388] tensorflow - Level 1 - Registering while_context ((<class 'tensorflow.core.protobuf.control_flow_pb2.WhileContextDef'>, <function WhileContext.to_proto at 0x000001CDBBF2AE80>, <function WhileContext.from_proto at 0x000001CDBBF2AFC0>)) in proto functions.
[2026-01-24 18:15:19,388] tensorflow - Level 1 - Registering _identity_resolver (<function _identity_resolver at 0x000001CDBBF40EA0>) in acd_resource_resolvers.
[2026-01-24 18:15:19,456] tensorflow - Level 1 - Registering Assign (None) in gradient.
[2026-01-24 18:15:19,456] tensorflow - Level 1 - Registering AssignAdd (None) in gradient.
[2026-01-24 18:15:19,456] tensorflow - Level 1 - Registering AssignSub (None) in gradient.
[2026-01-24 18:15:19,456] tensorflow - Level 1 - Registering ScatterAdd (None) in gradient.
[2026-01-24 18:15:19,456] tensorflow - Level 1 - Registering ScatterSub (None) in gradient.
[2026-01-24 18:15:19,456] tensorflow - Level 1 - Registering ScatterMul (None) in gradient.
[2026-01-24 18:15:19,456] tensorflow - Level 1 - Registering ScatterDiv (None) in gradient.
[2026-01-24 18:15:19,456] tensorflow - Level 1 - Registering ScatterNdUpdate (None) in gradient.
[2026-01-24 18:15:19,456] tensorflow - Level 1 - Registering ScatterNdAdd (None) in gradient.
[2026-01-24 18:15:19,456] tensorflow - Level 1 - Registering ScatterNdSub (None) in gradient.
[2026-01-24 18:15:19,456] tensorflow - Level 1 - Registering ScatterNdMul (None) in gradient.
[2026-01-24 18:15:19,456] tensorflow - Level 1 - Registering ScatterNdDiv (None) in gradient.
[2026-01-24 18:15:19,473] tensorflow - Level 1 - Registering ReadVariableOp (<function _ReadGrad at 0x000001CDBC0BCD60>) in gradient.
[2026-01-24 18:15:19,478] tensorflow - Level 1 - Registering ResourceGather (<function _GatherGrad at 0x000001CDBC0BDDA0>) in gradient.
[2026-01-24 18:15:19,478] tensorflow - Level 1 - Registering Assert (None) in gradient.
[2026-01-24 18:15:19,478] tensorflow - Level 1 - Registering VarIsInitializedOp (None) in gradient.
[2026-01-24 18:15:19,478] tensorflow - Level 1 - Registering VariableShape (None) in gradient.
[2026-01-24 18:15:19,516] tensorflow - Level 1 - Registering RandomStandardNormal (None) in gradient.
[2026-01-24 18:15:19,523] tensorflow - Level 1 - Registering ParameterizedTruncatedNormal (None) in gradient.
[2026-01-24 18:15:19,523] tensorflow - Level 1 - Registering TruncatedNormal (None) in gradient.
[2026-01-24 18:15:19,523] tensorflow - Level 1 - Registering RandomUniform (None) in gradient.
[2026-01-24 18:15:19,523] tensorflow - Level 1 - Registering RandomShuffle (None) in gradient.
[2026-01-24 18:15:19,523] tensorflow - Level 1 - Registering Multinomial (None) in gradient.
[2026-01-24 18:15:19,599] tensorflow - Level 1 - Registering If (<function _IfGrad at 0x000001CDB0225580>) in gradient.
[2026-01-24 18:15:19,604] tensorflow - Level 1 - Registering StatelessIf (<function _IfGrad at 0x000001CDB0225580>) in gradient.
[2026-01-24 18:15:19,606] tensorflow - Level 1 - Registering StatelessCase (<function _CaseGrad at 0x000001CDB0226CA0>) in gradient.
[2026-01-24 18:15:19,606] tensorflow - Level 1 - Registering Case (<function _CaseGrad at 0x000001CDB0226CA0>) in gradient.
[2026-01-24 18:15:19,666] tensorflow - Level 1 - Registering While (<function _WhileGrad at 0x000001CDB0291580>) in gradient.
[2026-01-24 18:15:19,669] tensorflow - Level 1 - Registering StatelessWhile (<function _WhileGrad at 0x000001CDB0291580>) in gradient.
[2026-01-24 18:15:19,877] tensorflow - Level 1 - Registering EnsureShape (<function _ensure_shape_grad at 0x000001CDBC9E0D60>) in gradient.
[2026-01-24 18:15:19,893] tensorflow - Level 1 - Registering RaggedTensorToSparse (<function _ragged_tensor_to_sparse_gradient at 0x000001CDBCA58D60>) in gradient.
[2026-01-24 18:15:19,931] tensorflow - Level 1 - Registering Conv2DBackpropInput (<function _Conv2DBackpropInputGrad at 0x000001CDBCAE11C0>) in gradient.
[2026-01-24 18:15:19,932] tensorflow - Level 1 - Registering Conv2DBackpropFilter (<function _Conv2DBackpropFilterGrad at 0x000001CDBCAE1800>) in gradient.
[2026-01-24 18:15:19,932] tensorflow - Level 1 - Registering DepthwiseConv2dNativeBackpropInput (<function _DepthwiseConv2dNativeBackpropInputGrad at 0x000001CDBCAE1E40>) in gradient.
[2026-01-24 18:15:19,932] tensorflow - Level 1 - Registering DepthwiseConv2dNativeBackpropFilter (<function _DepthwiseConv2dNativeBackpropFilterGrad at 0x000001CDBCAE25C0>) in gradient.
[2026-01-24 18:15:19,934] tensorflow - Level 1 - Registering Conv3D (<function _Conv3DGrad at 0x000001CDBCAE2660>) in gradient.
[2026-01-24 18:15:19,934] tensorflow - Level 1 - Registering Conv3DBackpropInputV2 (<function _Conv3DBackpropInputGrad at 0x000001CDBCAE2700>) in gradient.
[2026-01-24 18:15:19,935] tensorflow - Level 1 - Registering Conv3DBackpropFilterV2 (<function _Conv3DBackpropFilterGrad at 0x000001CDBCAE27A0>) in gradient.
[2026-01-24 18:15:19,935] tensorflow - Level 1 - Registering AvgPool3D (<function _AvgPool3DGrad at 0x000001CDBCAE2840>) in gradient.
[2026-01-24 18:15:19,935] tensorflow - Level 1 - Registering AvgPool3DGrad (<function _AvgPool3DGradGrad at 0x000001CDBCAE28E0>) in gradient.
[2026-01-24 18:15:19,935] tensorflow - Level 1 - Registering MaxPool3D (<function _MaxPool3DGrad at 0x000001CDBCAE2980>) in gradient.
[2026-01-24 18:15:19,935] tensorflow - Level 1 - Registering MaxPool3DGrad (<function _MaxPool3DGradGrad at 0x000001CDBCAE2A20>) in gradient.
[2026-01-24 18:15:19,935] tensorflow - Level 1 - Registering MaxPool3DGradGrad (<function _MaxPool3DGradGradGrad at 0x000001CDBCAE2AC0>) in gradient.
[2026-01-24 18:15:19,935] tensorflow - Level 1 - Registering Softmax (<function _SoftmaxGrad at 0x000001CDBCAE2B60>) in gradient.
[2026-01-24 18:15:19,935] tensorflow - Level 1 - Registering LogSoftmax (<function _LogSoftmaxGrad at 0x000001CDBCAE2C00>) in gradient.
[2026-01-24 18:15:19,939] tensorflow - Level 1 - Registering BiasAdd (<function _BiasAddGrad at 0x000001CDBCAE2CA0>) in gradient.
[2026-01-24 18:15:19,939] tensorflow - Level 1 - Registering BiasAddGrad (<function _BiasAddGradGrad at 0x000001CDBCAE2D40>) in gradient.
[2026-01-24 18:15:19,939] tensorflow - Level 1 - Registering BiasAddV1 (<function _BiasAddGradV1 at 0x000001CDBCAE2DE0>) in gradient.
[2026-01-24 18:15:19,939] tensorflow - Level 1 - Registering Relu (<function _ReluGrad at 0x000001CDBCAE2E80>) in gradient.
[2026-01-24 18:15:19,939] tensorflow - Level 1 - Registering EluGrad (<function _EluGradGrad at 0x000001CDBCAE2F20>) in gradient.
[2026-01-24 18:15:19,939] tensorflow - Level 1 - Registering SeluGrad (<function _SeluGradGrad at 0x000001CDBCAE2FC0>) in gradient.
[2026-01-24 18:15:19,939] tensorflow - Level 1 - Registering Relu6 (<function _Relu6Grad at 0x000001CDBCAE3060>) in gradient.
[2026-01-24 18:15:19,939] tensorflow - Level 1 - Registering Relu6Grad (<function _Relu6GradGrad at 0x000001CDBCAE3100>) in gradient.
[2026-01-24 18:15:19,939] tensorflow - Level 1 - Registering LeakyRelu (<function _LeakyReluGrad at 0x000001CDBCAE31A0>) in gradient.
[2026-01-24 18:15:19,939] tensorflow - Level 1 - Registering LeakyReluGrad (<function _LeakyReluGradGrad at 0x000001CDBCAE3240>) in gradient.
[2026-01-24 18:15:19,939] tensorflow - Level 1 - Registering Elu (<function _EluGrad at 0x000001CDBCAE32E0>) in gradient.
[2026-01-24 18:15:19,939] tensorflow - Level 1 - Registering Selu (<function _SeluGrad at 0x000001CDBCAE3380>) in gradient.
[2026-01-24 18:15:19,939] tensorflow - Level 1 - Registering Softplus (<function _SoftplusGrad at 0x000001CDBCAE3420>) in gradient.
[2026-01-24 18:15:19,939] tensorflow - Level 1 - Registering SoftplusGrad (<function _SoftplusGradGrad at 0x000001CDBCAE34C0>) in gradient.
[2026-01-24 18:15:19,939] tensorflow - Level 1 - Registering Softsign (<function _SoftsignGrad at 0x000001CDBCAE3560>) in gradient.
[2026-01-24 18:15:19,939] tensorflow - Level 1 - Registering ReluGrad (<function _ReluGradGrad at 0x000001CDBCAE3600>) in gradient.
[2026-01-24 18:15:19,939] tensorflow - Level 1 - Registering SoftmaxCrossEntropyWithLogits (<function _SoftmaxCrossEntropyWithLogitsGrad at 0x000001CDBCAE3740>) in gradient.
[2026-01-24 18:15:19,939] tensorflow - Level 1 - Registering SparseSoftmaxCrossEntropyWithLogits (<function _SparseSoftmaxCrossEntropyWithLogitsGrad at 0x000001CDBCAE37E0>) in gradient.
[2026-01-24 18:15:19,939] tensorflow - Level 1 - Registering Conv2D (<function _Conv2DGrad at 0x000001CDBCAE3880>) in gradient.
[2026-01-24 18:15:19,939] tensorflow - Level 1 - Registering DepthwiseConv2dNative (<function _DepthwiseConv2dNativeGrad at 0x000001CDBCAE3920>) in gradient.
[2026-01-24 18:15:19,942] tensorflow - Level 1 - Registering Dilation2D (<function _Dilation2DGrad at 0x000001CDBCAE39C0>) in gradient.
[2026-01-24 18:15:19,942] tensorflow - Level 1 - Registering LRN (<function _LRNGrad at 0x000001CDBCAE3A60>) in gradient.
[2026-01-24 18:15:19,942] tensorflow - Level 1 - Registering AvgPool (<function _AvgPoolGrad at 0x000001CDBCAE3B00>) in gradient.
[2026-01-24 18:15:19,942] tensorflow - Level 1 - Registering AvgPoolGrad (<function _AvgPoolGradGrad at 0x000001CDBCAE3BA0>) in gradient.
[2026-01-24 18:15:19,942] tensorflow - Level 1 - Registering MaxPool (<function _MaxPoolGrad at 0x000001CDBCAE3C40>) in gradient.
[2026-01-24 18:15:19,942] tensorflow - Level 1 - Registering MaxPoolV2 (<function _MaxPoolGradV2 at 0x000001CDBCAE3CE0>) in gradient.
[2026-01-24 18:15:19,942] tensorflow - Level 1 - Registering MaxPoolWithArgmax (<function _MaxPoolGradWithArgmax at 0x000001CDBCAE3D80>) in gradient.
[2026-01-24 18:15:19,942] tensorflow - Level 1 - Registering MaxPoolGrad (<function _MaxPoolGradGrad at 0x000001CDBCAE3E20>) in gradient.
[2026-01-24 18:15:19,942] tensorflow - Level 1 - Registering MaxPoolGradV2 (<function _MaxPoolGradGradV2 at 0x000001CDBCAE3EC0>) in gradient.
[2026-01-24 18:15:19,942] tensorflow - Level 1 - Registering MaxPoolGradGrad (<function _MaxPoolGradGradGrad at 0x000001CDBCAE3F60>) in gradient.
[2026-01-24 18:15:19,942] tensorflow - Level 1 - Registering FractionalMaxPool (<function _FractionalMaxPoolGrad at 0x000001CDBCB24040>) in gradient.
[2026-01-24 18:15:19,942] tensorflow - Level 1 - Registering FractionalAvgPool (<function _FractionalAvgPoolGrad at 0x000001CDBCB240E0>) in gradient.
[2026-01-24 18:15:19,942] tensorflow - Level 1 - Registering BatchNormWithGlobalNormalization (<function _BatchNormWithGlobalNormalizationGrad at 0x000001CDBCB24180>) in gradient.
[2026-01-24 18:15:19,942] tensorflow - Level 1 - Registering FusedBatchNorm (<function _FusedBatchNormGrad at 0x000001CDBCB242C0>) in gradient.
[2026-01-24 18:15:19,942] tensorflow - Level 1 - Registering FusedBatchNormV2 (<function _FusedBatchNormV2Grad at 0x000001CDBCB24360>) in gradient.
[2026-01-24 18:15:19,942] tensorflow - Level 1 - Registering FusedBatchNormV3 (<function _FusedBatchNormV3Grad at 0x000001CDBCB24400>) in gradient.
[2026-01-24 18:15:19,942] tensorflow - Level 1 - Registering L2Loss (<function _L2LossGrad at 0x000001CDBCB244A0>) in gradient.
[2026-01-24 18:15:19,942] tensorflow - Level 1 - Registering TopKV2 (<function _TopKGrad at 0x000001CDBCB24540>) in gradient.
[2026-01-24 18:15:19,942] tensorflow - Level 1 - Registering TopK (<function _TopKGrad at 0x000001CDBCB24540>) in gradient.
[2026-01-24 18:15:19,944] tensorflow - Level 1 - Registering ApproxTopK (<function _ApproxTopKGradient at 0x000001CDBCB245E0>) in gradient.
[2026-01-24 18:15:19,944] tensorflow - Level 1 - Registering NthElement (<function _NthElementGrad at 0x000001CDBCB24680>) in gradient.
[2026-01-24 18:15:19,944] tensorflow - Level 1 - Registering IsotonicRegression (<function _IsotonicRegressionGrad at 0x000001CDBCB247C0>) in gradient.
[2026-01-24 18:15:19,949] tensorflow - Level 1 - Registering BitwiseAnd (None) in gradient.
[2026-01-24 18:15:19,949] tensorflow - Level 1 - Registering BitwiseOr (None) in gradient.
[2026-01-24 18:15:19,949] tensorflow - Level 1 - Registering BitwiseXor (None) in gradient.
[2026-01-24 18:15:19,949] tensorflow - Level 1 - Registering Invert (None) in gradient.
[2026-01-24 18:15:19,949] tensorflow - Level 1 - Registering PopulationCount (None) in gradient.
[2026-01-24 18:15:19,949] tensorflow - Level 1 - Registering LeftShift (None) in gradient.
[2026-01-24 18:15:19,960] tensorflow - Level 1 - Registering RightShift (None) in gradient.
[2026-01-24 18:15:19,960] tensorflow - Level 1 - Registering StatelessMultinomial (None) in gradient.
[2026-01-24 18:15:19,963] tensorflow - Level 1 - Registering StatelessRandomBinomial (None) in gradient.
[2026-01-24 18:15:19,963] tensorflow - Level 1 - Registering StatelessRandomNormal (None) in gradient.
[2026-01-24 18:15:19,963] tensorflow - Level 1 - Registering StatelessRandomPoisson (None) in gradient.
[2026-01-24 18:15:19,963] tensorflow - Level 1 - Registering StatelessRandomUniform (None) in gradient.
[2026-01-24 18:15:19,963] tensorflow - Level 1 - Registering StatelessRandomUniformInt (None) in gradient.
[2026-01-24 18:15:19,963] tensorflow - Level 1 - Registering StatelessRandomUniformFullInt (None) in gradient.
[2026-01-24 18:15:19,963] tensorflow - Level 1 - Registering StatelessTruncatedNormal (None) in gradient.
[2026-01-24 18:15:19,963] tensorflow - Level 1 - Registering StatelessRandomNormalV2 (None) in gradient.
[2026-01-24 18:15:19,963] tensorflow - Level 1 - Registering StatelessRandomUniformV2 (None) in gradient.
[2026-01-24 18:15:19,963] tensorflow - Level 1 - Registering StatelessRandomUniformIntV2 (None) in gradient.
[2026-01-24 18:15:19,963] tensorflow - Level 1 - Registering StatelessRandomUniformFullIntV2 (None) in gradient.
[2026-01-24 18:15:19,963] tensorflow - Level 1 - Registering StatelessTruncatedNormalV2 (None) in gradient.
[2026-01-24 18:15:19,963] tensorflow - Level 1 - Registering StatelessRandomShuffle (None) in gradient.
[2026-01-24 18:15:19,963] tensorflow - Level 1 - Registering RandomIndexShuffle (None) in gradient.
[2026-01-24 18:15:19,977] tensorflow - Level 1 - Registering Conv3D,flops (<function _calc_conv3d_flops at 0x000001CDBCBA2F20>) in statistical functions.
[2026-01-24 18:15:19,982] tensorflow - Level 1 - Registering Conv2D,flops (<function _calc_conv_flops at 0x000001CDBCBA3100>) in statistical functions.
[2026-01-24 18:15:19,982] tensorflow - Level 1 - Registering DepthwiseConv2dNative,flops (<function _calc_depthwise_conv_flops at 0x000001CDBCBA36A0>) in statistical functions.
[2026-01-24 18:15:19,982] tensorflow - Level 1 - Registering BiasAdd,flops (<function _calc_bias_add_flops at 0x000001CDBCBA3740>) in statistical functions.
[2026-01-24 18:15:19,985] tensorflow - Level 1 - Registering Dilation2D,flops (<function _calc_dilation2d_flops at 0x000001CDBCC45260>) in statistical functions.
[2026-01-24 18:15:19,998] tensorflow - Level 1 - Registering CompositeTensorVariantFromComponents (<function _composite_tensor_to_variants_grad at 0x000001CDBCC9E2A0>) in gradient.
[2026-01-24 18:15:20,002] tensorflow - Level 1 - Registering CompositeTensorVariantToComponents (<function _composite_tensor_from_variant_grad at 0x000001CDBCC9E340>) in gradient.
[2026-01-24 18:15:20,018] tensorflow - Level 1 - Registering RaggedRange (None) in gradient.
[2026-01-24 18:15:20,026] tensorflow - Level 1 - Registering RaggedFillEmptyRows (<function _ragged_fill_empty_rows_grad at 0x000001CDBCD0B240>) in gradient.
[2026-01-24 18:15:20,071] tensorflow - Level 1 - Registering RaggedGather (<function _ragged_gather_grad at 0x000001CDBCD31120>) in gradient.
[2026-01-24 18:15:20,083] tensorflow - Level 1 - Registering RegexReplace (None) in gradient.
[2026-01-24 18:15:20,085] tensorflow - Level 1 - Registering StringToHashBucket (None) in gradient.
[2026-01-24 18:15:20,085] tensorflow - Level 1 - Registering StringToHashBucketFast (None) in gradient.
[2026-01-24 18:15:20,085] tensorflow - Level 1 - Registering StringToHashBucketStrong (None) in gradient.
[2026-01-24 18:15:20,085] tensorflow - Level 1 - Registering ReduceJoin (None) in gradient.
[2026-01-24 18:15:20,085] tensorflow - Level 1 - Registering StringJoin (None) in gradient.
[2026-01-24 18:15:20,087] tensorflow - Level 1 - Registering StringSplit (None) in gradient.
[2026-01-24 18:15:20,087] tensorflow - Level 1 - Registering AsString (None) in gradient.
[2026-01-24 18:15:20,087] tensorflow - Level 1 - Registering EncodeBase64 (None) in gradient.
[2026-01-24 18:15:20,087] tensorflow - Level 1 - Registering DecodeBase64 (None) in gradient.
[2026-01-24 18:15:20,089] tensorflow - Level 1 - Registering Print (<function _PrintGrad at 0x000001CDBCD33D80>) in gradient.
[2026-01-24 18:15:20,093] tensorflow - Level 1 - Registering HistogramSummary (None) in gradient.
[2026-01-24 18:15:20,093] tensorflow - Level 1 - Registering ImageSummary (None) in gradient.
[2026-01-24 18:15:20,093] tensorflow - Level 1 - Registering AudioSummary (None) in gradient.
[2026-01-24 18:15:20,095] tensorflow - Level 1 - Registering AudioSummaryV2 (None) in gradient.
[2026-01-24 18:15:20,097] tensorflow - Level 1 - Registering MergeSummary (None) in gradient.
[2026-01-24 18:15:20,098] tensorflow - Level 1 - Registering ScalarSummary (None) in gradient.
[2026-01-24 18:15:20,098] tensorflow - Level 1 - Registering TensorSummary (None) in gradient.
[2026-01-24 18:15:20,098] tensorflow - Level 1 - Registering TensorSummaryV2 (None) in gradient.
[2026-01-24 18:15:20,098] tensorflow - Level 1 - Registering Timestamp (None) in gradient.
[2026-01-24 18:15:20,146] tensorflow - Level 1 - Registering XlaEinsum (<function _einsum_grad at 0x000001CDBCDF6DE0>) in gradient.
[2026-01-24 18:15:20,172] tensorflow - Level 1 - Registering RaggedTensorToTensor (<function _ragged_tensor_to_tensor_grad at 0x000001CDBCE23D80>) in gradient.
[2026-01-24 18:15:20,172] tensorflow - Level 1 - Registering RaggedTensorFromVariant (<function _ragged_tensor_from_variant_grad at 0x000001CDBCE40040>) in gradient.
[2026-01-24 18:15:20,172] tensorflow - Level 1 - Registering RaggedTensorToVariant (<function _ragged_tensor_to_variant_grad at 0x000001CDBCE400E0>) in gradient.
[2026-01-24 18:15:20,185] tensorflow - Level 1 - Registering ClipByValue (<function _clip_by_value_grad at 0x000001CDBCE407C0>) in gradient.
[2026-01-24 18:15:20,196] tensorflow - Level 1 - Registering DynamicPartition (<function _DynamicPartitionGrads at 0x000001CDBCE411C0>) in gradient.
[2026-01-24 18:15:20,196] tensorflow - Level 1 - Registering ParallelDynamicStitch (<function _DynamicStitchGrads at 0x000001CDBCE414E0>) in gradient.
[2026-01-24 18:15:20,196] tensorflow - Level 1 - Registering DynamicStitch (<function _DynamicStitchGrads at 0x000001CDBCE414E0>) in gradient.
[2026-01-24 18:15:20,196] tensorflow - Level 1 - Registering Queue (None) in gradient.
[2026-01-24 18:15:20,196] tensorflow - Level 1 - Registering QueueEnqueue (None) in gradient.
[2026-01-24 18:15:20,196] tensorflow - Level 1 - Registering QueueEnqueueMany (None) in gradient.
[2026-01-24 18:15:20,196] tensorflow - Level 1 - Registering QueueDequeue (None) in gradient.
[2026-01-24 18:15:20,196] tensorflow - Level 1 - Registering QueueDequeueMany (None) in gradient.
[2026-01-24 18:15:20,196] tensorflow - Level 1 - Registering QueueDequeueUpTo (None) in gradient.
[2026-01-24 18:15:20,196] tensorflow - Level 1 - Registering QueueClose (None) in gradient.
[2026-01-24 18:15:20,196] tensorflow - Level 1 - Registering QueueSize (None) in gradient.
[2026-01-24 18:15:20,196] tensorflow - Level 1 - Registering Stack (None) in gradient.
[2026-01-24 18:15:20,204] tensorflow - Level 1 - Registering StackPush (None) in gradient.
[2026-01-24 18:15:20,204] tensorflow - Level 1 - Registering StackPop (None) in gradient.
[2026-01-24 18:15:20,204] tensorflow - Level 1 - Registering StackClose (None) in gradient.
[2026-01-24 18:15:20,206] tensorflow - Level 1 - Registering GetSessionHandle (None) in gradient.
[2026-01-24 18:15:20,206] tensorflow - Level 1 - Registering GetSessionHandleV2 (None) in gradient.
[2026-01-24 18:15:20,206] tensorflow - Level 1 - Registering GetSessionTensor (None) in gradient.
[2026-01-24 18:15:20,206] tensorflow - Level 1 - Registering DeleteSessionTensor (None) in gradient.
[2026-01-24 18:15:20,294] tensorflow - Level 1 - Registering TPUReplicatedInput (None) in gradient.
[2026-01-24 18:15:20,297] tensorflow - Level 1 - Registering AllToAll (<function _all_to_all_grad at 0x000001CDBCF8F7E0>) in gradient.
[2026-01-24 18:15:20,297] tensorflow - Level 1 - Registering CollectivePermute (<function _collective_permute_grad at 0x000001CDBCF8F9C0>) in gradient.
[2026-01-24 18:15:20,297] tensorflow - Level 1 - Registering CrossReplicaSum (<function _cross_replica_sum_grad at 0x000001CDBCF8FA60>) in gradient.
[2026-01-24 18:15:20,297] tensorflow - Level 1 - Registering TPUEmbeddingActivations (<function _embedding_activations_grad at 0x000001CDBCF8FB00>) in gradient.
[2026-01-24 18:15:20,337] tensorflow - Level 1 - Registering XlaClusterOutput (<function _XlaClusterOutputGrad at 0x000001CDBCFDECA0>) in gradient.
[2026-01-24 18:15:20,337] tensorflow - Level 1 - Registering Pack (<function _PackGrad at 0x000001CDBCFDF240>) in gradient.
[2026-01-24 18:15:20,337] tensorflow - Level 1 - Registering Unpack (<function _UnpackGrad at 0x000001CDBCFDF380>) in gradient.
[2026-01-24 18:15:20,337] tensorflow - Level 1 - Registering Concat (<function _ConcatGrad at 0x000001CDBCFDF560>) in gradient.
[2026-01-24 18:15:20,337] tensorflow - Level 1 - Registering ConcatV2 (<function _ConcatGradV2 at 0x000001CDBCFDF600>) in gradient.
[2026-01-24 18:15:20,337] tensorflow - Level 1 - Registering ConcatOffset (None) in gradient.
[2026-01-24 18:15:20,337] tensorflow - Level 1 - Registering Slice (<function _SliceGrad at 0x000001CDBCFDF6A0>) in gradient.
[2026-01-24 18:15:20,344] tensorflow - Level 1 - Registering StridedSlice (<function _StridedSliceGrad at 0x000001CDBCFDF880>) in gradient.
[2026-01-24 18:15:20,344] tensorflow - Level 1 - Registering StridedSliceGrad (<function _StridedSliceGradGrad at 0x000001CDBCFDF920>) in gradient.
[2026-01-24 18:15:20,344] tensorflow - Level 1 - Registering TensorStridedSliceUpdate (<function _TensorStridedSliceUpdateGrad at 0x000001CDBCFDF9C0>) in gradient.
[2026-01-24 18:15:20,344] tensorflow - Level 1 - Registering Split (<function _SplitGrad at 0x000001CDBCFDFA60>) in gradient.
[2026-01-24 18:15:20,345] tensorflow - Level 1 - Registering SplitV (<function _SplitVGrad at 0x000001CDBCFDFB00>) in gradient.
[2026-01-24 18:15:20,345] tensorflow - Level 1 - Registering Const (None) in gradient.
[2026-01-24 18:15:20,345] tensorflow - Level 1 - Registering Diag (<function _DiagGrad at 0x000001CDBCFDFBA0>) in gradient.
[2026-01-24 18:15:20,345] tensorflow - Level 1 - Registering DiagPart (<function _DiagPartGrad at 0x000001CDBCFDFC40>) in gradient.
[2026-01-24 18:15:20,345] tensorflow - Level 1 - Registering MatrixDiag (<function _MatrixDiagGrad at 0x000001CDBCFDFCE0>) in gradient.
[2026-01-24 18:15:20,345] tensorflow - Level 1 - Registering MatrixDiagV2 (<function _MatrixDiagV2Grad at 0x000001CDBCFDFD80>) in gradient.
[2026-01-24 18:15:20,345] tensorflow - Level 1 - Registering MatrixDiagV3 (<function _MatrixDiagV3Grad at 0x000001CDBCFDFE20>) in gradient.
[2026-01-24 18:15:20,345] tensorflow - Level 1 - Registering MatrixDiagPart (<function _MatrixDiagPartGrad at 0x000001CDBCFDFEC0>) in gradient.
[2026-01-24 18:15:20,345] tensorflow - Level 1 - Registering MatrixDiagPartV2 (<function _MatrixDiagPartV2Grad at 0x000001CDBCFDFF60>) in gradient.
[2026-01-24 18:15:20,345] tensorflow - Level 1 - Registering MatrixDiagPartV3 (<function _MatrixDiagPartV3Grad at 0x000001CDBD050040>) in gradient.
[2026-01-24 18:15:20,347] tensorflow - Level 1 - Registering MatrixSetDiag (<function _MatrixSetDiagGrad at 0x000001CDBD0500E0>) in gradient.
[2026-01-24 18:15:20,347] tensorflow - Level 1 - Registering MatrixSetDiagV2 (<function _MatrixSetDiagGradV2 at 0x000001CDBD050180>) in gradient.
[2026-01-24 18:15:20,347] tensorflow - Level 1 - Registering MatrixSetDiagV3 (<function _MatrixSetDiagGradV3 at 0x000001CDBD050220>) in gradient.
[2026-01-24 18:15:20,347] tensorflow - Level 1 - Registering MatrixBandPart (<function _MatrixBandPartGrad at 0x000001CDBD0502C0>) in gradient.
[2026-01-24 18:15:20,347] tensorflow - Level 1 - Registering EditDistance (None) in gradient.
[2026-01-24 18:15:20,349] tensorflow - Level 1 - Registering Fill (<function _FillGrad at 0x000001CDBD050360>) in gradient.
[2026-01-24 18:15:20,349] tensorflow - Level 1 - Registering ZerosLike (None) in gradient.
[2026-01-24 18:15:20,349] tensorflow - Level 1 - Registering OnesLike (None) in gradient.
[2026-01-24 18:15:20,349] tensorflow - Level 1 - Registering PreventGradient (<function _PreventGradientGrad at 0x000001CDBD050400>) in gradient.
[2026-01-24 18:15:20,349] tensorflow - Level 1 - Registering Gather (<function _GatherGrad at 0x000001CDBD050540>) in gradient.
[2026-01-24 18:15:20,349] tensorflow - Level 1 - Registering GatherV2 (<function _GatherV2Grad at 0x000001CDBD050720>) in gradient.
[2026-01-24 18:15:20,349] tensorflow - Level 1 - Registering GatherNd (<function _GatherNdGrad at 0x000001CDBD0507C0>) in gradient.
[2026-01-24 18:15:20,349] tensorflow - Level 1 - Registering ResourceGatherNd (<function _ResourceGatherNdGrad at 0x000001CDBD050860>) in gradient.
[2026-01-24 18:15:20,349] tensorflow - Level 1 - Registering CheckNumerics (<function _CheckNumericsGrad at 0x000001CDBD050900>) in gradient.
[2026-01-24 18:15:20,349] tensorflow - Level 1 - Registering CheckNumericsV2 (<function _CheckNumericsV2Grad at 0x000001CDBD0509A0>) in gradient.
[2026-01-24 18:15:20,352] tensorflow - Level 1 - Registering Identity (<function _IdGrad at 0x000001CDBD050A40>) in gradient.
[2026-01-24 18:15:20,352] tensorflow - Level 1 - Registering PlaceholderWithDefault (<function _IdGrad at 0x000001CDBD050A40>) in gradient.
[2026-01-24 18:15:20,352] tensorflow - Level 1 - Registering _EagerConst (<function _EagerConstGrad at 0x000001CDBD050AE0>) in gradient.
[2026-01-24 18:15:20,352] tensorflow - Level 1 - Registering RefIdentity (<function _RefIdGrad at 0x000001CDBD050B80>) in gradient.
[2026-01-24 18:15:20,352] tensorflow - Level 1 - Registering IdentityN (<function _IdNGrad at 0x000001CDBD050C20>) in gradient.
[2026-01-24 18:15:20,352] tensorflow - Level 1 - Registering StopGradient (None) in gradient.
[2026-01-24 18:15:20,352] tensorflow - Level 1 - Registering Reshape (<function _ReshapeGrad at 0x000001CDBD050CC0>) in gradient.
[2026-01-24 18:15:20,352] tensorflow - Level 1 - Registering InvertPermutation (None) in gradient.
[2026-01-24 18:15:20,352] tensorflow - Level 1 - Registering ExpandDims (<function _ExpandDimsGrad at 0x000001CDBD050E00>) in gradient.
[2026-01-24 18:15:20,352] tensorflow - Level 1 - Registering Squeeze (<function _SqueezeGrad at 0x000001CDBD050EA0>) in gradient.
[2026-01-24 18:15:20,352] tensorflow - Level 1 - Registering Transpose (<function _TransposeGrad at 0x000001CDBD050F40>) in gradient.
[2026-01-24 18:15:20,352] tensorflow - Level 1 - Registering ConjugateTranspose (<function _ConjugateTransposeGrad at 0x000001CDBD050FE0>) in gradient.
[2026-01-24 18:15:20,352] tensorflow - Level 1 - Registering Shape (None) in gradient.
[2026-01-24 18:15:20,352] tensorflow - Level 1 - Registering ShapeN (None) in gradient.
[2026-01-24 18:15:20,352] tensorflow - Level 1 - Registering Rank (None) in gradient.
[2026-01-24 18:15:20,352] tensorflow - Level 1 - Registering Size (None) in gradient.
[2026-01-24 18:15:20,352] tensorflow - Level 1 - Registering Tile (<function _TileGrad at 0x000001CDBD051080>) in gradient.
[2026-01-24 18:15:20,352] tensorflow - Level 1 - Registering BroadcastGradientArgs (None) in gradient.
[2026-01-24 18:15:20,352] tensorflow - Level 1 - Registering Pad (<function _PadGrad at 0x000001CDBD051120>) in gradient.
[2026-01-24 18:15:20,352] tensorflow - Level 1 - Registering PadV2 (<function _PadGrad at 0x000001CDBD051120>) in gradient.
[2026-01-24 18:15:20,352] tensorflow - Level 1 - Registering ReverseSequence (<function _ReverseSequenceGrad at 0x000001CDBD0511C0>) in gradient.
[2026-01-24 18:15:20,352] tensorflow - Level 1 - Registering Reverse (<function _ReverseGrad at 0x000001CDBD051260>) in gradient.
[2026-01-24 18:15:20,352] tensorflow - Level 1 - Registering ReverseV2 (<function _ReverseV2Grad at 0x000001CDBD051300>) in gradient.
[2026-01-24 18:15:20,352] tensorflow - Level 1 - Registering SpaceToBatch (<function _SpaceToBatchGrad at 0x000001CDBD0513A0>) in gradient.
[2026-01-24 18:15:20,352] tensorflow - Level 1 - Registering SpaceToBatchND (<function _SpaceToBatchNDGrad at 0x000001CDBD051440>) in gradient.
[2026-01-24 18:15:20,352] tensorflow - Level 1 - Registering BatchToSpace (<function _BatchToSpaceGrad at 0x000001CDBD0514E0>) in gradient.
[2026-01-24 18:15:20,352] tensorflow - Level 1 - Registering BatchToSpaceND (<function _BatchToSpaceNDGrad at 0x000001CDBD051580>) in gradient.
[2026-01-24 18:15:20,352] tensorflow - Level 1 - Registering SpaceToDepth (<function _SpaceToDepthGrad at 0x000001CDBD051620>) in gradient.
[2026-01-24 18:15:20,352] tensorflow - Level 1 - Registering DepthToSpace (<function _DepthToSpaceGrad at 0x000001CDBD0516C0>) in gradient.
[2026-01-24 18:15:20,352] tensorflow - Level 1 - Registering OneHot (None) in gradient.
[2026-01-24 18:15:20,352] tensorflow - Level 1 - Registering MirrorPad (<function _MirrorPadGrad at 0x000001CDBD051760>) in gradient.
[2026-01-24 18:15:20,352] tensorflow - Level 1 - Registering MirrorPadGrad (<function _MirrorPadGradGrad at 0x000001CDBD051800>) in gradient.
[2026-01-24 18:15:20,352] tensorflow - Level 1 - Registering FakeQuantWithMinMaxArgsGradient (None) in gradient.
[2026-01-24 18:15:20,352] tensorflow - Level 1 - Registering FakeQuantWithMinMaxVarsGradient (None) in gradient.
[2026-01-24 18:15:20,358] tensorflow - Level 1 - Registering FakeQuantWithMinMaxVarsPerChannelGradient (None) in gradient.
[2026-01-24 18:15:20,358] tensorflow - Level 1 - Registering QuantizeAndDequantize (<function _QuantizeAndDequantizeGrad at 0x000001CDBD0518A0>) in gradient.
[2026-01-24 18:15:20,358] tensorflow - Level 1 - Registering QuantizeAndDequantizeV2 (<function _QuantizeAndDequantizeV2Grad at 0x000001CDBD0519E0>) in gradient.
[2026-01-24 18:15:20,358] tensorflow - Level 1 - Registering QuantizeAndDequantizeV3 (<function _QuantizeAndDequantizeV3Grad at 0x000001CDBD051A80>) in gradient.
[2026-01-24 18:15:20,358] tensorflow - Level 1 - Registering ExtractImagePatches (<function _ExtractImagePatchesGrad at 0x000001CDBD051940>) in gradient.
[2026-01-24 18:15:20,358] tensorflow - Level 1 - Registering ExtractVolumePatches (<function _ExtractVolumePatchesGrad at 0x000001CDBD051B20>) in gradient.
[2026-01-24 18:15:20,358] tensorflow - Level 1 - Registering ScatterNd (<function _ScatterNdGrad at 0x000001CDBD051BC0>) in gradient.
[2026-01-24 18:15:20,358] tensorflow - Level 1 - Registering TensorScatterUpdate (<function _TensorScatterUpdateGrad at 0x000001CDBD051C60>) in gradient.
[2026-01-24 18:15:20,358] tensorflow - Level 1 - Registering TensorScatterAdd (<function _TensorScatterAddGrad at 0x000001CDBD051D00>) in gradient.
[2026-01-24 18:15:20,358] tensorflow - Level 1 - Registering TensorScatterMax (<function _TensorScatterMaxGrad at 0x000001CDBD051E40>) in gradient.
[2026-01-24 18:15:20,358] tensorflow - Level 1 - Registering TensorScatterMin (<function _TensorScatterMinGrad at 0x000001CDBD051EE0>) in gradient.
[2026-01-24 18:15:20,360] tensorflow - Level 1 - Registering TensorScatterSub (<function _TensorScatterSubGrad at 0x000001CDBD051F80>) in gradient.
[2026-01-24 18:15:20,360] tensorflow - Level 1 - Registering ScatterNdNonAliasingAdd (<function _ScatterNdNonAliasingAddGrad at 0x000001CDBD052020>) in gradient.
[2026-01-24 18:15:20,360] tensorflow - Level 1 - Registering BroadcastTo (<function _BroadcastToGrad at 0x000001CDBD0520C0>) in gradient.
[2026-01-24 18:15:20,361] tensorflow - Level 1 - Registering Switch (<function _SwitchGrad at 0x000001CDBD0522A0>) in gradient.
[2026-01-24 18:15:20,361] tensorflow - Level 1 - Registering RefSwitch (<function _SwitchGrad at 0x000001CDBD0522A0>) in gradient.
[2026-01-24 18:15:20,361] tensorflow - Level 1 - Registering Merge (<function _MergeGrad at 0x000001CDBD052340>) in gradient.
[2026-01-24 18:15:20,361] tensorflow - Level 1 - Registering RefMerge (<function _RefMergeGrad at 0x000001CDBD052480>) in gradient.
[2026-01-24 18:15:20,361] tensorflow - Level 1 - Registering Exit (<function _ExitGrad at 0x000001CDBD0523E0>) in gradient.
[2026-01-24 18:15:20,361] tensorflow - Level 1 - Registering RefExit (<function _ExitGrad at 0x000001CDBD0523E0>) in gradient.
[2026-01-24 18:15:20,361] tensorflow - Level 1 - Registering NextIteration (<function _NextIterationGrad at 0x000001CDBD052520>) in gradient.
[2026-01-24 18:15:20,361] tensorflow - Level 1 - Registering RefNextIteration (<function _RefNextIterationGrad at 0x000001CDBD0525C0>) in gradient.
[2026-01-24 18:15:20,361] tensorflow - Level 1 - Registering Enter (<function _EnterGrad at 0x000001CDBD052660>) in gradient.
[2026-01-24 18:15:20,361] tensorflow - Level 1 - Registering RefEnter (<function _RefEnterGrad at 0x000001CDBD052700>) in gradient.
[2026-01-24 18:15:20,361] tensorflow - Level 1 - Registering LoopCond (<function _LoopCondGrad at 0x000001CDBD0527A0>) in gradient.
[2026-01-24 18:15:20,372] tensorflow - Level 1 - Registering CudnnRNN (<function _cudnn_rnn_backward at 0x000001CDBD0528E0>) in gradient.
[2026-01-24 18:15:20,377] tensorflow - Level 1 - Registering CudnnRNNV2 (<function _cudnn_rnn_backward_v2 at 0x000001CDBD052AC0>) in gradient.
[2026-01-24 18:15:20,377] tensorflow - Level 1 - Registering CudnnRNNV3 (<function _cudnn_rnn_backwardv3 at 0x000001CDBD066C00>) in gradient.
[2026-01-24 18:15:20,377] tensorflow - Level 1 - Registering ResizeNearestNeighbor (<function _ResizeNearestNeighborGrad at 0x000001CDBD066B60>) in gradient.
[2026-01-24 18:15:20,377] tensorflow - Level 1 - Registering ResizeBilinear (<function _ResizeBilinearGrad at 0x000001CDBD066CA0>) in gradient.
[2026-01-24 18:15:20,377] tensorflow - Level 1 - Registering ResizeBilinearGrad (None) in gradient.
[2026-01-24 18:15:20,377] tensorflow - Level 1 - Registering ScaleAndTranslate (<function _ScaleAndTranslateGrad at 0x000001CDBD066E80>) in gradient.
[2026-01-24 18:15:20,377] tensorflow - Level 1 - Registering ResizeBicubic (<function _ResizeBicubicGrad at 0x000001CDBD066DE0>) in gradient.
[2026-01-24 18:15:20,377] tensorflow - Level 1 - Registering CropAndResize (<function _CropAndResizeGrad at 0x000001CDBD066F20>) in gradient.
[2026-01-24 18:15:20,377] tensorflow - Level 1 - Registering RGBToHSV (<function _RGBToHSVGrad at 0x000001CDBD067060>) in gradient.
[2026-01-24 18:15:20,387] tensorflow - Level 1 - Registering ReaderRead (None) in gradient.
[2026-01-24 18:15:20,387] tensorflow - Level 1 - Registering ReaderReadUpTo (None) in gradient.
[2026-01-24 18:15:20,387] tensorflow - Level 1 - Registering ReaderNumRecordsProduced (None) in gradient.
[2026-01-24 18:15:20,387] tensorflow - Level 1 - Registering ReaderNumWorkUnitsCompleted (None) in gradient.
[2026-01-24 18:15:20,387] tensorflow - Level 1 - Registering ReaderSerializeState (None) in gradient.
[2026-01-24 18:15:20,393] tensorflow - Level 1 - Registering ReaderRestoreState (None) in gradient.
[2026-01-24 18:15:20,393] tensorflow - Level 1 - Registering ReaderReset (None) in gradient.
[2026-01-24 18:15:20,393] tensorflow - Level 1 - Registering WholeFileReader (None) in gradient.
[2026-01-24 18:15:20,393] tensorflow - Level 1 - Registering TextLineReader (None) in gradient.
[2026-01-24 18:15:20,393] tensorflow - Level 1 - Registering FixedLengthRecordReader (None) in gradient.
[2026-01-24 18:15:20,393] tensorflow - Level 1 - Registering TFRecordReader (None) in gradient.
[2026-01-24 18:15:20,393] tensorflow - Level 1 - Registering LMDBReader (None) in gradient.
[2026-01-24 18:15:20,393] tensorflow - Level 1 - Registering IdentityReader (None) in gradient.
[2026-01-24 18:15:20,401] tensorflow - Level 1 - Registering MatrixInverse (<function _MatrixInverseGrad at 0x000001CDBD067100>) in gradient.
[2026-01-24 18:15:20,401] tensorflow - Level 1 - Registering Einsum (<function _EinsumGrad at 0x000001CDBD0E47C0>) in gradient.
[2026-01-24 18:15:20,409] tensorflow - Level 1 - Registering MatrixDeterminant (<function _MatrixDeterminantGrad at 0x000001CDBD0E6C00>) in gradient.
[2026-01-24 18:15:20,409] tensorflow - Level 1 - Registering MatrixSquareRoot (<function _MatrixSquareRootGrad at 0x000001CDBD0E6D40>) in gradient.
[2026-01-24 18:15:20,409] tensorflow - Level 1 - Registering LogMatrixDeterminant (<function _LogMatrixDeterminantGrad at 0x000001CDBD0E6DE0>) in gradient.
[2026-01-24 18:15:20,409] tensorflow - Level 1 - Registering Cholesky (<function _CholeskyGrad at 0x000001CDBD0E6E80>) in gradient.
[2026-01-24 18:15:20,409] tensorflow - Level 1 - Registering Qr (<function _QrGrad at 0x000001CDBD0E6F20>) in gradient.
[2026-01-24 18:15:20,409] tensorflow - Level 1 - Registering MatrixSolve (<function _MatrixSolveGrad at 0x000001CDBD0E6FC0>) in gradient.
[2026-01-24 18:15:20,409] tensorflow - Level 1 - Registering MatrixSolveLs (<function _MatrixSolveLsGrad at 0x000001CDBD0E7060>) in gradient.
[2026-01-24 18:15:20,409] tensorflow - Level 1 - Registering BandedTriangularSolve (<function _BandedTriangularSolveGrad at 0x000001CDBD0E7100>) in gradient.
[2026-01-24 18:15:20,409] tensorflow - Level 1 - Registering MatrixTriangularSolve (<function _MatrixTriangularSolveGrad at 0x000001CDBD0E71A0>) in gradient.
[2026-01-24 18:15:20,409] tensorflow - Level 1 - Registering Eig (<function _EigGrad at 0x000001CDBD0E72E0>) in gradient.
[2026-01-24 18:15:20,409] tensorflow - Level 1 - Registering SelfAdjointEigV2 (<function _SelfAdjointEigV2Grad at 0x000001CDBD0E7380>) in gradient.
[2026-01-24 18:15:20,409] tensorflow - Level 1 - Registering Svd (<function _SvdGrad at 0x000001CDBD0E7420>) in gradient.
[2026-01-24 18:15:20,409] tensorflow - Level 1 - Registering TridiagonalMatMul (<function _TridiagonalMatMulGrad at 0x000001CDBD0E7600>) in gradient.
[2026-01-24 18:15:20,409] tensorflow - Level 1 - Registering TridiagonalSolve (<function _TridiagonalSolveGrad at 0x000001CDBD0E76A0>) in gradient.
[2026-01-24 18:15:20,409] tensorflow - Level 1 - Registering LookupTableFind (None) in gradient.
[2026-01-24 18:15:20,409] tensorflow - Level 1 - Registering LookupTableFindV2 (None) in gradient.
[2026-01-24 18:15:20,409] tensorflow - Level 1 - Registering LookupTableInsert (None) in gradient.
[2026-01-24 18:15:20,409] tensorflow - Level 1 - Registering LookupTableInsertV2 (None) in gradient.
[2026-01-24 18:15:20,409] tensorflow - Level 1 - Registering LookupTableSize (None) in gradient.
[2026-01-24 18:15:20,409] tensorflow - Level 1 - Registering LookupTableSizeV2 (None) in gradient.
[2026-01-24 18:15:20,409] tensorflow - Level 1 - Registering HashTable (None) in gradient.
[2026-01-24 18:15:20,418] tensorflow - Level 1 - Registering HashTableV2 (None) in gradient.
[2026-01-24 18:15:20,418] tensorflow - Level 1 - Registering InitializeTable (None) in gradient.
[2026-01-24 18:15:20,418] tensorflow - Level 1 - Registering InitializeTableV2 (None) in gradient.
[2026-01-24 18:15:20,418] tensorflow - Level 1 - Registering InitializeTableFromTextFile (None) in gradient.
[2026-01-24 18:15:20,418] tensorflow - Level 1 - Registering InitializeTableFromTextFileV2 (None) in gradient.
[2026-01-24 18:15:20,418] tensorflow - Level 1 - Registering MutableDenseHashTable (None) in gradient.
[2026-01-24 18:15:20,418] tensorflow - Level 1 - Registering MutableDenseHashTableV2 (None) in gradient.
[2026-01-24 18:15:20,418] tensorflow - Level 1 - Registering MutableHashTable (None) in gradient.
[2026-01-24 18:15:20,418] tensorflow - Level 1 - Registering MutableHashTableV2 (None) in gradient.
[2026-01-24 18:15:20,418] tensorflow - Level 1 - Registering MutableHashTableOfTensors (None) in gradient.
[2026-01-24 18:15:20,418] tensorflow - Level 1 - Registering MutableHashTableOfTensorsV2 (None) in gradient.
[2026-01-24 18:15:20,418] tensorflow - Level 1 - Registering Roll (<function _RollGrad at 0x000001CDBD0E7880>) in gradient.
[2026-01-24 18:15:20,426] tensorflow - Level 1 - Registering ArgMax (<function _ArgMaxGrad at 0x000001CDBD0E7A60>) in gradient.
[2026-01-24 18:15:20,426] tensorflow - Level 1 - Registering ArgMin (<function _ArgMinGrad at 0x000001CDBD1307C0>) in gradient.
[2026-01-24 18:15:20,426] tensorflow - Level 1 - Registering EuclideanNorm (<function _EuclideanNormGrad at 0x000001CDBD130A40>) in gradient.
[2026-01-24 18:15:20,426] tensorflow - Level 1 - Registering Sum (<function _SumGrad at 0x000001CDBD130EA0>) in gradient.
[2026-01-24 18:15:20,426] tensorflow - Level 1 - Registering Max (<function _MaxGrad at 0x000001CDBD130FE0>) in gradient.
[2026-01-24 18:15:20,426] tensorflow - Level 1 - Registering Min (<function _MinGrad at 0x000001CDBD131080>) in gradient.
[2026-01-24 18:15:20,426] tensorflow - Level 1 - Registering Mean (<function _MeanGrad at 0x000001CDBD131120>) in gradient.
[2026-01-24 18:15:20,426] tensorflow - Level 1 - Registering Prod (<function _ProdGrad at 0x000001CDBD1311C0>) in gradient.
[2026-01-24 18:15:20,426] tensorflow - Level 1 - Registering SegmentSum (<function _SegmentSumGrad at 0x000001CDBD131260>) in gradient.
[2026-01-24 18:15:20,426] tensorflow - Level 1 - Registering SegmentMean (<function _SegmentMeanGrad at 0x000001CDBD131300>) in gradient.
[2026-01-24 18:15:20,426] tensorflow - Level 1 - Registering SparseSegmentSum (<function _SparseSegmentSumGrad at 0x000001CDBD1314E0>) in gradient.
[2026-01-24 18:15:20,426] tensorflow - Level 1 - Registering SparseSegmentSumWithNumSegments (<function _SparseSegmentSumWithNumSegmentsGrad at 0x000001CDBD131580>) in gradient.
[2026-01-24 18:15:20,426] tensorflow - Level 1 - Registering SparseSegmentMean (<function _SparseSegmentMeanGrad at 0x000001CDBD131620>) in gradient.
[2026-01-24 18:15:20,426] tensorflow - Level 1 - Registering SparseSegmentMeanWithNumSegments (<function _SparseSegmentMeanWithNumSegmentsGrad at 0x000001CDBD1316C0>) in gradient.
[2026-01-24 18:15:20,426] tensorflow - Level 1 - Registering SparseSegmentSqrtN (<function _SparseSegmentSqrtNGrad at 0x000001CDBD131760>) in gradient.
[2026-01-24 18:15:20,426] tensorflow - Level 1 - Registering SparseSegmentSqrtNWithNumSegments (<function _SparseSegmentSqrtNWithNumSegmentsGrad at 0x000001CDBD131800>) in gradient.
[2026-01-24 18:15:20,434] tensorflow - Level 1 - Registering SegmentMin (<function _SegmentMinGrad at 0x000001CDBD131940>) in gradient.
[2026-01-24 18:15:20,434] tensorflow - Level 1 - Registering SegmentMax (<function _SegmentMaxGrad at 0x000001CDBD1319E0>) in gradient.
[2026-01-24 18:15:20,434] tensorflow - Level 1 - Registering SegmentProd (<function _SegmentProdGrad at 0x000001CDBD131A80>) in gradient.
[2026-01-24 18:15:20,434] tensorflow - Level 1 - Registering UnsortedSegmentSum (<function _UnsortedSegmentSumGrad at 0x000001CDBD131C60>) in gradient.
[2026-01-24 18:15:20,434] tensorflow - Level 1 - Registering UnsortedSegmentMax (<function _UnsortedSegmentMaxGrad at 0x000001CDBD131D00>) in gradient.
[2026-01-24 18:15:20,434] tensorflow - Level 1 - Registering UnsortedSegmentMin (<function _UnsortedSegmentMinGrad at 0x000001CDBD131DA0>) in gradient.
[2026-01-24 18:15:20,434] tensorflow - Level 1 - Registering UnsortedSegmentProd (<function _UnsortedSegmentProdGrad at 0x000001CDBD131E40>) in gradient.
[2026-01-24 18:15:20,434] tensorflow - Level 1 - Registering Abs (<function _AbsGrad at 0x000001CDBD131EE0>) in gradient.
[2026-01-24 18:15:20,434] tensorflow - Level 1 - Registering Neg (<function _NegGrad at 0x000001CDBD131F80>) in gradient.
[2026-01-24 18:15:20,434] tensorflow - Level 1 - Registering Inv (<function _InvGrad at 0x000001CDBD132020>) in gradient.
[2026-01-24 18:15:20,434] tensorflow - Level 1 - Registering Reciprocal (<function _ReciprocalGrad at 0x000001CDBD1320C0>) in gradient.
[2026-01-24 18:15:20,434] tensorflow - Level 1 - Registering InvGrad (<function _InvGradGrad at 0x000001CDBD132160>) in gradient.
[2026-01-24 18:15:20,434] tensorflow - Level 1 - Registering ReciprocalGrad (<function _ReciprocalGradGrad at 0x000001CDBD132200>) in gradient.
[2026-01-24 18:15:20,434] tensorflow - Level 1 - Registering Square (<function _SquareGrad at 0x000001CDBD1322A0>) in gradient.
[2026-01-24 18:15:20,434] tensorflow - Level 1 - Registering Sqrt (<function _SqrtGrad at 0x000001CDBD132340>) in gradient.
[2026-01-24 18:15:20,434] tensorflow - Level 1 - Registering SqrtGrad (<function _SqrtGradGrad at 0x000001CDBD1323E0>) in gradient.
[2026-01-24 18:15:20,434] tensorflow - Level 1 - Registering Rsqrt (<function _RsqrtGrad at 0x000001CDBD132480>) in gradient.
[2026-01-24 18:15:20,434] tensorflow - Level 1 - Registering RsqrtGrad (<function _RsqrtGradGrad at 0x000001CDBD132520>) in gradient.
[2026-01-24 18:15:20,434] tensorflow - Level 1 - Registering Exp (<function _ExpGrad at 0x000001CDBD1325C0>) in gradient.
[2026-01-24 18:15:20,434] tensorflow - Level 1 - Registering Expm1 (<function _Expm1Grad at 0x000001CDBD132660>) in gradient.
[2026-01-24 18:15:20,434] tensorflow - Level 1 - Registering Log (<function _LogGrad at 0x000001CDBD132700>) in gradient.
[2026-01-24 18:15:20,434] tensorflow - Level 1 - Registering Log1p (<function _Log1pGrad at 0x000001CDBD1327A0>) in gradient.
[2026-01-24 18:15:20,434] tensorflow - Level 1 - Registering Xlogy (<function _XLogyGrad at 0x000001CDBD132840>) in gradient.
[2026-01-24 18:15:20,434] tensorflow - Level 1 - Registering Xlog1py (<function _XLog1pyGrad at 0x000001CDBD1328E0>) in gradient.
[2026-01-24 18:15:20,434] tensorflow - Level 1 - Registering Xdivy (<function _XDivyGrad at 0x000001CDBD132980>) in gradient.
[2026-01-24 18:15:20,434] tensorflow - Level 1 - Registering Sinh (<function _SinhGrad at 0x000001CDBD132A20>) in gradient.
[2026-01-24 18:15:20,434] tensorflow - Level 1 - Registering Cosh (<function _CoshGrad at 0x000001CDBD132AC0>) in gradient.
[2026-01-24 18:15:20,434] tensorflow - Level 1 - Registering Tanh (<function _TanhGrad at 0x000001CDBD132B60>) in gradient.
[2026-01-24 18:15:20,434] tensorflow - Level 1 - Registering Asinh (<function _AsinhGrad at 0x000001CDBD132C00>) in gradient.
[2026-01-24 18:15:20,434] tensorflow - Level 1 - Registering Acosh (<function _AcoshGrad at 0x000001CDBD132CA0>) in gradient.
[2026-01-24 18:15:20,439] tensorflow - Level 1 - Registering Atanh (<function _AtanhGrad at 0x000001CDBD132D40>) in gradient.
[2026-01-24 18:15:20,439] tensorflow - Level 1 - Registering TanhGrad (<function _TanhGradGrad at 0x000001CDBD132DE0>) in gradient.
[2026-01-24 18:15:20,439] tensorflow - Level 1 - Registering Erf (<function _ErfGrad at 0x000001CDBD132E80>) in gradient.
[2026-01-24 18:15:20,439] tensorflow - Level 1 - Registering Erfc (<function _ErfcGrad at 0x000001CDBD132F20>) in gradient.
[2026-01-24 18:15:20,439] tensorflow - Level 1 - Registering Erfinv (<function _ErfinvGrad at 0x000001CDBD132FC0>) in gradient.
[2026-01-24 18:15:20,439] tensorflow - Level 1 - Registering Ndtri (<function _NdtriGrad at 0x000001CDBD133060>) in gradient.
[2026-01-24 18:15:20,439] tensorflow - Level 1 - Registering Lgamma (<function _LgammaGrad at 0x000001CDBD133100>) in gradient.
[2026-01-24 18:15:20,439] tensorflow - Level 1 - Registering Digamma (<function _DigammaGrad at 0x000001CDBD1331A0>) in gradient.
[2026-01-24 18:15:20,439] tensorflow - Level 1 - Registering Dawsn (<function _DawsnGrad at 0x000001CDBD133240>) in gradient.
[2026-01-24 18:15:20,439] tensorflow - Level 1 - Registering Expint (<function _ExpintGrad at 0x000001CDBD1332E0>) in gradient.
[2026-01-24 18:15:20,439] tensorflow - Level 1 - Registering FresnelCos (<function _FresnelCosGrad at 0x000001CDBD133380>) in gradient.
[2026-01-24 18:15:20,439] tensorflow - Level 1 - Registering FresnelSin (<function _FresnelSinGrad at 0x000001CDBD133420>) in gradient.
[2026-01-24 18:15:20,439] tensorflow - Level 1 - Registering Spence (<function _SpenceGrad at 0x000001CDBD1334C0>) in gradient.
[2026-01-24 18:15:20,439] tensorflow - Level 1 - Registering BesselI0 (<function _BesselI0Grad at 0x000001CDBD133560>) in gradient.
[2026-01-24 18:15:20,439] tensorflow - Level 1 - Registering BesselI0e (<function _BesselI0eGrad at 0x000001CDBD133600>) in gradient.
[2026-01-24 18:15:20,439] tensorflow - Level 1 - Registering BesselI1 (<function _BesselI1Grad at 0x000001CDBD1336A0>) in gradient.
[2026-01-24 18:15:20,439] tensorflow - Level 1 - Registering BesselI1e (<function _BesselI1eGrad at 0x000001CDBD133740>) in gradient.
[2026-01-24 18:15:20,439] tensorflow - Level 1 - Registering BesselK0 (<function _BesselK0Grad at 0x000001CDBD1337E0>) in gradient.
[2026-01-24 18:15:20,439] tensorflow - Level 1 - Registering BesselK0e (<function _BesselK0eGrad at 0x000001CDBD133880>) in gradient.
[2026-01-24 18:15:20,439] tensorflow - Level 1 - Registering BesselK1 (<function _BesselK1Grad at 0x000001CDBD133920>) in gradient.
[2026-01-24 18:15:20,439] tensorflow - Level 1 - Registering BesselK1e (<function _BesselK1eGrad at 0x000001CDBD1339C0>) in gradient.
[2026-01-24 18:15:20,439] tensorflow - Level 1 - Registering BesselJ0 (<function _BesselJ0Grad at 0x000001CDBD133A60>) in gradient.
[2026-01-24 18:15:20,439] tensorflow - Level 1 - Registering BesselJ1 (<function _BesselJ1Grad at 0x000001CDBD133B00>) in gradient.
[2026-01-24 18:15:20,439] tensorflow - Level 1 - Registering BesselY0 (<function _BesselY0Grad at 0x000001CDBD133BA0>) in gradient.
[2026-01-24 18:15:20,439] tensorflow - Level 1 - Registering BesselY1 (<function _BesselY1Grad at 0x000001CDBD133C40>) in gradient.
[2026-01-24 18:15:20,439] tensorflow - Level 1 - Registering Igamma (<function _IgammaGrad at 0x000001CDBD133CE0>) in gradient.
[2026-01-24 18:15:20,439] tensorflow - Level 1 - Registering Igammac (<function _IgammacGrad at 0x000001CDBD133D80>) in gradient.
[2026-01-24 18:15:20,439] tensorflow - Level 1 - Registering Betainc (<function _BetaincGrad at 0x000001CDBD133E20>) in gradient.
[2026-01-24 18:15:20,439] tensorflow - Level 1 - Registering Zeta (<function _ZetaGrad at 0x000001CDBD133EC0>) in gradient.
[2026-01-24 18:15:20,439] tensorflow - Level 1 - Registering Polygamma (<function _PolygammaGrad at 0x000001CDBD133F60>) in gradient.
[2026-01-24 18:15:20,439] tensorflow - Level 1 - Registering Sigmoid (<function _SigmoidGrad at 0x000001CDBD178040>) in gradient.
[2026-01-24 18:15:20,442] tensorflow - Level 1 - Registering SigmoidGrad (<function _SigmoidGradGrad at 0x000001CDBD1780E0>) in gradient.
[2026-01-24 18:15:20,442] tensorflow - Level 1 - Registering Sign (<function _SignGrad at 0x000001CDBD178180>) in gradient.
[2026-01-24 18:15:20,442] tensorflow - Level 1 - Registering Sin (<function _SinGrad at 0x000001CDBD178220>) in gradient.
[2026-01-24 18:15:20,442] tensorflow - Level 1 - Registering Cos (<function _CosGrad at 0x000001CDBD1782C0>) in gradient.
[2026-01-24 18:15:20,442] tensorflow - Level 1 - Registering Tan (<function _TanGrad at 0x000001CDBD178360>) in gradient.
[2026-01-24 18:15:20,442] tensorflow - Level 1 - Registering Asin (<function _AsinGrad at 0x000001CDBD178400>) in gradient.
[2026-01-24 18:15:20,442] tensorflow - Level 1 - Registering Acos (<function _AcosGrad at 0x000001CDBD1784A0>) in gradient.
[2026-01-24 18:15:20,442] tensorflow - Level 1 - Registering Atan (<function _AtanGrad at 0x000001CDBD178540>) in gradient.
[2026-01-24 18:15:20,442] tensorflow - Level 1 - Registering Atan2 (<function _Atan2Grad at 0x000001CDBD1785E0>) in gradient.
[2026-01-24 18:15:20,442] tensorflow - Level 1 - Registering AddN (<function _AddNGrad at 0x000001CDBD178680>) in gradient.
[2026-01-24 18:15:20,442] tensorflow - Level 1 - Registering AddV2 (<function _AddGrad at 0x000001CDBD1787C0>) in gradient.
[2026-01-24 18:15:20,442] tensorflow - Level 1 - Registering Add (<function _AddGrad at 0x000001CDBD1787C0>) in gradient.
[2026-01-24 18:15:20,442] tensorflow - Level 1 - Registering Sub (<function _SubGrad at 0x000001CDBD178860>) in gradient.
[2026-01-24 18:15:20,442] tensorflow - Level 1 - Registering Mul (<function _MulGrad at 0x000001CDBD178900>) in gradient.
[2026-01-24 18:15:20,442] tensorflow - Level 1 - Registering MulNoNan (<function _MulNoNanGrad at 0x000001CDBD1789A0>) in gradient.
[2026-01-24 18:15:20,442] tensorflow - Level 1 - Registering Div (<function _DivGrad at 0x000001CDBD178A40>) in gradient.
[2026-01-24 18:15:20,442] tensorflow - Level 1 - Registering FloorDiv (<function _FloorDivGrad at 0x000001CDBD178AE0>) in gradient.
[2026-01-24 18:15:20,442] tensorflow - Level 1 - Registering FloorMod (<function _FloorModGrad at 0x000001CDBD178B80>) in gradient.
[2026-01-24 18:15:20,442] tensorflow - Level 1 - Registering TruncateDiv (<function _TruncateDivGrad at 0x000001CDBD178C20>) in gradient.
[2026-01-24 18:15:20,442] tensorflow - Level 1 - Registering RealDiv (<function _RealDivGrad at 0x000001CDBD178CC0>) in gradient.
[2026-01-24 18:15:20,442] tensorflow - Level 1 - Registering DivNoNan (<function _DivNoNanGrad at 0x000001CDBD178D60>) in gradient.
[2026-01-24 18:15:20,442] tensorflow - Level 1 - Registering Pow (<function _PowGrad at 0x000001CDBD178E00>) in gradient.
[2026-01-24 18:15:20,442] tensorflow - Level 1 - Registering Maximum (<function _MaximumGrad at 0x000001CDBD178FE0>) in gradient.
[2026-01-24 18:15:20,442] tensorflow - Level 1 - Registering Minimum (<function _MinimumGrad at 0x000001CDBD179080>) in gradient.
[2026-01-24 18:15:20,442] tensorflow - Level 1 - Registering SquaredDifference (<function _SquaredDifferenceGrad at 0x000001CDBD179120>) in gradient.
[2026-01-24 18:15:20,442] tensorflow - Level 1 - Registering Less (None) in gradient.
[2026-01-24 18:15:20,442] tensorflow - Level 1 - Registering LessEqual (None) in gradient.
[2026-01-24 18:15:20,442] tensorflow - Level 1 - Registering Greater (None) in gradient.
[2026-01-24 18:15:20,442] tensorflow - Level 1 - Registering GreaterEqual (None) in gradient.
[2026-01-24 18:15:20,442] tensorflow - Level 1 - Registering Equal (None) in gradient.
[2026-01-24 18:15:20,442] tensorflow - Level 1 - Registering ApproximateEqual (None) in gradient.
[2026-01-24 18:15:20,442] tensorflow - Level 1 - Registering NotEqual (None) in gradient.
[2026-01-24 18:15:20,447] tensorflow - Level 1 - Registering LogicalAnd (None) in gradient.
[2026-01-24 18:15:20,447] tensorflow - Level 1 - Registering LogicalOr (None) in gradient.
[2026-01-24 18:15:20,447] tensorflow - Level 1 - Registering LogicalNot (None) in gradient.
[2026-01-24 18:15:20,447] tensorflow - Level 1 - Registering Select (<function _SelectGrad at 0x000001CDBD1791C0>) in gradient.
[2026-01-24 18:15:20,447] tensorflow - Level 1 - Registering SelectV2 (<function _SelectGradV2 at 0x000001CDBD179260>) in gradient.
[2026-01-24 18:15:20,447] tensorflow - Level 1 - Registering MatMul (<function _MatMulGrad at 0x000001CDBD179440>) in gradient.
[2026-01-24 18:15:20,447] tensorflow - Level 1 - Registering SparseMatMul (<function _SparseMatMulGrad at 0x000001CDBD1794E0>) in gradient.
[2026-01-24 18:15:20,447] tensorflow - Level 1 - Registering Floor (<function _FloorGrad at 0x000001CDBD179580>) in gradient.
[2026-01-24 18:15:20,447] tensorflow - Level 1 - Registering Ceil (<function _CeilGrad at 0x000001CDBD179620>) in gradient.
[2026-01-24 18:15:20,447] tensorflow - Level 1 - Registering Round (<function _RoundGrad at 0x000001CDBD1796C0>) in gradient.
[2026-01-24 18:15:20,447] tensorflow - Level 1 - Registering Rint (<function _RintGrad at 0x000001CDBD179760>) in gradient.
[2026-01-24 18:15:20,447] tensorflow - Level 1 - Registering BatchMatMul (<function _BatchMatMul at 0x000001CDBD179800>) in gradient.
[2026-01-24 18:15:20,449] tensorflow - Level 1 - Registering BatchMatMulV3 (<function _BatchMatMulV2 at 0x000001CDBD1798A0>) in gradient.
[2026-01-24 18:15:20,449] tensorflow - Level 1 - Registering BatchMatMulV2 (<function _BatchMatMulV2 at 0x000001CDBD1798A0>) in gradient.
[2026-01-24 18:15:20,449] tensorflow - Level 1 - Registering Range (None) in gradient.
[2026-01-24 18:15:20,449] tensorflow - Level 1 - Registering LinSpace (None) in gradient.
[2026-01-24 18:15:20,451] tensorflow - Level 1 - Registering Complex (<function _ComplexGrad at 0x000001CDBD179940>) in gradient.
[2026-01-24 18:15:20,451] tensorflow - Level 1 - Registering Real (<function _RealGrad at 0x000001CDBD1799E0>) in gradient.
[2026-01-24 18:15:20,451] tensorflow - Level 1 - Registering Imag (<function _ImagGrad at 0x000001CDBD179A80>) in gradient.
[2026-01-24 18:15:20,451] tensorflow - Level 1 - Registering Angle (<function _AngleGrad at 0x000001CDBD179B20>) in gradient.
[2026-01-24 18:15:20,451] tensorflow - Level 1 - Registering Conj (<function _ConjGrad at 0x000001CDBD179BC0>) in gradient.
[2026-01-24 18:15:20,451] tensorflow - Level 1 - Registering ComplexAbs (<function _ComplexAbsGrad at 0x000001CDBD179C60>) in gradient.
[2026-01-24 18:15:20,451] tensorflow - Level 1 - Registering Cast (<function _CastGrad at 0x000001CDBD179D00>) in gradient.
[2026-01-24 18:15:20,451] tensorflow - Level 1 - Registering Cross (<function _CrossGrad at 0x000001CDBD179DA0>) in gradient.
[2026-01-24 18:15:20,451] tensorflow - Level 1 - Registering Cumsum (<function _CumsumGrad at 0x000001CDBD179E40>) in gradient.
[2026-01-24 18:15:20,451] tensorflow - Level 1 - Registering Cumprod (<function _CumprodGrad at 0x000001CDBD179EE0>) in gradient.
[2026-01-24 18:15:20,451] tensorflow - Level 1 - Registering CumulativeLogsumexp (<function _CumulativeLogsumexpGrad at 0x000001CDBD179F80>) in gradient.
[2026-01-24 18:15:20,451] tensorflow - Level 1 - Registering NextAfter (<function _NextAfterGrad at 0x000001CDBD17A020>) in gradient.
[2026-01-24 18:15:20,454] tensorflow - Level 1 - Registering NcclAllReduce (<function _all_sum_grad at 0x000001CDBD17A3E0>) in gradient.
[2026-01-24 18:15:20,459] tensorflow - Level 1 - Registering NcclReduce (<function _reduce_sum_grad at 0x000001CDBD17AFC0>) in gradient.
[2026-01-24 18:15:20,459] tensorflow - Level 1 - Registering NcclBroadcast (<function _broadcast_grad at 0x000001CDBD17B100>) in gradient.
[2026-01-24 18:15:20,459] tensorflow - Level 1 - Registering OptionalFromValue (<function _OptionalFromValueGrad at 0x000001CDBD17AD40>) in gradient.
[2026-01-24 18:15:20,459] tensorflow - Level 1 - Registering OptionalGetValue (<function _OptionalGetValueGrad at 0x000001CDBD17B420>) in gradient.
[2026-01-24 18:15:20,459] tensorflow - Level 1 - Registering DecodeRaw (None) in gradient.
[2026-01-24 18:15:20,467] tensorflow - Level 1 - Registering DecodePaddedRaw (None) in gradient.
[2026-01-24 18:15:20,469] tensorflow - Level 1 - Registering ParseTensor (None) in gradient.
[2026-01-24 18:15:20,469] tensorflow - Level 1 - Registering SerializeTensor (None) in gradient.
[2026-01-24 18:15:20,469] tensorflow - Level 1 - Registering StringToNumber (None) in gradient.
[2026-01-24 18:15:20,475] tensorflow - Level 1 - Registering DecodeProtoV2 (None) in gradient.
[2026-01-24 18:15:20,475] tensorflow - Level 1 - Registering EncodeProto (None) in gradient.
[2026-01-24 18:15:20,478] tensorflow - Level 1 - Registering RandomGamma (<function _RandomGammaGrad at 0x000001CDBD190180>) in gradient.
[2026-01-24 18:15:20,480] tensorflow - Level 1 - Registering StatelessRandomGammaV2 (<function _StatelessRandomGammaV2Grad at 0x000001CDBD1902C0>) in gradient.
[2026-01-24 18:15:20,480] tensorflow - Level 1 - Registering StatelessRandomGammaV3 (<function _StatelessRandomGammaV3Grad at 0x000001CDBD190400>) in gradient.
[2026-01-24 18:15:20,480] tensorflow - Level 1 - Registering StatelessParameterizedTruncatedNormal (<function _StatelessParameterizedTruncatedNormalGrad at 0x000001CDBD190680>) in gradient.
[2026-01-24 18:15:20,490] tensorflow - Level 1 - Registering BlockLSTM (<function _block_lstm_grad at 0x000001CDBD190360>) in gradient.
[2026-01-24 18:15:20,491] tensorflow - Level 1 - Registering BlockLSTMV2 (<function _block_lstm_grad at 0x000001CDBD190360>) in gradient.
[2026-01-24 18:15:20,492] tensorflow - Level 1 - Registering SdcaFprint (None) in gradient.
[2026-01-24 18:15:20,498] tensorflow - Level 1 - Registering SdcaOptimizer (None) in gradient.
[2026-01-24 18:15:20,498] tensorflow - Level 1 - Registering SdcaOptimizerV2 (None) in gradient.
[2026-01-24 18:15:20,498] tensorflow - Level 1 - Registering SdcaShrinkL1 (None) in gradient.
[2026-01-24 18:15:20,506] tensorflow - Level 1 - Registering SetSize (None) in gradient.
[2026-01-24 18:15:20,506] tensorflow - Level 1 - Registering DenseToDenseSetOperation (None) in gradient.
[2026-01-24 18:15:20,506] tensorflow - Level 1 - Registering DenseToSparseSetOperation (None) in gradient.
[2026-01-24 18:15:20,506] tensorflow - Level 1 - Registering SparseToSparseSetOperation (None) in gradient.
[2026-01-24 18:15:20,506] tensorflow - Level 1 - Registering SparseAddGrad (None) in gradient.
[2026-01-24 18:15:20,514] tensorflow - Level 1 - Registering SparseConcat (None) in gradient.
[2026-01-24 18:15:20,514] tensorflow - Level 1 - Registering SparseReorder (<function _SparseReorderGrad at 0x000001CDBD1CB6A0>) in gradient.
[2026-01-24 18:15:20,515] tensorflow - Level 1 - Registering SparseAdd (<function _SparseAddGrad at 0x000001CDBD1CB880>) in gradient.
[2026-01-24 18:15:20,516] tensorflow - Level 1 - Registering SparseTensorDenseAdd (<function _SparseTensorDenseAddGrad at 0x000001CDBD1CB7E0>) in gradient.
[2026-01-24 18:15:20,516] tensorflow - Level 1 - Registering SparseReduceSum (<function _SparseReduceSumGrad at 0x000001CDBD1CB920>) in gradient.
[2026-01-24 18:15:20,516] tensorflow - Level 1 - Registering SparseSlice (<function _SparseSliceGrad at 0x000001CDBD1CB9C0>) in gradient.
[2026-01-24 18:15:20,516] tensorflow - Level 1 - Registering SparseTensorDenseMatMul (<function _SparseTensorDenseMatMulGrad at 0x000001CDBD1CBA60>) in gradient.
[2026-01-24 18:15:20,516] tensorflow - Level 1 - Registering SparseDenseCwiseAdd (<function _SparseDenseCwiseAddGrad at 0x000001CDBD1CBB00>) in gradient.
[2026-01-24 18:15:20,516] tensorflow - Level 1 - Registering SparseDenseCwiseMul (<function _SparseDenseCwiseMulGrad at 0x000001CDBD1CBC40>) in gradient.
[2026-01-24 18:15:20,516] tensorflow - Level 1 - Registering SparseDenseCwiseDiv (<function _SparseDenseCwiseDivGrad at 0x000001CDBD1CBCE0>) in gradient.
[2026-01-24 18:15:20,516] tensorflow - Level 1 - Registering SparseSoftmax (<function _SparseSoftmaxGrad at 0x000001CDBD1CBD80>) in gradient.
[2026-01-24 18:15:20,516] tensorflow - Level 1 - Registering SparseSparseMaximum (<function _SparseSparseMaximumGrad at 0x000001CDBD1CBE20>) in gradient.
[2026-01-24 18:15:20,516] tensorflow - Level 1 - Registering SparseSparseMinimum (<function _SparseSparseMinimumGrad at 0x000001CDBD1CBEC0>) in gradient.
[2026-01-24 18:15:20,516] tensorflow - Level 1 - Registering SparseFillEmptyRows (<function _SparseFillEmptyRowsGrad at 0x000001CDBD1CBF60>) in gradient.
[2026-01-24 18:15:20,516] tensorflow - Level 1 - Registering SparseToDense (<function _SparseToDenseGrad at 0x000001CDBD1EC040>) in gradient.
[2026-01-24 18:15:20,516] tensorflow - Level 1 - Registering TensorArray (None) in gradient.
[2026-01-24 18:15:20,524] tensorflow - Level 1 - Registering TensorArrayGrad (None) in gradient.
[2026-01-24 18:15:20,524] tensorflow - Level 1 - Registering TensorArraySize (None) in gradient.
[2026-01-24 18:15:20,524] tensorflow - Level 1 - Registering TensorArrayClose (None) in gradient.
[2026-01-24 18:15:20,524] tensorflow - Level 1 - Registering TensorArrayV2 (None) in gradient.
[2026-01-24 18:15:20,524] tensorflow - Level 1 - Registering TensorArrayGradV2 (None) in gradient.
[2026-01-24 18:15:20,524] tensorflow - Level 1 - Registering TensorArraySizeV2 (None) in gradient.
[2026-01-24 18:15:20,524] tensorflow - Level 1 - Registering TensorArrayCloseV2 (None) in gradient.
[2026-01-24 18:15:20,524] tensorflow - Level 1 - Registering TensorArrayV3 (None) in gradient.
[2026-01-24 18:15:20,524] tensorflow - Level 1 - Registering TensorArrayGradV3 (None) in gradient.
[2026-01-24 18:15:20,524] tensorflow - Level 1 - Registering TensorArrayGradWithShape (None) in gradient.
[2026-01-24 18:15:20,524] tensorflow - Level 1 - Registering TensorArraySizeV3 (None) in gradient.
[2026-01-24 18:15:20,524] tensorflow - Level 1 - Registering TensorArrayCloseV3 (None) in gradient.
[2026-01-24 18:15:20,524] tensorflow - Level 1 - Registering TensorArrayReadV3 (<function _TensorArrayReadGrad at 0x000001CDBD1EC220>) in gradient.
[2026-01-24 18:15:20,524] tensorflow - Level 1 - Registering TensorArrayReadV2 (<function _TensorArrayReadGrad at 0x000001CDBD1EC220>) in gradient.
[2026-01-24 18:15:20,524] tensorflow - Level 1 - Registering TensorArrayRead (<function _TensorArrayReadGrad at 0x000001CDBD1EC220>) in gradient.
[2026-01-24 18:15:20,524] tensorflow - Level 1 - Registering TensorArrayWriteV3 (<function _TensorArrayWriteGrad at 0x000001CDBD1EC180>) in gradient.
[2026-01-24 18:15:20,524] tensorflow - Level 1 - Registering TensorArrayWriteV2 (<function _TensorArrayWriteGrad at 0x000001CDBD1EC180>) in gradient.
[2026-01-24 18:15:20,524] tensorflow - Level 1 - Registering TensorArrayWrite (<function _TensorArrayWriteGrad at 0x000001CDBD1EC180>) in gradient.
[2026-01-24 18:15:20,524] tensorflow - Level 1 - Registering TensorArrayGatherV3 (<function _TensorArrayGatherGrad at 0x000001CDBD1EC2C0>) in gradient.
[2026-01-24 18:15:20,524] tensorflow - Level 1 - Registering TensorArrayGatherV2 (<function _TensorArrayGatherGrad at 0x000001CDBD1EC2C0>) in gradient.
[2026-01-24 18:15:20,524] tensorflow - Level 1 - Registering TensorArrayGather (<function _TensorArrayGatherGrad at 0x000001CDBD1EC2C0>) in gradient.
[2026-01-24 18:15:20,524] tensorflow - Level 1 - Registering TensorArrayScatterV3 (<function _TensorArrayScatterGrad at 0x000001CDBD1EC360>) in gradient.
[2026-01-24 18:15:20,524] tensorflow - Level 1 - Registering TensorArrayScatterV2 (<function _TensorArrayScatterGrad at 0x000001CDBD1EC360>) in gradient.
[2026-01-24 18:15:20,524] tensorflow - Level 1 - Registering TensorArrayScatter (<function _TensorArrayScatterGrad at 0x000001CDBD1EC360>) in gradient.
[2026-01-24 18:15:20,524] tensorflow - Level 1 - Registering TensorArrayConcatV3 (<function _TensorArrayConcatGrad at 0x000001CDBD1EC400>) in gradient.
[2026-01-24 18:15:20,524] tensorflow - Level 1 - Registering TensorArrayConcatV2 (<function _TensorArrayConcatGrad at 0x000001CDBD1EC400>) in gradient.
[2026-01-24 18:15:20,524] tensorflow - Level 1 - Registering TensorArrayConcat (<function _TensorArrayConcatGrad at 0x000001CDBD1EC400>) in gradient.
[2026-01-24 18:15:20,524] tensorflow - Level 1 - Registering TensorArraySplitV3 (<function _TensorArraySplitGrad at 0x000001CDBD1EC4A0>) in gradient.
[2026-01-24 18:15:20,524] tensorflow - Level 1 - Registering TensorArraySplitV2 (<function _TensorArraySplitGrad at 0x000001CDBD1EC4A0>) in gradient.
[2026-01-24 18:15:20,524] tensorflow - Level 1 - Registering TensorArraySplit (<function _TensorArraySplitGrad at 0x000001CDBD1EC4A0>) in gradient.
[2026-01-24 18:15:20,537] tensorflow - Level 1 - Registering DenseToCSRSparseMatrix (<function _DenseToCSRSparseMatrixGrad at 0x000001CDBD1EC720>) in gradient.
[2026-01-24 18:15:20,541] tensorflow - Level 1 - Registering CSRSparseMatrixToDense (<function _CSRSparseMatrixToDenseGrad at 0x000001CDBD1EC860>) in gradient.
[2026-01-24 18:15:20,541] tensorflow - Level 1 - Registering SparseTensorToCSRSparseMatrix (<function _SparseTensorToCSRSparseMatrixGrad at 0x000001CDBD221260>) in gradient.
[2026-01-24 18:15:20,541] tensorflow - Level 1 - Registering CSRSparseMatrixToSparseTensor (<function _CSRSparseMatrixToSparseTensorGrad at 0x000001CDBD2211C0>) in gradient.
[2026-01-24 18:15:20,541] tensorflow - Level 1 - Registering SparseMatrixNNZ (None) in gradient.
[2026-01-24 18:15:20,541] tensorflow - Level 1 - Registering SparseMatrixZeros (None) in gradient.
[2026-01-24 18:15:20,541] tensorflow - Level 1 - Registering SparseMatrixAdd (<function _SparseMatrixAddGrad at 0x000001CDBD221440>) in gradient.
[2026-01-24 18:15:20,541] tensorflow - Level 1 - Registering SparseMatrixTranspose (<function _SparseMatrixTransposeGrad at 0x000001CDBD221580>) in gradient.
[2026-01-24 18:15:20,541] tensorflow - Level 1 - Registering SparseMatrixSoftmax (<function _SparseMatrixSoftmaxGrad at 0x000001CDBD221620>) in gradient.
[2026-01-24 18:15:20,541] tensorflow - Level 1 - Registering SparseMatrixMatMul (<function _SparseMatrixMatMulGrad at 0x000001CDBD2216C0>) in gradient.
[2026-01-24 18:15:20,541] tensorflow - Level 1 - Registering SparseMatrixSparseMatMul (<function _SparseMatrixSparseMatMulGrad at 0x000001CDBD221760>) in gradient.
[2026-01-24 18:15:20,541] tensorflow - Level 1 - Registering SparseMatrixMul (<function _SparseMatrixMulGrad at 0x000001CDBD221800>) in gradient.
[2026-01-24 18:15:20,552] tensorflow - Level 1 - Registering FFT (<function _fft_grad at 0x000001CDBD24F2E0>) in gradient.
[2026-01-24 18:15:20,552] tensorflow - Level 1 - Registering IFFT (<function _ifft_grad at 0x000001CDBD24F380>) in gradient.
[2026-01-24 18:15:20,552] tensorflow - Level 1 - Registering FFT2D (<function _fft2d_grad at 0x000001CDBD24F420>) in gradient.
[2026-01-24 18:15:20,552] tensorflow - Level 1 - Registering IFFT2D (<function _ifft2d_grad at 0x000001CDBD24F560>) in gradient.
[2026-01-24 18:15:20,559] tensorflow - Level 1 - Registering FFT3D (<function _fft3d_grad at 0x000001CDBD24F600>) in gradient.
[2026-01-24 18:15:20,559] tensorflow - Level 1 - Registering IFFT3D (<function _ifft3d_grad at 0x000001CDBD24F6A0>) in gradient.
[2026-01-24 18:15:20,559] tensorflow - Level 1 - Registering RFFT (<function _rfft_grad_helper.<locals>._grad at 0x000001CDBD24FB00>) in gradient.
[2026-01-24 18:15:20,559] tensorflow - Level 1 - Registering IRFFT (<function _irfft_grad_helper.<locals>._grad at 0x000001CDBD24FCE0>) in gradient.
[2026-01-24 18:15:20,559] tensorflow - Level 1 - Registering RFFT2D (<function _rfft_grad_helper.<locals>._grad at 0x000001CDBD24FD80>) in gradient.
[2026-01-24 18:15:20,559] tensorflow - Level 1 - Registering IRFFT2D (<function _irfft_grad_helper.<locals>._grad at 0x000001CDBD24FE20>) in gradient.
[2026-01-24 18:15:20,559] tensorflow - Level 1 - Registering GenerateVocabRemapping (None) in gradient.
[2026-01-24 18:15:20,567] tensorflow - Level 1 - Registering LoadAndRemapMatrix (None) in gradient.
[2026-01-24 18:15:20,594] tensorflow - Level 1 - Registering XlaVariadicReduce (None) in gradient.
[2026-01-24 18:15:20,594] tensorflow - Level 1 - Registering XlaSharding (<function _sharding_grad at 0x000001CDBD31E840>) in gradient.
[2026-01-24 18:15:20,594] tensorflow - Level 1 - Registering XlaSpmdFullToShardShape (<function _spmd_full_to_shard_shape_grad at 0x000001CDBD31E8E0>) in gradient.
[2026-01-24 18:15:20,598] tensorflow - Level 1 - Registering XlaSpmdShardToFullShape (<function _spmd_shard_to_full_shape_grad at 0x000001CDBD31E980>) in gradient.
[2026-01-24 18:15:20,616] tensorflow - Level 1 - Registering CTCLoss (<function _CTCLossGrad at 0x000001CDBD362DE0>) in gradient.
[2026-01-24 18:15:20,616] tensorflow - Level 1 - Registering CTCLossV2 (<function _CTCLossV2Grad at 0x000001CDBD362E80>) in gradient.
[2026-01-24 18:15:20,619] tensorflow - Level 1 - Registering CTCGreedyDecoder (None) in gradient.
[2026-01-24 18:15:20,620] tensorflow - Level 1 - Registering CTCBeamSearchDecoder (None) in gradient.
[2026-01-24 18:15:20,622] tensorflow - Level 1 - Registering FusedBatchNormGrad (<function _FusedBatchNormGradGrad at 0x000001CDBD390900>) in gradient.
[2026-01-24 18:15:20,624] tensorflow - Level 1 - Registering FusedBatchNormGradV2 (<function _FusedBatchNormGradGradV2 at 0x000001CDBD3909A0>) in gradient.
[2026-01-24 18:15:20,624] tensorflow - Level 1 - Registering FusedBatchNormGradV3 (<function _FusedBatchNormGradGradV3 at 0x000001CDBD390B80>) in gradient.
[2026-01-24 18:15:20,635] tensorflow - Level 1 - Registering variables ((<class 'tensorflow.core.framework.variable_pb2.VariableDef'>, <function _to_proto_fn at 0x000001CDBD3B4C20>, <function _from_proto_fn at 0x000001CDBD3B4F40>)) in proto functions.
[2026-01-24 18:15:20,635] tensorflow - Level 1 - Registering trainable_variables ((<class 'tensorflow.core.framework.variable_pb2.VariableDef'>, <function _to_proto_fn at 0x000001CDBD3B4C20>, <function _from_proto_fn at 0x000001CDBD3B4F40>)) in proto functions.
[2026-01-24 18:15:20,635] tensorflow - Level 1 - Registering moving_average_variables ((<class 'tensorflow.core.framework.variable_pb2.VariableDef'>, <function _to_proto_fn at 0x000001CDBD3B4C20>, <function _from_proto_fn at 0x000001CDBD3B4F40>)) in proto functions.
[2026-01-24 18:15:20,635] tensorflow - Level 1 - Registering local_variables ((<class 'tensorflow.core.framework.variable_pb2.VariableDef'>, <function _to_proto_fn at 0x000001CDBD3B4C20>, <function _from_proto_fn at 0x000001CDBD3B4F40>)) in proto functions.
[2026-01-24 18:15:20,635] tensorflow - Level 1 - Registering model_variables ((<class 'tensorflow.core.framework.variable_pb2.VariableDef'>, <function _to_proto_fn at 0x000001CDBD3B4C20>, <function _from_proto_fn at 0x000001CDBD3B4F40>)) in proto functions.
[2026-01-24 18:15:20,635] tensorflow - Level 1 - Registering global_step ((<class 'tensorflow.core.framework.variable_pb2.VariableDef'>, <function _to_proto_fn at 0x000001CDBD3B4C20>, <function _from_proto_fn at 0x000001CDBD3B4F40>)) in proto functions.
[2026-01-24 18:15:20,635] tensorflow - Level 1 - Registering metric_variables ((<class 'tensorflow.core.framework.variable_pb2.VariableDef'>, <function _to_proto_fn at 0x000001CDBD3B4C20>, <function _from_proto_fn at 0x000001CDBD3B4F40>)) in proto functions.
[2026-01-24 18:15:20,635] tensorflow - Level 1 - Registering RandomCrop (None) in gradient.
[2026-01-24 18:15:20,641] tensorflow - Level 1 - Registering HSVToRGB (None) in gradient.
[2026-01-24 18:15:20,641] tensorflow - Level 1 - Registering DrawBoundingBoxes (None) in gradient.
[2026-01-24 18:15:20,641] tensorflow - Level 1 - Registering SampleDistortedBoundingBox (None) in gradient.
[2026-01-24 18:15:20,641] tensorflow - Level 1 - Registering SampleDistortedBoundingBoxV2 (None) in gradient.
[2026-01-24 18:15:20,641] tensorflow - Level 1 - Registering ExtractGlimpse (None) in gradient.
[2026-01-24 18:15:20,641] tensorflow - Level 1 - Registering NonMaxSuppression (None) in gradient.
[2026-01-24 18:15:20,641] tensorflow - Level 1 - Registering NonMaxSuppressionV2 (None) in gradient.
[2026-01-24 18:15:20,641] tensorflow - Level 1 - Registering NonMaxSuppressionWithOverlaps (None) in gradient.
[2026-01-24 18:15:20,641] tensorflow - Level 1 - Registering GenerateBoundingBoxProposals (None) in gradient.
[2026-01-24 18:15:20,657] tensorflow - Level 1 - Registering ImageProjectiveTransformV2 (<function _image_projective_transform_grad at 0x000001CDBE665940>) in gradient.
[2026-01-24 18:15:20,657] tensorflow - Level 1 - Registering ImageProjectiveTransformV3 (<function _image_projective_transform_v3_grad at 0x000001CDBE665B20>) in gradient.
[2026-01-24 18:15:20,819] tensorflow - Level 1 - Registering savers ((<class 'tensorflow.core.protobuf.saver_pb2.SaverDef'>, <function Saver.to_proto at 0x000001CDBE92CEA0>, <function Saver.from_proto at 0x000001CDBE92CF40>)) in proto functions.
[2026-01-24 18:15:20,832] tensorflow - Level 1 - Registering EagerPyFunc (<function _EagerPyFuncGrad at 0x000001CDBE961B20>) in gradient.
[2026-01-24 18:15:20,837] tensorflow - Level 1 - Registering PyFunc (None) in gradient.
[2026-01-24 18:15:20,838] tensorflow - Level 1 - Registering PyFuncStateless (None) in gradient.
[2026-01-24 18:15:20,852] tensorflow - Level 1 - Registering ReduceDataset (None) in gradient.
[2026-01-24 18:15:20,859] tensorflow - Level 1 - Registering tensorflow.python.data.ops.dataset_ops (<function _tf2_callback at 0x000001CDBE9ABF60>) in data_v2_callbacks.
[2026-01-24 18:15:20,871] tensorflow - Level 1 - Registering _resource_resolver (<function _resource_resolver at 0x000001CDBEA3CC20>) in acd_resource_resolvers.
[2026-01-24 18:15:20,881] tensorflow - Level 1 - Registering tensorflow.python.data.experimental.ops.counter (<function _tf2_callback at 0x000001CDBEA3E160>) in data_v2_callbacks.
[2026-01-24 18:15:20,902] tensorflow - Level 1 - Registering tensorflow.python.data.ops.readers (<function _tf2_callback at 0x000001CDBEA3D800>) in data_v2_callbacks.
[2026-01-24 18:15:20,904] tensorflow - Level 1 - Registering tensorflow.python.data.experimental.ops.interleave_ops (<function _tf2_callback at 0x000001CDBEA4DB20>) in data_v2_callbacks.
[2026-01-24 18:15:20,934] tensorflow - Level 1 - Registering tensorflow.python.data.experimental.ops.random_ops (<function _tf2_callback at 0x000001CDBEAF0CC0>) in data_v2_callbacks.
[2026-01-24 18:15:20,940] tensorflow - Level 1 - Registering tensorflow.python.data.experimental.ops.readers (<function _tf2_callback at 0x000001CDBEAF25C0>) in data_v2_callbacks.
[2026-01-24 18:15:21,123] tensorflow - Level 1 - Registering tpu_replicated_input_resolver (<function tpu_replicated_input_resolver at 0x000001CDBED6A5C0>) in acd_resource_resolvers.
[2026-01-24 18:15:21,131] tensorflow - DEBUG - Falling back to TensorFlow client; we recommended you install the Cloud TPU client directly with pip install cloud-tpu-client.
[2026-01-24 18:15:21,456] tensorflow - Level 1 - Registering queue_runners ((<class 'tensorflow.core.protobuf.queue_runner_pb2.QueueRunnerDef'>, <function QueueRunner.to_proto at 0x000001CDBEF98FE0>, <function QueueRunner.from_proto at 0x000001CDBEF99080>)) in proto functions.
[2026-01-24 18:15:21,923] h5py._conv - DEBUG - Creating converter from 7 to 5
[2026-01-24 18:15:21,923] h5py._conv - DEBUG - Creating converter from 5 to 7
[2026-01-24 18:15:21,923] h5py._conv - DEBUG - Creating converter from 7 to 5
[2026-01-24 18:15:21,923] h5py._conv - DEBUG - Creating converter from 5 to 7
[2026-01-24 18:15:22,116] tensorflow - Level 1 - Registering DebugGradientIdentity (<function _identify_gradient_grad at 0x000001CDBFA25940>) in gradient.
[2026-01-24 18:15:22,116] tensorflow - Level 1 - Registering DebugGradientRefIdentity (<function _identify_gradient_grad_ref at 0x000001CDBFA259E0>) in gradient.
[2026-01-24 18:15:22,166] tensorflow - Level 1 - Registering DebugIdentityV2 (<function _debug_identity_v2_grad at 0x000001CDBFAA8D60>) in gradient.
[2026-01-24 18:15:22,563] tensorflow - Level 1 - Registering AudioMicrofrontend (None) in gradient.
[2026-01-24 18:15:22,698] tensorflow - Level 1 - Registering Reciprocal,flops (<function _reciprocal_flops at 0x000001CDC0072660>) in statistical functions.
[2026-01-24 18:15:22,699] tensorflow - Level 1 - Registering Square,flops (<function _square_flops at 0x000001CDC0072700>) in statistical functions.
[2026-01-24 18:15:22,699] tensorflow - Level 1 - Registering Rsqrt,flops (<function _rsqrt_flops at 0x000001CDC0072840>) in statistical functions.
[2026-01-24 18:15:22,699] tensorflow - Level 1 - Registering Log,flops (<function _log_flops at 0x000001CDC00727A0>) in statistical functions.
[2026-01-24 18:15:22,699] tensorflow - Level 1 - Registering Neg,flops (<function _neg_flops at 0x000001CDC00728E0>) in statistical functions.
[2026-01-24 18:15:22,699] tensorflow - Level 1 - Registering AssignSub,flops (<function _assign_sub_flops at 0x000001CDC0072980>) in statistical functions.
[2026-01-24 18:15:22,701] tensorflow - Level 1 - Registering AssignAdd,flops (<function _assign_add_flops at 0x000001CDC0072A20>) in statistical functions.
[2026-01-24 18:15:22,701] tensorflow - Level 1 - Registering L2Loss,flops (<function _l2_loss_flops at 0x000001CDC0072AC0>) in statistical functions.
[2026-01-24 18:15:22,701] tensorflow - Level 1 - Registering Softmax,flops (<function _softmax_flops at 0x000001CDC0072B60>) in statistical functions.
[2026-01-24 18:15:22,701] tensorflow - Level 1 - Registering AddV2,flops (<function _add_flops at 0x000001CDC0072CA0>) in statistical functions.
[2026-01-24 18:15:22,703] tensorflow - Level 1 - Registering Add,flops (<function _add_flops at 0x000001CDC0072CA0>) in statistical functions.
[2026-01-24 18:15:22,703] tensorflow - Level 1 - Registering Sub,flops (<function _sub_flops at 0x000001CDC0072D40>) in statistical functions.
[2026-01-24 18:15:22,703] tensorflow - Level 1 - Registering Mul,flops (<function _mul_flops at 0x000001CDC0072DE0>) in statistical functions.
[2026-01-24 18:15:22,703] tensorflow - Level 1 - Registering RealDiv,flops (<function _real_div_flops at 0x000001CDC0072E80>) in statistical functions.
[2026-01-24 18:15:22,704] tensorflow - Level 1 - Registering Maximum,flops (<function _maximum_flops at 0x000001CDC0072F20>) in statistical functions.
[2026-01-24 18:15:22,704] tensorflow - Level 1 - Registering Minimum,flops (<function _minimum_flops at 0x000001CDC0072FC0>) in statistical functions.
[2026-01-24 18:15:22,704] tensorflow - Level 1 - Registering Pow,flops (<function _pow_flops at 0x000001CDC0073060>) in statistical functions.
[2026-01-24 18:15:22,704] tensorflow - Level 1 - Registering RsqrtGrad,flops (<function _rsqrt_grad_flops at 0x000001CDC0073100>) in statistical functions.
[2026-01-24 18:15:22,705] tensorflow - Level 1 - Registering GreaterEqual,flops (<function _greater_equal_flops at 0x000001CDC00731A0>) in statistical functions.
[2026-01-24 18:15:22,705] tensorflow - Level 1 - Registering Greater,flops (<function _greater_flops at 0x000001CDC0073240>) in statistical functions.
[2026-01-24 18:15:22,705] tensorflow - Level 1 - Registering LessEqual,flops (<function _less_equal_flops at 0x000001CDC00732E0>) in statistical functions.
[2026-01-24 18:15:22,705] tensorflow - Level 1 - Registering Less,flops (<function _less_flops at 0x000001CDC0073380>) in statistical functions.
[2026-01-24 18:15:22,706] tensorflow - Level 1 - Registering Equal,flops (<function _equal_flops at 0x000001CDC0073420>) in statistical functions.
[2026-01-24 18:15:22,706] tensorflow - Level 1 - Registering NotEqual,flops (<function _not_equal_flops at 0x000001CDC00734C0>) in statistical functions.
[2026-01-24 18:15:22,706] tensorflow - Level 1 - Registering SquaredDifference,flops (<function _squared_difference_flops at 0x000001CDC0073560>) in statistical functions.
[2026-01-24 18:15:22,706] tensorflow - Level 1 - Registering Mean,flops (<function _mean_flops at 0x000001CDC00736A0>) in statistical functions.
[2026-01-24 18:15:22,706] tensorflow - Level 1 - Registering Sum,flops (<function _sum_flops at 0x000001CDC0073740>) in statistical functions.
[2026-01-24 18:15:22,706] tensorflow - Level 1 - Registering ArgMax,flops (<function _arg_max_flops at 0x000001CDC00737E0>) in statistical functions.
[2026-01-24 18:15:22,706] tensorflow - Level 1 - Registering ArgMin,flops (<function _arg_min_flops at 0x000001CDC0073880>) in statistical functions.
[2026-01-24 18:15:22,706] tensorflow - Level 1 - Registering BiasAddGrad,flops (<function _bias_add_grad_flops at 0x000001CDC0073920>) in statistical functions.
[2026-01-24 18:15:22,706] tensorflow - Level 1 - Registering AvgPool,flops (<function _avg_pool_flops at 0x000001CDC0073B00>) in statistical functions.
[2026-01-24 18:15:22,706] tensorflow - Level 1 - Registering MaxPool,flops (<function _max_pool_flops at 0x000001CDC0073BA0>) in statistical functions.
[2026-01-24 18:15:22,706] tensorflow - Level 1 - Registering AvgPoolGrad,flops (<function _avg_pool_grad_flops at 0x000001CDC0073C40>) in statistical functions.
[2026-01-24 18:15:22,706] tensorflow - Level 1 - Registering MaxPoolGrad,flops (<function _max_pool_grad_flops at 0x000001CDC0073CE0>) in statistical functions.
[2026-01-24 18:15:22,706] tensorflow - Level 1 - Registering Conv2DBackpropInput,flops (<function _conv_2d_backprop_input_flops at 0x000001CDC0073D80>) in statistical functions.
[2026-01-24 18:15:22,709] tensorflow - Level 1 - Registering Conv2DBackpropFilter,flops (<function _conv_2d_backprop_filter_flops at 0x000001CDC0073E20>) in statistical functions.
[2026-01-24 18:15:22,709] tensorflow - Level 1 - Registering AddN,flops (<function _add_n_flops at 0x000001CDC0073EC0>) in statistical functions.
[2026-01-24 18:15:22,709] tensorflow - Level 1 - Registering MatMul,flops (<function _calc_mat_mul_flops at 0x000001CDC0073F60>) in statistical functions.
[2026-01-24 18:15:22,709] tensorflow - Level 1 - Registering BatchMatMulV3,flops (<function _calc_batch_mat_mul_flops at 0x000001CDC1060040>) in statistical functions.
[2026-01-24 18:15:22,709] tensorflow - Level 1 - Registering BatchMatMulV2,flops (<function _calc_batch_mat_mul_flops at 0x000001CDC1060040>) in statistical functions.
[2026-01-24 18:15:22,709] tensorflow - Level 1 - Registering BatchMatMul,flops (<function _calc_batch_mat_mul_flops at 0x000001CDC1060040>) in statistical functions.
[2026-01-24 18:15:23,715] tensorflow - Level 1 - Enabling eager execution
[2026-01-24 18:15:23,715] tensorflow - Level 1 - Enabling v2 tensorshape
[2026-01-24 18:15:23,715] tensorflow - Level 1 - Enabling resource variables
[2026-01-24 18:15:23,715] tensorflow - Level 1 - Enabling tensor equality
[2026-01-24 18:15:23,715] tensorflow - Level 1 - Enabling control flow v2
[2026-01-24 18:15:24,484] matplotlib - DEBUG - matplotlib data path: C:\Users\BS\anaconda3\Lib\site-packages\matplotlib\mpl-data
[2026-01-24 18:15:24,498] matplotlib - DEBUG - CONFIGDIR=C:\Users\BS\.matplotlib
[2026-01-24 18:15:24,502] matplotlib - DEBUG - interactive is False
[2026-01-24 18:15:24,504] matplotlib - DEBUG - platform is win32
[2026-01-24 18:15:24,666] matplotlib - DEBUG - CACHEDIR=C:\Users\BS\.matplotlib
[2026-01-24 18:15:24,669] matplotlib.font_manager - DEBUG - Using fontManager instance from C:\Users\BS\.matplotlib\fontlist-v390.json
[2026-01-24 18:15:38,276] tensorflow - WARNING - From C:\Users\BS\anaconda3\Lib\site-packages\tf_keras\src\losses.py:2976: The name tf.losses.sparse_softmax_cross_entropy is deprecated. Please use tf.compat.v1.losses.sparse_softmax_cross_entropy instead.

