[2026-01-24 18:25:19,814] tensorflow - Level 1 - Registering Relayout (<function _relayout_gradient at 0x000002CB6667FC40>) in gradient.
[2026-01-24 18:25:19,821] tensorflow - Level 1 - Registering RelayoutLike (<function _relayout_grad_gradient at 0x000002CB6667FD80>) in gradient.
[2026-01-24 18:25:19,828] tensorflow - Level 1 - Registering CopyToMesh (<function _copy_to_mesh_gradient at 0x000002CB666BC4A0>) in gradient.
[2026-01-24 18:25:19,828] tensorflow - Level 1 - Registering CopyToMeshGrad (<function _copy_to_mesh_grad_gradient at 0x000002CB666BC400>) in gradient.
[2026-01-24 18:25:19,862] tensorflow - Level 1 - Registering FakeQuantWithMinMaxArgs (<function _FakeQuantWithMinMaxArgsGradient at 0x000002CB66740540>) in gradient.
[2026-01-24 18:25:19,874] tensorflow - Level 1 - Registering FakeQuantWithMinMaxVars (<function _FakeQuantWithMinMaxVarsGradient at 0x000002CB66740720>) in gradient.
[2026-01-24 18:25:19,874] tensorflow - Level 1 - Registering FakeQuantWithMinMaxVarsPerChannel (<function _FakeQuantWithMinMaxVarsPerChannelGradient at 0x000002CB66740CC0>) in gradient.
[2026-01-24 18:25:19,874] tensorflow - Level 1 - Registering QuantizeAndDequantizeV4 (<function _QuantizeAndDequantizeV4Grad at 0x000002CB66740D60>) in gradient.
[2026-01-24 18:25:19,874] tensorflow - Level 1 - Registering QuantizeAndDequantizeV4Grad (<function _QuantizeAndDequantizeV4GradGrad at 0x000002CB66740E00>) in gradient.
[2026-01-24 18:25:19,986] tensorflow - Level 1 - Registering TensorListConcatLists (None) in gradient.
[2026-01-24 18:25:19,992] tensorflow - Level 1 - Registering TensorListElementShape (None) in gradient.
[2026-01-24 18:25:19,993] tensorflow - Level 1 - Registering TensorListLength (None) in gradient.
[2026-01-24 18:25:19,993] tensorflow - Level 1 - Registering TensorListPushBackBatch (None) in gradient.
[2026-01-24 18:25:19,995] tensorflow - Level 1 - Registering TensorListPushBack (<function _PushBackGrad at 0x000002CB668F96C0>) in gradient.
[2026-01-24 18:25:19,995] tensorflow - Level 1 - Registering TensorListPopBack (<function _PopBackGrad at 0x000002CB668F9760>) in gradient.
[2026-01-24 18:25:19,995] tensorflow - Level 1 - Registering TensorListStack (<function _TensorListStackGrad at 0x000002CB668F9800>) in gradient.
[2026-01-24 18:25:19,997] tensorflow - Level 1 - Registering TensorListConcatV2 (<function _TensorListConcatGrad at 0x000002CB668F98A0>) in gradient.
[2026-01-24 18:25:19,997] tensorflow - Level 1 - Registering TensorListConcat (<function _TensorListConcatGrad at 0x000002CB668F98A0>) in gradient.
[2026-01-24 18:25:19,997] tensorflow - Level 1 - Registering TensorListSplit (<function _TensorListSplitGrad at 0x000002CB668F9940>) in gradient.
[2026-01-24 18:25:19,997] tensorflow - Level 1 - Registering TensorListFromTensor (<function _TensorListFromTensorGrad at 0x000002CB668F99E0>) in gradient.
[2026-01-24 18:25:19,999] tensorflow - Level 1 - Registering TensorListGetItem (<function _TensorListGetItemGrad at 0x000002CB668F9A80>) in gradient.
[2026-01-24 18:25:19,999] tensorflow - Level 1 - Registering TensorListSetItem (<function _TensorListSetItemGrad at 0x000002CB668F9B20>) in gradient.
[2026-01-24 18:25:20,001] tensorflow - Level 1 - Registering TensorListResize (<function _TensorListResizeGrad at 0x000002CB668F9BC0>) in gradient.
[2026-01-24 18:25:20,001] tensorflow - Level 1 - Registering TensorListGather (<function _TensorListGatherGrad at 0x000002CB668F9C60>) in gradient.
[2026-01-24 18:25:20,001] tensorflow - Level 1 - Registering TensorListScatterV2 (<function _TensorListScatterGrad at 0x000002CB668F9D00>) in gradient.
[2026-01-24 18:25:20,003] tensorflow - Level 1 - Registering TensorListScatter (<function _TensorListScatterGrad at 0x000002CB668F9D00>) in gradient.
[2026-01-24 18:25:20,003] tensorflow - Level 1 - Registering TensorListScatterIntoExistingList (<function _TensorListScatterIntoExistingListGrad at 0x000002CB668F9DA0>) in gradient.
[2026-01-24 18:25:20,203] tensorflow - Level 1 - Registering AccumulateNV2 (<function _accumulate_n_grad at 0x000002CB66AA2FC0>) in gradient.
[2026-01-24 18:25:20,322] tensorflow - Level 1 - Registering cond_context ((<class 'tensorflow.core.protobuf.control_flow_pb2.CondContextDef'>, <function CondContext.to_proto at 0x000002CB66BBA020>, <function CondContext.from_proto at 0x000002CB66BBA0C0>)) in proto functions.
[2026-01-24 18:25:20,330] tensorflow - Level 1 - Registering while_context ((<class 'tensorflow.core.protobuf.control_flow_pb2.WhileContextDef'>, <function WhileContext.to_proto at 0x000002CB66BBAE80>, <function WhileContext.from_proto at 0x000002CB66BBAFC0>)) in proto functions.
[2026-01-24 18:25:20,331] tensorflow - Level 1 - Registering _identity_resolver (<function _identity_resolver at 0x000002CB66BD0EA0>) in acd_resource_resolvers.
[2026-01-24 18:25:20,494] tensorflow - Level 1 - Registering Assign (None) in gradient.
[2026-01-24 18:25:20,497] tensorflow - Level 1 - Registering AssignAdd (None) in gradient.
[2026-01-24 18:25:20,501] tensorflow - Level 1 - Registering AssignSub (None) in gradient.
[2026-01-24 18:25:20,501] tensorflow - Level 1 - Registering ScatterAdd (None) in gradient.
[2026-01-24 18:25:20,501] tensorflow - Level 1 - Registering ScatterSub (None) in gradient.
[2026-01-24 18:25:20,504] tensorflow - Level 1 - Registering ScatterMul (None) in gradient.
[2026-01-24 18:25:20,504] tensorflow - Level 1 - Registering ScatterDiv (None) in gradient.
[2026-01-24 18:25:20,504] tensorflow - Level 1 - Registering ScatterNdUpdate (None) in gradient.
[2026-01-24 18:25:20,507] tensorflow - Level 1 - Registering ScatterNdAdd (None) in gradient.
[2026-01-24 18:25:20,508] tensorflow - Level 1 - Registering ScatterNdSub (None) in gradient.
[2026-01-24 18:25:20,509] tensorflow - Level 1 - Registering ScatterNdMul (None) in gradient.
[2026-01-24 18:25:20,509] tensorflow - Level 1 - Registering ScatterNdDiv (None) in gradient.
[2026-01-24 18:25:20,561] tensorflow - Level 1 - Registering ReadVariableOp (<function _ReadGrad at 0x000002CB66D4CD60>) in gradient.
[2026-01-24 18:25:20,564] tensorflow - Level 1 - Registering ResourceGather (<function _GatherGrad at 0x000002CB66D4DDA0>) in gradient.
[2026-01-24 18:25:20,564] tensorflow - Level 1 - Registering Assert (None) in gradient.
[2026-01-24 18:25:20,564] tensorflow - Level 1 - Registering VarIsInitializedOp (None) in gradient.
[2026-01-24 18:25:20,564] tensorflow - Level 1 - Registering VariableShape (None) in gradient.
[2026-01-24 18:25:20,687] tensorflow - Level 1 - Registering RandomStandardNormal (None) in gradient.
[2026-01-24 18:25:20,691] tensorflow - Level 1 - Registering ParameterizedTruncatedNormal (None) in gradient.
[2026-01-24 18:25:20,694] tensorflow - Level 1 - Registering TruncatedNormal (None) in gradient.
[2026-01-24 18:25:20,695] tensorflow - Level 1 - Registering RandomUniform (None) in gradient.
[2026-01-24 18:25:20,695] tensorflow - Level 1 - Registering RandomShuffle (None) in gradient.
[2026-01-24 18:25:20,698] tensorflow - Level 1 - Registering Multinomial (None) in gradient.
[2026-01-24 18:25:20,883] tensorflow - Level 1 - Registering If (<function _IfGrad at 0x000002CB5AE95580>) in gradient.
[2026-01-24 18:25:20,886] tensorflow - Level 1 - Registering StatelessIf (<function _IfGrad at 0x000002CB5AE95580>) in gradient.
[2026-01-24 18:25:20,889] tensorflow - Level 1 - Registering StatelessCase (<function _CaseGrad at 0x000002CB5AE96CA0>) in gradient.
[2026-01-24 18:25:20,889] tensorflow - Level 1 - Registering Case (<function _CaseGrad at 0x000002CB5AE96CA0>) in gradient.
[2026-01-24 18:25:20,962] tensorflow - Level 1 - Registering While (<function _WhileGrad at 0x000002CB5AF01580>) in gradient.
[2026-01-24 18:25:20,969] tensorflow - Level 1 - Registering StatelessWhile (<function _WhileGrad at 0x000002CB5AF01580>) in gradient.
[2026-01-24 18:25:21,352] tensorflow - Level 1 - Registering EnsureShape (<function _ensure_shape_grad at 0x000002CB67670D60>) in gradient.
[2026-01-24 18:25:21,398] tensorflow - Level 1 - Registering RaggedTensorToSparse (<function _ragged_tensor_to_sparse_gradient at 0x000002CB676E8D60>) in gradient.
[2026-01-24 18:25:21,476] tensorflow - Level 1 - Registering Conv2DBackpropInput (<function _Conv2DBackpropInputGrad at 0x000002CB677711C0>) in gradient.
[2026-01-24 18:25:21,478] tensorflow - Level 1 - Registering Conv2DBackpropFilter (<function _Conv2DBackpropFilterGrad at 0x000002CB67771800>) in gradient.
[2026-01-24 18:25:21,482] tensorflow - Level 1 - Registering DepthwiseConv2dNativeBackpropInput (<function _DepthwiseConv2dNativeBackpropInputGrad at 0x000002CB67771E40>) in gradient.
[2026-01-24 18:25:21,482] tensorflow - Level 1 - Registering DepthwiseConv2dNativeBackpropFilter (<function _DepthwiseConv2dNativeBackpropFilterGrad at 0x000002CB677725C0>) in gradient.
[2026-01-24 18:25:21,482] tensorflow - Level 1 - Registering Conv3D (<function _Conv3DGrad at 0x000002CB67772660>) in gradient.
[2026-01-24 18:25:21,482] tensorflow - Level 1 - Registering Conv3DBackpropInputV2 (<function _Conv3DBackpropInputGrad at 0x000002CB67772700>) in gradient.
[2026-01-24 18:25:21,486] tensorflow - Level 1 - Registering Conv3DBackpropFilterV2 (<function _Conv3DBackpropFilterGrad at 0x000002CB677727A0>) in gradient.
[2026-01-24 18:25:21,486] tensorflow - Level 1 - Registering AvgPool3D (<function _AvgPool3DGrad at 0x000002CB67772840>) in gradient.
[2026-01-24 18:25:21,486] tensorflow - Level 1 - Registering AvgPool3DGrad (<function _AvgPool3DGradGrad at 0x000002CB677728E0>) in gradient.
[2026-01-24 18:25:21,486] tensorflow - Level 1 - Registering MaxPool3D (<function _MaxPool3DGrad at 0x000002CB67772980>) in gradient.
[2026-01-24 18:25:21,486] tensorflow - Level 1 - Registering MaxPool3DGrad (<function _MaxPool3DGradGrad at 0x000002CB67772A20>) in gradient.
[2026-01-24 18:25:21,486] tensorflow - Level 1 - Registering MaxPool3DGradGrad (<function _MaxPool3DGradGradGrad at 0x000002CB67772AC0>) in gradient.
[2026-01-24 18:25:21,486] tensorflow - Level 1 - Registering Softmax (<function _SoftmaxGrad at 0x000002CB67772B60>) in gradient.
[2026-01-24 18:25:21,486] tensorflow - Level 1 - Registering LogSoftmax (<function _LogSoftmaxGrad at 0x000002CB67772C00>) in gradient.
[2026-01-24 18:25:21,486] tensorflow - Level 1 - Registering BiasAdd (<function _BiasAddGrad at 0x000002CB67772CA0>) in gradient.
[2026-01-24 18:25:21,490] tensorflow - Level 1 - Registering BiasAddGrad (<function _BiasAddGradGrad at 0x000002CB67772D40>) in gradient.
[2026-01-24 18:25:21,490] tensorflow - Level 1 - Registering BiasAddV1 (<function _BiasAddGradV1 at 0x000002CB67772DE0>) in gradient.
[2026-01-24 18:25:21,490] tensorflow - Level 1 - Registering Relu (<function _ReluGrad at 0x000002CB67772E80>) in gradient.
[2026-01-24 18:25:21,490] tensorflow - Level 1 - Registering EluGrad (<function _EluGradGrad at 0x000002CB67772F20>) in gradient.
[2026-01-24 18:25:21,490] tensorflow - Level 1 - Registering SeluGrad (<function _SeluGradGrad at 0x000002CB67772FC0>) in gradient.
[2026-01-24 18:25:21,490] tensorflow - Level 1 - Registering Relu6 (<function _Relu6Grad at 0x000002CB67773060>) in gradient.
[2026-01-24 18:25:21,490] tensorflow - Level 1 - Registering Relu6Grad (<function _Relu6GradGrad at 0x000002CB67773100>) in gradient.
[2026-01-24 18:25:21,493] tensorflow - Level 1 - Registering LeakyRelu (<function _LeakyReluGrad at 0x000002CB677731A0>) in gradient.
[2026-01-24 18:25:21,493] tensorflow - Level 1 - Registering LeakyReluGrad (<function _LeakyReluGradGrad at 0x000002CB67773240>) in gradient.
[2026-01-24 18:25:21,493] tensorflow - Level 1 - Registering Elu (<function _EluGrad at 0x000002CB677732E0>) in gradient.
[2026-01-24 18:25:21,493] tensorflow - Level 1 - Registering Selu (<function _SeluGrad at 0x000002CB67773380>) in gradient.
[2026-01-24 18:25:21,493] tensorflow - Level 1 - Registering Softplus (<function _SoftplusGrad at 0x000002CB67773420>) in gradient.
[2026-01-24 18:25:21,495] tensorflow - Level 1 - Registering SoftplusGrad (<function _SoftplusGradGrad at 0x000002CB677734C0>) in gradient.
[2026-01-24 18:25:21,495] tensorflow - Level 1 - Registering Softsign (<function _SoftsignGrad at 0x000002CB67773560>) in gradient.
[2026-01-24 18:25:21,495] tensorflow - Level 1 - Registering ReluGrad (<function _ReluGradGrad at 0x000002CB67773600>) in gradient.
[2026-01-24 18:25:21,495] tensorflow - Level 1 - Registering SoftmaxCrossEntropyWithLogits (<function _SoftmaxCrossEntropyWithLogitsGrad at 0x000002CB67773740>) in gradient.
[2026-01-24 18:25:21,495] tensorflow - Level 1 - Registering SparseSoftmaxCrossEntropyWithLogits (<function _SparseSoftmaxCrossEntropyWithLogitsGrad at 0x000002CB677737E0>) in gradient.
[2026-01-24 18:25:21,495] tensorflow - Level 1 - Registering Conv2D (<function _Conv2DGrad at 0x000002CB67773880>) in gradient.
[2026-01-24 18:25:21,495] tensorflow - Level 1 - Registering DepthwiseConv2dNative (<function _DepthwiseConv2dNativeGrad at 0x000002CB67773920>) in gradient.
[2026-01-24 18:25:21,495] tensorflow - Level 1 - Registering Dilation2D (<function _Dilation2DGrad at 0x000002CB677739C0>) in gradient.
[2026-01-24 18:25:21,495] tensorflow - Level 1 - Registering LRN (<function _LRNGrad at 0x000002CB67773A60>) in gradient.
[2026-01-24 18:25:21,495] tensorflow - Level 1 - Registering AvgPool (<function _AvgPoolGrad at 0x000002CB67773B00>) in gradient.
[2026-01-24 18:25:21,498] tensorflow - Level 1 - Registering AvgPoolGrad (<function _AvgPoolGradGrad at 0x000002CB67773BA0>) in gradient.
[2026-01-24 18:25:21,498] tensorflow - Level 1 - Registering MaxPool (<function _MaxPoolGrad at 0x000002CB67773C40>) in gradient.
[2026-01-24 18:25:21,498] tensorflow - Level 1 - Registering MaxPoolV2 (<function _MaxPoolGradV2 at 0x000002CB67773CE0>) in gradient.
[2026-01-24 18:25:21,498] tensorflow - Level 1 - Registering MaxPoolWithArgmax (<function _MaxPoolGradWithArgmax at 0x000002CB67773D80>) in gradient.
[2026-01-24 18:25:21,498] tensorflow - Level 1 - Registering MaxPoolGrad (<function _MaxPoolGradGrad at 0x000002CB67773E20>) in gradient.
[2026-01-24 18:25:21,498] tensorflow - Level 1 - Registering MaxPoolGradV2 (<function _MaxPoolGradGradV2 at 0x000002CB67773EC0>) in gradient.
[2026-01-24 18:25:21,498] tensorflow - Level 1 - Registering MaxPoolGradGrad (<function _MaxPoolGradGradGrad at 0x000002CB67773F60>) in gradient.
[2026-01-24 18:25:21,498] tensorflow - Level 1 - Registering FractionalMaxPool (<function _FractionalMaxPoolGrad at 0x000002CB677B4040>) in gradient.
[2026-01-24 18:25:21,503] tensorflow - Level 1 - Registering FractionalAvgPool (<function _FractionalAvgPoolGrad at 0x000002CB677B40E0>) in gradient.
[2026-01-24 18:25:21,503] tensorflow - Level 1 - Registering BatchNormWithGlobalNormalization (<function _BatchNormWithGlobalNormalizationGrad at 0x000002CB677B4180>) in gradient.
[2026-01-24 18:25:21,503] tensorflow - Level 1 - Registering FusedBatchNorm (<function _FusedBatchNormGrad at 0x000002CB677B42C0>) in gradient.
[2026-01-24 18:25:21,503] tensorflow - Level 1 - Registering FusedBatchNormV2 (<function _FusedBatchNormV2Grad at 0x000002CB677B4360>) in gradient.
[2026-01-24 18:25:21,503] tensorflow - Level 1 - Registering FusedBatchNormV3 (<function _FusedBatchNormV3Grad at 0x000002CB677B4400>) in gradient.
[2026-01-24 18:25:21,503] tensorflow - Level 1 - Registering L2Loss (<function _L2LossGrad at 0x000002CB677B44A0>) in gradient.
[2026-01-24 18:25:21,503] tensorflow - Level 1 - Registering TopKV2 (<function _TopKGrad at 0x000002CB677B4540>) in gradient.
[2026-01-24 18:25:21,507] tensorflow - Level 1 - Registering TopK (<function _TopKGrad at 0x000002CB677B4540>) in gradient.
[2026-01-24 18:25:21,507] tensorflow - Level 1 - Registering ApproxTopK (<function _ApproxTopKGradient at 0x000002CB677B45E0>) in gradient.
[2026-01-24 18:25:21,507] tensorflow - Level 1 - Registering NthElement (<function _NthElementGrad at 0x000002CB677B4680>) in gradient.
[2026-01-24 18:25:21,509] tensorflow - Level 1 - Registering IsotonicRegression (<function _IsotonicRegressionGrad at 0x000002CB677B47C0>) in gradient.
[2026-01-24 18:25:21,545] tensorflow - Level 1 - Registering BitwiseAnd (None) in gradient.
[2026-01-24 18:25:21,549] tensorflow - Level 1 - Registering BitwiseOr (None) in gradient.
[2026-01-24 18:25:21,549] tensorflow - Level 1 - Registering BitwiseXor (None) in gradient.
[2026-01-24 18:25:21,552] tensorflow - Level 1 - Registering Invert (None) in gradient.
[2026-01-24 18:25:21,553] tensorflow - Level 1 - Registering PopulationCount (None) in gradient.
[2026-01-24 18:25:21,553] tensorflow - Level 1 - Registering LeftShift (None) in gradient.
[2026-01-24 18:25:21,553] tensorflow - Level 1 - Registering RightShift (None) in gradient.
[2026-01-24 18:25:21,555] tensorflow - Level 1 - Registering StatelessMultinomial (None) in gradient.
[2026-01-24 18:25:21,560] tensorflow - Level 1 - Registering StatelessRandomBinomial (None) in gradient.
[2026-01-24 18:25:21,560] tensorflow - Level 1 - Registering StatelessRandomNormal (None) in gradient.
[2026-01-24 18:25:21,560] tensorflow - Level 1 - Registering StatelessRandomPoisson (None) in gradient.
[2026-01-24 18:25:21,560] tensorflow - Level 1 - Registering StatelessRandomUniform (None) in gradient.
[2026-01-24 18:25:21,560] tensorflow - Level 1 - Registering StatelessRandomUniformInt (None) in gradient.
[2026-01-24 18:25:21,563] tensorflow - Level 1 - Registering StatelessRandomUniformFullInt (None) in gradient.
[2026-01-24 18:25:21,563] tensorflow - Level 1 - Registering StatelessTruncatedNormal (None) in gradient.
[2026-01-24 18:25:21,563] tensorflow - Level 1 - Registering StatelessRandomNormalV2 (None) in gradient.
[2026-01-24 18:25:21,566] tensorflow - Level 1 - Registering StatelessRandomUniformV2 (None) in gradient.
[2026-01-24 18:25:21,566] tensorflow - Level 1 - Registering StatelessRandomUniformIntV2 (None) in gradient.
[2026-01-24 18:25:21,566] tensorflow - Level 1 - Registering StatelessRandomUniformFullIntV2 (None) in gradient.
[2026-01-24 18:25:21,566] tensorflow - Level 1 - Registering StatelessTruncatedNormalV2 (None) in gradient.
[2026-01-24 18:25:21,566] tensorflow - Level 1 - Registering StatelessRandomShuffle (None) in gradient.
[2026-01-24 18:25:21,568] tensorflow - Level 1 - Registering RandomIndexShuffle (None) in gradient.
[2026-01-24 18:25:21,627] tensorflow - Level 1 - Registering Conv3D,flops (<function _calc_conv3d_flops at 0x000002CB67832F20>) in statistical functions.
[2026-01-24 18:25:21,631] tensorflow - Level 1 - Registering Conv2D,flops (<function _calc_conv_flops at 0x000002CB67833100>) in statistical functions.
[2026-01-24 18:25:21,631] tensorflow - Level 1 - Registering DepthwiseConv2dNative,flops (<function _calc_depthwise_conv_flops at 0x000002CB678336A0>) in statistical functions.
[2026-01-24 18:25:21,635] tensorflow - Level 1 - Registering BiasAdd,flops (<function _calc_bias_add_flops at 0x000002CB67833740>) in statistical functions.
[2026-01-24 18:25:21,641] tensorflow - Level 1 - Registering Dilation2D,flops (<function _calc_dilation2d_flops at 0x000002CB678D5260>) in statistical functions.
[2026-01-24 18:25:21,665] tensorflow - Level 1 - Registering CompositeTensorVariantFromComponents (<function _composite_tensor_to_variants_grad at 0x000002CB679322A0>) in gradient.
[2026-01-24 18:25:21,670] tensorflow - Level 1 - Registering CompositeTensorVariantToComponents (<function _composite_tensor_from_variant_grad at 0x000002CB67932340>) in gradient.
[2026-01-24 18:25:21,722] tensorflow - Level 1 - Registering RaggedRange (None) in gradient.
[2026-01-24 18:25:21,758] tensorflow - Level 1 - Registering RaggedFillEmptyRows (<function _ragged_fill_empty_rows_grad at 0x000002CB6799B240>) in gradient.
[2026-01-24 18:25:21,786] tensorflow - Level 1 - Registering RaggedGather (<function _ragged_gather_grad at 0x000002CB679C1120>) in gradient.
[2026-01-24 18:25:21,808] tensorflow - Level 1 - Registering RegexReplace (None) in gradient.
[2026-01-24 18:25:21,817] tensorflow - Level 1 - Registering StringToHashBucket (None) in gradient.
[2026-01-24 18:25:21,819] tensorflow - Level 1 - Registering StringToHashBucketFast (None) in gradient.
[2026-01-24 18:25:21,819] tensorflow - Level 1 - Registering StringToHashBucketStrong (None) in gradient.
[2026-01-24 18:25:21,819] tensorflow - Level 1 - Registering ReduceJoin (None) in gradient.
[2026-01-24 18:25:21,819] tensorflow - Level 1 - Registering StringJoin (None) in gradient.
[2026-01-24 18:25:21,819] tensorflow - Level 1 - Registering StringSplit (None) in gradient.
[2026-01-24 18:25:21,819] tensorflow - Level 1 - Registering AsString (None) in gradient.
[2026-01-24 18:25:21,819] tensorflow - Level 1 - Registering EncodeBase64 (None) in gradient.
[2026-01-24 18:25:21,819] tensorflow - Level 1 - Registering DecodeBase64 (None) in gradient.
[2026-01-24 18:25:21,823] tensorflow - Level 1 - Registering Print (<function _PrintGrad at 0x000002CB679C3D80>) in gradient.
[2026-01-24 18:25:21,835] tensorflow - Level 1 - Registering HistogramSummary (None) in gradient.
[2026-01-24 18:25:21,836] tensorflow - Level 1 - Registering ImageSummary (None) in gradient.
[2026-01-24 18:25:21,836] tensorflow - Level 1 - Registering AudioSummary (None) in gradient.
[2026-01-24 18:25:21,836] tensorflow - Level 1 - Registering AudioSummaryV2 (None) in gradient.
[2026-01-24 18:25:21,838] tensorflow - Level 1 - Registering MergeSummary (None) in gradient.
[2026-01-24 18:25:21,838] tensorflow - Level 1 - Registering ScalarSummary (None) in gradient.
[2026-01-24 18:25:21,838] tensorflow - Level 1 - Registering TensorSummary (None) in gradient.
[2026-01-24 18:25:21,839] tensorflow - Level 1 - Registering TensorSummaryV2 (None) in gradient.
[2026-01-24 18:25:21,839] tensorflow - Level 1 - Registering Timestamp (None) in gradient.
[2026-01-24 18:25:21,953] tensorflow - Level 1 - Registering XlaEinsum (<function _einsum_grad at 0x000002CB67A86DE0>) in gradient.
[2026-01-24 18:25:21,985] tensorflow - Level 1 - Registering RaggedTensorToTensor (<function _ragged_tensor_to_tensor_grad at 0x000002CB67AB3D80>) in gradient.
[2026-01-24 18:25:21,988] tensorflow - Level 1 - Registering RaggedTensorFromVariant (<function _ragged_tensor_from_variant_grad at 0x000002CB67AD4040>) in gradient.
[2026-01-24 18:25:21,988] tensorflow - Level 1 - Registering RaggedTensorToVariant (<function _ragged_tensor_to_variant_grad at 0x000002CB67AD40E0>) in gradient.
[2026-01-24 18:25:21,999] tensorflow - Level 1 - Registering ClipByValue (<function _clip_by_value_grad at 0x000002CB67AD47C0>) in gradient.
[2026-01-24 18:25:22,006] tensorflow - Level 1 - Registering DynamicPartition (<function _DynamicPartitionGrads at 0x000002CB67AD51C0>) in gradient.
[2026-01-24 18:25:22,006] tensorflow - Level 1 - Registering ParallelDynamicStitch (<function _DynamicStitchGrads at 0x000002CB67AD54E0>) in gradient.
[2026-01-24 18:25:22,009] tensorflow - Level 1 - Registering DynamicStitch (<function _DynamicStitchGrads at 0x000002CB67AD54E0>) in gradient.
[2026-01-24 18:25:22,010] tensorflow - Level 1 - Registering Queue (None) in gradient.
[2026-01-24 18:25:22,010] tensorflow - Level 1 - Registering QueueEnqueue (None) in gradient.
[2026-01-24 18:25:22,011] tensorflow - Level 1 - Registering QueueEnqueueMany (None) in gradient.
[2026-01-24 18:25:22,012] tensorflow - Level 1 - Registering QueueDequeue (None) in gradient.
[2026-01-24 18:25:22,012] tensorflow - Level 1 - Registering QueueDequeueMany (None) in gradient.
[2026-01-24 18:25:22,012] tensorflow - Level 1 - Registering QueueDequeueUpTo (None) in gradient.
[2026-01-24 18:25:22,013] tensorflow - Level 1 - Registering QueueClose (None) in gradient.
[2026-01-24 18:25:22,013] tensorflow - Level 1 - Registering QueueSize (None) in gradient.
[2026-01-24 18:25:22,013] tensorflow - Level 1 - Registering Stack (None) in gradient.
[2026-01-24 18:25:22,013] tensorflow - Level 1 - Registering StackPush (None) in gradient.
[2026-01-24 18:25:22,013] tensorflow - Level 1 - Registering StackPop (None) in gradient.
[2026-01-24 18:25:22,013] tensorflow - Level 1 - Registering StackClose (None) in gradient.
[2026-01-24 18:25:22,013] tensorflow - Level 1 - Registering GetSessionHandle (None) in gradient.
[2026-01-24 18:25:22,013] tensorflow - Level 1 - Registering GetSessionHandleV2 (None) in gradient.
[2026-01-24 18:25:22,013] tensorflow - Level 1 - Registering GetSessionTensor (None) in gradient.
[2026-01-24 18:25:22,013] tensorflow - Level 1 - Registering DeleteSessionTensor (None) in gradient.
[2026-01-24 18:25:22,150] tensorflow - Level 1 - Registering TPUReplicatedInput (None) in gradient.
[2026-01-24 18:25:22,154] tensorflow - Level 1 - Registering AllToAll (<function _all_to_all_grad at 0x000002CB67C1F7E0>) in gradient.
[2026-01-24 18:25:22,154] tensorflow - Level 1 - Registering CollectivePermute (<function _collective_permute_grad at 0x000002CB67C1F9C0>) in gradient.
[2026-01-24 18:25:22,156] tensorflow - Level 1 - Registering CrossReplicaSum (<function _cross_replica_sum_grad at 0x000002CB67C1FA60>) in gradient.
[2026-01-24 18:25:22,156] tensorflow - Level 1 - Registering TPUEmbeddingActivations (<function _embedding_activations_grad at 0x000002CB67C1FB00>) in gradient.
[2026-01-24 18:25:22,258] tensorflow - Level 1 - Registering XlaClusterOutput (<function _XlaClusterOutputGrad at 0x000002CB67C6ECA0>) in gradient.
[2026-01-24 18:25:22,265] tensorflow - Level 1 - Registering Pack (<function _PackGrad at 0x000002CB67C6F240>) in gradient.
[2026-01-24 18:25:22,267] tensorflow - Level 1 - Registering Unpack (<function _UnpackGrad at 0x000002CB67C6F380>) in gradient.
[2026-01-24 18:25:22,267] tensorflow - Level 1 - Registering Concat (<function _ConcatGrad at 0x000002CB67C6F560>) in gradient.
[2026-01-24 18:25:22,267] tensorflow - Level 1 - Registering ConcatV2 (<function _ConcatGradV2 at 0x000002CB67C6F600>) in gradient.
[2026-01-24 18:25:22,269] tensorflow - Level 1 - Registering ConcatOffset (None) in gradient.
[2026-01-24 18:25:22,270] tensorflow - Level 1 - Registering Slice (<function _SliceGrad at 0x000002CB67C6F6A0>) in gradient.
[2026-01-24 18:25:22,270] tensorflow - Level 1 - Registering StridedSlice (<function _StridedSliceGrad at 0x000002CB67C6F880>) in gradient.
[2026-01-24 18:25:22,270] tensorflow - Level 1 - Registering StridedSliceGrad (<function _StridedSliceGradGrad at 0x000002CB67C6F920>) in gradient.
[2026-01-24 18:25:22,271] tensorflow - Level 1 - Registering TensorStridedSliceUpdate (<function _TensorStridedSliceUpdateGrad at 0x000002CB67C6F9C0>) in gradient.
[2026-01-24 18:25:22,271] tensorflow - Level 1 - Registering Split (<function _SplitGrad at 0x000002CB67C6FA60>) in gradient.
[2026-01-24 18:25:22,272] tensorflow - Level 1 - Registering SplitV (<function _SplitVGrad at 0x000002CB67C6FB00>) in gradient.
[2026-01-24 18:25:22,272] tensorflow - Level 1 - Registering Const (None) in gradient.
[2026-01-24 18:25:22,275] tensorflow - Level 1 - Registering Diag (<function _DiagGrad at 0x000002CB67C6FBA0>) in gradient.
[2026-01-24 18:25:22,278] tensorflow - Level 1 - Registering DiagPart (<function _DiagPartGrad at 0x000002CB67C6FC40>) in gradient.
[2026-01-24 18:25:22,283] tensorflow - Level 1 - Registering MatrixDiag (<function _MatrixDiagGrad at 0x000002CB67C6FCE0>) in gradient.
[2026-01-24 18:25:22,287] tensorflow - Level 1 - Registering MatrixDiagV2 (<function _MatrixDiagV2Grad at 0x000002CB67C6FD80>) in gradient.
[2026-01-24 18:25:22,289] tensorflow - Level 1 - Registering MatrixDiagV3 (<function _MatrixDiagV3Grad at 0x000002CB67C6FE20>) in gradient.
[2026-01-24 18:25:22,289] tensorflow - Level 1 - Registering MatrixDiagPart (<function _MatrixDiagPartGrad at 0x000002CB67C6FEC0>) in gradient.
[2026-01-24 18:25:22,289] tensorflow - Level 1 - Registering MatrixDiagPartV2 (<function _MatrixDiagPartV2Grad at 0x000002CB67C6FF60>) in gradient.
[2026-01-24 18:25:22,291] tensorflow - Level 1 - Registering MatrixDiagPartV3 (<function _MatrixDiagPartV3Grad at 0x000002CB67CE0040>) in gradient.
[2026-01-24 18:25:22,291] tensorflow - Level 1 - Registering MatrixSetDiag (<function _MatrixSetDiagGrad at 0x000002CB67CE00E0>) in gradient.
[2026-01-24 18:25:22,293] tensorflow - Level 1 - Registering MatrixSetDiagV2 (<function _MatrixSetDiagGradV2 at 0x000002CB67CE0180>) in gradient.
[2026-01-24 18:25:22,293] tensorflow - Level 1 - Registering MatrixSetDiagV3 (<function _MatrixSetDiagGradV3 at 0x000002CB67CE0220>) in gradient.
[2026-01-24 18:25:22,293] tensorflow - Level 1 - Registering MatrixBandPart (<function _MatrixBandPartGrad at 0x000002CB67CE02C0>) in gradient.
[2026-01-24 18:25:22,295] tensorflow - Level 1 - Registering EditDistance (None) in gradient.
[2026-01-24 18:25:22,296] tensorflow - Level 1 - Registering Fill (<function _FillGrad at 0x000002CB67CE0360>) in gradient.
[2026-01-24 18:25:22,296] tensorflow - Level 1 - Registering ZerosLike (None) in gradient.
[2026-01-24 18:25:22,296] tensorflow - Level 1 - Registering OnesLike (None) in gradient.
[2026-01-24 18:25:22,296] tensorflow - Level 1 - Registering PreventGradient (<function _PreventGradientGrad at 0x000002CB67CE0400>) in gradient.
[2026-01-24 18:25:22,298] tensorflow - Level 1 - Registering Gather (<function _GatherGrad at 0x000002CB67CE0540>) in gradient.
[2026-01-24 18:25:22,298] tensorflow - Level 1 - Registering GatherV2 (<function _GatherV2Grad at 0x000002CB67CE0720>) in gradient.
[2026-01-24 18:25:22,298] tensorflow - Level 1 - Registering GatherNd (<function _GatherNdGrad at 0x000002CB67CE07C0>) in gradient.
[2026-01-24 18:25:22,299] tensorflow - Level 1 - Registering ResourceGatherNd (<function _ResourceGatherNdGrad at 0x000002CB67CE0860>) in gradient.
[2026-01-24 18:25:22,299] tensorflow - Level 1 - Registering CheckNumerics (<function _CheckNumericsGrad at 0x000002CB67CE0900>) in gradient.
[2026-01-24 18:25:22,301] tensorflow - Level 1 - Registering CheckNumericsV2 (<function _CheckNumericsV2Grad at 0x000002CB67CE09A0>) in gradient.
[2026-01-24 18:25:22,301] tensorflow - Level 1 - Registering Identity (<function _IdGrad at 0x000002CB67CE0A40>) in gradient.
[2026-01-24 18:25:22,301] tensorflow - Level 1 - Registering PlaceholderWithDefault (<function _IdGrad at 0x000002CB67CE0A40>) in gradient.
[2026-01-24 18:25:22,302] tensorflow - Level 1 - Registering _EagerConst (<function _EagerConstGrad at 0x000002CB67CE0AE0>) in gradient.
[2026-01-24 18:25:22,302] tensorflow - Level 1 - Registering RefIdentity (<function _RefIdGrad at 0x000002CB67CE0B80>) in gradient.
[2026-01-24 18:25:22,304] tensorflow - Level 1 - Registering IdentityN (<function _IdNGrad at 0x000002CB67CE0C20>) in gradient.
[2026-01-24 18:25:22,304] tensorflow - Level 1 - Registering StopGradient (None) in gradient.
[2026-01-24 18:25:22,304] tensorflow - Level 1 - Registering Reshape (<function _ReshapeGrad at 0x000002CB67CE0CC0>) in gradient.
[2026-01-24 18:25:22,304] tensorflow - Level 1 - Registering InvertPermutation (None) in gradient.
[2026-01-24 18:25:22,306] tensorflow - Level 1 - Registering ExpandDims (<function _ExpandDimsGrad at 0x000002CB67CE0E00>) in gradient.
[2026-01-24 18:25:22,307] tensorflow - Level 1 - Registering Squeeze (<function _SqueezeGrad at 0x000002CB67CE0EA0>) in gradient.
[2026-01-24 18:25:22,307] tensorflow - Level 1 - Registering Transpose (<function _TransposeGrad at 0x000002CB67CE0F40>) in gradient.
[2026-01-24 18:25:22,308] tensorflow - Level 1 - Registering ConjugateTranspose (<function _ConjugateTransposeGrad at 0x000002CB67CE0FE0>) in gradient.
[2026-01-24 18:25:22,308] tensorflow - Level 1 - Registering Shape (None) in gradient.
[2026-01-24 18:25:22,308] tensorflow - Level 1 - Registering ShapeN (None) in gradient.
[2026-01-24 18:25:22,309] tensorflow - Level 1 - Registering Rank (None) in gradient.
[2026-01-24 18:25:22,309] tensorflow - Level 1 - Registering Size (None) in gradient.
[2026-01-24 18:25:22,309] tensorflow - Level 1 - Registering Tile (<function _TileGrad at 0x000002CB67CE1080>) in gradient.
[2026-01-24 18:25:22,309] tensorflow - Level 1 - Registering BroadcastGradientArgs (None) in gradient.
[2026-01-24 18:25:22,311] tensorflow - Level 1 - Registering Pad (<function _PadGrad at 0x000002CB67CE1120>) in gradient.
[2026-01-24 18:25:22,311] tensorflow - Level 1 - Registering PadV2 (<function _PadGrad at 0x000002CB67CE1120>) in gradient.
[2026-01-24 18:25:22,312] tensorflow - Level 1 - Registering ReverseSequence (<function _ReverseSequenceGrad at 0x000002CB67CE11C0>) in gradient.
[2026-01-24 18:25:22,312] tensorflow - Level 1 - Registering Reverse (<function _ReverseGrad at 0x000002CB67CE1260>) in gradient.
[2026-01-24 18:25:22,313] tensorflow - Level 1 - Registering ReverseV2 (<function _ReverseV2Grad at 0x000002CB67CE1300>) in gradient.
[2026-01-24 18:25:22,315] tensorflow - Level 1 - Registering SpaceToBatch (<function _SpaceToBatchGrad at 0x000002CB67CE13A0>) in gradient.
[2026-01-24 18:25:22,315] tensorflow - Level 1 - Registering SpaceToBatchND (<function _SpaceToBatchNDGrad at 0x000002CB67CE1440>) in gradient.
[2026-01-24 18:25:22,315] tensorflow - Level 1 - Registering BatchToSpace (<function _BatchToSpaceGrad at 0x000002CB67CE14E0>) in gradient.
[2026-01-24 18:25:22,316] tensorflow - Level 1 - Registering BatchToSpaceND (<function _BatchToSpaceNDGrad at 0x000002CB67CE1580>) in gradient.
[2026-01-24 18:25:22,317] tensorflow - Level 1 - Registering SpaceToDepth (<function _SpaceToDepthGrad at 0x000002CB67CE1620>) in gradient.
[2026-01-24 18:25:22,317] tensorflow - Level 1 - Registering DepthToSpace (<function _DepthToSpaceGrad at 0x000002CB67CE16C0>) in gradient.
[2026-01-24 18:25:22,318] tensorflow - Level 1 - Registering OneHot (None) in gradient.
[2026-01-24 18:25:22,318] tensorflow - Level 1 - Registering MirrorPad (<function _MirrorPadGrad at 0x000002CB67CE1760>) in gradient.
[2026-01-24 18:25:22,318] tensorflow - Level 1 - Registering MirrorPadGrad (<function _MirrorPadGradGrad at 0x000002CB67CE1800>) in gradient.
[2026-01-24 18:25:22,319] tensorflow - Level 1 - Registering FakeQuantWithMinMaxArgsGradient (None) in gradient.
[2026-01-24 18:25:22,319] tensorflow - Level 1 - Registering FakeQuantWithMinMaxVarsGradient (None) in gradient.
[2026-01-24 18:25:22,319] tensorflow - Level 1 - Registering FakeQuantWithMinMaxVarsPerChannelGradient (None) in gradient.
[2026-01-24 18:25:22,319] tensorflow - Level 1 - Registering QuantizeAndDequantize (<function _QuantizeAndDequantizeGrad at 0x000002CB67CE18A0>) in gradient.
[2026-01-24 18:25:22,321] tensorflow - Level 1 - Registering QuantizeAndDequantizeV2 (<function _QuantizeAndDequantizeV2Grad at 0x000002CB67CE19E0>) in gradient.
[2026-01-24 18:25:22,321] tensorflow - Level 1 - Registering QuantizeAndDequantizeV3 (<function _QuantizeAndDequantizeV3Grad at 0x000002CB67CE1A80>) in gradient.
[2026-01-24 18:25:22,323] tensorflow - Level 1 - Registering ExtractImagePatches (<function _ExtractImagePatchesGrad at 0x000002CB67CE1940>) in gradient.
[2026-01-24 18:25:22,324] tensorflow - Level 1 - Registering ExtractVolumePatches (<function _ExtractVolumePatchesGrad at 0x000002CB67CE1B20>) in gradient.
[2026-01-24 18:25:22,324] tensorflow - Level 1 - Registering ScatterNd (<function _ScatterNdGrad at 0x000002CB67CE1BC0>) in gradient.
[2026-01-24 18:25:22,325] tensorflow - Level 1 - Registering TensorScatterUpdate (<function _TensorScatterUpdateGrad at 0x000002CB67CE1C60>) in gradient.
[2026-01-24 18:25:22,325] tensorflow - Level 1 - Registering TensorScatterAdd (<function _TensorScatterAddGrad at 0x000002CB67CE1D00>) in gradient.
[2026-01-24 18:25:22,325] tensorflow - Level 1 - Registering TensorScatterMax (<function _TensorScatterMaxGrad at 0x000002CB67CE1E40>) in gradient.
[2026-01-24 18:25:22,326] tensorflow - Level 1 - Registering TensorScatterMin (<function _TensorScatterMinGrad at 0x000002CB67CE1EE0>) in gradient.
[2026-01-24 18:25:22,326] tensorflow - Level 1 - Registering TensorScatterSub (<function _TensorScatterSubGrad at 0x000002CB67CE1F80>) in gradient.
[2026-01-24 18:25:22,326] tensorflow - Level 1 - Registering ScatterNdNonAliasingAdd (<function _ScatterNdNonAliasingAddGrad at 0x000002CB67CE2020>) in gradient.
[2026-01-24 18:25:22,326] tensorflow - Level 1 - Registering BroadcastTo (<function _BroadcastToGrad at 0x000002CB67CE20C0>) in gradient.
[2026-01-24 18:25:22,339] tensorflow - Level 1 - Registering Switch (<function _SwitchGrad at 0x000002CB67CE22A0>) in gradient.
[2026-01-24 18:25:22,349] tensorflow - Level 1 - Registering RefSwitch (<function _SwitchGrad at 0x000002CB67CE22A0>) in gradient.
[2026-01-24 18:25:22,349] tensorflow - Level 1 - Registering Merge (<function _MergeGrad at 0x000002CB67CE2340>) in gradient.
[2026-01-24 18:25:22,351] tensorflow - Level 1 - Registering RefMerge (<function _RefMergeGrad at 0x000002CB67CE2480>) in gradient.
[2026-01-24 18:25:22,351] tensorflow - Level 1 - Registering Exit (<function _ExitGrad at 0x000002CB67CE23E0>) in gradient.
[2026-01-24 18:25:22,352] tensorflow - Level 1 - Registering RefExit (<function _ExitGrad at 0x000002CB67CE23E0>) in gradient.
[2026-01-24 18:25:22,353] tensorflow - Level 1 - Registering NextIteration (<function _NextIterationGrad at 0x000002CB67CE2520>) in gradient.
[2026-01-24 18:25:22,353] tensorflow - Level 1 - Registering RefNextIteration (<function _RefNextIterationGrad at 0x000002CB67CE25C0>) in gradient.
[2026-01-24 18:25:22,353] tensorflow - Level 1 - Registering Enter (<function _EnterGrad at 0x000002CB67CE2660>) in gradient.
[2026-01-24 18:25:22,354] tensorflow - Level 1 - Registering RefEnter (<function _RefEnterGrad at 0x000002CB67CE2700>) in gradient.
[2026-01-24 18:25:22,355] tensorflow - Level 1 - Registering LoopCond (<function _LoopCondGrad at 0x000002CB67CE27A0>) in gradient.
[2026-01-24 18:25:22,377] tensorflow - Level 1 - Registering CudnnRNN (<function _cudnn_rnn_backward at 0x000002CB67CE28E0>) in gradient.
[2026-01-24 18:25:22,378] tensorflow - Level 1 - Registering CudnnRNNV2 (<function _cudnn_rnn_backward_v2 at 0x000002CB67CE2AC0>) in gradient.
[2026-01-24 18:25:22,378] tensorflow - Level 1 - Registering CudnnRNNV3 (<function _cudnn_rnn_backwardv3 at 0x000002CB67CF6C00>) in gradient.
[2026-01-24 18:25:22,381] tensorflow - Level 1 - Registering ResizeNearestNeighbor (<function _ResizeNearestNeighborGrad at 0x000002CB67CF6B60>) in gradient.
[2026-01-24 18:25:22,385] tensorflow - Level 1 - Registering ResizeBilinear (<function _ResizeBilinearGrad at 0x000002CB67CF6CA0>) in gradient.
[2026-01-24 18:25:22,385] tensorflow - Level 1 - Registering ResizeBilinearGrad (None) in gradient.
[2026-01-24 18:25:22,385] tensorflow - Level 1 - Registering ScaleAndTranslate (<function _ScaleAndTranslateGrad at 0x000002CB67CF6E80>) in gradient.
[2026-01-24 18:25:22,385] tensorflow - Level 1 - Registering ResizeBicubic (<function _ResizeBicubicGrad at 0x000002CB67CF6DE0>) in gradient.
[2026-01-24 18:25:22,385] tensorflow - Level 1 - Registering CropAndResize (<function _CropAndResizeGrad at 0x000002CB67CF6F20>) in gradient.
[2026-01-24 18:25:22,385] tensorflow - Level 1 - Registering RGBToHSV (<function _RGBToHSVGrad at 0x000002CB67CF7060>) in gradient.
[2026-01-24 18:25:22,415] tensorflow - Level 1 - Registering ReaderRead (None) in gradient.
[2026-01-24 18:25:22,419] tensorflow - Level 1 - Registering ReaderReadUpTo (None) in gradient.
[2026-01-24 18:25:22,420] tensorflow - Level 1 - Registering ReaderNumRecordsProduced (None) in gradient.
[2026-01-24 18:25:22,420] tensorflow - Level 1 - Registering ReaderNumWorkUnitsCompleted (None) in gradient.
[2026-01-24 18:25:22,421] tensorflow - Level 1 - Registering ReaderSerializeState (None) in gradient.
[2026-01-24 18:25:22,421] tensorflow - Level 1 - Registering ReaderRestoreState (None) in gradient.
[2026-01-24 18:25:22,421] tensorflow - Level 1 - Registering ReaderReset (None) in gradient.
[2026-01-24 18:25:22,421] tensorflow - Level 1 - Registering WholeFileReader (None) in gradient.
[2026-01-24 18:25:22,421] tensorflow - Level 1 - Registering TextLineReader (None) in gradient.
[2026-01-24 18:25:22,424] tensorflow - Level 1 - Registering FixedLengthRecordReader (None) in gradient.
[2026-01-24 18:25:22,425] tensorflow - Level 1 - Registering TFRecordReader (None) in gradient.
[2026-01-24 18:25:22,427] tensorflow - Level 1 - Registering LMDBReader (None) in gradient.
[2026-01-24 18:25:22,428] tensorflow - Level 1 - Registering IdentityReader (None) in gradient.
[2026-01-24 18:25:22,442] tensorflow - Level 1 - Registering MatrixInverse (<function _MatrixInverseGrad at 0x000002CB67CF7100>) in gradient.
[2026-01-24 18:25:22,446] tensorflow - Level 1 - Registering Einsum (<function _EinsumGrad at 0x000002CB67D787C0>) in gradient.
[2026-01-24 18:25:22,446] tensorflow - Level 1 - Registering MatrixDeterminant (<function _MatrixDeterminantGrad at 0x000002CB67D7AC00>) in gradient.
[2026-01-24 18:25:22,446] tensorflow - Level 1 - Registering MatrixSquareRoot (<function _MatrixSquareRootGrad at 0x000002CB67D7AD40>) in gradient.
[2026-01-24 18:25:22,449] tensorflow - Level 1 - Registering LogMatrixDeterminant (<function _LogMatrixDeterminantGrad at 0x000002CB67D7ADE0>) in gradient.
[2026-01-24 18:25:22,449] tensorflow - Level 1 - Registering Cholesky (<function _CholeskyGrad at 0x000002CB67D7AE80>) in gradient.
[2026-01-24 18:25:22,450] tensorflow - Level 1 - Registering Qr (<function _QrGrad at 0x000002CB67D7AF20>) in gradient.
[2026-01-24 18:25:22,450] tensorflow - Level 1 - Registering MatrixSolve (<function _MatrixSolveGrad at 0x000002CB67D7AFC0>) in gradient.
[2026-01-24 18:25:22,450] tensorflow - Level 1 - Registering MatrixSolveLs (<function _MatrixSolveLsGrad at 0x000002CB67D7B060>) in gradient.
[2026-01-24 18:25:22,451] tensorflow - Level 1 - Registering BandedTriangularSolve (<function _BandedTriangularSolveGrad at 0x000002CB67D7B100>) in gradient.
[2026-01-24 18:25:22,452] tensorflow - Level 1 - Registering MatrixTriangularSolve (<function _MatrixTriangularSolveGrad at 0x000002CB67D7B1A0>) in gradient.
[2026-01-24 18:25:22,452] tensorflow - Level 1 - Registering Eig (<function _EigGrad at 0x000002CB67D7B2E0>) in gradient.
[2026-01-24 18:25:22,453] tensorflow - Level 1 - Registering SelfAdjointEigV2 (<function _SelfAdjointEigV2Grad at 0x000002CB67D7B380>) in gradient.
[2026-01-24 18:25:22,454] tensorflow - Level 1 - Registering Svd (<function _SvdGrad at 0x000002CB67D7B420>) in gradient.
[2026-01-24 18:25:22,454] tensorflow - Level 1 - Registering TridiagonalMatMul (<function _TridiagonalMatMulGrad at 0x000002CB67D7B600>) in gradient.
[2026-01-24 18:25:22,454] tensorflow - Level 1 - Registering TridiagonalSolve (<function _TridiagonalSolveGrad at 0x000002CB67D7B6A0>) in gradient.
[2026-01-24 18:25:22,459] tensorflow - Level 1 - Registering LookupTableFind (None) in gradient.
[2026-01-24 18:25:22,460] tensorflow - Level 1 - Registering LookupTableFindV2 (None) in gradient.
[2026-01-24 18:25:22,462] tensorflow - Level 1 - Registering LookupTableInsert (None) in gradient.
[2026-01-24 18:25:22,462] tensorflow - Level 1 - Registering LookupTableInsertV2 (None) in gradient.
[2026-01-24 18:25:22,462] tensorflow - Level 1 - Registering LookupTableSize (None) in gradient.
[2026-01-24 18:25:22,465] tensorflow - Level 1 - Registering LookupTableSizeV2 (None) in gradient.
[2026-01-24 18:25:22,465] tensorflow - Level 1 - Registering HashTable (None) in gradient.
[2026-01-24 18:25:22,466] tensorflow - Level 1 - Registering HashTableV2 (None) in gradient.
[2026-01-24 18:25:22,466] tensorflow - Level 1 - Registering InitializeTable (None) in gradient.
[2026-01-24 18:25:22,467] tensorflow - Level 1 - Registering InitializeTableV2 (None) in gradient.
[2026-01-24 18:25:22,468] tensorflow - Level 1 - Registering InitializeTableFromTextFile (None) in gradient.
[2026-01-24 18:25:22,468] tensorflow - Level 1 - Registering InitializeTableFromTextFileV2 (None) in gradient.
[2026-01-24 18:25:22,469] tensorflow - Level 1 - Registering MutableDenseHashTable (None) in gradient.
[2026-01-24 18:25:22,469] tensorflow - Level 1 - Registering MutableDenseHashTableV2 (None) in gradient.
[2026-01-24 18:25:22,469] tensorflow - Level 1 - Registering MutableHashTable (None) in gradient.
[2026-01-24 18:25:22,470] tensorflow - Level 1 - Registering MutableHashTableV2 (None) in gradient.
[2026-01-24 18:25:22,470] tensorflow - Level 1 - Registering MutableHashTableOfTensors (None) in gradient.
[2026-01-24 18:25:22,470] tensorflow - Level 1 - Registering MutableHashTableOfTensorsV2 (None) in gradient.
[2026-01-24 18:25:22,480] tensorflow - Level 1 - Registering Roll (<function _RollGrad at 0x000002CB67D7B880>) in gradient.
[2026-01-24 18:25:22,489] tensorflow - Level 1 - Registering ArgMax (<function _ArgMaxGrad at 0x000002CB67D7BA60>) in gradient.
[2026-01-24 18:25:22,491] tensorflow - Level 1 - Registering ArgMin (<function _ArgMinGrad at 0x000002CB67DC07C0>) in gradient.
[2026-01-24 18:25:22,491] tensorflow - Level 1 - Registering EuclideanNorm (<function _EuclideanNormGrad at 0x000002CB67DC0A40>) in gradient.
[2026-01-24 18:25:22,491] tensorflow - Level 1 - Registering Sum (<function _SumGrad at 0x000002CB67DC0EA0>) in gradient.
[2026-01-24 18:25:22,491] tensorflow - Level 1 - Registering Max (<function _MaxGrad at 0x000002CB67DC0FE0>) in gradient.
[2026-01-24 18:25:22,493] tensorflow - Level 1 - Registering Min (<function _MinGrad at 0x000002CB67DC1080>) in gradient.
[2026-01-24 18:25:22,493] tensorflow - Level 1 - Registering Mean (<function _MeanGrad at 0x000002CB67DC1120>) in gradient.
[2026-01-24 18:25:22,493] tensorflow - Level 1 - Registering Prod (<function _ProdGrad at 0x000002CB67DC11C0>) in gradient.
[2026-01-24 18:25:22,493] tensorflow - Level 1 - Registering SegmentSum (<function _SegmentSumGrad at 0x000002CB67DC1260>) in gradient.
[2026-01-24 18:25:22,493] tensorflow - Level 1 - Registering SegmentMean (<function _SegmentMeanGrad at 0x000002CB67DC1300>) in gradient.
[2026-01-24 18:25:22,493] tensorflow - Level 1 - Registering SparseSegmentSum (<function _SparseSegmentSumGrad at 0x000002CB67DC14E0>) in gradient.
[2026-01-24 18:25:22,493] tensorflow - Level 1 - Registering SparseSegmentSumWithNumSegments (<function _SparseSegmentSumWithNumSegmentsGrad at 0x000002CB67DC1580>) in gradient.
[2026-01-24 18:25:22,494] tensorflow - Level 1 - Registering SparseSegmentMean (<function _SparseSegmentMeanGrad at 0x000002CB67DC1620>) in gradient.
[2026-01-24 18:25:22,500] tensorflow - Level 1 - Registering SparseSegmentMeanWithNumSegments (<function _SparseSegmentMeanWithNumSegmentsGrad at 0x000002CB67DC16C0>) in gradient.
[2026-01-24 18:25:22,508] tensorflow - Level 1 - Registering SparseSegmentSqrtN (<function _SparseSegmentSqrtNGrad at 0x000002CB67DC1760>) in gradient.
[2026-01-24 18:25:22,509] tensorflow - Level 1 - Registering SparseSegmentSqrtNWithNumSegments (<function _SparseSegmentSqrtNWithNumSegmentsGrad at 0x000002CB67DC1800>) in gradient.
[2026-01-24 18:25:22,509] tensorflow - Level 1 - Registering SegmentMin (<function _SegmentMinGrad at 0x000002CB67DC1940>) in gradient.
[2026-01-24 18:25:22,509] tensorflow - Level 1 - Registering SegmentMax (<function _SegmentMaxGrad at 0x000002CB67DC19E0>) in gradient.
[2026-01-24 18:25:22,510] tensorflow - Level 1 - Registering SegmentProd (<function _SegmentProdGrad at 0x000002CB67DC1A80>) in gradient.
[2026-01-24 18:25:22,510] tensorflow - Level 1 - Registering UnsortedSegmentSum (<function _UnsortedSegmentSumGrad at 0x000002CB67DC1C60>) in gradient.
[2026-01-24 18:25:22,510] tensorflow - Level 1 - Registering UnsortedSegmentMax (<function _UnsortedSegmentMaxGrad at 0x000002CB67DC1D00>) in gradient.
[2026-01-24 18:25:22,510] tensorflow - Level 1 - Registering UnsortedSegmentMin (<function _UnsortedSegmentMinGrad at 0x000002CB67DC1DA0>) in gradient.
[2026-01-24 18:25:22,510] tensorflow - Level 1 - Registering UnsortedSegmentProd (<function _UnsortedSegmentProdGrad at 0x000002CB67DC1E40>) in gradient.
[2026-01-24 18:25:22,510] tensorflow - Level 1 - Registering Abs (<function _AbsGrad at 0x000002CB67DC1EE0>) in gradient.
[2026-01-24 18:25:22,512] tensorflow - Level 1 - Registering Neg (<function _NegGrad at 0x000002CB67DC1F80>) in gradient.
[2026-01-24 18:25:22,512] tensorflow - Level 1 - Registering Inv (<function _InvGrad at 0x000002CB67DC2020>) in gradient.
[2026-01-24 18:25:22,512] tensorflow - Level 1 - Registering Reciprocal (<function _ReciprocalGrad at 0x000002CB67DC20C0>) in gradient.
[2026-01-24 18:25:22,513] tensorflow - Level 1 - Registering InvGrad (<function _InvGradGrad at 0x000002CB67DC2160>) in gradient.
[2026-01-24 18:25:22,513] tensorflow - Level 1 - Registering ReciprocalGrad (<function _ReciprocalGradGrad at 0x000002CB67DC2200>) in gradient.
[2026-01-24 18:25:22,513] tensorflow - Level 1 - Registering Square (<function _SquareGrad at 0x000002CB67DC22A0>) in gradient.
[2026-01-24 18:25:22,514] tensorflow - Level 1 - Registering Sqrt (<function _SqrtGrad at 0x000002CB67DC2340>) in gradient.
[2026-01-24 18:25:22,515] tensorflow - Level 1 - Registering SqrtGrad (<function _SqrtGradGrad at 0x000002CB67DC23E0>) in gradient.
[2026-01-24 18:25:22,515] tensorflow - Level 1 - Registering Rsqrt (<function _RsqrtGrad at 0x000002CB67DC2480>) in gradient.
[2026-01-24 18:25:22,515] tensorflow - Level 1 - Registering RsqrtGrad (<function _RsqrtGradGrad at 0x000002CB67DC2520>) in gradient.
[2026-01-24 18:25:22,517] tensorflow - Level 1 - Registering Exp (<function _ExpGrad at 0x000002CB67DC25C0>) in gradient.
[2026-01-24 18:25:22,517] tensorflow - Level 1 - Registering Expm1 (<function _Expm1Grad at 0x000002CB67DC2660>) in gradient.
[2026-01-24 18:25:22,517] tensorflow - Level 1 - Registering Log (<function _LogGrad at 0x000002CB67DC2700>) in gradient.
[2026-01-24 18:25:22,519] tensorflow - Level 1 - Registering Log1p (<function _Log1pGrad at 0x000002CB67DC27A0>) in gradient.
[2026-01-24 18:25:22,519] tensorflow - Level 1 - Registering Xlogy (<function _XLogyGrad at 0x000002CB67DC2840>) in gradient.
[2026-01-24 18:25:22,520] tensorflow - Level 1 - Registering Xlog1py (<function _XLog1pyGrad at 0x000002CB67DC28E0>) in gradient.
[2026-01-24 18:25:22,520] tensorflow - Level 1 - Registering Xdivy (<function _XDivyGrad at 0x000002CB67DC2980>) in gradient.
[2026-01-24 18:25:22,521] tensorflow - Level 1 - Registering Sinh (<function _SinhGrad at 0x000002CB67DC2A20>) in gradient.
[2026-01-24 18:25:22,522] tensorflow - Level 1 - Registering Cosh (<function _CoshGrad at 0x000002CB67DC2AC0>) in gradient.
[2026-01-24 18:25:22,523] tensorflow - Level 1 - Registering Tanh (<function _TanhGrad at 0x000002CB67DC2B60>) in gradient.
[2026-01-24 18:25:22,523] tensorflow - Level 1 - Registering Asinh (<function _AsinhGrad at 0x000002CB67DC2C00>) in gradient.
[2026-01-24 18:25:22,523] tensorflow - Level 1 - Registering Acosh (<function _AcoshGrad at 0x000002CB67DC2CA0>) in gradient.
[2026-01-24 18:25:22,524] tensorflow - Level 1 - Registering Atanh (<function _AtanhGrad at 0x000002CB67DC2D40>) in gradient.
[2026-01-24 18:25:22,525] tensorflow - Level 1 - Registering TanhGrad (<function _TanhGradGrad at 0x000002CB67DC2DE0>) in gradient.
[2026-01-24 18:25:22,526] tensorflow - Level 1 - Registering Erf (<function _ErfGrad at 0x000002CB67DC2E80>) in gradient.
[2026-01-24 18:25:22,526] tensorflow - Level 1 - Registering Erfc (<function _ErfcGrad at 0x000002CB67DC2F20>) in gradient.
[2026-01-24 18:25:22,526] tensorflow - Level 1 - Registering Erfinv (<function _ErfinvGrad at 0x000002CB67DC2FC0>) in gradient.
[2026-01-24 18:25:22,526] tensorflow - Level 1 - Registering Ndtri (<function _NdtriGrad at 0x000002CB67DC3060>) in gradient.
[2026-01-24 18:25:22,528] tensorflow - Level 1 - Registering Lgamma (<function _LgammaGrad at 0x000002CB67DC3100>) in gradient.
[2026-01-24 18:25:22,528] tensorflow - Level 1 - Registering Digamma (<function _DigammaGrad at 0x000002CB67DC31A0>) in gradient.
[2026-01-24 18:25:22,528] tensorflow - Level 1 - Registering Dawsn (<function _DawsnGrad at 0x000002CB67DC3240>) in gradient.
[2026-01-24 18:25:22,528] tensorflow - Level 1 - Registering Expint (<function _ExpintGrad at 0x000002CB67DC32E0>) in gradient.
[2026-01-24 18:25:22,530] tensorflow - Level 1 - Registering FresnelCos (<function _FresnelCosGrad at 0x000002CB67DC3380>) in gradient.
[2026-01-24 18:25:22,531] tensorflow - Level 1 - Registering FresnelSin (<function _FresnelSinGrad at 0x000002CB67DC3420>) in gradient.
[2026-01-24 18:25:22,532] tensorflow - Level 1 - Registering Spence (<function _SpenceGrad at 0x000002CB67DC34C0>) in gradient.
[2026-01-24 18:25:22,532] tensorflow - Level 1 - Registering BesselI0 (<function _BesselI0Grad at 0x000002CB67DC3560>) in gradient.
[2026-01-24 18:25:22,533] tensorflow - Level 1 - Registering BesselI0e (<function _BesselI0eGrad at 0x000002CB67DC3600>) in gradient.
[2026-01-24 18:25:22,533] tensorflow - Level 1 - Registering BesselI1 (<function _BesselI1Grad at 0x000002CB67DC36A0>) in gradient.
[2026-01-24 18:25:22,533] tensorflow - Level 1 - Registering BesselI1e (<function _BesselI1eGrad at 0x000002CB67DC3740>) in gradient.
[2026-01-24 18:25:22,536] tensorflow - Level 1 - Registering BesselK0 (<function _BesselK0Grad at 0x000002CB67DC37E0>) in gradient.
[2026-01-24 18:25:22,536] tensorflow - Level 1 - Registering BesselK0e (<function _BesselK0eGrad at 0x000002CB67DC3880>) in gradient.
[2026-01-24 18:25:22,536] tensorflow - Level 1 - Registering BesselK1 (<function _BesselK1Grad at 0x000002CB67DC3920>) in gradient.
[2026-01-24 18:25:22,536] tensorflow - Level 1 - Registering BesselK1e (<function _BesselK1eGrad at 0x000002CB67DC39C0>) in gradient.
[2026-01-24 18:25:22,536] tensorflow - Level 1 - Registering BesselJ0 (<function _BesselJ0Grad at 0x000002CB67DC3A60>) in gradient.
[2026-01-24 18:25:22,536] tensorflow - Level 1 - Registering BesselJ1 (<function _BesselJ1Grad at 0x000002CB67DC3B00>) in gradient.
[2026-01-24 18:25:22,536] tensorflow - Level 1 - Registering BesselY0 (<function _BesselY0Grad at 0x000002CB67DC3BA0>) in gradient.
[2026-01-24 18:25:22,536] tensorflow - Level 1 - Registering BesselY1 (<function _BesselY1Grad at 0x000002CB67DC3C40>) in gradient.
[2026-01-24 18:25:22,538] tensorflow - Level 1 - Registering Igamma (<function _IgammaGrad at 0x000002CB67DC3CE0>) in gradient.
[2026-01-24 18:25:22,538] tensorflow - Level 1 - Registering Igammac (<function _IgammacGrad at 0x000002CB67DC3D80>) in gradient.
[2026-01-24 18:25:22,538] tensorflow - Level 1 - Registering Betainc (<function _BetaincGrad at 0x000002CB67DC3E20>) in gradient.
[2026-01-24 18:25:22,538] tensorflow - Level 1 - Registering Zeta (<function _ZetaGrad at 0x000002CB67DC3EC0>) in gradient.
[2026-01-24 18:25:22,538] tensorflow - Level 1 - Registering Polygamma (<function _PolygammaGrad at 0x000002CB67DC3F60>) in gradient.
[2026-01-24 18:25:22,540] tensorflow - Level 1 - Registering Sigmoid (<function _SigmoidGrad at 0x000002CB67E04040>) in gradient.
[2026-01-24 18:25:22,540] tensorflow - Level 1 - Registering SigmoidGrad (<function _SigmoidGradGrad at 0x000002CB67E040E0>) in gradient.
[2026-01-24 18:25:22,540] tensorflow - Level 1 - Registering Sign (<function _SignGrad at 0x000002CB67E04180>) in gradient.
[2026-01-24 18:25:22,540] tensorflow - Level 1 - Registering Sin (<function _SinGrad at 0x000002CB67E04220>) in gradient.
[2026-01-24 18:25:22,540] tensorflow - Level 1 - Registering Cos (<function _CosGrad at 0x000002CB67E042C0>) in gradient.
[2026-01-24 18:25:22,540] tensorflow - Level 1 - Registering Tan (<function _TanGrad at 0x000002CB67E04360>) in gradient.
[2026-01-24 18:25:22,540] tensorflow - Level 1 - Registering Asin (<function _AsinGrad at 0x000002CB67E04400>) in gradient.
[2026-01-24 18:25:22,540] tensorflow - Level 1 - Registering Acos (<function _AcosGrad at 0x000002CB67E044A0>) in gradient.
[2026-01-24 18:25:22,540] tensorflow - Level 1 - Registering Atan (<function _AtanGrad at 0x000002CB67E04540>) in gradient.
[2026-01-24 18:25:22,542] tensorflow - Level 1 - Registering Atan2 (<function _Atan2Grad at 0x000002CB67E045E0>) in gradient.
[2026-01-24 18:25:22,542] tensorflow - Level 1 - Registering AddN (<function _AddNGrad at 0x000002CB67E04680>) in gradient.
[2026-01-24 18:25:22,542] tensorflow - Level 1 - Registering AddV2 (<function _AddGrad at 0x000002CB67E047C0>) in gradient.
[2026-01-24 18:25:22,542] tensorflow - Level 1 - Registering Add (<function _AddGrad at 0x000002CB67E047C0>) in gradient.
[2026-01-24 18:25:22,542] tensorflow - Level 1 - Registering Sub (<function _SubGrad at 0x000002CB67E04860>) in gradient.
[2026-01-24 18:25:22,542] tensorflow - Level 1 - Registering Mul (<function _MulGrad at 0x000002CB67E04900>) in gradient.
[2026-01-24 18:25:22,542] tensorflow - Level 1 - Registering MulNoNan (<function _MulNoNanGrad at 0x000002CB67E049A0>) in gradient.
[2026-01-24 18:25:22,542] tensorflow - Level 1 - Registering Div (<function _DivGrad at 0x000002CB67E04A40>) in gradient.
[2026-01-24 18:25:22,544] tensorflow - Level 1 - Registering FloorDiv (<function _FloorDivGrad at 0x000002CB67E04AE0>) in gradient.
[2026-01-24 18:25:22,544] tensorflow - Level 1 - Registering FloorMod (<function _FloorModGrad at 0x000002CB67E04B80>) in gradient.
[2026-01-24 18:25:22,546] tensorflow - Level 1 - Registering TruncateDiv (<function _TruncateDivGrad at 0x000002CB67E04C20>) in gradient.
[2026-01-24 18:25:22,546] tensorflow - Level 1 - Registering RealDiv (<function _RealDivGrad at 0x000002CB67E04CC0>) in gradient.
[2026-01-24 18:25:22,546] tensorflow - Level 1 - Registering DivNoNan (<function _DivNoNanGrad at 0x000002CB67E04D60>) in gradient.
[2026-01-24 18:25:22,546] tensorflow - Level 1 - Registering Pow (<function _PowGrad at 0x000002CB67E04E00>) in gradient.
[2026-01-24 18:25:22,546] tensorflow - Level 1 - Registering Maximum (<function _MaximumGrad at 0x000002CB67E04FE0>) in gradient.
[2026-01-24 18:25:22,548] tensorflow - Level 1 - Registering Minimum (<function _MinimumGrad at 0x000002CB67E05080>) in gradient.
[2026-01-24 18:25:22,548] tensorflow - Level 1 - Registering SquaredDifference (<function _SquaredDifferenceGrad at 0x000002CB67E05120>) in gradient.
[2026-01-24 18:25:22,550] tensorflow - Level 1 - Registering Less (None) in gradient.
[2026-01-24 18:25:22,550] tensorflow - Level 1 - Registering LessEqual (None) in gradient.
[2026-01-24 18:25:22,550] tensorflow - Level 1 - Registering Greater (None) in gradient.
[2026-01-24 18:25:22,552] tensorflow - Level 1 - Registering GreaterEqual (None) in gradient.
[2026-01-24 18:25:22,552] tensorflow - Level 1 - Registering Equal (None) in gradient.
[2026-01-24 18:25:22,553] tensorflow - Level 1 - Registering ApproximateEqual (None) in gradient.
[2026-01-24 18:25:22,554] tensorflow - Level 1 - Registering NotEqual (None) in gradient.
[2026-01-24 18:25:22,554] tensorflow - Level 1 - Registering LogicalAnd (None) in gradient.
[2026-01-24 18:25:22,554] tensorflow - Level 1 - Registering LogicalOr (None) in gradient.
[2026-01-24 18:25:22,554] tensorflow - Level 1 - Registering LogicalNot (None) in gradient.
[2026-01-24 18:25:22,554] tensorflow - Level 1 - Registering Select (<function _SelectGrad at 0x000002CB67E051C0>) in gradient.
[2026-01-24 18:25:22,556] tensorflow - Level 1 - Registering SelectV2 (<function _SelectGradV2 at 0x000002CB67E05260>) in gradient.
[2026-01-24 18:25:22,556] tensorflow - Level 1 - Registering MatMul (<function _MatMulGrad at 0x000002CB67E05440>) in gradient.
[2026-01-24 18:25:22,556] tensorflow - Level 1 - Registering SparseMatMul (<function _SparseMatMulGrad at 0x000002CB67E054E0>) in gradient.
[2026-01-24 18:25:22,556] tensorflow - Level 1 - Registering Floor (<function _FloorGrad at 0x000002CB67E05580>) in gradient.
[2026-01-24 18:25:22,556] tensorflow - Level 1 - Registering Ceil (<function _CeilGrad at 0x000002CB67E05620>) in gradient.
[2026-01-24 18:25:22,556] tensorflow - Level 1 - Registering Round (<function _RoundGrad at 0x000002CB67E056C0>) in gradient.
[2026-01-24 18:25:22,556] tensorflow - Level 1 - Registering Rint (<function _RintGrad at 0x000002CB67E05760>) in gradient.
[2026-01-24 18:25:22,556] tensorflow - Level 1 - Registering BatchMatMul (<function _BatchMatMul at 0x000002CB67E05800>) in gradient.
[2026-01-24 18:25:22,556] tensorflow - Level 1 - Registering BatchMatMulV3 (<function _BatchMatMulV2 at 0x000002CB67E058A0>) in gradient.
[2026-01-24 18:25:22,556] tensorflow - Level 1 - Registering BatchMatMulV2 (<function _BatchMatMulV2 at 0x000002CB67E058A0>) in gradient.
[2026-01-24 18:25:22,558] tensorflow - Level 1 - Registering Range (None) in gradient.
[2026-01-24 18:25:22,558] tensorflow - Level 1 - Registering LinSpace (None) in gradient.
[2026-01-24 18:25:22,558] tensorflow - Level 1 - Registering Complex (<function _ComplexGrad at 0x000002CB67E05940>) in gradient.
[2026-01-24 18:25:22,558] tensorflow - Level 1 - Registering Real (<function _RealGrad at 0x000002CB67E059E0>) in gradient.
[2026-01-24 18:25:22,560] tensorflow - Level 1 - Registering Imag (<function _ImagGrad at 0x000002CB67E05A80>) in gradient.
[2026-01-24 18:25:22,560] tensorflow - Level 1 - Registering Angle (<function _AngleGrad at 0x000002CB67E05B20>) in gradient.
[2026-01-24 18:25:22,560] tensorflow - Level 1 - Registering Conj (<function _ConjGrad at 0x000002CB67E05BC0>) in gradient.
[2026-01-24 18:25:22,560] tensorflow - Level 1 - Registering ComplexAbs (<function _ComplexAbsGrad at 0x000002CB67E05C60>) in gradient.
[2026-01-24 18:25:22,560] tensorflow - Level 1 - Registering Cast (<function _CastGrad at 0x000002CB67E05D00>) in gradient.
[2026-01-24 18:25:22,562] tensorflow - Level 1 - Registering Cross (<function _CrossGrad at 0x000002CB67E05DA0>) in gradient.
[2026-01-24 18:25:22,566] tensorflow - Level 1 - Registering Cumsum (<function _CumsumGrad at 0x000002CB67E05E40>) in gradient.
[2026-01-24 18:25:22,570] tensorflow - Level 1 - Registering Cumprod (<function _CumprodGrad at 0x000002CB67E05EE0>) in gradient.
[2026-01-24 18:25:22,574] tensorflow - Level 1 - Registering CumulativeLogsumexp (<function _CumulativeLogsumexpGrad at 0x000002CB67E05F80>) in gradient.
[2026-01-24 18:25:22,577] tensorflow - Level 1 - Registering NextAfter (<function _NextAfterGrad at 0x000002CB67E06020>) in gradient.
[2026-01-24 18:25:22,586] tensorflow - Level 1 - Registering NcclAllReduce (<function _all_sum_grad at 0x000002CB67E063E0>) in gradient.
[2026-01-24 18:25:22,589] tensorflow - Level 1 - Registering NcclReduce (<function _reduce_sum_grad at 0x000002CB67E06FC0>) in gradient.
[2026-01-24 18:25:22,589] tensorflow - Level 1 - Registering NcclBroadcast (<function _broadcast_grad at 0x000002CB67E07100>) in gradient.
[2026-01-24 18:25:22,593] tensorflow - Level 1 - Registering OptionalFromValue (<function _OptionalFromValueGrad at 0x000002CB67E06D40>) in gradient.
[2026-01-24 18:25:22,597] tensorflow - Level 1 - Registering OptionalGetValue (<function _OptionalGetValueGrad at 0x000002CB67E07420>) in gradient.
[2026-01-24 18:25:22,600] tensorflow - Level 1 - Registering DecodeRaw (None) in gradient.
[2026-01-24 18:25:22,604] tensorflow - Level 1 - Registering DecodePaddedRaw (None) in gradient.
[2026-01-24 18:25:22,605] tensorflow - Level 1 - Registering ParseTensor (None) in gradient.
[2026-01-24 18:25:22,606] tensorflow - Level 1 - Registering SerializeTensor (None) in gradient.
[2026-01-24 18:25:22,606] tensorflow - Level 1 - Registering StringToNumber (None) in gradient.
[2026-01-24 18:25:22,620] tensorflow - Level 1 - Registering DecodeProtoV2 (None) in gradient.
[2026-01-24 18:25:22,622] tensorflow - Level 1 - Registering EncodeProto (None) in gradient.
[2026-01-24 18:25:22,628] tensorflow - Level 1 - Registering RandomGamma (<function _RandomGammaGrad at 0x000002CB67E20180>) in gradient.
[2026-01-24 18:25:22,632] tensorflow - Level 1 - Registering StatelessRandomGammaV2 (<function _StatelessRandomGammaV2Grad at 0x000002CB67E202C0>) in gradient.
[2026-01-24 18:25:22,632] tensorflow - Level 1 - Registering StatelessRandomGammaV3 (<function _StatelessRandomGammaV3Grad at 0x000002CB67E20400>) in gradient.
[2026-01-24 18:25:22,632] tensorflow - Level 1 - Registering StatelessParameterizedTruncatedNormal (<function _StatelessParameterizedTruncatedNormalGrad at 0x000002CB67E20680>) in gradient.
[2026-01-24 18:25:22,649] tensorflow - Level 1 - Registering BlockLSTM (<function _block_lstm_grad at 0x000002CB67E20360>) in gradient.
[2026-01-24 18:25:22,652] tensorflow - Level 1 - Registering BlockLSTMV2 (<function _block_lstm_grad at 0x000002CB67E20360>) in gradient.
[2026-01-24 18:25:22,665] tensorflow - Level 1 - Registering SdcaFprint (None) in gradient.
[2026-01-24 18:25:22,670] tensorflow - Level 1 - Registering SdcaOptimizer (None) in gradient.
[2026-01-24 18:25:22,670] tensorflow - Level 1 - Registering SdcaOptimizerV2 (None) in gradient.
[2026-01-24 18:25:22,670] tensorflow - Level 1 - Registering SdcaShrinkL1 (None) in gradient.
[2026-01-24 18:25:22,686] tensorflow - Level 1 - Registering SetSize (None) in gradient.
[2026-01-24 18:25:22,688] tensorflow - Level 1 - Registering DenseToDenseSetOperation (None) in gradient.
[2026-01-24 18:25:22,688] tensorflow - Level 1 - Registering DenseToSparseSetOperation (None) in gradient.
[2026-01-24 18:25:22,688] tensorflow - Level 1 - Registering SparseToSparseSetOperation (None) in gradient.
[2026-01-24 18:25:22,696] tensorflow - Level 1 - Registering SparseAddGrad (None) in gradient.
[2026-01-24 18:25:22,700] tensorflow - Level 1 - Registering SparseConcat (None) in gradient.
[2026-01-24 18:25:22,700] tensorflow - Level 1 - Registering SparseReorder (<function _SparseReorderGrad at 0x000002CB67E5B6A0>) in gradient.
[2026-01-24 18:25:22,700] tensorflow - Level 1 - Registering SparseAdd (<function _SparseAddGrad at 0x000002CB67E5B880>) in gradient.
[2026-01-24 18:25:22,700] tensorflow - Level 1 - Registering SparseTensorDenseAdd (<function _SparseTensorDenseAddGrad at 0x000002CB67E5B7E0>) in gradient.
[2026-01-24 18:25:22,702] tensorflow - Level 1 - Registering SparseReduceSum (<function _SparseReduceSumGrad at 0x000002CB67E5B920>) in gradient.
[2026-01-24 18:25:22,702] tensorflow - Level 1 - Registering SparseSlice (<function _SparseSliceGrad at 0x000002CB67E5B9C0>) in gradient.
[2026-01-24 18:25:22,703] tensorflow - Level 1 - Registering SparseTensorDenseMatMul (<function _SparseTensorDenseMatMulGrad at 0x000002CB67E5BA60>) in gradient.
[2026-01-24 18:25:22,704] tensorflow - Level 1 - Registering SparseDenseCwiseAdd (<function _SparseDenseCwiseAddGrad at 0x000002CB67E5BB00>) in gradient.
[2026-01-24 18:25:22,705] tensorflow - Level 1 - Registering SparseDenseCwiseMul (<function _SparseDenseCwiseMulGrad at 0x000002CB67E5BC40>) in gradient.
[2026-01-24 18:25:22,705] tensorflow - Level 1 - Registering SparseDenseCwiseDiv (<function _SparseDenseCwiseDivGrad at 0x000002CB67E5BCE0>) in gradient.
[2026-01-24 18:25:22,706] tensorflow - Level 1 - Registering SparseSoftmax (<function _SparseSoftmaxGrad at 0x000002CB67E5BD80>) in gradient.
[2026-01-24 18:25:22,706] tensorflow - Level 1 - Registering SparseSparseMaximum (<function _SparseSparseMaximumGrad at 0x000002CB67E5BE20>) in gradient.
[2026-01-24 18:25:22,706] tensorflow - Level 1 - Registering SparseSparseMinimum (<function _SparseSparseMinimumGrad at 0x000002CB67E5BEC0>) in gradient.
[2026-01-24 18:25:22,706] tensorflow - Level 1 - Registering SparseFillEmptyRows (<function _SparseFillEmptyRowsGrad at 0x000002CB67E5BF60>) in gradient.
[2026-01-24 18:25:22,706] tensorflow - Level 1 - Registering SparseToDense (<function _SparseToDenseGrad at 0x000002CB67E7C040>) in gradient.
[2026-01-24 18:25:22,711] tensorflow - Level 1 - Registering TensorArray (None) in gradient.
[2026-01-24 18:25:22,715] tensorflow - Level 1 - Registering TensorArrayGrad (None) in gradient.
[2026-01-24 18:25:22,715] tensorflow - Level 1 - Registering TensorArraySize (None) in gradient.
[2026-01-24 18:25:22,717] tensorflow - Level 1 - Registering TensorArrayClose (None) in gradient.
[2026-01-24 18:25:22,717] tensorflow - Level 1 - Registering TensorArrayV2 (None) in gradient.
[2026-01-24 18:25:22,717] tensorflow - Level 1 - Registering TensorArrayGradV2 (None) in gradient.
[2026-01-24 18:25:22,717] tensorflow - Level 1 - Registering TensorArraySizeV2 (None) in gradient.
[2026-01-24 18:25:22,719] tensorflow - Level 1 - Registering TensorArrayCloseV2 (None) in gradient.
[2026-01-24 18:25:22,719] tensorflow - Level 1 - Registering TensorArrayV3 (None) in gradient.
[2026-01-24 18:25:22,719] tensorflow - Level 1 - Registering TensorArrayGradV3 (None) in gradient.
[2026-01-24 18:25:22,719] tensorflow - Level 1 - Registering TensorArrayGradWithShape (None) in gradient.
[2026-01-24 18:25:22,721] tensorflow - Level 1 - Registering TensorArraySizeV3 (None) in gradient.
[2026-01-24 18:25:22,721] tensorflow - Level 1 - Registering TensorArrayCloseV3 (None) in gradient.
[2026-01-24 18:25:22,721] tensorflow - Level 1 - Registering TensorArrayReadV3 (<function _TensorArrayReadGrad at 0x000002CB67E7C220>) in gradient.
[2026-01-24 18:25:22,723] tensorflow - Level 1 - Registering TensorArrayReadV2 (<function _TensorArrayReadGrad at 0x000002CB67E7C220>) in gradient.
[2026-01-24 18:25:22,723] tensorflow - Level 1 - Registering TensorArrayRead (<function _TensorArrayReadGrad at 0x000002CB67E7C220>) in gradient.
[2026-01-24 18:25:22,723] tensorflow - Level 1 - Registering TensorArrayWriteV3 (<function _TensorArrayWriteGrad at 0x000002CB67E7C180>) in gradient.
[2026-01-24 18:25:22,725] tensorflow - Level 1 - Registering TensorArrayWriteV2 (<function _TensorArrayWriteGrad at 0x000002CB67E7C180>) in gradient.
[2026-01-24 18:25:22,725] tensorflow - Level 1 - Registering TensorArrayWrite (<function _TensorArrayWriteGrad at 0x000002CB67E7C180>) in gradient.
[2026-01-24 18:25:22,725] tensorflow - Level 1 - Registering TensorArrayGatherV3 (<function _TensorArrayGatherGrad at 0x000002CB67E7C2C0>) in gradient.
[2026-01-24 18:25:22,725] tensorflow - Level 1 - Registering TensorArrayGatherV2 (<function _TensorArrayGatherGrad at 0x000002CB67E7C2C0>) in gradient.
[2026-01-24 18:25:22,727] tensorflow - Level 1 - Registering TensorArrayGather (<function _TensorArrayGatherGrad at 0x000002CB67E7C2C0>) in gradient.
[2026-01-24 18:25:22,727] tensorflow - Level 1 - Registering TensorArrayScatterV3 (<function _TensorArrayScatterGrad at 0x000002CB67E7C360>) in gradient.
[2026-01-24 18:25:22,727] tensorflow - Level 1 - Registering TensorArrayScatterV2 (<function _TensorArrayScatterGrad at 0x000002CB67E7C360>) in gradient.
[2026-01-24 18:25:22,727] tensorflow - Level 1 - Registering TensorArrayScatter (<function _TensorArrayScatterGrad at 0x000002CB67E7C360>) in gradient.
[2026-01-24 18:25:22,727] tensorflow - Level 1 - Registering TensorArrayConcatV3 (<function _TensorArrayConcatGrad at 0x000002CB67E7C400>) in gradient.
[2026-01-24 18:25:22,727] tensorflow - Level 1 - Registering TensorArrayConcatV2 (<function _TensorArrayConcatGrad at 0x000002CB67E7C400>) in gradient.
[2026-01-24 18:25:22,727] tensorflow - Level 1 - Registering TensorArrayConcat (<function _TensorArrayConcatGrad at 0x000002CB67E7C400>) in gradient.
[2026-01-24 18:25:22,729] tensorflow - Level 1 - Registering TensorArraySplitV3 (<function _TensorArraySplitGrad at 0x000002CB67E7C4A0>) in gradient.
[2026-01-24 18:25:22,729] tensorflow - Level 1 - Registering TensorArraySplitV2 (<function _TensorArraySplitGrad at 0x000002CB67E7C4A0>) in gradient.
[2026-01-24 18:25:22,729] tensorflow - Level 1 - Registering TensorArraySplit (<function _TensorArraySplitGrad at 0x000002CB67E7C4A0>) in gradient.
[2026-01-24 18:25:22,752] tensorflow - Level 1 - Registering DenseToCSRSparseMatrix (<function _DenseToCSRSparseMatrixGrad at 0x000002CB67E7C720>) in gradient.
[2026-01-24 18:25:22,753] tensorflow - Level 1 - Registering CSRSparseMatrixToDense (<function _CSRSparseMatrixToDenseGrad at 0x000002CB67E7C860>) in gradient.
[2026-01-24 18:25:22,753] tensorflow - Level 1 - Registering SparseTensorToCSRSparseMatrix (<function _SparseTensorToCSRSparseMatrixGrad at 0x000002CB67EB1260>) in gradient.
[2026-01-24 18:25:22,753] tensorflow - Level 1 - Registering CSRSparseMatrixToSparseTensor (<function _CSRSparseMatrixToSparseTensorGrad at 0x000002CB67EB11C0>) in gradient.
[2026-01-24 18:25:22,753] tensorflow - Level 1 - Registering SparseMatrixNNZ (None) in gradient.
[2026-01-24 18:25:22,753] tensorflow - Level 1 - Registering SparseMatrixZeros (None) in gradient.
[2026-01-24 18:25:22,753] tensorflow - Level 1 - Registering SparseMatrixAdd (<function _SparseMatrixAddGrad at 0x000002CB67EB1440>) in gradient.
[2026-01-24 18:25:22,753] tensorflow - Level 1 - Registering SparseMatrixTranspose (<function _SparseMatrixTransposeGrad at 0x000002CB67EB1580>) in gradient.
[2026-01-24 18:25:22,760] tensorflow - Level 1 - Registering SparseMatrixSoftmax (<function _SparseMatrixSoftmaxGrad at 0x000002CB67EB1620>) in gradient.
[2026-01-24 18:25:22,760] tensorflow - Level 1 - Registering SparseMatrixMatMul (<function _SparseMatrixMatMulGrad at 0x000002CB67EB16C0>) in gradient.
[2026-01-24 18:25:22,760] tensorflow - Level 1 - Registering SparseMatrixSparseMatMul (<function _SparseMatrixSparseMatMulGrad at 0x000002CB67EB1760>) in gradient.
[2026-01-24 18:25:22,760] tensorflow - Level 1 - Registering SparseMatrixMul (<function _SparseMatrixMulGrad at 0x000002CB67EB1800>) in gradient.
[2026-01-24 18:25:22,781] tensorflow - Level 1 - Registering FFT (<function _fft_grad at 0x000002CB67EDF2E0>) in gradient.
[2026-01-24 18:25:22,781] tensorflow - Level 1 - Registering IFFT (<function _ifft_grad at 0x000002CB67EDF380>) in gradient.
[2026-01-24 18:25:22,784] tensorflow - Level 1 - Registering FFT2D (<function _fft2d_grad at 0x000002CB67EDF420>) in gradient.
[2026-01-24 18:25:22,785] tensorflow - Level 1 - Registering IFFT2D (<function _ifft2d_grad at 0x000002CB67EDF560>) in gradient.
[2026-01-24 18:25:22,786] tensorflow - Level 1 - Registering FFT3D (<function _fft3d_grad at 0x000002CB67EDF600>) in gradient.
[2026-01-24 18:25:22,786] tensorflow - Level 1 - Registering IFFT3D (<function _ifft3d_grad at 0x000002CB67EDF6A0>) in gradient.
[2026-01-24 18:25:22,787] tensorflow - Level 1 - Registering RFFT (<function _rfft_grad_helper.<locals>._grad at 0x000002CB67EDFB00>) in gradient.
[2026-01-24 18:25:22,787] tensorflow - Level 1 - Registering IRFFT (<function _irfft_grad_helper.<locals>._grad at 0x000002CB67EDFCE0>) in gradient.
[2026-01-24 18:25:22,787] tensorflow - Level 1 - Registering RFFT2D (<function _rfft_grad_helper.<locals>._grad at 0x000002CB67EDFD80>) in gradient.
[2026-01-24 18:25:22,787] tensorflow - Level 1 - Registering IRFFT2D (<function _irfft_grad_helper.<locals>._grad at 0x000002CB67EDFE20>) in gradient.
[2026-01-24 18:25:22,793] tensorflow - Level 1 - Registering GenerateVocabRemapping (None) in gradient.
[2026-01-24 18:25:22,797] tensorflow - Level 1 - Registering LoadAndRemapMatrix (None) in gradient.
[2026-01-24 18:25:22,840] tensorflow - Level 1 - Registering XlaVariadicReduce (None) in gradient.
[2026-01-24 18:25:22,840] tensorflow - Level 1 - Registering XlaSharding (<function _sharding_grad at 0x000002CB67FAE840>) in gradient.
[2026-01-24 18:25:22,840] tensorflow - Level 1 - Registering XlaSpmdFullToShardShape (<function _spmd_full_to_shard_shape_grad at 0x000002CB67FAE8E0>) in gradient.
[2026-01-24 18:25:22,847] tensorflow - Level 1 - Registering XlaSpmdShardToFullShape (<function _spmd_shard_to_full_shape_grad at 0x000002CB67FAE980>) in gradient.
[2026-01-24 18:25:22,879] tensorflow - Level 1 - Registering CTCLoss (<function _CTCLossGrad at 0x000002CB67FF2DE0>) in gradient.
[2026-01-24 18:25:22,881] tensorflow - Level 1 - Registering CTCLossV2 (<function _CTCLossV2Grad at 0x000002CB67FF2E80>) in gradient.
[2026-01-24 18:25:22,883] tensorflow - Level 1 - Registering CTCGreedyDecoder (None) in gradient.
[2026-01-24 18:25:22,883] tensorflow - Level 1 - Registering CTCBeamSearchDecoder (None) in gradient.
[2026-01-24 18:25:22,887] tensorflow - Level 1 - Registering FusedBatchNormGrad (<function _FusedBatchNormGradGrad at 0x000002CB68020900>) in gradient.
[2026-01-24 18:25:22,889] tensorflow - Level 1 - Registering FusedBatchNormGradV2 (<function _FusedBatchNormGradGradV2 at 0x000002CB680209A0>) in gradient.
[2026-01-24 18:25:22,889] tensorflow - Level 1 - Registering FusedBatchNormGradV3 (<function _FusedBatchNormGradGradV3 at 0x000002CB68020B80>) in gradient.
[2026-01-24 18:25:22,914] tensorflow - Level 1 - Registering variables ((<class 'tensorflow.core.framework.variable_pb2.VariableDef'>, <function _to_proto_fn at 0x000002CB68048C20>, <function _from_proto_fn at 0x000002CB68048F40>)) in proto functions.
[2026-01-24 18:25:22,919] tensorflow - Level 1 - Registering trainable_variables ((<class 'tensorflow.core.framework.variable_pb2.VariableDef'>, <function _to_proto_fn at 0x000002CB68048C20>, <function _from_proto_fn at 0x000002CB68048F40>)) in proto functions.
[2026-01-24 18:25:22,919] tensorflow - Level 1 - Registering moving_average_variables ((<class 'tensorflow.core.framework.variable_pb2.VariableDef'>, <function _to_proto_fn at 0x000002CB68048C20>, <function _from_proto_fn at 0x000002CB68048F40>)) in proto functions.
[2026-01-24 18:25:22,919] tensorflow - Level 1 - Registering local_variables ((<class 'tensorflow.core.framework.variable_pb2.VariableDef'>, <function _to_proto_fn at 0x000002CB68048C20>, <function _from_proto_fn at 0x000002CB68048F40>)) in proto functions.
[2026-01-24 18:25:22,919] tensorflow - Level 1 - Registering model_variables ((<class 'tensorflow.core.framework.variable_pb2.VariableDef'>, <function _to_proto_fn at 0x000002CB68048C20>, <function _from_proto_fn at 0x000002CB68048F40>)) in proto functions.
[2026-01-24 18:25:22,922] tensorflow - Level 1 - Registering global_step ((<class 'tensorflow.core.framework.variable_pb2.VariableDef'>, <function _to_proto_fn at 0x000002CB68048C20>, <function _from_proto_fn at 0x000002CB68048F40>)) in proto functions.
[2026-01-24 18:25:22,922] tensorflow - Level 1 - Registering metric_variables ((<class 'tensorflow.core.framework.variable_pb2.VariableDef'>, <function _to_proto_fn at 0x000002CB68048C20>, <function _from_proto_fn at 0x000002CB68048F40>)) in proto functions.
[2026-01-24 18:25:22,926] tensorflow - Level 1 - Registering RandomCrop (None) in gradient.
[2026-01-24 18:25:22,933] tensorflow - Level 1 - Registering HSVToRGB (None) in gradient.
[2026-01-24 18:25:22,933] tensorflow - Level 1 - Registering DrawBoundingBoxes (None) in gradient.
[2026-01-24 18:25:22,933] tensorflow - Level 1 - Registering SampleDistortedBoundingBox (None) in gradient.
[2026-01-24 18:25:22,933] tensorflow - Level 1 - Registering SampleDistortedBoundingBoxV2 (None) in gradient.
[2026-01-24 18:25:22,933] tensorflow - Level 1 - Registering ExtractGlimpse (None) in gradient.
[2026-01-24 18:25:22,933] tensorflow - Level 1 - Registering NonMaxSuppression (None) in gradient.
[2026-01-24 18:25:22,933] tensorflow - Level 1 - Registering NonMaxSuppressionV2 (None) in gradient.
[2026-01-24 18:25:22,933] tensorflow - Level 1 - Registering NonMaxSuppressionWithOverlaps (None) in gradient.
[2026-01-24 18:25:22,933] tensorflow - Level 1 - Registering GenerateBoundingBoxProposals (None) in gradient.
[2026-01-24 18:25:22,986] tensorflow - Level 1 - Registering ImageProjectiveTransformV2 (<function _image_projective_transform_grad at 0x000002CB692F5940>) in gradient.
[2026-01-24 18:25:22,989] tensorflow - Level 1 - Registering ImageProjectiveTransformV3 (<function _image_projective_transform_v3_grad at 0x000002CB692F5B20>) in gradient.
[2026-01-24 18:25:23,305] tensorflow - Level 1 - Registering savers ((<class 'tensorflow.core.protobuf.saver_pb2.SaverDef'>, <function Saver.to_proto at 0x000002CB695BCEA0>, <function Saver.from_proto at 0x000002CB695BCF40>)) in proto functions.
[2026-01-24 18:25:23,333] tensorflow - Level 1 - Registering EagerPyFunc (<function _EagerPyFuncGrad at 0x000002CB695F1B20>) in gradient.
[2026-01-24 18:25:23,336] tensorflow - Level 1 - Registering PyFunc (None) in gradient.
[2026-01-24 18:25:23,338] tensorflow - Level 1 - Registering PyFuncStateless (None) in gradient.
[2026-01-24 18:25:23,369] tensorflow - Level 1 - Registering ReduceDataset (None) in gradient.
[2026-01-24 18:25:23,378] tensorflow - Level 1 - Registering tensorflow.python.data.ops.dataset_ops (<function _tf2_callback at 0x000002CB6963FF60>) in data_v2_callbacks.
[2026-01-24 18:25:23,396] tensorflow - Level 1 - Registering _resource_resolver (<function _resource_resolver at 0x000002CB696CCC20>) in acd_resource_resolvers.
[2026-01-24 18:25:23,423] tensorflow - Level 1 - Registering tensorflow.python.data.experimental.ops.counter (<function _tf2_callback at 0x000002CB696CE160>) in data_v2_callbacks.
[2026-01-24 18:25:23,474] tensorflow - Level 1 - Registering tensorflow.python.data.ops.readers (<function _tf2_callback at 0x000002CB696CD800>) in data_v2_callbacks.
[2026-01-24 18:25:23,486] tensorflow - Level 1 - Registering tensorflow.python.data.experimental.ops.interleave_ops (<function _tf2_callback at 0x000002CB696DDB20>) in data_v2_callbacks.
[2026-01-24 18:25:23,570] tensorflow - Level 1 - Registering tensorflow.python.data.experimental.ops.random_ops (<function _tf2_callback at 0x000002CB69780CC0>) in data_v2_callbacks.
[2026-01-24 18:25:23,585] tensorflow - Level 1 - Registering tensorflow.python.data.experimental.ops.readers (<function _tf2_callback at 0x000002CB697825C0>) in data_v2_callbacks.
[2026-01-24 18:25:24,044] tensorflow - Level 1 - Registering tpu_replicated_input_resolver (<function tpu_replicated_input_resolver at 0x000002CB699FE5C0>) in acd_resource_resolvers.
[2026-01-24 18:25:24,064] tensorflow - DEBUG - Falling back to TensorFlow client; we recommended you install the Cloud TPU client directly with pip install cloud-tpu-client.
[2026-01-24 18:25:24,741] tensorflow - Level 1 - Registering queue_runners ((<class 'tensorflow.core.protobuf.queue_runner_pb2.QueueRunnerDef'>, <function QueueRunner.to_proto at 0x000002CB69C28FE0>, <function QueueRunner.from_proto at 0x000002CB69C29080>)) in proto functions.
[2026-01-24 18:25:25,761] h5py._conv - DEBUG - Creating converter from 7 to 5
[2026-01-24 18:25:25,761] h5py._conv - DEBUG - Creating converter from 5 to 7
[2026-01-24 18:25:25,761] h5py._conv - DEBUG - Creating converter from 7 to 5
[2026-01-24 18:25:25,761] h5py._conv - DEBUG - Creating converter from 5 to 7
[2026-01-24 18:25:26,217] tensorflow - Level 1 - Registering DebugGradientIdentity (<function _identify_gradient_grad at 0x000002CB6A6A5940>) in gradient.
[2026-01-24 18:25:26,218] tensorflow - Level 1 - Registering DebugGradientRefIdentity (<function _identify_gradient_grad_ref at 0x000002CB6A6A59E0>) in gradient.
[2026-01-24 18:25:26,322] tensorflow - Level 1 - Registering DebugIdentityV2 (<function _debug_identity_v2_grad at 0x000002CB6A728D60>) in gradient.
[2026-01-24 18:25:27,028] tensorflow - Level 1 - Registering AudioMicrofrontend (None) in gradient.
[2026-01-24 18:25:27,227] tensorflow - Level 1 - Registering Reciprocal,flops (<function _reciprocal_flops at 0x000002CB6ACEE660>) in statistical functions.
[2026-01-24 18:25:27,227] tensorflow - Level 1 - Registering Square,flops (<function _square_flops at 0x000002CB6ACEE700>) in statistical functions.
[2026-01-24 18:25:27,234] tensorflow - Level 1 - Registering Rsqrt,flops (<function _rsqrt_flops at 0x000002CB6ACEE840>) in statistical functions.
[2026-01-24 18:25:27,234] tensorflow - Level 1 - Registering Log,flops (<function _log_flops at 0x000002CB6ACEE7A0>) in statistical functions.
[2026-01-24 18:25:27,234] tensorflow - Level 1 - Registering Neg,flops (<function _neg_flops at 0x000002CB6ACEE8E0>) in statistical functions.
[2026-01-24 18:25:27,234] tensorflow - Level 1 - Registering AssignSub,flops (<function _assign_sub_flops at 0x000002CB6ACEE980>) in statistical functions.
[2026-01-24 18:25:27,234] tensorflow - Level 1 - Registering AssignAdd,flops (<function _assign_add_flops at 0x000002CB6ACEEA20>) in statistical functions.
[2026-01-24 18:25:27,234] tensorflow - Level 1 - Registering L2Loss,flops (<function _l2_loss_flops at 0x000002CB6ACEEAC0>) in statistical functions.
[2026-01-24 18:25:27,234] tensorflow - Level 1 - Registering Softmax,flops (<function _softmax_flops at 0x000002CB6ACEEB60>) in statistical functions.
[2026-01-24 18:25:27,234] tensorflow - Level 1 - Registering AddV2,flops (<function _add_flops at 0x000002CB6ACEECA0>) in statistical functions.
[2026-01-24 18:25:27,234] tensorflow - Level 1 - Registering Add,flops (<function _add_flops at 0x000002CB6ACEECA0>) in statistical functions.
[2026-01-24 18:25:27,234] tensorflow - Level 1 - Registering Sub,flops (<function _sub_flops at 0x000002CB6ACEED40>) in statistical functions.
[2026-01-24 18:25:27,234] tensorflow - Level 1 - Registering Mul,flops (<function _mul_flops at 0x000002CB6ACEEDE0>) in statistical functions.
[2026-01-24 18:25:27,234] tensorflow - Level 1 - Registering RealDiv,flops (<function _real_div_flops at 0x000002CB6ACEEE80>) in statistical functions.
[2026-01-24 18:25:27,234] tensorflow - Level 1 - Registering Maximum,flops (<function _maximum_flops at 0x000002CB6ACEEF20>) in statistical functions.
[2026-01-24 18:25:27,234] tensorflow - Level 1 - Registering Minimum,flops (<function _minimum_flops at 0x000002CB6ACEEFC0>) in statistical functions.
[2026-01-24 18:25:27,242] tensorflow - Level 1 - Registering Pow,flops (<function _pow_flops at 0x000002CB6ACEF060>) in statistical functions.
[2026-01-24 18:25:27,242] tensorflow - Level 1 - Registering RsqrtGrad,flops (<function _rsqrt_grad_flops at 0x000002CB6ACEF100>) in statistical functions.
[2026-01-24 18:25:27,243] tensorflow - Level 1 - Registering GreaterEqual,flops (<function _greater_equal_flops at 0x000002CB6ACEF1A0>) in statistical functions.
[2026-01-24 18:25:27,243] tensorflow - Level 1 - Registering Greater,flops (<function _greater_flops at 0x000002CB6ACEF240>) in statistical functions.
[2026-01-24 18:25:27,243] tensorflow - Level 1 - Registering LessEqual,flops (<function _less_equal_flops at 0x000002CB6ACEF2E0>) in statistical functions.
[2026-01-24 18:25:27,243] tensorflow - Level 1 - Registering Less,flops (<function _less_flops at 0x000002CB6ACEF380>) in statistical functions.
[2026-01-24 18:25:27,243] tensorflow - Level 1 - Registering Equal,flops (<function _equal_flops at 0x000002CB6ACEF420>) in statistical functions.
[2026-01-24 18:25:27,243] tensorflow - Level 1 - Registering NotEqual,flops (<function _not_equal_flops at 0x000002CB6ACEF4C0>) in statistical functions.
[2026-01-24 18:25:27,243] tensorflow - Level 1 - Registering SquaredDifference,flops (<function _squared_difference_flops at 0x000002CB6ACEF560>) in statistical functions.
[2026-01-24 18:25:27,243] tensorflow - Level 1 - Registering Mean,flops (<function _mean_flops at 0x000002CB6ACEF6A0>) in statistical functions.
[2026-01-24 18:25:27,243] tensorflow - Level 1 - Registering Sum,flops (<function _sum_flops at 0x000002CB6ACEF740>) in statistical functions.
[2026-01-24 18:25:27,243] tensorflow - Level 1 - Registering ArgMax,flops (<function _arg_max_flops at 0x000002CB6ACEF7E0>) in statistical functions.
[2026-01-24 18:25:27,243] tensorflow - Level 1 - Registering ArgMin,flops (<function _arg_min_flops at 0x000002CB6ACEF880>) in statistical functions.
[2026-01-24 18:25:27,243] tensorflow - Level 1 - Registering BiasAddGrad,flops (<function _bias_add_grad_flops at 0x000002CB6ACEF920>) in statistical functions.
[2026-01-24 18:25:27,243] tensorflow - Level 1 - Registering AvgPool,flops (<function _avg_pool_flops at 0x000002CB6ACEFB00>) in statistical functions.
[2026-01-24 18:25:27,243] tensorflow - Level 1 - Registering MaxPool,flops (<function _max_pool_flops at 0x000002CB6ACEFBA0>) in statistical functions.
[2026-01-24 18:25:27,243] tensorflow - Level 1 - Registering AvgPoolGrad,flops (<function _avg_pool_grad_flops at 0x000002CB6ACEFC40>) in statistical functions.
[2026-01-24 18:25:27,243] tensorflow - Level 1 - Registering MaxPoolGrad,flops (<function _max_pool_grad_flops at 0x000002CB6ACEFCE0>) in statistical functions.
[2026-01-24 18:25:27,243] tensorflow - Level 1 - Registering Conv2DBackpropInput,flops (<function _conv_2d_backprop_input_flops at 0x000002CB6ACEFD80>) in statistical functions.
[2026-01-24 18:25:27,243] tensorflow - Level 1 - Registering Conv2DBackpropFilter,flops (<function _conv_2d_backprop_filter_flops at 0x000002CB6ACEFE20>) in statistical functions.
[2026-01-24 18:25:27,243] tensorflow - Level 1 - Registering AddN,flops (<function _add_n_flops at 0x000002CB6ACEFEC0>) in statistical functions.
[2026-01-24 18:25:27,250] tensorflow - Level 1 - Registering MatMul,flops (<function _calc_mat_mul_flops at 0x000002CB6ACEFF60>) in statistical functions.
[2026-01-24 18:25:27,250] tensorflow - Level 1 - Registering BatchMatMulV3,flops (<function _calc_batch_mat_mul_flops at 0x000002CB6BCE0040>) in statistical functions.
[2026-01-24 18:25:27,250] tensorflow - Level 1 - Registering BatchMatMulV2,flops (<function _calc_batch_mat_mul_flops at 0x000002CB6BCE0040>) in statistical functions.
[2026-01-24 18:25:27,250] tensorflow - Level 1 - Registering BatchMatMul,flops (<function _calc_batch_mat_mul_flops at 0x000002CB6BCE0040>) in statistical functions.
[2026-01-24 18:25:28,691] tensorflow - Level 1 - Enabling eager execution
[2026-01-24 18:25:28,694] tensorflow - Level 1 - Enabling v2 tensorshape
[2026-01-24 18:25:28,694] tensorflow - Level 1 - Enabling resource variables
[2026-01-24 18:25:28,694] tensorflow - Level 1 - Enabling tensor equality
[2026-01-24 18:25:28,694] tensorflow - Level 1 - Enabling control flow v2
[2026-01-24 18:25:30,357] matplotlib - DEBUG - matplotlib data path: C:\Users\BS\anaconda3\Lib\site-packages\matplotlib\mpl-data
[2026-01-24 18:25:30,379] matplotlib - DEBUG - CONFIGDIR=C:\Users\BS\.matplotlib
[2026-01-24 18:25:30,386] matplotlib - DEBUG - interactive is False
[2026-01-24 18:25:30,390] matplotlib - DEBUG - platform is win32
[2026-01-24 18:25:30,690] matplotlib - DEBUG - CACHEDIR=C:\Users\BS\.matplotlib
[2026-01-24 18:25:30,703] matplotlib.font_manager - DEBUG - Using fontManager instance from C:\Users\BS\.matplotlib\fontlist-v390.json
[2026-01-24 18:25:58,645] tensorflow - WARNING - From C:\Users\BS\anaconda3\Lib\site-packages\tf_keras\src\losses.py:2976: The name tf.losses.sparse_softmax_cross_entropy is deprecated. Please use tf.compat.v1.losses.sparse_softmax_cross_entropy instead.

