[2026-01-24 18:11:18,079] tensorflow - Level 1 - Registering Relayout (<function _relayout_gradient at 0x000001FA9571FCE0>) in gradient.
[2026-01-24 18:11:18,089] tensorflow - Level 1 - Registering RelayoutLike (<function _relayout_grad_gradient at 0x000001FA9571FE20>) in gradient.
[2026-01-24 18:11:18,090] tensorflow - Level 1 - Registering CopyToMesh (<function _copy_to_mesh_gradient at 0x000001FA9574C540>) in gradient.
[2026-01-24 18:11:18,091] tensorflow - Level 1 - Registering CopyToMeshGrad (<function _copy_to_mesh_grad_gradient at 0x000001FA9574C4A0>) in gradient.
[2026-01-24 18:11:18,133] tensorflow - Level 1 - Registering FakeQuantWithMinMaxArgs (<function _FakeQuantWithMinMaxArgsGradient at 0x000001FA957E45E0>) in gradient.
[2026-01-24 18:11:18,141] tensorflow - Level 1 - Registering FakeQuantWithMinMaxVars (<function _FakeQuantWithMinMaxVarsGradient at 0x000001FA957E47C0>) in gradient.
[2026-01-24 18:11:18,142] tensorflow - Level 1 - Registering FakeQuantWithMinMaxVarsPerChannel (<function _FakeQuantWithMinMaxVarsPerChannelGradient at 0x000001FA957E4D60>) in gradient.
[2026-01-24 18:11:18,143] tensorflow - Level 1 - Registering QuantizeAndDequantizeV4 (<function _QuantizeAndDequantizeV4Grad at 0x000001FA957E4E00>) in gradient.
[2026-01-24 18:11:18,143] tensorflow - Level 1 - Registering QuantizeAndDequantizeV4Grad (<function _QuantizeAndDequantizeV4GradGrad at 0x000001FA957E4EA0>) in gradient.
[2026-01-24 18:11:18,260] tensorflow - Level 1 - Registering TensorListConcatLists (None) in gradient.
[2026-01-24 18:11:18,265] tensorflow - Level 1 - Registering TensorListElementShape (None) in gradient.
[2026-01-24 18:11:18,266] tensorflow - Level 1 - Registering TensorListLength (None) in gradient.
[2026-01-24 18:11:18,266] tensorflow - Level 1 - Registering TensorListPushBackBatch (None) in gradient.
[2026-01-24 18:11:18,267] tensorflow - Level 1 - Registering TensorListPushBack (<function _PushBackGrad at 0x000001FA95999760>) in gradient.
[2026-01-24 18:11:18,267] tensorflow - Level 1 - Registering TensorListPopBack (<function _PopBackGrad at 0x000001FA95999800>) in gradient.
[2026-01-24 18:11:18,267] tensorflow - Level 1 - Registering TensorListStack (<function _TensorListStackGrad at 0x000001FA959998A0>) in gradient.
[2026-01-24 18:11:18,268] tensorflow - Level 1 - Registering TensorListConcatV2 (<function _TensorListConcatGrad at 0x000001FA95999940>) in gradient.
[2026-01-24 18:11:18,268] tensorflow - Level 1 - Registering TensorListConcat (<function _TensorListConcatGrad at 0x000001FA95999940>) in gradient.
[2026-01-24 18:11:18,268] tensorflow - Level 1 - Registering TensorListSplit (<function _TensorListSplitGrad at 0x000001FA959999E0>) in gradient.
[2026-01-24 18:11:18,269] tensorflow - Level 1 - Registering TensorListFromTensor (<function _TensorListFromTensorGrad at 0x000001FA95999A80>) in gradient.
[2026-01-24 18:11:18,269] tensorflow - Level 1 - Registering TensorListGetItem (<function _TensorListGetItemGrad at 0x000001FA95999B20>) in gradient.
[2026-01-24 18:11:18,270] tensorflow - Level 1 - Registering TensorListSetItem (<function _TensorListSetItemGrad at 0x000001FA95999BC0>) in gradient.
[2026-01-24 18:11:18,270] tensorflow - Level 1 - Registering TensorListResize (<function _TensorListResizeGrad at 0x000001FA95999C60>) in gradient.
[2026-01-24 18:11:18,270] tensorflow - Level 1 - Registering TensorListGather (<function _TensorListGatherGrad at 0x000001FA95999D00>) in gradient.
[2026-01-24 18:11:18,271] tensorflow - Level 1 - Registering TensorListScatterV2 (<function _TensorListScatterGrad at 0x000001FA95999DA0>) in gradient.
[2026-01-24 18:11:18,271] tensorflow - Level 1 - Registering TensorListScatter (<function _TensorListScatterGrad at 0x000001FA95999DA0>) in gradient.
[2026-01-24 18:11:18,271] tensorflow - Level 1 - Registering TensorListScatterIntoExistingList (<function _TensorListScatterIntoExistingListGrad at 0x000001FA95999E40>) in gradient.
[2026-01-24 18:11:18,444] tensorflow - Level 1 - Registering AccumulateNV2 (<function _accumulate_n_grad at 0x000001FA95B43060>) in gradient.
[2026-01-24 18:11:18,552] tensorflow - Level 1 - Registering cond_context ((<class 'tensorflow.core.protobuf.control_flow_pb2.CondContextDef'>, <function CondContext.to_proto at 0x000001FA95C5A0C0>, <function CondContext.from_proto at 0x000001FA95C5A160>)) in proto functions.
[2026-01-24 18:11:18,555] tensorflow - Level 1 - Registering while_context ((<class 'tensorflow.core.protobuf.control_flow_pb2.WhileContextDef'>, <function WhileContext.to_proto at 0x000001FA95C5AF20>, <function WhileContext.from_proto at 0x000001FA95C5B060>)) in proto functions.
[2026-01-24 18:11:18,556] tensorflow - Level 1 - Registering _identity_resolver (<function _identity_resolver at 0x000001FA95C6CF40>) in acd_resource_resolvers.
[2026-01-24 18:11:18,706] tensorflow - Level 1 - Registering Assign (None) in gradient.
[2026-01-24 18:11:18,709] tensorflow - Level 1 - Registering AssignAdd (None) in gradient.
[2026-01-24 18:11:18,710] tensorflow - Level 1 - Registering AssignSub (None) in gradient.
[2026-01-24 18:11:18,710] tensorflow - Level 1 - Registering ScatterAdd (None) in gradient.
[2026-01-24 18:11:18,711] tensorflow - Level 1 - Registering ScatterSub (None) in gradient.
[2026-01-24 18:11:18,711] tensorflow - Level 1 - Registering ScatterMul (None) in gradient.
[2026-01-24 18:11:18,712] tensorflow - Level 1 - Registering ScatterDiv (None) in gradient.
[2026-01-24 18:11:18,712] tensorflow - Level 1 - Registering ScatterNdUpdate (None) in gradient.
[2026-01-24 18:11:18,712] tensorflow - Level 1 - Registering ScatterNdAdd (None) in gradient.
[2026-01-24 18:11:18,713] tensorflow - Level 1 - Registering ScatterNdSub (None) in gradient.
[2026-01-24 18:11:18,713] tensorflow - Level 1 - Registering ScatterNdMul (None) in gradient.
[2026-01-24 18:11:18,714] tensorflow - Level 1 - Registering ScatterNdDiv (None) in gradient.
[2026-01-24 18:11:18,750] tensorflow - Level 1 - Registering ReadVariableOp (<function _ReadGrad at 0x000001FA95DE8E00>) in gradient.
[2026-01-24 18:11:18,755] tensorflow - Level 1 - Registering ResourceGather (<function _GatherGrad at 0x000001FA95DE9E40>) in gradient.
[2026-01-24 18:11:18,756] tensorflow - Level 1 - Registering Assert (None) in gradient.
[2026-01-24 18:11:18,757] tensorflow - Level 1 - Registering VarIsInitializedOp (None) in gradient.
[2026-01-24 18:11:18,757] tensorflow - Level 1 - Registering VariableShape (None) in gradient.
[2026-01-24 18:11:18,860] tensorflow - Level 1 - Registering RandomStandardNormal (None) in gradient.
[2026-01-24 18:11:18,865] tensorflow - Level 1 - Registering ParameterizedTruncatedNormal (None) in gradient.
[2026-01-24 18:11:18,865] tensorflow - Level 1 - Registering TruncatedNormal (None) in gradient.
[2026-01-24 18:11:18,866] tensorflow - Level 1 - Registering RandomUniform (None) in gradient.
[2026-01-24 18:11:18,868] tensorflow - Level 1 - Registering RandomShuffle (None) in gradient.
[2026-01-24 18:11:18,871] tensorflow - Level 1 - Registering Multinomial (None) in gradient.
[2026-01-24 18:11:19,036] tensorflow - Level 1 - Registering If (<function _IfGrad at 0x000001FA89F71620>) in gradient.
[2026-01-24 18:11:19,040] tensorflow - Level 1 - Registering StatelessIf (<function _IfGrad at 0x000001FA89F71620>) in gradient.
[2026-01-24 18:11:19,040] tensorflow - Level 1 - Registering StatelessCase (<function _CaseGrad at 0x000001FA89F72D40>) in gradient.
[2026-01-24 18:11:19,041] tensorflow - Level 1 - Registering Case (<function _CaseGrad at 0x000001FA89F72D40>) in gradient.
[2026-01-24 18:11:19,095] tensorflow - Level 1 - Registering While (<function _WhileGrad at 0x000001FA89FE1620>) in gradient.
[2026-01-24 18:11:19,099] tensorflow - Level 1 - Registering StatelessWhile (<function _WhileGrad at 0x000001FA89FE1620>) in gradient.
[2026-01-24 18:11:19,566] tensorflow - Level 1 - Registering EnsureShape (<function _ensure_shape_grad at 0x000001FA96710E00>) in gradient.
[2026-01-24 18:11:19,613] tensorflow - Level 1 - Registering RaggedTensorToSparse (<function _ragged_tensor_to_sparse_gradient at 0x000001FA96788E00>) in gradient.
[2026-01-24 18:11:19,692] tensorflow - Level 1 - Registering Conv2DBackpropInput (<function _Conv2DBackpropInputGrad at 0x000001FA9680D260>) in gradient.
[2026-01-24 18:11:19,696] tensorflow - Level 1 - Registering Conv2DBackpropFilter (<function _Conv2DBackpropFilterGrad at 0x000001FA9680D8A0>) in gradient.
[2026-01-24 18:11:19,697] tensorflow - Level 1 - Registering DepthwiseConv2dNativeBackpropInput (<function _DepthwiseConv2dNativeBackpropInputGrad at 0x000001FA9680DEE0>) in gradient.
[2026-01-24 18:11:19,698] tensorflow - Level 1 - Registering DepthwiseConv2dNativeBackpropFilter (<function _DepthwiseConv2dNativeBackpropFilterGrad at 0x000001FA9680E660>) in gradient.
[2026-01-24 18:11:19,698] tensorflow - Level 1 - Registering Conv3D (<function _Conv3DGrad at 0x000001FA9680E700>) in gradient.
[2026-01-24 18:11:19,699] tensorflow - Level 1 - Registering Conv3DBackpropInputV2 (<function _Conv3DBackpropInputGrad at 0x000001FA9680E7A0>) in gradient.
[2026-01-24 18:11:19,699] tensorflow - Level 1 - Registering Conv3DBackpropFilterV2 (<function _Conv3DBackpropFilterGrad at 0x000001FA9680E840>) in gradient.
[2026-01-24 18:11:19,700] tensorflow - Level 1 - Registering AvgPool3D (<function _AvgPool3DGrad at 0x000001FA9680E8E0>) in gradient.
[2026-01-24 18:11:19,701] tensorflow - Level 1 - Registering AvgPool3DGrad (<function _AvgPool3DGradGrad at 0x000001FA9680E980>) in gradient.
[2026-01-24 18:11:19,701] tensorflow - Level 1 - Registering MaxPool3D (<function _MaxPool3DGrad at 0x000001FA9680EA20>) in gradient.
[2026-01-24 18:11:19,701] tensorflow - Level 1 - Registering MaxPool3DGrad (<function _MaxPool3DGradGrad at 0x000001FA9680EAC0>) in gradient.
[2026-01-24 18:11:19,702] tensorflow - Level 1 - Registering MaxPool3DGradGrad (<function _MaxPool3DGradGradGrad at 0x000001FA9680EB60>) in gradient.
[2026-01-24 18:11:19,702] tensorflow - Level 1 - Registering Softmax (<function _SoftmaxGrad at 0x000001FA9680EC00>) in gradient.
[2026-01-24 18:11:19,702] tensorflow - Level 1 - Registering LogSoftmax (<function _LogSoftmaxGrad at 0x000001FA9680ECA0>) in gradient.
[2026-01-24 18:11:19,703] tensorflow - Level 1 - Registering BiasAdd (<function _BiasAddGrad at 0x000001FA9680ED40>) in gradient.
[2026-01-24 18:11:19,704] tensorflow - Level 1 - Registering BiasAddGrad (<function _BiasAddGradGrad at 0x000001FA9680EDE0>) in gradient.
[2026-01-24 18:11:19,705] tensorflow - Level 1 - Registering BiasAddV1 (<function _BiasAddGradV1 at 0x000001FA9680EE80>) in gradient.
[2026-01-24 18:11:19,705] tensorflow - Level 1 - Registering Relu (<function _ReluGrad at 0x000001FA9680EF20>) in gradient.
[2026-01-24 18:11:19,706] tensorflow - Level 1 - Registering EluGrad (<function _EluGradGrad at 0x000001FA9680EFC0>) in gradient.
[2026-01-24 18:11:19,706] tensorflow - Level 1 - Registering SeluGrad (<function _SeluGradGrad at 0x000001FA9680F060>) in gradient.
[2026-01-24 18:11:19,707] tensorflow - Level 1 - Registering Relu6 (<function _Relu6Grad at 0x000001FA9680F100>) in gradient.
[2026-01-24 18:11:19,708] tensorflow - Level 1 - Registering Relu6Grad (<function _Relu6GradGrad at 0x000001FA9680F1A0>) in gradient.
[2026-01-24 18:11:19,708] tensorflow - Level 1 - Registering LeakyRelu (<function _LeakyReluGrad at 0x000001FA9680F240>) in gradient.
[2026-01-24 18:11:19,709] tensorflow - Level 1 - Registering LeakyReluGrad (<function _LeakyReluGradGrad at 0x000001FA9680F2E0>) in gradient.
[2026-01-24 18:11:19,709] tensorflow - Level 1 - Registering Elu (<function _EluGrad at 0x000001FA9680F380>) in gradient.
[2026-01-24 18:11:19,710] tensorflow - Level 1 - Registering Selu (<function _SeluGrad at 0x000001FA9680F420>) in gradient.
[2026-01-24 18:11:19,710] tensorflow - Level 1 - Registering Softplus (<function _SoftplusGrad at 0x000001FA9680F4C0>) in gradient.
[2026-01-24 18:11:19,711] tensorflow - Level 1 - Registering SoftplusGrad (<function _SoftplusGradGrad at 0x000001FA9680F560>) in gradient.
[2026-01-24 18:11:19,712] tensorflow - Level 1 - Registering Softsign (<function _SoftsignGrad at 0x000001FA9680F600>) in gradient.
[2026-01-24 18:11:19,713] tensorflow - Level 1 - Registering ReluGrad (<function _ReluGradGrad at 0x000001FA9680F6A0>) in gradient.
[2026-01-24 18:11:19,713] tensorflow - Level 1 - Registering SoftmaxCrossEntropyWithLogits (<function _SoftmaxCrossEntropyWithLogitsGrad at 0x000001FA9680F7E0>) in gradient.
[2026-01-24 18:11:19,714] tensorflow - Level 1 - Registering SparseSoftmaxCrossEntropyWithLogits (<function _SparseSoftmaxCrossEntropyWithLogitsGrad at 0x000001FA9680F880>) in gradient.
[2026-01-24 18:11:19,714] tensorflow - Level 1 - Registering Conv2D (<function _Conv2DGrad at 0x000001FA9680F920>) in gradient.
[2026-01-24 18:11:19,715] tensorflow - Level 1 - Registering DepthwiseConv2dNative (<function _DepthwiseConv2dNativeGrad at 0x000001FA9680F9C0>) in gradient.
[2026-01-24 18:11:19,715] tensorflow - Level 1 - Registering Dilation2D (<function _Dilation2DGrad at 0x000001FA9680FA60>) in gradient.
[2026-01-24 18:11:19,715] tensorflow - Level 1 - Registering LRN (<function _LRNGrad at 0x000001FA9680FB00>) in gradient.
[2026-01-24 18:11:19,716] tensorflow - Level 1 - Registering AvgPool (<function _AvgPoolGrad at 0x000001FA9680FBA0>) in gradient.
[2026-01-24 18:11:19,716] tensorflow - Level 1 - Registering AvgPoolGrad (<function _AvgPoolGradGrad at 0x000001FA9680FC40>) in gradient.
[2026-01-24 18:11:19,718] tensorflow - Level 1 - Registering MaxPool (<function _MaxPoolGrad at 0x000001FA9680FCE0>) in gradient.
[2026-01-24 18:11:19,718] tensorflow - Level 1 - Registering MaxPoolV2 (<function _MaxPoolGradV2 at 0x000001FA9680FD80>) in gradient.
[2026-01-24 18:11:19,718] tensorflow - Level 1 - Registering MaxPoolWithArgmax (<function _MaxPoolGradWithArgmax at 0x000001FA9680FE20>) in gradient.
[2026-01-24 18:11:19,719] tensorflow - Level 1 - Registering MaxPoolGrad (<function _MaxPoolGradGrad at 0x000001FA9680FEC0>) in gradient.
[2026-01-24 18:11:19,720] tensorflow - Level 1 - Registering MaxPoolGradV2 (<function _MaxPoolGradGradV2 at 0x000001FA9680FF60>) in gradient.
[2026-01-24 18:11:19,721] tensorflow - Level 1 - Registering MaxPoolGradGrad (<function _MaxPoolGradGradGrad at 0x000001FA96854040>) in gradient.
[2026-01-24 18:11:19,721] tensorflow - Level 1 - Registering FractionalMaxPool (<function _FractionalMaxPoolGrad at 0x000001FA968540E0>) in gradient.
[2026-01-24 18:11:19,721] tensorflow - Level 1 - Registering FractionalAvgPool (<function _FractionalAvgPoolGrad at 0x000001FA96854180>) in gradient.
[2026-01-24 18:11:19,722] tensorflow - Level 1 - Registering BatchNormWithGlobalNormalization (<function _BatchNormWithGlobalNormalizationGrad at 0x000001FA96854220>) in gradient.
[2026-01-24 18:11:19,722] tensorflow - Level 1 - Registering FusedBatchNorm (<function _FusedBatchNormGrad at 0x000001FA96854360>) in gradient.
[2026-01-24 18:11:19,722] tensorflow - Level 1 - Registering FusedBatchNormV2 (<function _FusedBatchNormV2Grad at 0x000001FA96854400>) in gradient.
[2026-01-24 18:11:19,723] tensorflow - Level 1 - Registering FusedBatchNormV3 (<function _FusedBatchNormV3Grad at 0x000001FA968544A0>) in gradient.
[2026-01-24 18:11:19,723] tensorflow - Level 1 - Registering L2Loss (<function _L2LossGrad at 0x000001FA96854540>) in gradient.
[2026-01-24 18:11:19,724] tensorflow - Level 1 - Registering TopKV2 (<function _TopKGrad at 0x000001FA968545E0>) in gradient.
[2026-01-24 18:11:19,724] tensorflow - Level 1 - Registering TopK (<function _TopKGrad at 0x000001FA968545E0>) in gradient.
[2026-01-24 18:11:19,724] tensorflow - Level 1 - Registering ApproxTopK (<function _ApproxTopKGradient at 0x000001FA96854680>) in gradient.
[2026-01-24 18:11:19,725] tensorflow - Level 1 - Registering NthElement (<function _NthElementGrad at 0x000001FA96854720>) in gradient.
[2026-01-24 18:11:19,725] tensorflow - Level 1 - Registering IsotonicRegression (<function _IsotonicRegressionGrad at 0x000001FA96854860>) in gradient.
[2026-01-24 18:11:19,755] tensorflow - Level 1 - Registering BitwiseAnd (None) in gradient.
[2026-01-24 18:11:19,758] tensorflow - Level 1 - Registering BitwiseOr (None) in gradient.
[2026-01-24 18:11:19,759] tensorflow - Level 1 - Registering BitwiseXor (None) in gradient.
[2026-01-24 18:11:19,760] tensorflow - Level 1 - Registering Invert (None) in gradient.
[2026-01-24 18:11:19,760] tensorflow - Level 1 - Registering PopulationCount (None) in gradient.
[2026-01-24 18:11:19,760] tensorflow - Level 1 - Registering LeftShift (None) in gradient.
[2026-01-24 18:11:19,761] tensorflow - Level 1 - Registering RightShift (None) in gradient.
[2026-01-24 18:11:19,762] tensorflow - Level 1 - Registering StatelessMultinomial (None) in gradient.
[2026-01-24 18:11:19,765] tensorflow - Level 1 - Registering StatelessRandomBinomial (None) in gradient.
[2026-01-24 18:11:19,766] tensorflow - Level 1 - Registering StatelessRandomNormal (None) in gradient.
[2026-01-24 18:11:19,766] tensorflow - Level 1 - Registering StatelessRandomPoisson (None) in gradient.
[2026-01-24 18:11:19,767] tensorflow - Level 1 - Registering StatelessRandomUniform (None) in gradient.
[2026-01-24 18:11:19,768] tensorflow - Level 1 - Registering StatelessRandomUniformInt (None) in gradient.
[2026-01-24 18:11:19,768] tensorflow - Level 1 - Registering StatelessRandomUniformFullInt (None) in gradient.
[2026-01-24 18:11:19,768] tensorflow - Level 1 - Registering StatelessTruncatedNormal (None) in gradient.
[2026-01-24 18:11:19,769] tensorflow - Level 1 - Registering StatelessRandomNormalV2 (None) in gradient.
[2026-01-24 18:11:19,769] tensorflow - Level 1 - Registering StatelessRandomUniformV2 (None) in gradient.
[2026-01-24 18:11:19,769] tensorflow - Level 1 - Registering StatelessRandomUniformIntV2 (None) in gradient.
[2026-01-24 18:11:19,770] tensorflow - Level 1 - Registering StatelessRandomUniformFullIntV2 (None) in gradient.
[2026-01-24 18:11:19,770] tensorflow - Level 1 - Registering StatelessTruncatedNormalV2 (None) in gradient.
[2026-01-24 18:11:19,770] tensorflow - Level 1 - Registering StatelessRandomShuffle (None) in gradient.
[2026-01-24 18:11:19,771] tensorflow - Level 1 - Registering RandomIndexShuffle (None) in gradient.
[2026-01-24 18:11:19,811] tensorflow - Level 1 - Registering Conv3D,flops (<function _calc_conv3d_flops at 0x000001FA968D2FC0>) in statistical functions.
[2026-01-24 18:11:19,819] tensorflow - Level 1 - Registering Conv2D,flops (<function _calc_conv_flops at 0x000001FA968D31A0>) in statistical functions.
[2026-01-24 18:11:19,820] tensorflow - Level 1 - Registering DepthwiseConv2dNative,flops (<function _calc_depthwise_conv_flops at 0x000001FA968D3740>) in statistical functions.
[2026-01-24 18:11:19,821] tensorflow - Level 1 - Registering BiasAdd,flops (<function _calc_bias_add_flops at 0x000001FA968D37E0>) in statistical functions.
[2026-01-24 18:11:19,833] tensorflow - Level 1 - Registering Dilation2D,flops (<function _calc_dilation2d_flops at 0x000001FA96975300>) in statistical functions.
[2026-01-24 18:11:19,871] tensorflow - Level 1 - Registering CompositeTensorVariantFromComponents (<function _composite_tensor_to_variants_grad at 0x000001FA969D2340>) in gradient.
[2026-01-24 18:11:19,874] tensorflow - Level 1 - Registering CompositeTensorVariantToComponents (<function _composite_tensor_from_variant_grad at 0x000001FA969D23E0>) in gradient.
[2026-01-24 18:11:19,930] tensorflow - Level 1 - Registering RaggedRange (None) in gradient.
[2026-01-24 18:11:19,957] tensorflow - Level 1 - Registering RaggedFillEmptyRows (<function _ragged_fill_empty_rows_grad at 0x000001FA96A372E0>) in gradient.
[2026-01-24 18:11:19,981] tensorflow - Level 1 - Registering RaggedGather (<function _ragged_gather_grad at 0x000001FA96A5D1C0>) in gradient.
[2026-01-24 18:11:20,005] tensorflow - Level 1 - Registering RegexReplace (None) in gradient.
[2026-01-24 18:11:20,006] tensorflow - Level 1 - Registering StringToHashBucket (None) in gradient.
[2026-01-24 18:11:20,007] tensorflow - Level 1 - Registering StringToHashBucketFast (None) in gradient.
[2026-01-24 18:11:20,007] tensorflow - Level 1 - Registering StringToHashBucketStrong (None) in gradient.
[2026-01-24 18:11:20,008] tensorflow - Level 1 - Registering ReduceJoin (None) in gradient.
[2026-01-24 18:11:20,008] tensorflow - Level 1 - Registering StringJoin (None) in gradient.
[2026-01-24 18:11:20,009] tensorflow - Level 1 - Registering StringSplit (None) in gradient.
[2026-01-24 18:11:20,009] tensorflow - Level 1 - Registering AsString (None) in gradient.
[2026-01-24 18:11:20,009] tensorflow - Level 1 - Registering EncodeBase64 (None) in gradient.
[2026-01-24 18:11:20,010] tensorflow - Level 1 - Registering DecodeBase64 (None) in gradient.
[2026-01-24 18:11:20,014] tensorflow - Level 1 - Registering Print (<function _PrintGrad at 0x000001FA96A5FE20>) in gradient.
[2026-01-24 18:11:20,021] tensorflow - Level 1 - Registering HistogramSummary (None) in gradient.
[2026-01-24 18:11:20,022] tensorflow - Level 1 - Registering ImageSummary (None) in gradient.
[2026-01-24 18:11:20,022] tensorflow - Level 1 - Registering AudioSummary (None) in gradient.
[2026-01-24 18:11:20,023] tensorflow - Level 1 - Registering AudioSummaryV2 (None) in gradient.
[2026-01-24 18:11:20,023] tensorflow - Level 1 - Registering MergeSummary (None) in gradient.
[2026-01-24 18:11:20,024] tensorflow - Level 1 - Registering ScalarSummary (None) in gradient.
[2026-01-24 18:11:20,024] tensorflow - Level 1 - Registering TensorSummary (None) in gradient.
[2026-01-24 18:11:20,024] tensorflow - Level 1 - Registering TensorSummaryV2 (None) in gradient.
[2026-01-24 18:11:20,025] tensorflow - Level 1 - Registering Timestamp (None) in gradient.
[2026-01-24 18:11:20,131] tensorflow - Level 1 - Registering XlaEinsum (<function _einsum_grad at 0x000001FA96B26E80>) in gradient.
[2026-01-24 18:11:20,160] tensorflow - Level 1 - Registering RaggedTensorToTensor (<function _ragged_tensor_to_tensor_grad at 0x000001FA96B53E20>) in gradient.
[2026-01-24 18:11:20,164] tensorflow - Level 1 - Registering RaggedTensorFromVariant (<function _ragged_tensor_from_variant_grad at 0x000001FA96B740E0>) in gradient.
[2026-01-24 18:11:20,165] tensorflow - Level 1 - Registering RaggedTensorToVariant (<function _ragged_tensor_to_variant_grad at 0x000001FA96B74180>) in gradient.
[2026-01-24 18:11:20,177] tensorflow - Level 1 - Registering ClipByValue (<function _clip_by_value_grad at 0x000001FA96B74860>) in gradient.
[2026-01-24 18:11:20,186] tensorflow - Level 1 - Registering DynamicPartition (<function _DynamicPartitionGrads at 0x000001FA96B75260>) in gradient.
[2026-01-24 18:11:20,190] tensorflow - Level 1 - Registering ParallelDynamicStitch (<function _DynamicStitchGrads at 0x000001FA96B75580>) in gradient.
[2026-01-24 18:11:20,191] tensorflow - Level 1 - Registering DynamicStitch (<function _DynamicStitchGrads at 0x000001FA96B75580>) in gradient.
[2026-01-24 18:11:20,192] tensorflow - Level 1 - Registering Queue (None) in gradient.
[2026-01-24 18:11:20,192] tensorflow - Level 1 - Registering QueueEnqueue (None) in gradient.
[2026-01-24 18:11:20,192] tensorflow - Level 1 - Registering QueueEnqueueMany (None) in gradient.
[2026-01-24 18:11:20,193] tensorflow - Level 1 - Registering QueueDequeue (None) in gradient.
[2026-01-24 18:11:20,194] tensorflow - Level 1 - Registering QueueDequeueMany (None) in gradient.
[2026-01-24 18:11:20,194] tensorflow - Level 1 - Registering QueueDequeueUpTo (None) in gradient.
[2026-01-24 18:11:20,195] tensorflow - Level 1 - Registering QueueClose (None) in gradient.
[2026-01-24 18:11:20,195] tensorflow - Level 1 - Registering QueueSize (None) in gradient.
[2026-01-24 18:11:20,196] tensorflow - Level 1 - Registering Stack (None) in gradient.
[2026-01-24 18:11:20,196] tensorflow - Level 1 - Registering StackPush (None) in gradient.
[2026-01-24 18:11:20,197] tensorflow - Level 1 - Registering StackPop (None) in gradient.
[2026-01-24 18:11:20,197] tensorflow - Level 1 - Registering StackClose (None) in gradient.
[2026-01-24 18:11:20,198] tensorflow - Level 1 - Registering GetSessionHandle (None) in gradient.
[2026-01-24 18:11:20,198] tensorflow - Level 1 - Registering GetSessionHandleV2 (None) in gradient.
[2026-01-24 18:11:20,198] tensorflow - Level 1 - Registering GetSessionTensor (None) in gradient.
[2026-01-24 18:11:20,198] tensorflow - Level 1 - Registering DeleteSessionTensor (None) in gradient.
[2026-01-24 18:11:20,357] tensorflow - Level 1 - Registering TPUReplicatedInput (None) in gradient.
[2026-01-24 18:11:20,361] tensorflow - Level 1 - Registering AllToAll (<function _all_to_all_grad at 0x000001FA96CBF880>) in gradient.
[2026-01-24 18:11:20,362] tensorflow - Level 1 - Registering CollectivePermute (<function _collective_permute_grad at 0x000001FA96CBFA60>) in gradient.
[2026-01-24 18:11:20,363] tensorflow - Level 1 - Registering CrossReplicaSum (<function _cross_replica_sum_grad at 0x000001FA96CBFB00>) in gradient.
[2026-01-24 18:11:20,363] tensorflow - Level 1 - Registering TPUEmbeddingActivations (<function _embedding_activations_grad at 0x000001FA96CBFBA0>) in gradient.
[2026-01-24 18:11:20,453] tensorflow - Level 1 - Registering XlaClusterOutput (<function _XlaClusterOutputGrad at 0x000001FA96D0ED40>) in gradient.
[2026-01-24 18:11:20,462] tensorflow - Level 1 - Registering Pack (<function _PackGrad at 0x000001FA96D0F2E0>) in gradient.
[2026-01-24 18:11:20,467] tensorflow - Level 1 - Registering Unpack (<function _UnpackGrad at 0x000001FA96D0F420>) in gradient.
[2026-01-24 18:11:20,468] tensorflow - Level 1 - Registering Concat (<function _ConcatGrad at 0x000001FA96D0F600>) in gradient.
[2026-01-24 18:11:20,468] tensorflow - Level 1 - Registering ConcatV2 (<function _ConcatGradV2 at 0x000001FA96D0F6A0>) in gradient.
[2026-01-24 18:11:20,469] tensorflow - Level 1 - Registering ConcatOffset (None) in gradient.
[2026-01-24 18:11:20,470] tensorflow - Level 1 - Registering Slice (<function _SliceGrad at 0x000001FA96D0F740>) in gradient.
[2026-01-24 18:11:20,470] tensorflow - Level 1 - Registering StridedSlice (<function _StridedSliceGrad at 0x000001FA96D0F920>) in gradient.
[2026-01-24 18:11:20,471] tensorflow - Level 1 - Registering StridedSliceGrad (<function _StridedSliceGradGrad at 0x000001FA96D0F9C0>) in gradient.
[2026-01-24 18:11:20,471] tensorflow - Level 1 - Registering TensorStridedSliceUpdate (<function _TensorStridedSliceUpdateGrad at 0x000001FA96D0FA60>) in gradient.
[2026-01-24 18:11:20,472] tensorflow - Level 1 - Registering Split (<function _SplitGrad at 0x000001FA96D0FB00>) in gradient.
[2026-01-24 18:11:20,472] tensorflow - Level 1 - Registering SplitV (<function _SplitVGrad at 0x000001FA96D0FBA0>) in gradient.
[2026-01-24 18:11:20,473] tensorflow - Level 1 - Registering Const (None) in gradient.
[2026-01-24 18:11:20,473] tensorflow - Level 1 - Registering Diag (<function _DiagGrad at 0x000001FA96D0FC40>) in gradient.
[2026-01-24 18:11:20,473] tensorflow - Level 1 - Registering DiagPart (<function _DiagPartGrad at 0x000001FA96D0FCE0>) in gradient.
[2026-01-24 18:11:20,474] tensorflow - Level 1 - Registering MatrixDiag (<function _MatrixDiagGrad at 0x000001FA96D0FD80>) in gradient.
[2026-01-24 18:11:20,474] tensorflow - Level 1 - Registering MatrixDiagV2 (<function _MatrixDiagV2Grad at 0x000001FA96D0FE20>) in gradient.
[2026-01-24 18:11:20,475] tensorflow - Level 1 - Registering MatrixDiagV3 (<function _MatrixDiagV3Grad at 0x000001FA96D0FEC0>) in gradient.
[2026-01-24 18:11:20,475] tensorflow - Level 1 - Registering MatrixDiagPart (<function _MatrixDiagPartGrad at 0x000001FA96D0FF60>) in gradient.
[2026-01-24 18:11:20,475] tensorflow - Level 1 - Registering MatrixDiagPartV2 (<function _MatrixDiagPartV2Grad at 0x000001FA96D80040>) in gradient.
[2026-01-24 18:11:20,476] tensorflow - Level 1 - Registering MatrixDiagPartV3 (<function _MatrixDiagPartV3Grad at 0x000001FA96D800E0>) in gradient.
[2026-01-24 18:11:20,476] tensorflow - Level 1 - Registering MatrixSetDiag (<function _MatrixSetDiagGrad at 0x000001FA96D80180>) in gradient.
[2026-01-24 18:11:20,477] tensorflow - Level 1 - Registering MatrixSetDiagV2 (<function _MatrixSetDiagGradV2 at 0x000001FA96D80220>) in gradient.
[2026-01-24 18:11:20,477] tensorflow - Level 1 - Registering MatrixSetDiagV3 (<function _MatrixSetDiagGradV3 at 0x000001FA96D802C0>) in gradient.
[2026-01-24 18:11:20,477] tensorflow - Level 1 - Registering MatrixBandPart (<function _MatrixBandPartGrad at 0x000001FA96D80360>) in gradient.
[2026-01-24 18:11:20,478] tensorflow - Level 1 - Registering EditDistance (None) in gradient.
[2026-01-24 18:11:20,478] tensorflow - Level 1 - Registering Fill (<function _FillGrad at 0x000001FA96D80400>) in gradient.
[2026-01-24 18:11:20,479] tensorflow - Level 1 - Registering ZerosLike (None) in gradient.
[2026-01-24 18:11:20,479] tensorflow - Level 1 - Registering OnesLike (None) in gradient.
[2026-01-24 18:11:20,479] tensorflow - Level 1 - Registering PreventGradient (<function _PreventGradientGrad at 0x000001FA96D804A0>) in gradient.
[2026-01-24 18:11:20,480] tensorflow - Level 1 - Registering Gather (<function _GatherGrad at 0x000001FA96D805E0>) in gradient.
[2026-01-24 18:11:20,480] tensorflow - Level 1 - Registering GatherV2 (<function _GatherV2Grad at 0x000001FA96D807C0>) in gradient.
[2026-01-24 18:11:20,481] tensorflow - Level 1 - Registering GatherNd (<function _GatherNdGrad at 0x000001FA96D80860>) in gradient.
[2026-01-24 18:11:20,481] tensorflow - Level 1 - Registering ResourceGatherNd (<function _ResourceGatherNdGrad at 0x000001FA96D80900>) in gradient.
[2026-01-24 18:11:20,481] tensorflow - Level 1 - Registering CheckNumerics (<function _CheckNumericsGrad at 0x000001FA96D809A0>) in gradient.
[2026-01-24 18:11:20,482] tensorflow - Level 1 - Registering CheckNumericsV2 (<function _CheckNumericsV2Grad at 0x000001FA96D80A40>) in gradient.
[2026-01-24 18:11:20,482] tensorflow - Level 1 - Registering Identity (<function _IdGrad at 0x000001FA96D80AE0>) in gradient.
[2026-01-24 18:11:20,482] tensorflow - Level 1 - Registering PlaceholderWithDefault (<function _IdGrad at 0x000001FA96D80AE0>) in gradient.
[2026-01-24 18:11:20,482] tensorflow - Level 1 - Registering _EagerConst (<function _EagerConstGrad at 0x000001FA96D80B80>) in gradient.
[2026-01-24 18:11:20,483] tensorflow - Level 1 - Registering RefIdentity (<function _RefIdGrad at 0x000001FA96D80C20>) in gradient.
[2026-01-24 18:11:20,483] tensorflow - Level 1 - Registering IdentityN (<function _IdNGrad at 0x000001FA96D80CC0>) in gradient.
[2026-01-24 18:11:20,483] tensorflow - Level 1 - Registering StopGradient (None) in gradient.
[2026-01-24 18:11:20,484] tensorflow - Level 1 - Registering Reshape (<function _ReshapeGrad at 0x000001FA96D80D60>) in gradient.
[2026-01-24 18:11:20,485] tensorflow - Level 1 - Registering InvertPermutation (None) in gradient.
[2026-01-24 18:11:20,485] tensorflow - Level 1 - Registering ExpandDims (<function _ExpandDimsGrad at 0x000001FA96D80EA0>) in gradient.
[2026-01-24 18:11:20,486] tensorflow - Level 1 - Registering Squeeze (<function _SqueezeGrad at 0x000001FA96D80F40>) in gradient.
[2026-01-24 18:11:20,487] tensorflow - Level 1 - Registering Transpose (<function _TransposeGrad at 0x000001FA96D80FE0>) in gradient.
[2026-01-24 18:11:20,487] tensorflow - Level 1 - Registering ConjugateTranspose (<function _ConjugateTransposeGrad at 0x000001FA96D81080>) in gradient.
[2026-01-24 18:11:20,488] tensorflow - Level 1 - Registering Shape (None) in gradient.
[2026-01-24 18:11:20,488] tensorflow - Level 1 - Registering ShapeN (None) in gradient.
[2026-01-24 18:11:20,490] tensorflow - Level 1 - Registering Rank (None) in gradient.
[2026-01-24 18:11:20,490] tensorflow - Level 1 - Registering Size (None) in gradient.
[2026-01-24 18:11:20,491] tensorflow - Level 1 - Registering Tile (<function _TileGrad at 0x000001FA96D81120>) in gradient.
[2026-01-24 18:11:20,491] tensorflow - Level 1 - Registering BroadcastGradientArgs (None) in gradient.
[2026-01-24 18:11:20,491] tensorflow - Level 1 - Registering Pad (<function _PadGrad at 0x000001FA96D811C0>) in gradient.
[2026-01-24 18:11:20,492] tensorflow - Level 1 - Registering PadV2 (<function _PadGrad at 0x000001FA96D811C0>) in gradient.
[2026-01-24 18:11:20,492] tensorflow - Level 1 - Registering ReverseSequence (<function _ReverseSequenceGrad at 0x000001FA96D81260>) in gradient.
[2026-01-24 18:11:20,493] tensorflow - Level 1 - Registering Reverse (<function _ReverseGrad at 0x000001FA96D81300>) in gradient.
[2026-01-24 18:11:20,493] tensorflow - Level 1 - Registering ReverseV2 (<function _ReverseV2Grad at 0x000001FA96D813A0>) in gradient.
[2026-01-24 18:11:20,494] tensorflow - Level 1 - Registering SpaceToBatch (<function _SpaceToBatchGrad at 0x000001FA96D81440>) in gradient.
[2026-01-24 18:11:20,494] tensorflow - Level 1 - Registering SpaceToBatchND (<function _SpaceToBatchNDGrad at 0x000001FA96D814E0>) in gradient.
[2026-01-24 18:11:20,494] tensorflow - Level 1 - Registering BatchToSpace (<function _BatchToSpaceGrad at 0x000001FA96D81580>) in gradient.
[2026-01-24 18:11:20,495] tensorflow - Level 1 - Registering BatchToSpaceND (<function _BatchToSpaceNDGrad at 0x000001FA96D81620>) in gradient.
[2026-01-24 18:11:20,495] tensorflow - Level 1 - Registering SpaceToDepth (<function _SpaceToDepthGrad at 0x000001FA96D816C0>) in gradient.
[2026-01-24 18:11:20,496] tensorflow - Level 1 - Registering DepthToSpace (<function _DepthToSpaceGrad at 0x000001FA96D81760>) in gradient.
[2026-01-24 18:11:20,496] tensorflow - Level 1 - Registering OneHot (None) in gradient.
[2026-01-24 18:11:20,496] tensorflow - Level 1 - Registering MirrorPad (<function _MirrorPadGrad at 0x000001FA96D81800>) in gradient.
[2026-01-24 18:11:20,497] tensorflow - Level 1 - Registering MirrorPadGrad (<function _MirrorPadGradGrad at 0x000001FA96D818A0>) in gradient.
[2026-01-24 18:11:20,497] tensorflow - Level 1 - Registering FakeQuantWithMinMaxArgsGradient (None) in gradient.
[2026-01-24 18:11:20,498] tensorflow - Level 1 - Registering FakeQuantWithMinMaxVarsGradient (None) in gradient.
[2026-01-24 18:11:20,499] tensorflow - Level 1 - Registering FakeQuantWithMinMaxVarsPerChannelGradient (None) in gradient.
[2026-01-24 18:11:20,501] tensorflow - Level 1 - Registering QuantizeAndDequantize (<function _QuantizeAndDequantizeGrad at 0x000001FA96D81940>) in gradient.
[2026-01-24 18:11:20,501] tensorflow - Level 1 - Registering QuantizeAndDequantizeV2 (<function _QuantizeAndDequantizeV2Grad at 0x000001FA96D81A80>) in gradient.
[2026-01-24 18:11:20,502] tensorflow - Level 1 - Registering QuantizeAndDequantizeV3 (<function _QuantizeAndDequantizeV3Grad at 0x000001FA96D81B20>) in gradient.
[2026-01-24 18:11:20,502] tensorflow - Level 1 - Registering ExtractImagePatches (<function _ExtractImagePatchesGrad at 0x000001FA96D819E0>) in gradient.
[2026-01-24 18:11:20,502] tensorflow - Level 1 - Registering ExtractVolumePatches (<function _ExtractVolumePatchesGrad at 0x000001FA96D81BC0>) in gradient.
[2026-01-24 18:11:20,504] tensorflow - Level 1 - Registering ScatterNd (<function _ScatterNdGrad at 0x000001FA96D81C60>) in gradient.
[2026-01-24 18:11:20,505] tensorflow - Level 1 - Registering TensorScatterUpdate (<function _TensorScatterUpdateGrad at 0x000001FA96D81D00>) in gradient.
[2026-01-24 18:11:20,505] tensorflow - Level 1 - Registering TensorScatterAdd (<function _TensorScatterAddGrad at 0x000001FA96D81DA0>) in gradient.
[2026-01-24 18:11:20,506] tensorflow - Level 1 - Registering TensorScatterMax (<function _TensorScatterMaxGrad at 0x000001FA96D81EE0>) in gradient.
[2026-01-24 18:11:20,506] tensorflow - Level 1 - Registering TensorScatterMin (<function _TensorScatterMinGrad at 0x000001FA96D81F80>) in gradient.
[2026-01-24 18:11:20,507] tensorflow - Level 1 - Registering TensorScatterSub (<function _TensorScatterSubGrad at 0x000001FA96D82020>) in gradient.
[2026-01-24 18:11:20,507] tensorflow - Level 1 - Registering ScatterNdNonAliasingAdd (<function _ScatterNdNonAliasingAddGrad at 0x000001FA96D820C0>) in gradient.
[2026-01-24 18:11:20,507] tensorflow - Level 1 - Registering BroadcastTo (<function _BroadcastToGrad at 0x000001FA96D82160>) in gradient.
[2026-01-24 18:11:20,512] tensorflow - Level 1 - Registering Switch (<function _SwitchGrad at 0x000001FA96D82340>) in gradient.
[2026-01-24 18:11:20,515] tensorflow - Level 1 - Registering RefSwitch (<function _SwitchGrad at 0x000001FA96D82340>) in gradient.
[2026-01-24 18:11:20,517] tensorflow - Level 1 - Registering Merge (<function _MergeGrad at 0x000001FA96D823E0>) in gradient.
[2026-01-24 18:11:20,518] tensorflow - Level 1 - Registering RefMerge (<function _RefMergeGrad at 0x000001FA96D82520>) in gradient.
[2026-01-24 18:11:20,519] tensorflow - Level 1 - Registering Exit (<function _ExitGrad at 0x000001FA96D82480>) in gradient.
[2026-01-24 18:11:20,519] tensorflow - Level 1 - Registering RefExit (<function _ExitGrad at 0x000001FA96D82480>) in gradient.
[2026-01-24 18:11:20,520] tensorflow - Level 1 - Registering NextIteration (<function _NextIterationGrad at 0x000001FA96D825C0>) in gradient.
[2026-01-24 18:11:20,520] tensorflow - Level 1 - Registering RefNextIteration (<function _RefNextIterationGrad at 0x000001FA96D82660>) in gradient.
[2026-01-24 18:11:20,521] tensorflow - Level 1 - Registering Enter (<function _EnterGrad at 0x000001FA96D82700>) in gradient.
[2026-01-24 18:11:20,522] tensorflow - Level 1 - Registering RefEnter (<function _RefEnterGrad at 0x000001FA96D827A0>) in gradient.
[2026-01-24 18:11:20,523] tensorflow - Level 1 - Registering LoopCond (<function _LoopCondGrad at 0x000001FA96D82840>) in gradient.
[2026-01-24 18:11:20,546] tensorflow - Level 1 - Registering CudnnRNN (<function _cudnn_rnn_backward at 0x000001FA96D82980>) in gradient.
[2026-01-24 18:11:20,550] tensorflow - Level 1 - Registering CudnnRNNV2 (<function _cudnn_rnn_backward_v2 at 0x000001FA96D82B60>) in gradient.
[2026-01-24 18:11:20,551] tensorflow - Level 1 - Registering CudnnRNNV3 (<function _cudnn_rnn_backwardv3 at 0x000001FA96D96CA0>) in gradient.
[2026-01-24 18:11:20,556] tensorflow - Level 1 - Registering ResizeNearestNeighbor (<function _ResizeNearestNeighborGrad at 0x000001FA96D96C00>) in gradient.
[2026-01-24 18:11:20,560] tensorflow - Level 1 - Registering ResizeBilinear (<function _ResizeBilinearGrad at 0x000001FA96D96D40>) in gradient.
[2026-01-24 18:11:20,561] tensorflow - Level 1 - Registering ResizeBilinearGrad (None) in gradient.
[2026-01-24 18:11:20,562] tensorflow - Level 1 - Registering ScaleAndTranslate (<function _ScaleAndTranslateGrad at 0x000001FA96D96F20>) in gradient.
[2026-01-24 18:11:20,562] tensorflow - Level 1 - Registering ResizeBicubic (<function _ResizeBicubicGrad at 0x000001FA96D96E80>) in gradient.
[2026-01-24 18:11:20,563] tensorflow - Level 1 - Registering CropAndResize (<function _CropAndResizeGrad at 0x000001FA96D96FC0>) in gradient.
[2026-01-24 18:11:20,564] tensorflow - Level 1 - Registering RGBToHSV (<function _RGBToHSVGrad at 0x000001FA96D97100>) in gradient.
[2026-01-24 18:11:20,590] tensorflow - Level 1 - Registering ReaderRead (None) in gradient.
[2026-01-24 18:11:20,594] tensorflow - Level 1 - Registering ReaderReadUpTo (None) in gradient.
[2026-01-24 18:11:20,594] tensorflow - Level 1 - Registering ReaderNumRecordsProduced (None) in gradient.
[2026-01-24 18:11:20,595] tensorflow - Level 1 - Registering ReaderNumWorkUnitsCompleted (None) in gradient.
[2026-01-24 18:11:20,596] tensorflow - Level 1 - Registering ReaderSerializeState (None) in gradient.
[2026-01-24 18:11:20,596] tensorflow - Level 1 - Registering ReaderRestoreState (None) in gradient.
[2026-01-24 18:11:20,597] tensorflow - Level 1 - Registering ReaderReset (None) in gradient.
[2026-01-24 18:11:20,598] tensorflow - Level 1 - Registering WholeFileReader (None) in gradient.
[2026-01-24 18:11:20,600] tensorflow - Level 1 - Registering TextLineReader (None) in gradient.
[2026-01-24 18:11:20,602] tensorflow - Level 1 - Registering FixedLengthRecordReader (None) in gradient.
[2026-01-24 18:11:20,604] tensorflow - Level 1 - Registering TFRecordReader (None) in gradient.
[2026-01-24 18:11:20,605] tensorflow - Level 1 - Registering LMDBReader (None) in gradient.
[2026-01-24 18:11:20,606] tensorflow - Level 1 - Registering IdentityReader (None) in gradient.
[2026-01-24 18:11:20,631] tensorflow - Level 1 - Registering MatrixInverse (<function _MatrixInverseGrad at 0x000001FA96D971A0>) in gradient.
[2026-01-24 18:11:20,637] tensorflow - Level 1 - Registering Einsum (<function _EinsumGrad at 0x000001FA96E14860>) in gradient.
[2026-01-24 18:11:20,638] tensorflow - Level 1 - Registering MatrixDeterminant (<function _MatrixDeterminantGrad at 0x000001FA96E16CA0>) in gradient.
[2026-01-24 18:11:20,639] tensorflow - Level 1 - Registering MatrixSquareRoot (<function _MatrixSquareRootGrad at 0x000001FA96E16DE0>) in gradient.
[2026-01-24 18:11:20,639] tensorflow - Level 1 - Registering LogMatrixDeterminant (<function _LogMatrixDeterminantGrad at 0x000001FA96E16E80>) in gradient.
[2026-01-24 18:11:20,639] tensorflow - Level 1 - Registering Cholesky (<function _CholeskyGrad at 0x000001FA96E16F20>) in gradient.
[2026-01-24 18:11:20,640] tensorflow - Level 1 - Registering Qr (<function _QrGrad at 0x000001FA96E16FC0>) in gradient.
[2026-01-24 18:11:20,640] tensorflow - Level 1 - Registering MatrixSolve (<function _MatrixSolveGrad at 0x000001FA96E17060>) in gradient.
[2026-01-24 18:11:20,641] tensorflow - Level 1 - Registering MatrixSolveLs (<function _MatrixSolveLsGrad at 0x000001FA96E17100>) in gradient.
[2026-01-24 18:11:20,641] tensorflow - Level 1 - Registering BandedTriangularSolve (<function _BandedTriangularSolveGrad at 0x000001FA96E171A0>) in gradient.
[2026-01-24 18:11:20,642] tensorflow - Level 1 - Registering MatrixTriangularSolve (<function _MatrixTriangularSolveGrad at 0x000001FA96E17240>) in gradient.
[2026-01-24 18:11:20,643] tensorflow - Level 1 - Registering Eig (<function _EigGrad at 0x000001FA96E17380>) in gradient.
[2026-01-24 18:11:20,643] tensorflow - Level 1 - Registering SelfAdjointEigV2 (<function _SelfAdjointEigV2Grad at 0x000001FA96E17420>) in gradient.
[2026-01-24 18:11:20,644] tensorflow - Level 1 - Registering Svd (<function _SvdGrad at 0x000001FA96E174C0>) in gradient.
[2026-01-24 18:11:20,644] tensorflow - Level 1 - Registering TridiagonalMatMul (<function _TridiagonalMatMulGrad at 0x000001FA96E176A0>) in gradient.
[2026-01-24 18:11:20,645] tensorflow - Level 1 - Registering TridiagonalSolve (<function _TridiagonalSolveGrad at 0x000001FA96E17740>) in gradient.
[2026-01-24 18:11:20,649] tensorflow - Level 1 - Registering LookupTableFind (None) in gradient.
[2026-01-24 18:11:20,653] tensorflow - Level 1 - Registering LookupTableFindV2 (None) in gradient.
[2026-01-24 18:11:20,653] tensorflow - Level 1 - Registering LookupTableInsert (None) in gradient.
[2026-01-24 18:11:20,654] tensorflow - Level 1 - Registering LookupTableInsertV2 (None) in gradient.
[2026-01-24 18:11:20,654] tensorflow - Level 1 - Registering LookupTableSize (None) in gradient.
[2026-01-24 18:11:20,655] tensorflow - Level 1 - Registering LookupTableSizeV2 (None) in gradient.
[2026-01-24 18:11:20,655] tensorflow - Level 1 - Registering HashTable (None) in gradient.
[2026-01-24 18:11:20,656] tensorflow - Level 1 - Registering HashTableV2 (None) in gradient.
[2026-01-24 18:11:20,656] tensorflow - Level 1 - Registering InitializeTable (None) in gradient.
[2026-01-24 18:11:20,657] tensorflow - Level 1 - Registering InitializeTableV2 (None) in gradient.
[2026-01-24 18:11:20,658] tensorflow - Level 1 - Registering InitializeTableFromTextFile (None) in gradient.
[2026-01-24 18:11:20,659] tensorflow - Level 1 - Registering InitializeTableFromTextFileV2 (None) in gradient.
[2026-01-24 18:11:20,660] tensorflow - Level 1 - Registering MutableDenseHashTable (None) in gradient.
[2026-01-24 18:11:20,660] tensorflow - Level 1 - Registering MutableDenseHashTableV2 (None) in gradient.
[2026-01-24 18:11:20,661] tensorflow - Level 1 - Registering MutableHashTable (None) in gradient.
[2026-01-24 18:11:20,662] tensorflow - Level 1 - Registering MutableHashTableV2 (None) in gradient.
[2026-01-24 18:11:20,662] tensorflow - Level 1 - Registering MutableHashTableOfTensors (None) in gradient.
[2026-01-24 18:11:20,662] tensorflow - Level 1 - Registering MutableHashTableOfTensorsV2 (None) in gradient.
[2026-01-24 18:11:20,674] tensorflow - Level 1 - Registering Roll (<function _RollGrad at 0x000001FA96E17920>) in gradient.
[2026-01-24 18:11:20,681] tensorflow - Level 1 - Registering ArgMax (<function _ArgMaxGrad at 0x000001FA96E17B00>) in gradient.
[2026-01-24 18:11:20,686] tensorflow - Level 1 - Registering ArgMin (<function _ArgMinGrad at 0x000001FA96E58860>) in gradient.
[2026-01-24 18:11:20,686] tensorflow - Level 1 - Registering EuclideanNorm (<function _EuclideanNormGrad at 0x000001FA96E58AE0>) in gradient.
[2026-01-24 18:11:20,687] tensorflow - Level 1 - Registering Sum (<function _SumGrad at 0x000001FA96E58F40>) in gradient.
[2026-01-24 18:11:20,688] tensorflow - Level 1 - Registering Max (<function _MaxGrad at 0x000001FA96E59080>) in gradient.
[2026-01-24 18:11:20,688] tensorflow - Level 1 - Registering Min (<function _MinGrad at 0x000001FA96E59120>) in gradient.
[2026-01-24 18:11:20,689] tensorflow - Level 1 - Registering Mean (<function _MeanGrad at 0x000001FA96E591C0>) in gradient.
[2026-01-24 18:11:20,689] tensorflow - Level 1 - Registering Prod (<function _ProdGrad at 0x000001FA96E59260>) in gradient.
[2026-01-24 18:11:20,690] tensorflow - Level 1 - Registering SegmentSum (<function _SegmentSumGrad at 0x000001FA96E59300>) in gradient.
[2026-01-24 18:11:20,691] tensorflow - Level 1 - Registering SegmentMean (<function _SegmentMeanGrad at 0x000001FA96E593A0>) in gradient.
[2026-01-24 18:11:20,691] tensorflow - Level 1 - Registering SparseSegmentSum (<function _SparseSegmentSumGrad at 0x000001FA96E59580>) in gradient.
[2026-01-24 18:11:20,692] tensorflow - Level 1 - Registering SparseSegmentSumWithNumSegments (<function _SparseSegmentSumWithNumSegmentsGrad at 0x000001FA96E59620>) in gradient.
[2026-01-24 18:11:20,693] tensorflow - Level 1 - Registering SparseSegmentMean (<function _SparseSegmentMeanGrad at 0x000001FA96E596C0>) in gradient.
[2026-01-24 18:11:20,693] tensorflow - Level 1 - Registering SparseSegmentMeanWithNumSegments (<function _SparseSegmentMeanWithNumSegmentsGrad at 0x000001FA96E59760>) in gradient.
[2026-01-24 18:11:20,694] tensorflow - Level 1 - Registering SparseSegmentSqrtN (<function _SparseSegmentSqrtNGrad at 0x000001FA96E59800>) in gradient.
[2026-01-24 18:11:20,694] tensorflow - Level 1 - Registering SparseSegmentSqrtNWithNumSegments (<function _SparseSegmentSqrtNWithNumSegmentsGrad at 0x000001FA96E598A0>) in gradient.
[2026-01-24 18:11:20,695] tensorflow - Level 1 - Registering SegmentMin (<function _SegmentMinGrad at 0x000001FA96E599E0>) in gradient.
[2026-01-24 18:11:20,695] tensorflow - Level 1 - Registering SegmentMax (<function _SegmentMaxGrad at 0x000001FA96E59A80>) in gradient.
[2026-01-24 18:11:20,696] tensorflow - Level 1 - Registering SegmentProd (<function _SegmentProdGrad at 0x000001FA96E59B20>) in gradient.
[2026-01-24 18:11:20,697] tensorflow - Level 1 - Registering UnsortedSegmentSum (<function _UnsortedSegmentSumGrad at 0x000001FA96E59D00>) in gradient.
[2026-01-24 18:11:20,697] tensorflow - Level 1 - Registering UnsortedSegmentMax (<function _UnsortedSegmentMaxGrad at 0x000001FA96E59DA0>) in gradient.
[2026-01-24 18:11:20,698] tensorflow - Level 1 - Registering UnsortedSegmentMin (<function _UnsortedSegmentMinGrad at 0x000001FA96E59E40>) in gradient.
[2026-01-24 18:11:20,698] tensorflow - Level 1 - Registering UnsortedSegmentProd (<function _UnsortedSegmentProdGrad at 0x000001FA96E59EE0>) in gradient.
[2026-01-24 18:11:20,699] tensorflow - Level 1 - Registering Abs (<function _AbsGrad at 0x000001FA96E59F80>) in gradient.
[2026-01-24 18:11:20,700] tensorflow - Level 1 - Registering Neg (<function _NegGrad at 0x000001FA96E5A020>) in gradient.
[2026-01-24 18:11:20,700] tensorflow - Level 1 - Registering Inv (<function _InvGrad at 0x000001FA96E5A0C0>) in gradient.
[2026-01-24 18:11:20,701] tensorflow - Level 1 - Registering Reciprocal (<function _ReciprocalGrad at 0x000001FA96E5A160>) in gradient.
[2026-01-24 18:11:20,701] tensorflow - Level 1 - Registering InvGrad (<function _InvGradGrad at 0x000001FA96E5A200>) in gradient.
[2026-01-24 18:11:20,702] tensorflow - Level 1 - Registering ReciprocalGrad (<function _ReciprocalGradGrad at 0x000001FA96E5A2A0>) in gradient.
[2026-01-24 18:11:20,702] tensorflow - Level 1 - Registering Square (<function _SquareGrad at 0x000001FA96E5A340>) in gradient.
[2026-01-24 18:11:20,702] tensorflow - Level 1 - Registering Sqrt (<function _SqrtGrad at 0x000001FA96E5A3E0>) in gradient.
[2026-01-24 18:11:20,703] tensorflow - Level 1 - Registering SqrtGrad (<function _SqrtGradGrad at 0x000001FA96E5A480>) in gradient.
[2026-01-24 18:11:20,703] tensorflow - Level 1 - Registering Rsqrt (<function _RsqrtGrad at 0x000001FA96E5A520>) in gradient.
[2026-01-24 18:11:20,704] tensorflow - Level 1 - Registering RsqrtGrad (<function _RsqrtGradGrad at 0x000001FA96E5A5C0>) in gradient.
[2026-01-24 18:11:20,704] tensorflow - Level 1 - Registering Exp (<function _ExpGrad at 0x000001FA96E5A660>) in gradient.
[2026-01-24 18:11:20,705] tensorflow - Level 1 - Registering Expm1 (<function _Expm1Grad at 0x000001FA96E5A700>) in gradient.
[2026-01-24 18:11:20,705] tensorflow - Level 1 - Registering Log (<function _LogGrad at 0x000001FA96E5A7A0>) in gradient.
[2026-01-24 18:11:20,705] tensorflow - Level 1 - Registering Log1p (<function _Log1pGrad at 0x000001FA96E5A840>) in gradient.
[2026-01-24 18:11:20,706] tensorflow - Level 1 - Registering Xlogy (<function _XLogyGrad at 0x000001FA96E5A8E0>) in gradient.
[2026-01-24 18:11:20,706] tensorflow - Level 1 - Registering Xlog1py (<function _XLog1pyGrad at 0x000001FA96E5A980>) in gradient.
[2026-01-24 18:11:20,707] tensorflow - Level 1 - Registering Xdivy (<function _XDivyGrad at 0x000001FA96E5AA20>) in gradient.
[2026-01-24 18:11:20,707] tensorflow - Level 1 - Registering Sinh (<function _SinhGrad at 0x000001FA96E5AAC0>) in gradient.
[2026-01-24 18:11:20,708] tensorflow - Level 1 - Registering Cosh (<function _CoshGrad at 0x000001FA96E5AB60>) in gradient.
[2026-01-24 18:11:20,708] tensorflow - Level 1 - Registering Tanh (<function _TanhGrad at 0x000001FA96E5AC00>) in gradient.
[2026-01-24 18:11:20,708] tensorflow - Level 1 - Registering Asinh (<function _AsinhGrad at 0x000001FA96E5ACA0>) in gradient.
[2026-01-24 18:11:20,709] tensorflow - Level 1 - Registering Acosh (<function _AcoshGrad at 0x000001FA96E5AD40>) in gradient.
[2026-01-24 18:11:20,709] tensorflow - Level 1 - Registering Atanh (<function _AtanhGrad at 0x000001FA96E5ADE0>) in gradient.
[2026-01-24 18:11:20,709] tensorflow - Level 1 - Registering TanhGrad (<function _TanhGradGrad at 0x000001FA96E5AE80>) in gradient.
[2026-01-24 18:11:20,710] tensorflow - Level 1 - Registering Erf (<function _ErfGrad at 0x000001FA96E5AF20>) in gradient.
[2026-01-24 18:11:20,710] tensorflow - Level 1 - Registering Erfc (<function _ErfcGrad at 0x000001FA96E5AFC0>) in gradient.
[2026-01-24 18:11:20,711] tensorflow - Level 1 - Registering Erfinv (<function _ErfinvGrad at 0x000001FA96E5B060>) in gradient.
[2026-01-24 18:11:20,711] tensorflow - Level 1 - Registering Ndtri (<function _NdtriGrad at 0x000001FA96E5B100>) in gradient.
[2026-01-24 18:11:20,711] tensorflow - Level 1 - Registering Lgamma (<function _LgammaGrad at 0x000001FA96E5B1A0>) in gradient.
[2026-01-24 18:11:20,712] tensorflow - Level 1 - Registering Digamma (<function _DigammaGrad at 0x000001FA96E5B240>) in gradient.
[2026-01-24 18:11:20,712] tensorflow - Level 1 - Registering Dawsn (<function _DawsnGrad at 0x000001FA96E5B2E0>) in gradient.
[2026-01-24 18:11:20,713] tensorflow - Level 1 - Registering Expint (<function _ExpintGrad at 0x000001FA96E5B380>) in gradient.
[2026-01-24 18:11:20,713] tensorflow - Level 1 - Registering FresnelCos (<function _FresnelCosGrad at 0x000001FA96E5B420>) in gradient.
[2026-01-24 18:11:20,713] tensorflow - Level 1 - Registering FresnelSin (<function _FresnelSinGrad at 0x000001FA96E5B4C0>) in gradient.
[2026-01-24 18:11:20,714] tensorflow - Level 1 - Registering Spence (<function _SpenceGrad at 0x000001FA96E5B560>) in gradient.
[2026-01-24 18:11:20,714] tensorflow - Level 1 - Registering BesselI0 (<function _BesselI0Grad at 0x000001FA96E5B600>) in gradient.
[2026-01-24 18:11:20,715] tensorflow - Level 1 - Registering BesselI0e (<function _BesselI0eGrad at 0x000001FA96E5B6A0>) in gradient.
[2026-01-24 18:11:20,715] tensorflow - Level 1 - Registering BesselI1 (<function _BesselI1Grad at 0x000001FA96E5B740>) in gradient.
[2026-01-24 18:11:20,715] tensorflow - Level 1 - Registering BesselI1e (<function _BesselI1eGrad at 0x000001FA96E5B7E0>) in gradient.
[2026-01-24 18:11:20,715] tensorflow - Level 1 - Registering BesselK0 (<function _BesselK0Grad at 0x000001FA96E5B880>) in gradient.
[2026-01-24 18:11:20,715] tensorflow - Level 1 - Registering BesselK0e (<function _BesselK0eGrad at 0x000001FA96E5B920>) in gradient.
[2026-01-24 18:11:20,716] tensorflow - Level 1 - Registering BesselK1 (<function _BesselK1Grad at 0x000001FA96E5B9C0>) in gradient.
[2026-01-24 18:11:20,716] tensorflow - Level 1 - Registering BesselK1e (<function _BesselK1eGrad at 0x000001FA96E5BA60>) in gradient.
[2026-01-24 18:11:20,717] tensorflow - Level 1 - Registering BesselJ0 (<function _BesselJ0Grad at 0x000001FA96E5BB00>) in gradient.
[2026-01-24 18:11:20,717] tensorflow - Level 1 - Registering BesselJ1 (<function _BesselJ1Grad at 0x000001FA96E5BBA0>) in gradient.
[2026-01-24 18:11:20,718] tensorflow - Level 1 - Registering BesselY0 (<function _BesselY0Grad at 0x000001FA96E5BC40>) in gradient.
[2026-01-24 18:11:20,718] tensorflow - Level 1 - Registering BesselY1 (<function _BesselY1Grad at 0x000001FA96E5BCE0>) in gradient.
[2026-01-24 18:11:20,719] tensorflow - Level 1 - Registering Igamma (<function _IgammaGrad at 0x000001FA96E5BD80>) in gradient.
[2026-01-24 18:11:20,719] tensorflow - Level 1 - Registering Igammac (<function _IgammacGrad at 0x000001FA96E5BE20>) in gradient.
[2026-01-24 18:11:20,720] tensorflow - Level 1 - Registering Betainc (<function _BetaincGrad at 0x000001FA96E5BEC0>) in gradient.
[2026-01-24 18:11:20,720] tensorflow - Level 1 - Registering Zeta (<function _ZetaGrad at 0x000001FA96E5BF60>) in gradient.
[2026-01-24 18:11:20,721] tensorflow - Level 1 - Registering Polygamma (<function _PolygammaGrad at 0x000001FA96EA4040>) in gradient.
[2026-01-24 18:11:20,722] tensorflow - Level 1 - Registering Sigmoid (<function _SigmoidGrad at 0x000001FA96EA40E0>) in gradient.
[2026-01-24 18:11:20,723] tensorflow - Level 1 - Registering SigmoidGrad (<function _SigmoidGradGrad at 0x000001FA96EA4180>) in gradient.
[2026-01-24 18:11:20,723] tensorflow - Level 1 - Registering Sign (<function _SignGrad at 0x000001FA96EA4220>) in gradient.
[2026-01-24 18:11:20,724] tensorflow - Level 1 - Registering Sin (<function _SinGrad at 0x000001FA96EA42C0>) in gradient.
[2026-01-24 18:11:20,725] tensorflow - Level 1 - Registering Cos (<function _CosGrad at 0x000001FA96EA4360>) in gradient.
[2026-01-24 18:11:20,725] tensorflow - Level 1 - Registering Tan (<function _TanGrad at 0x000001FA96EA4400>) in gradient.
[2026-01-24 18:11:20,726] tensorflow - Level 1 - Registering Asin (<function _AsinGrad at 0x000001FA96EA44A0>) in gradient.
[2026-01-24 18:11:20,726] tensorflow - Level 1 - Registering Acos (<function _AcosGrad at 0x000001FA96EA4540>) in gradient.
[2026-01-24 18:11:20,727] tensorflow - Level 1 - Registering Atan (<function _AtanGrad at 0x000001FA96EA45E0>) in gradient.
[2026-01-24 18:11:20,727] tensorflow - Level 1 - Registering Atan2 (<function _Atan2Grad at 0x000001FA96EA4680>) in gradient.
[2026-01-24 18:11:20,728] tensorflow - Level 1 - Registering AddN (<function _AddNGrad at 0x000001FA96EA4720>) in gradient.
[2026-01-24 18:11:20,729] tensorflow - Level 1 - Registering AddV2 (<function _AddGrad at 0x000001FA96EA4860>) in gradient.
[2026-01-24 18:11:20,729] tensorflow - Level 1 - Registering Add (<function _AddGrad at 0x000001FA96EA4860>) in gradient.
[2026-01-24 18:11:20,730] tensorflow - Level 1 - Registering Sub (<function _SubGrad at 0x000001FA96EA4900>) in gradient.
[2026-01-24 18:11:20,731] tensorflow - Level 1 - Registering Mul (<function _MulGrad at 0x000001FA96EA49A0>) in gradient.
[2026-01-24 18:11:20,731] tensorflow - Level 1 - Registering MulNoNan (<function _MulNoNanGrad at 0x000001FA96EA4A40>) in gradient.
[2026-01-24 18:11:20,732] tensorflow - Level 1 - Registering Div (<function _DivGrad at 0x000001FA96EA4AE0>) in gradient.
[2026-01-24 18:11:20,732] tensorflow - Level 1 - Registering FloorDiv (<function _FloorDivGrad at 0x000001FA96EA4B80>) in gradient.
[2026-01-24 18:11:20,732] tensorflow - Level 1 - Registering FloorMod (<function _FloorModGrad at 0x000001FA96EA4C20>) in gradient.
[2026-01-24 18:11:20,733] tensorflow - Level 1 - Registering TruncateDiv (<function _TruncateDivGrad at 0x000001FA96EA4CC0>) in gradient.
[2026-01-24 18:11:20,733] tensorflow - Level 1 - Registering RealDiv (<function _RealDivGrad at 0x000001FA96EA4D60>) in gradient.
[2026-01-24 18:11:20,733] tensorflow - Level 1 - Registering DivNoNan (<function _DivNoNanGrad at 0x000001FA96EA4E00>) in gradient.
[2026-01-24 18:11:20,734] tensorflow - Level 1 - Registering Pow (<function _PowGrad at 0x000001FA96EA4EA0>) in gradient.
[2026-01-24 18:11:20,734] tensorflow - Level 1 - Registering Maximum (<function _MaximumGrad at 0x000001FA96EA5080>) in gradient.
[2026-01-24 18:11:20,734] tensorflow - Level 1 - Registering Minimum (<function _MinimumGrad at 0x000001FA96EA5120>) in gradient.
[2026-01-24 18:11:20,735] tensorflow - Level 1 - Registering SquaredDifference (<function _SquaredDifferenceGrad at 0x000001FA96EA51C0>) in gradient.
[2026-01-24 18:11:20,735] tensorflow - Level 1 - Registering Less (None) in gradient.
[2026-01-24 18:11:20,736] tensorflow - Level 1 - Registering LessEqual (None) in gradient.
[2026-01-24 18:11:20,736] tensorflow - Level 1 - Registering Greater (None) in gradient.
[2026-01-24 18:11:20,737] tensorflow - Level 1 - Registering GreaterEqual (None) in gradient.
[2026-01-24 18:11:20,737] tensorflow - Level 1 - Registering Equal (None) in gradient.
[2026-01-24 18:11:20,737] tensorflow - Level 1 - Registering ApproximateEqual (None) in gradient.
[2026-01-24 18:11:20,738] tensorflow - Level 1 - Registering NotEqual (None) in gradient.
[2026-01-24 18:11:20,738] tensorflow - Level 1 - Registering LogicalAnd (None) in gradient.
[2026-01-24 18:11:20,739] tensorflow - Level 1 - Registering LogicalOr (None) in gradient.
[2026-01-24 18:11:20,739] tensorflow - Level 1 - Registering LogicalNot (None) in gradient.
[2026-01-24 18:11:20,740] tensorflow - Level 1 - Registering Select (<function _SelectGrad at 0x000001FA96EA5260>) in gradient.
[2026-01-24 18:11:20,740] tensorflow - Level 1 - Registering SelectV2 (<function _SelectGradV2 at 0x000001FA96EA5300>) in gradient.
[2026-01-24 18:11:20,740] tensorflow - Level 1 - Registering MatMul (<function _MatMulGrad at 0x000001FA96EA54E0>) in gradient.
[2026-01-24 18:11:20,741] tensorflow - Level 1 - Registering SparseMatMul (<function _SparseMatMulGrad at 0x000001FA96EA5580>) in gradient.
[2026-01-24 18:11:20,741] tensorflow - Level 1 - Registering Floor (<function _FloorGrad at 0x000001FA96EA5620>) in gradient.
[2026-01-24 18:11:20,742] tensorflow - Level 1 - Registering Ceil (<function _CeilGrad at 0x000001FA96EA56C0>) in gradient.
[2026-01-24 18:11:20,742] tensorflow - Level 1 - Registering Round (<function _RoundGrad at 0x000001FA96EA5760>) in gradient.
[2026-01-24 18:11:20,742] tensorflow - Level 1 - Registering Rint (<function _RintGrad at 0x000001FA96EA5800>) in gradient.
[2026-01-24 18:11:20,743] tensorflow - Level 1 - Registering BatchMatMul (<function _BatchMatMul at 0x000001FA96EA58A0>) in gradient.
[2026-01-24 18:11:20,743] tensorflow - Level 1 - Registering BatchMatMulV3 (<function _BatchMatMulV2 at 0x000001FA96EA5940>) in gradient.
[2026-01-24 18:11:20,744] tensorflow - Level 1 - Registering BatchMatMulV2 (<function _BatchMatMulV2 at 0x000001FA96EA5940>) in gradient.
[2026-01-24 18:11:20,744] tensorflow - Level 1 - Registering Range (None) in gradient.
[2026-01-24 18:11:20,745] tensorflow - Level 1 - Registering LinSpace (None) in gradient.
[2026-01-24 18:11:20,745] tensorflow - Level 1 - Registering Complex (<function _ComplexGrad at 0x000001FA96EA59E0>) in gradient.
[2026-01-24 18:11:20,745] tensorflow - Level 1 - Registering Real (<function _RealGrad at 0x000001FA96EA5A80>) in gradient.
[2026-01-24 18:11:20,746] tensorflow - Level 1 - Registering Imag (<function _ImagGrad at 0x000001FA96EA5B20>) in gradient.
[2026-01-24 18:11:20,746] tensorflow - Level 1 - Registering Angle (<function _AngleGrad at 0x000001FA96EA5BC0>) in gradient.
[2026-01-24 18:11:20,747] tensorflow - Level 1 - Registering Conj (<function _ConjGrad at 0x000001FA96EA5C60>) in gradient.
[2026-01-24 18:11:20,747] tensorflow - Level 1 - Registering ComplexAbs (<function _ComplexAbsGrad at 0x000001FA96EA5D00>) in gradient.
[2026-01-24 18:11:20,747] tensorflow - Level 1 - Registering Cast (<function _CastGrad at 0x000001FA96EA5DA0>) in gradient.
[2026-01-24 18:11:20,748] tensorflow - Level 1 - Registering Cross (<function _CrossGrad at 0x000001FA96EA5E40>) in gradient.
[2026-01-24 18:11:20,748] tensorflow - Level 1 - Registering Cumsum (<function _CumsumGrad at 0x000001FA96EA5EE0>) in gradient.
[2026-01-24 18:11:20,749] tensorflow - Level 1 - Registering Cumprod (<function _CumprodGrad at 0x000001FA96EA5F80>) in gradient.
[2026-01-24 18:11:20,750] tensorflow - Level 1 - Registering CumulativeLogsumexp (<function _CumulativeLogsumexpGrad at 0x000001FA96EA6020>) in gradient.
[2026-01-24 18:11:20,750] tensorflow - Level 1 - Registering NextAfter (<function _NextAfterGrad at 0x000001FA96EA60C0>) in gradient.
[2026-01-24 18:11:20,760] tensorflow - Level 1 - Registering NcclAllReduce (<function _all_sum_grad at 0x000001FA96EA6480>) in gradient.
[2026-01-24 18:11:20,763] tensorflow - Level 1 - Registering NcclReduce (<function _reduce_sum_grad at 0x000001FA96EA7060>) in gradient.
[2026-01-24 18:11:20,764] tensorflow - Level 1 - Registering NcclBroadcast (<function _broadcast_grad at 0x000001FA96EA71A0>) in gradient.
[2026-01-24 18:11:20,767] tensorflow - Level 1 - Registering OptionalFromValue (<function _OptionalFromValueGrad at 0x000001FA96EA6DE0>) in gradient.
[2026-01-24 18:11:20,771] tensorflow - Level 1 - Registering OptionalGetValue (<function _OptionalGetValueGrad at 0x000001FA96EA74C0>) in gradient.
[2026-01-24 18:11:20,774] tensorflow - Level 1 - Registering DecodeRaw (None) in gradient.
[2026-01-24 18:11:20,777] tensorflow - Level 1 - Registering DecodePaddedRaw (None) in gradient.
[2026-01-24 18:11:20,778] tensorflow - Level 1 - Registering ParseTensor (None) in gradient.
[2026-01-24 18:11:20,778] tensorflow - Level 1 - Registering SerializeTensor (None) in gradient.
[2026-01-24 18:11:20,779] tensorflow - Level 1 - Registering StringToNumber (None) in gradient.
[2026-01-24 18:11:20,790] tensorflow - Level 1 - Registering DecodeProtoV2 (None) in gradient.
[2026-01-24 18:11:20,792] tensorflow - Level 1 - Registering EncodeProto (None) in gradient.
[2026-01-24 18:11:20,797] tensorflow - Level 1 - Registering RandomGamma (<function _RandomGammaGrad at 0x000001FA96EC4220>) in gradient.
[2026-01-24 18:11:20,801] tensorflow - Level 1 - Registering StatelessRandomGammaV2 (<function _StatelessRandomGammaV2Grad at 0x000001FA96EC4360>) in gradient.
[2026-01-24 18:11:20,802] tensorflow - Level 1 - Registering StatelessRandomGammaV3 (<function _StatelessRandomGammaV3Grad at 0x000001FA96EC44A0>) in gradient.
[2026-01-24 18:11:20,803] tensorflow - Level 1 - Registering StatelessParameterizedTruncatedNormal (<function _StatelessParameterizedTruncatedNormalGrad at 0x000001FA96EC4720>) in gradient.
[2026-01-24 18:11:20,818] tensorflow - Level 1 - Registering BlockLSTM (<function _block_lstm_grad at 0x000001FA96EC4400>) in gradient.
[2026-01-24 18:11:20,822] tensorflow - Level 1 - Registering BlockLSTMV2 (<function _block_lstm_grad at 0x000001FA96EC4400>) in gradient.
[2026-01-24 18:11:20,834] tensorflow - Level 1 - Registering SdcaFprint (None) in gradient.
[2026-01-24 18:11:20,837] tensorflow - Level 1 - Registering SdcaOptimizer (None) in gradient.
[2026-01-24 18:11:20,839] tensorflow - Level 1 - Registering SdcaOptimizerV2 (None) in gradient.
[2026-01-24 18:11:20,839] tensorflow - Level 1 - Registering SdcaShrinkL1 (None) in gradient.
[2026-01-24 18:11:20,852] tensorflow - Level 1 - Registering SetSize (None) in gradient.
[2026-01-24 18:11:20,856] tensorflow - Level 1 - Registering DenseToDenseSetOperation (None) in gradient.
[2026-01-24 18:11:20,857] tensorflow - Level 1 - Registering DenseToSparseSetOperation (None) in gradient.
[2026-01-24 18:11:20,857] tensorflow - Level 1 - Registering SparseToSparseSetOperation (None) in gradient.
[2026-01-24 18:11:20,864] tensorflow - Level 1 - Registering SparseAddGrad (None) in gradient.
[2026-01-24 18:11:20,868] tensorflow - Level 1 - Registering SparseConcat (None) in gradient.
[2026-01-24 18:11:20,869] tensorflow - Level 1 - Registering SparseReorder (<function _SparseReorderGrad at 0x000001FA96EF7740>) in gradient.
[2026-01-24 18:11:20,869] tensorflow - Level 1 - Registering SparseAdd (<function _SparseAddGrad at 0x000001FA96EF7920>) in gradient.
[2026-01-24 18:11:20,869] tensorflow - Level 1 - Registering SparseTensorDenseAdd (<function _SparseTensorDenseAddGrad at 0x000001FA96EF7880>) in gradient.
[2026-01-24 18:11:20,870] tensorflow - Level 1 - Registering SparseReduceSum (<function _SparseReduceSumGrad at 0x000001FA96EF79C0>) in gradient.
[2026-01-24 18:11:20,870] tensorflow - Level 1 - Registering SparseSlice (<function _SparseSliceGrad at 0x000001FA96EF7A60>) in gradient.
[2026-01-24 18:11:20,871] tensorflow - Level 1 - Registering SparseTensorDenseMatMul (<function _SparseTensorDenseMatMulGrad at 0x000001FA96EF7B00>) in gradient.
[2026-01-24 18:11:20,871] tensorflow - Level 1 - Registering SparseDenseCwiseAdd (<function _SparseDenseCwiseAddGrad at 0x000001FA96EF7BA0>) in gradient.
[2026-01-24 18:11:20,871] tensorflow - Level 1 - Registering SparseDenseCwiseMul (<function _SparseDenseCwiseMulGrad at 0x000001FA96EF7CE0>) in gradient.
[2026-01-24 18:11:20,872] tensorflow - Level 1 - Registering SparseDenseCwiseDiv (<function _SparseDenseCwiseDivGrad at 0x000001FA96EF7D80>) in gradient.
[2026-01-24 18:11:20,872] tensorflow - Level 1 - Registering SparseSoftmax (<function _SparseSoftmaxGrad at 0x000001FA96EF7E20>) in gradient.
[2026-01-24 18:11:20,873] tensorflow - Level 1 - Registering SparseSparseMaximum (<function _SparseSparseMaximumGrad at 0x000001FA96EF7EC0>) in gradient.
[2026-01-24 18:11:20,873] tensorflow - Level 1 - Registering SparseSparseMinimum (<function _SparseSparseMinimumGrad at 0x000001FA96EF7F60>) in gradient.
[2026-01-24 18:11:20,873] tensorflow - Level 1 - Registering SparseFillEmptyRows (<function _SparseFillEmptyRowsGrad at 0x000001FA96F1C040>) in gradient.
[2026-01-24 18:11:20,874] tensorflow - Level 1 - Registering SparseToDense (<function _SparseToDenseGrad at 0x000001FA96F1C0E0>) in gradient.
[2026-01-24 18:11:20,878] tensorflow - Level 1 - Registering TensorArray (None) in gradient.
[2026-01-24 18:11:20,881] tensorflow - Level 1 - Registering TensorArrayGrad (None) in gradient.
[2026-01-24 18:11:20,882] tensorflow - Level 1 - Registering TensorArraySize (None) in gradient.
[2026-01-24 18:11:20,883] tensorflow - Level 1 - Registering TensorArrayClose (None) in gradient.
[2026-01-24 18:11:20,883] tensorflow - Level 1 - Registering TensorArrayV2 (None) in gradient.
[2026-01-24 18:11:20,884] tensorflow - Level 1 - Registering TensorArrayGradV2 (None) in gradient.
[2026-01-24 18:11:20,885] tensorflow - Level 1 - Registering TensorArraySizeV2 (None) in gradient.
[2026-01-24 18:11:20,885] tensorflow - Level 1 - Registering TensorArrayCloseV2 (None) in gradient.
[2026-01-24 18:11:20,885] tensorflow - Level 1 - Registering TensorArrayV3 (None) in gradient.
[2026-01-24 18:11:20,886] tensorflow - Level 1 - Registering TensorArrayGradV3 (None) in gradient.
[2026-01-24 18:11:20,886] tensorflow - Level 1 - Registering TensorArrayGradWithShape (None) in gradient.
[2026-01-24 18:11:20,887] tensorflow - Level 1 - Registering TensorArraySizeV3 (None) in gradient.
[2026-01-24 18:11:20,887] tensorflow - Level 1 - Registering TensorArrayCloseV3 (None) in gradient.
[2026-01-24 18:11:20,888] tensorflow - Level 1 - Registering TensorArrayReadV3 (<function _TensorArrayReadGrad at 0x000001FA96F1C2C0>) in gradient.
[2026-01-24 18:11:20,888] tensorflow - Level 1 - Registering TensorArrayReadV2 (<function _TensorArrayReadGrad at 0x000001FA96F1C2C0>) in gradient.
[2026-01-24 18:11:20,889] tensorflow - Level 1 - Registering TensorArrayRead (<function _TensorArrayReadGrad at 0x000001FA96F1C2C0>) in gradient.
[2026-01-24 18:11:20,890] tensorflow - Level 1 - Registering TensorArrayWriteV3 (<function _TensorArrayWriteGrad at 0x000001FA96F1C220>) in gradient.
[2026-01-24 18:11:20,891] tensorflow - Level 1 - Registering TensorArrayWriteV2 (<function _TensorArrayWriteGrad at 0x000001FA96F1C220>) in gradient.
[2026-01-24 18:11:20,891] tensorflow - Level 1 - Registering TensorArrayWrite (<function _TensorArrayWriteGrad at 0x000001FA96F1C220>) in gradient.
[2026-01-24 18:11:20,892] tensorflow - Level 1 - Registering TensorArrayGatherV3 (<function _TensorArrayGatherGrad at 0x000001FA96F1C360>) in gradient.
[2026-01-24 18:11:20,892] tensorflow - Level 1 - Registering TensorArrayGatherV2 (<function _TensorArrayGatherGrad at 0x000001FA96F1C360>) in gradient.
[2026-01-24 18:11:20,893] tensorflow - Level 1 - Registering TensorArrayGather (<function _TensorArrayGatherGrad at 0x000001FA96F1C360>) in gradient.
[2026-01-24 18:11:20,893] tensorflow - Level 1 - Registering TensorArrayScatterV3 (<function _TensorArrayScatterGrad at 0x000001FA96F1C400>) in gradient.
[2026-01-24 18:11:20,894] tensorflow - Level 1 - Registering TensorArrayScatterV2 (<function _TensorArrayScatterGrad at 0x000001FA96F1C400>) in gradient.
[2026-01-24 18:11:20,895] tensorflow - Level 1 - Registering TensorArrayScatter (<function _TensorArrayScatterGrad at 0x000001FA96F1C400>) in gradient.
[2026-01-24 18:11:20,895] tensorflow - Level 1 - Registering TensorArrayConcatV3 (<function _TensorArrayConcatGrad at 0x000001FA96F1C4A0>) in gradient.
[2026-01-24 18:11:20,896] tensorflow - Level 1 - Registering TensorArrayConcatV2 (<function _TensorArrayConcatGrad at 0x000001FA96F1C4A0>) in gradient.
[2026-01-24 18:11:20,897] tensorflow - Level 1 - Registering TensorArrayConcat (<function _TensorArrayConcatGrad at 0x000001FA96F1C4A0>) in gradient.
[2026-01-24 18:11:20,897] tensorflow - Level 1 - Registering TensorArraySplitV3 (<function _TensorArraySplitGrad at 0x000001FA96F1C540>) in gradient.
[2026-01-24 18:11:20,898] tensorflow - Level 1 - Registering TensorArraySplitV2 (<function _TensorArraySplitGrad at 0x000001FA96F1C540>) in gradient.
[2026-01-24 18:11:20,899] tensorflow - Level 1 - Registering TensorArraySplit (<function _TensorArraySplitGrad at 0x000001FA96F1C540>) in gradient.
[2026-01-24 18:11:20,924] tensorflow - Level 1 - Registering DenseToCSRSparseMatrix (<function _DenseToCSRSparseMatrixGrad at 0x000001FA96F1C7C0>) in gradient.
[2026-01-24 18:11:20,928] tensorflow - Level 1 - Registering CSRSparseMatrixToDense (<function _CSRSparseMatrixToDenseGrad at 0x000001FA96F1C900>) in gradient.
[2026-01-24 18:11:20,929] tensorflow - Level 1 - Registering SparseTensorToCSRSparseMatrix (<function _SparseTensorToCSRSparseMatrixGrad at 0x000001FA96F4D300>) in gradient.
[2026-01-24 18:11:20,930] tensorflow - Level 1 - Registering CSRSparseMatrixToSparseTensor (<function _CSRSparseMatrixToSparseTensorGrad at 0x000001FA96F4D260>) in gradient.
[2026-01-24 18:11:20,931] tensorflow - Level 1 - Registering SparseMatrixNNZ (None) in gradient.
[2026-01-24 18:11:20,931] tensorflow - Level 1 - Registering SparseMatrixZeros (None) in gradient.
[2026-01-24 18:11:20,932] tensorflow - Level 1 - Registering SparseMatrixAdd (<function _SparseMatrixAddGrad at 0x000001FA96F4D4E0>) in gradient.
[2026-01-24 18:11:20,932] tensorflow - Level 1 - Registering SparseMatrixTranspose (<function _SparseMatrixTransposeGrad at 0x000001FA96F4D620>) in gradient.
[2026-01-24 18:11:20,933] tensorflow - Level 1 - Registering SparseMatrixSoftmax (<function _SparseMatrixSoftmaxGrad at 0x000001FA96F4D6C0>) in gradient.
[2026-01-24 18:11:20,933] tensorflow - Level 1 - Registering SparseMatrixMatMul (<function _SparseMatrixMatMulGrad at 0x000001FA96F4D760>) in gradient.
[2026-01-24 18:11:20,934] tensorflow - Level 1 - Registering SparseMatrixSparseMatMul (<function _SparseMatrixSparseMatMulGrad at 0x000001FA96F4D800>) in gradient.
[2026-01-24 18:11:20,934] tensorflow - Level 1 - Registering SparseMatrixMul (<function _SparseMatrixMulGrad at 0x000001FA96F4D8A0>) in gradient.
[2026-01-24 18:11:20,969] tensorflow - Level 1 - Registering FFT (<function _fft_grad at 0x000001FA96F7B380>) in gradient.
[2026-01-24 18:11:20,973] tensorflow - Level 1 - Registering IFFT (<function _ifft_grad at 0x000001FA96F7B420>) in gradient.
[2026-01-24 18:11:20,973] tensorflow - Level 1 - Registering FFT2D (<function _fft2d_grad at 0x000001FA96F7B4C0>) in gradient.
[2026-01-24 18:11:20,974] tensorflow - Level 1 - Registering IFFT2D (<function _ifft2d_grad at 0x000001FA96F7B600>) in gradient.
[2026-01-24 18:11:20,975] tensorflow - Level 1 - Registering FFT3D (<function _fft3d_grad at 0x000001FA96F7B6A0>) in gradient.
[2026-01-24 18:11:20,975] tensorflow - Level 1 - Registering IFFT3D (<function _ifft3d_grad at 0x000001FA96F7B740>) in gradient.
[2026-01-24 18:11:20,978] tensorflow - Level 1 - Registering RFFT (<function _rfft_grad_helper.<locals>._grad at 0x000001FA96F7BBA0>) in gradient.
[2026-01-24 18:11:20,978] tensorflow - Level 1 - Registering IRFFT (<function _irfft_grad_helper.<locals>._grad at 0x000001FA96F7BD80>) in gradient.
[2026-01-24 18:11:20,979] tensorflow - Level 1 - Registering RFFT2D (<function _rfft_grad_helper.<locals>._grad at 0x000001FA96F7BE20>) in gradient.
[2026-01-24 18:11:20,980] tensorflow - Level 1 - Registering IRFFT2D (<function _irfft_grad_helper.<locals>._grad at 0x000001FA96F7BEC0>) in gradient.
[2026-01-24 18:11:20,990] tensorflow - Level 1 - Registering GenerateVocabRemapping (None) in gradient.
[2026-01-24 18:11:20,994] tensorflow - Level 1 - Registering LoadAndRemapMatrix (None) in gradient.
[2026-01-24 18:11:21,051] tensorflow - Level 1 - Registering XlaVariadicReduce (None) in gradient.
[2026-01-24 18:11:21,057] tensorflow - Level 1 - Registering XlaSharding (<function _sharding_grad at 0x000001FA9704A8E0>) in gradient.
[2026-01-24 18:11:21,058] tensorflow - Level 1 - Registering XlaSpmdFullToShardShape (<function _spmd_full_to_shard_shape_grad at 0x000001FA9704A980>) in gradient.
[2026-01-24 18:11:21,059] tensorflow - Level 1 - Registering XlaSpmdShardToFullShape (<function _spmd_shard_to_full_shape_grad at 0x000001FA9704AA20>) in gradient.
[2026-01-24 18:11:21,095] tensorflow - Level 1 - Registering CTCLoss (<function _CTCLossGrad at 0x000001FA9708EE80>) in gradient.
[2026-01-24 18:11:21,099] tensorflow - Level 1 - Registering CTCLossV2 (<function _CTCLossV2Grad at 0x000001FA9708EF20>) in gradient.
[2026-01-24 18:11:21,101] tensorflow - Level 1 - Registering CTCGreedyDecoder (None) in gradient.
[2026-01-24 18:11:21,102] tensorflow - Level 1 - Registering CTCBeamSearchDecoder (None) in gradient.
[2026-01-24 18:11:21,106] tensorflow - Level 1 - Registering FusedBatchNormGrad (<function _FusedBatchNormGradGrad at 0x000001FA970BC9A0>) in gradient.
[2026-01-24 18:11:21,109] tensorflow - Level 1 - Registering FusedBatchNormGradV2 (<function _FusedBatchNormGradGradV2 at 0x000001FA970BCA40>) in gradient.
[2026-01-24 18:11:21,109] tensorflow - Level 1 - Registering FusedBatchNormGradV3 (<function _FusedBatchNormGradGradV3 at 0x000001FA970BCC20>) in gradient.
[2026-01-24 18:11:21,134] tensorflow - Level 1 - Registering variables ((<class 'tensorflow.core.framework.variable_pb2.VariableDef'>, <function _to_proto_fn at 0x000001FA970DCCC0>, <function _from_proto_fn at 0x000001FA970DCFE0>)) in proto functions.
[2026-01-24 18:11:21,137] tensorflow - Level 1 - Registering trainable_variables ((<class 'tensorflow.core.framework.variable_pb2.VariableDef'>, <function _to_proto_fn at 0x000001FA970DCCC0>, <function _from_proto_fn at 0x000001FA970DCFE0>)) in proto functions.
[2026-01-24 18:11:21,137] tensorflow - Level 1 - Registering moving_average_variables ((<class 'tensorflow.core.framework.variable_pb2.VariableDef'>, <function _to_proto_fn at 0x000001FA970DCCC0>, <function _from_proto_fn at 0x000001FA970DCFE0>)) in proto functions.
[2026-01-24 18:11:21,138] tensorflow - Level 1 - Registering local_variables ((<class 'tensorflow.core.framework.variable_pb2.VariableDef'>, <function _to_proto_fn at 0x000001FA970DCCC0>, <function _from_proto_fn at 0x000001FA970DCFE0>)) in proto functions.
[2026-01-24 18:11:21,139] tensorflow - Level 1 - Registering model_variables ((<class 'tensorflow.core.framework.variable_pb2.VariableDef'>, <function _to_proto_fn at 0x000001FA970DCCC0>, <function _from_proto_fn at 0x000001FA970DCFE0>)) in proto functions.
[2026-01-24 18:11:21,139] tensorflow - Level 1 - Registering global_step ((<class 'tensorflow.core.framework.variable_pb2.VariableDef'>, <function _to_proto_fn at 0x000001FA970DCCC0>, <function _from_proto_fn at 0x000001FA970DCFE0>)) in proto functions.
[2026-01-24 18:11:21,140] tensorflow - Level 1 - Registering metric_variables ((<class 'tensorflow.core.framework.variable_pb2.VariableDef'>, <function _to_proto_fn at 0x000001FA970DCCC0>, <function _from_proto_fn at 0x000001FA970DCFE0>)) in proto functions.
[2026-01-24 18:11:21,145] tensorflow - Level 1 - Registering RandomCrop (None) in gradient.
[2026-01-24 18:11:21,152] tensorflow - Level 1 - Registering HSVToRGB (None) in gradient.
[2026-01-24 18:11:21,153] tensorflow - Level 1 - Registering DrawBoundingBoxes (None) in gradient.
[2026-01-24 18:11:21,153] tensorflow - Level 1 - Registering SampleDistortedBoundingBox (None) in gradient.
[2026-01-24 18:11:21,154] tensorflow - Level 1 - Registering SampleDistortedBoundingBoxV2 (None) in gradient.
[2026-01-24 18:11:21,154] tensorflow - Level 1 - Registering ExtractGlimpse (None) in gradient.
[2026-01-24 18:11:21,155] tensorflow - Level 1 - Registering NonMaxSuppression (None) in gradient.
[2026-01-24 18:11:21,156] tensorflow - Level 1 - Registering NonMaxSuppressionV2 (None) in gradient.
[2026-01-24 18:11:21,156] tensorflow - Level 1 - Registering NonMaxSuppressionWithOverlaps (None) in gradient.
[2026-01-24 18:11:21,157] tensorflow - Level 1 - Registering GenerateBoundingBoxProposals (None) in gradient.
[2026-01-24 18:11:21,197] tensorflow - Level 1 - Registering ImageProjectiveTransformV2 (<function _image_projective_transform_grad at 0x000001FA973C59E0>) in gradient.
[2026-01-24 18:11:21,208] tensorflow - Level 1 - Registering ImageProjectiveTransformV3 (<function _image_projective_transform_v3_grad at 0x000001FA973C5BC0>) in gradient.
[2026-01-24 18:11:21,538] tensorflow - Level 1 - Registering savers ((<class 'tensorflow.core.protobuf.saver_pb2.SaverDef'>, <function Saver.to_proto at 0x000001FA98658F40>, <function Saver.from_proto at 0x000001FA98658FE0>)) in proto functions.
[2026-01-24 18:11:21,568] tensorflow - Level 1 - Registering EagerPyFunc (<function _EagerPyFuncGrad at 0x000001FA9868DBC0>) in gradient.
[2026-01-24 18:11:21,575] tensorflow - Level 1 - Registering PyFunc (None) in gradient.
[2026-01-24 18:11:21,576] tensorflow - Level 1 - Registering PyFuncStateless (None) in gradient.
[2026-01-24 18:11:21,610] tensorflow - Level 1 - Registering ReduceDataset (None) in gradient.
[2026-01-24 18:11:21,620] tensorflow - Level 1 - Registering tensorflow.python.data.ops.dataset_ops (<function _tf2_callback at 0x000001FA98754040>) in data_v2_callbacks.
[2026-01-24 18:11:21,636] tensorflow - Level 1 - Registering _resource_resolver (<function _resource_resolver at 0x000001FA9876CCC0>) in acd_resource_resolvers.
[2026-01-24 18:11:21,667] tensorflow - Level 1 - Registering tensorflow.python.data.experimental.ops.counter (<function _tf2_callback at 0x000001FA9876E200>) in data_v2_callbacks.
[2026-01-24 18:11:21,714] tensorflow - Level 1 - Registering tensorflow.python.data.ops.readers (<function _tf2_callback at 0x000001FA9876D8A0>) in data_v2_callbacks.
[2026-01-24 18:11:21,723] tensorflow - Level 1 - Registering tensorflow.python.data.experimental.ops.interleave_ops (<function _tf2_callback at 0x000001FA9877DBC0>) in data_v2_callbacks.
[2026-01-24 18:11:21,795] tensorflow - Level 1 - Registering tensorflow.python.data.experimental.ops.random_ops (<function _tf2_callback at 0x000001FA98820D60>) in data_v2_callbacks.
[2026-01-24 18:11:21,806] tensorflow - Level 1 - Registering tensorflow.python.data.experimental.ops.readers (<function _tf2_callback at 0x000001FA98822660>) in data_v2_callbacks.
[2026-01-24 18:11:22,177] tensorflow - Level 1 - Registering tpu_replicated_input_resolver (<function tpu_replicated_input_resolver at 0x000001FA98A9E660>) in acd_resource_resolvers.
[2026-01-24 18:11:22,190] tensorflow - DEBUG - Falling back to TensorFlow client; we recommended you install the Cloud TPU client directly with pip install cloud-tpu-client.
[2026-01-24 18:11:22,764] tensorflow - Level 1 - Registering queue_runners ((<class 'tensorflow.core.protobuf.queue_runner_pb2.QueueRunnerDef'>, <function QueueRunner.to_proto at 0x000001FA98CC5080>, <function QueueRunner.from_proto at 0x000001FA98CC5120>)) in proto functions.
[2026-01-24 18:11:23,717] h5py._conv - DEBUG - Creating converter from 7 to 5
[2026-01-24 18:11:23,717] h5py._conv - DEBUG - Creating converter from 5 to 7
[2026-01-24 18:11:23,718] h5py._conv - DEBUG - Creating converter from 7 to 5
[2026-01-24 18:11:23,718] h5py._conv - DEBUG - Creating converter from 5 to 7
[2026-01-24 18:11:24,094] tensorflow - Level 1 - Registering DebugGradientIdentity (<function _identify_gradient_grad at 0x000001FA997459E0>) in gradient.
[2026-01-24 18:11:24,097] tensorflow - Level 1 - Registering DebugGradientRefIdentity (<function _identify_gradient_grad_ref at 0x000001FA99745A80>) in gradient.
[2026-01-24 18:11:24,183] tensorflow - Level 1 - Registering DebugIdentityV2 (<function _debug_identity_v2_grad at 0x000001FA997C8E00>) in gradient.
[2026-01-24 18:11:25,021] tensorflow - Level 1 - Registering AudioMicrofrontend (None) in gradient.
[2026-01-24 18:11:25,234] tensorflow - Level 1 - Registering Reciprocal,flops (<function _reciprocal_flops at 0x000001FA99D8E700>) in statistical functions.
[2026-01-24 18:11:25,237] tensorflow - Level 1 - Registering Square,flops (<function _square_flops at 0x000001FA99D8E7A0>) in statistical functions.
[2026-01-24 18:11:25,237] tensorflow - Level 1 - Registering Rsqrt,flops (<function _rsqrt_flops at 0x000001FA99D8E8E0>) in statistical functions.
[2026-01-24 18:11:25,238] tensorflow - Level 1 - Registering Log,flops (<function _log_flops at 0x000001FA99D8E840>) in statistical functions.
[2026-01-24 18:11:25,238] tensorflow - Level 1 - Registering Neg,flops (<function _neg_flops at 0x000001FA99D8E980>) in statistical functions.
[2026-01-24 18:11:25,238] tensorflow - Level 1 - Registering AssignSub,flops (<function _assign_sub_flops at 0x000001FA99D8EA20>) in statistical functions.
[2026-01-24 18:11:25,239] tensorflow - Level 1 - Registering AssignAdd,flops (<function _assign_add_flops at 0x000001FA99D8EAC0>) in statistical functions.
[2026-01-24 18:11:25,240] tensorflow - Level 1 - Registering L2Loss,flops (<function _l2_loss_flops at 0x000001FA99D8EB60>) in statistical functions.
[2026-01-24 18:11:25,240] tensorflow - Level 1 - Registering Softmax,flops (<function _softmax_flops at 0x000001FA99D8EC00>) in statistical functions.
[2026-01-24 18:11:25,240] tensorflow - Level 1 - Registering AddV2,flops (<function _add_flops at 0x000001FA99D8ED40>) in statistical functions.
[2026-01-24 18:11:25,240] tensorflow - Level 1 - Registering Add,flops (<function _add_flops at 0x000001FA99D8ED40>) in statistical functions.
[2026-01-24 18:11:25,240] tensorflow - Level 1 - Registering Sub,flops (<function _sub_flops at 0x000001FA99D8EDE0>) in statistical functions.
[2026-01-24 18:11:25,241] tensorflow - Level 1 - Registering Mul,flops (<function _mul_flops at 0x000001FA99D8EE80>) in statistical functions.
[2026-01-24 18:11:25,241] tensorflow - Level 1 - Registering RealDiv,flops (<function _real_div_flops at 0x000001FA99D8EF20>) in statistical functions.
[2026-01-24 18:11:25,242] tensorflow - Level 1 - Registering Maximum,flops (<function _maximum_flops at 0x000001FA99D8EFC0>) in statistical functions.
[2026-01-24 18:11:25,242] tensorflow - Level 1 - Registering Minimum,flops (<function _minimum_flops at 0x000001FA99D8F060>) in statistical functions.
[2026-01-24 18:11:25,242] tensorflow - Level 1 - Registering Pow,flops (<function _pow_flops at 0x000001FA99D8F100>) in statistical functions.
[2026-01-24 18:11:25,242] tensorflow - Level 1 - Registering RsqrtGrad,flops (<function _rsqrt_grad_flops at 0x000001FA99D8F1A0>) in statistical functions.
[2026-01-24 18:11:25,242] tensorflow - Level 1 - Registering GreaterEqual,flops (<function _greater_equal_flops at 0x000001FA99D8F240>) in statistical functions.
[2026-01-24 18:11:25,244] tensorflow - Level 1 - Registering Greater,flops (<function _greater_flops at 0x000001FA99D8F2E0>) in statistical functions.
[2026-01-24 18:11:25,244] tensorflow - Level 1 - Registering LessEqual,flops (<function _less_equal_flops at 0x000001FA99D8F380>) in statistical functions.
[2026-01-24 18:11:25,245] tensorflow - Level 1 - Registering Less,flops (<function _less_flops at 0x000001FA99D8F420>) in statistical functions.
[2026-01-24 18:11:25,245] tensorflow - Level 1 - Registering Equal,flops (<function _equal_flops at 0x000001FA99D8F4C0>) in statistical functions.
[2026-01-24 18:11:25,245] tensorflow - Level 1 - Registering NotEqual,flops (<function _not_equal_flops at 0x000001FA99D8F560>) in statistical functions.
[2026-01-24 18:11:25,246] tensorflow - Level 1 - Registering SquaredDifference,flops (<function _squared_difference_flops at 0x000001FA99D8F600>) in statistical functions.
[2026-01-24 18:11:25,246] tensorflow - Level 1 - Registering Mean,flops (<function _mean_flops at 0x000001FA99D8F740>) in statistical functions.
[2026-01-24 18:11:25,246] tensorflow - Level 1 - Registering Sum,flops (<function _sum_flops at 0x000001FA99D8F7E0>) in statistical functions.
[2026-01-24 18:11:25,247] tensorflow - Level 1 - Registering ArgMax,flops (<function _arg_max_flops at 0x000001FA99D8F880>) in statistical functions.
[2026-01-24 18:11:25,247] tensorflow - Level 1 - Registering ArgMin,flops (<function _arg_min_flops at 0x000001FA99D8F920>) in statistical functions.
[2026-01-24 18:11:25,247] tensorflow - Level 1 - Registering BiasAddGrad,flops (<function _bias_add_grad_flops at 0x000001FA99D8F9C0>) in statistical functions.
[2026-01-24 18:11:25,248] tensorflow - Level 1 - Registering AvgPool,flops (<function _avg_pool_flops at 0x000001FA99D8FBA0>) in statistical functions.
[2026-01-24 18:11:25,248] tensorflow - Level 1 - Registering MaxPool,flops (<function _max_pool_flops at 0x000001FA99D8FC40>) in statistical functions.
[2026-01-24 18:11:25,248] tensorflow - Level 1 - Registering AvgPoolGrad,flops (<function _avg_pool_grad_flops at 0x000001FA99D8FCE0>) in statistical functions.
[2026-01-24 18:11:25,249] tensorflow - Level 1 - Registering MaxPoolGrad,flops (<function _max_pool_grad_flops at 0x000001FA99D8FD80>) in statistical functions.
[2026-01-24 18:11:25,249] tensorflow - Level 1 - Registering Conv2DBackpropInput,flops (<function _conv_2d_backprop_input_flops at 0x000001FA99D8FE20>) in statistical functions.
[2026-01-24 18:11:25,250] tensorflow - Level 1 - Registering Conv2DBackpropFilter,flops (<function _conv_2d_backprop_filter_flops at 0x000001FA99D8FEC0>) in statistical functions.
[2026-01-24 18:11:25,250] tensorflow - Level 1 - Registering AddN,flops (<function _add_n_flops at 0x000001FA99D8FF60>) in statistical functions.
[2026-01-24 18:11:25,250] tensorflow - Level 1 - Registering MatMul,flops (<function _calc_mat_mul_flops at 0x000001FA9AD80040>) in statistical functions.
[2026-01-24 18:11:25,251] tensorflow - Level 1 - Registering BatchMatMulV3,flops (<function _calc_batch_mat_mul_flops at 0x000001FA9AD800E0>) in statistical functions.
[2026-01-24 18:11:25,252] tensorflow - Level 1 - Registering BatchMatMulV2,flops (<function _calc_batch_mat_mul_flops at 0x000001FA9AD800E0>) in statistical functions.
[2026-01-24 18:11:25,252] tensorflow - Level 1 - Registering BatchMatMul,flops (<function _calc_batch_mat_mul_flops at 0x000001FA9AD800E0>) in statistical functions.
[2026-01-24 18:11:26,596] tensorflow - Level 1 - Enabling eager execution
[2026-01-24 18:11:26,596] tensorflow - Level 1 - Enabling v2 tensorshape
[2026-01-24 18:11:26,596] tensorflow - Level 1 - Enabling resource variables
[2026-01-24 18:11:26,597] tensorflow - Level 1 - Enabling tensor equality
[2026-01-24 18:11:26,597] tensorflow - Level 1 - Enabling control flow v2
[2026-01-24 18:11:28,284] matplotlib - DEBUG - matplotlib data path: C:\Users\BS\anaconda3\Lib\site-packages\matplotlib\mpl-data
[2026-01-24 18:11:28,306] matplotlib - DEBUG - CONFIGDIR=C:\Users\BS\.matplotlib
[2026-01-24 18:11:28,313] matplotlib - DEBUG - interactive is False
[2026-01-24 18:11:28,314] matplotlib - DEBUG - platform is win32
[2026-01-24 18:11:28,573] matplotlib - DEBUG - CACHEDIR=C:\Users\BS\.matplotlib
[2026-01-24 18:11:28,582] matplotlib.font_manager - DEBUG - Using fontManager instance from C:\Users\BS\.matplotlib\fontlist-v390.json
[2026-01-24 18:11:53,097] tensorflow - WARNING - From C:\Users\BS\anaconda3\Lib\site-packages\tf_keras\src\losses.py:2976: The name tf.losses.sparse_softmax_cross_entropy is deprecated. Please use tf.compat.v1.losses.sparse_softmax_cross_entropy instead.

