[2026-01-25 20:30:44,075] tensorflow - Level 1 - Registering Relayout (<function _relayout_gradient at 0x0000025C7C94F9C0>) in gradient.
[2026-01-25 20:30:44,079] tensorflow - Level 1 - Registering RelayoutLike (<function _relayout_grad_gradient at 0x0000025C7C94FB00>) in gradient.
[2026-01-25 20:30:44,079] tensorflow - Level 1 - Registering CopyToMesh (<function _copy_to_mesh_gradient at 0x0000025C7C9C0220>) in gradient.
[2026-01-25 20:30:44,079] tensorflow - Level 1 - Registering CopyToMeshGrad (<function _copy_to_mesh_grad_gradient at 0x0000025C7C9C0180>) in gradient.
[2026-01-25 20:30:44,104] tensorflow - Level 1 - Registering FakeQuantWithMinMaxArgs (<function _FakeQuantWithMinMaxArgsGradient at 0x0000025C7CA102C0>) in gradient.
[2026-01-25 20:30:44,106] tensorflow - Level 1 - Registering FakeQuantWithMinMaxVars (<function _FakeQuantWithMinMaxVarsGradient at 0x0000025C7CA104A0>) in gradient.
[2026-01-25 20:30:44,108] tensorflow - Level 1 - Registering FakeQuantWithMinMaxVarsPerChannel (<function _FakeQuantWithMinMaxVarsPerChannelGradient at 0x0000025C7CA10A40>) in gradient.
[2026-01-25 20:30:44,108] tensorflow - Level 1 - Registering QuantizeAndDequantizeV4 (<function _QuantizeAndDequantizeV4Grad at 0x0000025C7CA10AE0>) in gradient.
[2026-01-25 20:30:44,108] tensorflow - Level 1 - Registering QuantizeAndDequantizeV4Grad (<function _QuantizeAndDequantizeV4GradGrad at 0x0000025C7CA10B80>) in gradient.
[2026-01-25 20:30:44,191] tensorflow - Level 1 - Registering TensorListConcatLists (None) in gradient.
[2026-01-25 20:30:44,195] tensorflow - Level 1 - Registering TensorListElementShape (None) in gradient.
[2026-01-25 20:30:44,195] tensorflow - Level 1 - Registering TensorListLength (None) in gradient.
[2026-01-25 20:30:44,195] tensorflow - Level 1 - Registering TensorListPushBackBatch (None) in gradient.
[2026-01-25 20:30:44,195] tensorflow - Level 1 - Registering TensorListPushBack (<function _PushBackGrad at 0x0000025C7CBCD440>) in gradient.
[2026-01-25 20:30:44,196] tensorflow - Level 1 - Registering TensorListPopBack (<function _PopBackGrad at 0x0000025C7CBCD4E0>) in gradient.
[2026-01-25 20:30:44,196] tensorflow - Level 1 - Registering TensorListStack (<function _TensorListStackGrad at 0x0000025C7CBCD580>) in gradient.
[2026-01-25 20:30:44,196] tensorflow - Level 1 - Registering TensorListConcatV2 (<function _TensorListConcatGrad at 0x0000025C7CBCD620>) in gradient.
[2026-01-25 20:30:44,196] tensorflow - Level 1 - Registering TensorListConcat (<function _TensorListConcatGrad at 0x0000025C7CBCD620>) in gradient.
[2026-01-25 20:30:44,196] tensorflow - Level 1 - Registering TensorListSplit (<function _TensorListSplitGrad at 0x0000025C7CBCD6C0>) in gradient.
[2026-01-25 20:30:44,196] tensorflow - Level 1 - Registering TensorListFromTensor (<function _TensorListFromTensorGrad at 0x0000025C7CBCD760>) in gradient.
[2026-01-25 20:30:44,196] tensorflow - Level 1 - Registering TensorListGetItem (<function _TensorListGetItemGrad at 0x0000025C7CBCD800>) in gradient.
[2026-01-25 20:30:44,196] tensorflow - Level 1 - Registering TensorListSetItem (<function _TensorListSetItemGrad at 0x0000025C7CBCD8A0>) in gradient.
[2026-01-25 20:30:44,198] tensorflow - Level 1 - Registering TensorListResize (<function _TensorListResizeGrad at 0x0000025C7CBCD940>) in gradient.
[2026-01-25 20:30:44,198] tensorflow - Level 1 - Registering TensorListGather (<function _TensorListGatherGrad at 0x0000025C7CBCD9E0>) in gradient.
[2026-01-25 20:30:44,198] tensorflow - Level 1 - Registering TensorListScatterV2 (<function _TensorListScatterGrad at 0x0000025C7CBCDA80>) in gradient.
[2026-01-25 20:30:44,198] tensorflow - Level 1 - Registering TensorListScatter (<function _TensorListScatterGrad at 0x0000025C7CBCDA80>) in gradient.
[2026-01-25 20:30:44,198] tensorflow - Level 1 - Registering TensorListScatterIntoExistingList (<function _TensorListScatterIntoExistingListGrad at 0x0000025C7CBCDB20>) in gradient.
[2026-01-25 20:30:44,290] tensorflow - Level 1 - Registering AccumulateNV2 (<function _accumulate_n_grad at 0x0000025C7CD76D40>) in gradient.
[2026-01-25 20:30:44,361] tensorflow - Level 1 - Registering cond_context ((<class 'tensorflow.core.protobuf.control_flow_pb2.CondContextDef'>, <function CondContext.to_proto at 0x0000025C7CE91DA0>, <function CondContext.from_proto at 0x0000025C7CE91E40>)) in proto functions.
[2026-01-25 20:30:44,362] tensorflow - Level 1 - Registering while_context ((<class 'tensorflow.core.protobuf.control_flow_pb2.WhileContextDef'>, <function WhileContext.to_proto at 0x0000025C7CE92C00>, <function WhileContext.from_proto at 0x0000025C7CE92D40>)) in proto functions.
[2026-01-25 20:30:44,363] tensorflow - Level 1 - Registering _identity_resolver (<function _identity_resolver at 0x0000025C7CE9CC20>) in acd_resource_resolvers.
[2026-01-25 20:30:44,463] tensorflow - Level 1 - Registering Assign (None) in gradient.
[2026-01-25 20:30:44,466] tensorflow - Level 1 - Registering AssignAdd (None) in gradient.
[2026-01-25 20:30:44,467] tensorflow - Level 1 - Registering AssignSub (None) in gradient.
[2026-01-25 20:30:44,467] tensorflow - Level 1 - Registering ScatterAdd (None) in gradient.
[2026-01-25 20:30:44,467] tensorflow - Level 1 - Registering ScatterSub (None) in gradient.
[2026-01-25 20:30:44,468] tensorflow - Level 1 - Registering ScatterMul (None) in gradient.
[2026-01-25 20:30:44,468] tensorflow - Level 1 - Registering ScatterDiv (None) in gradient.
[2026-01-25 20:30:44,469] tensorflow - Level 1 - Registering ScatterNdUpdate (None) in gradient.
[2026-01-25 20:30:44,469] tensorflow - Level 1 - Registering ScatterNdAdd (None) in gradient.
[2026-01-25 20:30:44,469] tensorflow - Level 1 - Registering ScatterNdSub (None) in gradient.
[2026-01-25 20:30:44,470] tensorflow - Level 1 - Registering ScatterNdMul (None) in gradient.
[2026-01-25 20:30:44,470] tensorflow - Level 1 - Registering ScatterNdDiv (None) in gradient.
[2026-01-25 20:30:44,498] tensorflow - Level 1 - Registering ReadVariableOp (<function _ReadGrad at 0x0000025C7D01CAE0>) in gradient.
[2026-01-25 20:30:44,500] tensorflow - Level 1 - Registering ResourceGather (<function _GatherGrad at 0x0000025C7D01DB20>) in gradient.
[2026-01-25 20:30:44,500] tensorflow - Level 1 - Registering Assert (None) in gradient.
[2026-01-25 20:30:44,500] tensorflow - Level 1 - Registering VarIsInitializedOp (None) in gradient.
[2026-01-25 20:30:44,501] tensorflow - Level 1 - Registering VariableShape (None) in gradient.
[2026-01-25 20:30:44,568] tensorflow - Level 1 - Registering RandomStandardNormal (None) in gradient.
[2026-01-25 20:30:44,571] tensorflow - Level 1 - Registering ParameterizedTruncatedNormal (None) in gradient.
[2026-01-25 20:30:44,572] tensorflow - Level 1 - Registering TruncatedNormal (None) in gradient.
[2026-01-25 20:30:44,573] tensorflow - Level 1 - Registering RandomUniform (None) in gradient.
[2026-01-25 20:30:44,574] tensorflow - Level 1 - Registering RandomShuffle (None) in gradient.
[2026-01-25 20:30:44,575] tensorflow - Level 1 - Registering Multinomial (None) in gradient.
[2026-01-25 20:30:44,731] tensorflow - Level 1 - Registering If (<function _IfGrad at 0x0000025C71171300>) in gradient.
[2026-01-25 20:30:44,758] tensorflow - Level 1 - Registering StatelessIf (<function _IfGrad at 0x0000025C71171300>) in gradient.
[2026-01-25 20:30:44,758] tensorflow - Level 1 - Registering StatelessCase (<function _CaseGrad at 0x0000025C71172A20>) in gradient.
[2026-01-25 20:30:44,758] tensorflow - Level 1 - Registering Case (<function _CaseGrad at 0x0000025C71172A20>) in gradient.
[2026-01-25 20:30:44,792] tensorflow - Level 1 - Registering While (<function _WhileGrad at 0x0000025C711E5300>) in gradient.
[2026-01-25 20:30:44,794] tensorflow - Level 1 - Registering StatelessWhile (<function _WhileGrad at 0x0000025C711E5300>) in gradient.
[2026-01-25 20:30:45,100] tensorflow - Level 1 - Registering EnsureShape (<function _ensure_shape_grad at 0x0000025C7D944AE0>) in gradient.
[2026-01-25 20:30:45,131] tensorflow - Level 1 - Registering RaggedTensorToSparse (<function _ragged_tensor_to_sparse_gradient at 0x0000025C7D9C0AE0>) in gradient.
[2026-01-25 20:30:45,195] tensorflow - Level 1 - Registering Conv2DBackpropInput (<function _Conv2DBackpropInputGrad at 0x0000025C7DA48F40>) in gradient.
[2026-01-25 20:30:45,198] tensorflow - Level 1 - Registering Conv2DBackpropFilter (<function _Conv2DBackpropFilterGrad at 0x0000025C7DA49580>) in gradient.
[2026-01-25 20:30:45,198] tensorflow - Level 1 - Registering DepthwiseConv2dNativeBackpropInput (<function _DepthwiseConv2dNativeBackpropInputGrad at 0x0000025C7DA49BC0>) in gradient.
[2026-01-25 20:30:45,199] tensorflow - Level 1 - Registering DepthwiseConv2dNativeBackpropFilter (<function _DepthwiseConv2dNativeBackpropFilterGrad at 0x0000025C7DA4A340>) in gradient.
[2026-01-25 20:30:45,200] tensorflow - Level 1 - Registering Conv3D (<function _Conv3DGrad at 0x0000025C7DA4A3E0>) in gradient.
[2026-01-25 20:30:45,201] tensorflow - Level 1 - Registering Conv3DBackpropInputV2 (<function _Conv3DBackpropInputGrad at 0x0000025C7DA4A480>) in gradient.
[2026-01-25 20:30:45,201] tensorflow - Level 1 - Registering Conv3DBackpropFilterV2 (<function _Conv3DBackpropFilterGrad at 0x0000025C7DA4A520>) in gradient.
[2026-01-25 20:30:45,201] tensorflow - Level 1 - Registering AvgPool3D (<function _AvgPool3DGrad at 0x0000025C7DA4A5C0>) in gradient.
[2026-01-25 20:30:45,201] tensorflow - Level 1 - Registering AvgPool3DGrad (<function _AvgPool3DGradGrad at 0x0000025C7DA4A660>) in gradient.
[2026-01-25 20:30:45,202] tensorflow - Level 1 - Registering MaxPool3D (<function _MaxPool3DGrad at 0x0000025C7DA4A700>) in gradient.
[2026-01-25 20:30:45,202] tensorflow - Level 1 - Registering MaxPool3DGrad (<function _MaxPool3DGradGrad at 0x0000025C7DA4A7A0>) in gradient.
[2026-01-25 20:30:45,202] tensorflow - Level 1 - Registering MaxPool3DGradGrad (<function _MaxPool3DGradGradGrad at 0x0000025C7DA4A840>) in gradient.
[2026-01-25 20:30:45,202] tensorflow - Level 1 - Registering Softmax (<function _SoftmaxGrad at 0x0000025C7DA4A8E0>) in gradient.
[2026-01-25 20:30:45,202] tensorflow - Level 1 - Registering LogSoftmax (<function _LogSoftmaxGrad at 0x0000025C7DA4A980>) in gradient.
[2026-01-25 20:30:45,202] tensorflow - Level 1 - Registering BiasAdd (<function _BiasAddGrad at 0x0000025C7DA4AA20>) in gradient.
[2026-01-25 20:30:45,202] tensorflow - Level 1 - Registering BiasAddGrad (<function _BiasAddGradGrad at 0x0000025C7DA4AAC0>) in gradient.
[2026-01-25 20:30:45,202] tensorflow - Level 1 - Registering BiasAddV1 (<function _BiasAddGradV1 at 0x0000025C7DA4AB60>) in gradient.
[2026-01-25 20:30:45,202] tensorflow - Level 1 - Registering Relu (<function _ReluGrad at 0x0000025C7DA4AC00>) in gradient.
[2026-01-25 20:30:45,202] tensorflow - Level 1 - Registering EluGrad (<function _EluGradGrad at 0x0000025C7DA4ACA0>) in gradient.
[2026-01-25 20:30:45,202] tensorflow - Level 1 - Registering SeluGrad (<function _SeluGradGrad at 0x0000025C7DA4AD40>) in gradient.
[2026-01-25 20:30:45,202] tensorflow - Level 1 - Registering Relu6 (<function _Relu6Grad at 0x0000025C7DA4ADE0>) in gradient.
[2026-01-25 20:30:45,202] tensorflow - Level 1 - Registering Relu6Grad (<function _Relu6GradGrad at 0x0000025C7DA4AE80>) in gradient.
[2026-01-25 20:30:45,202] tensorflow - Level 1 - Registering LeakyRelu (<function _LeakyReluGrad at 0x0000025C7DA4AF20>) in gradient.
[2026-01-25 20:30:45,202] tensorflow - Level 1 - Registering LeakyReluGrad (<function _LeakyReluGradGrad at 0x0000025C7DA4AFC0>) in gradient.
[2026-01-25 20:30:45,202] tensorflow - Level 1 - Registering Elu (<function _EluGrad at 0x0000025C7DA4B060>) in gradient.
[2026-01-25 20:30:45,202] tensorflow - Level 1 - Registering Selu (<function _SeluGrad at 0x0000025C7DA4B100>) in gradient.
[2026-01-25 20:30:45,202] tensorflow - Level 1 - Registering Softplus (<function _SoftplusGrad at 0x0000025C7DA4B1A0>) in gradient.
[2026-01-25 20:30:45,202] tensorflow - Level 1 - Registering SoftplusGrad (<function _SoftplusGradGrad at 0x0000025C7DA4B240>) in gradient.
[2026-01-25 20:30:45,202] tensorflow - Level 1 - Registering Softsign (<function _SoftsignGrad at 0x0000025C7DA4B2E0>) in gradient.
[2026-01-25 20:30:45,202] tensorflow - Level 1 - Registering ReluGrad (<function _ReluGradGrad at 0x0000025C7DA4B380>) in gradient.
[2026-01-25 20:30:45,202] tensorflow - Level 1 - Registering SoftmaxCrossEntropyWithLogits (<function _SoftmaxCrossEntropyWithLogitsGrad at 0x0000025C7DA4B4C0>) in gradient.
[2026-01-25 20:30:45,208] tensorflow - Level 1 - Registering SparseSoftmaxCrossEntropyWithLogits (<function _SparseSoftmaxCrossEntropyWithLogitsGrad at 0x0000025C7DA4B560>) in gradient.
[2026-01-25 20:30:45,208] tensorflow - Level 1 - Registering Conv2D (<function _Conv2DGrad at 0x0000025C7DA4B600>) in gradient.
[2026-01-25 20:30:45,208] tensorflow - Level 1 - Registering DepthwiseConv2dNative (<function _DepthwiseConv2dNativeGrad at 0x0000025C7DA4B6A0>) in gradient.
[2026-01-25 20:30:45,209] tensorflow - Level 1 - Registering Dilation2D (<function _Dilation2DGrad at 0x0000025C7DA4B740>) in gradient.
[2026-01-25 20:30:45,209] tensorflow - Level 1 - Registering LRN (<function _LRNGrad at 0x0000025C7DA4B7E0>) in gradient.
[2026-01-25 20:30:45,209] tensorflow - Level 1 - Registering AvgPool (<function _AvgPoolGrad at 0x0000025C7DA4B880>) in gradient.
[2026-01-25 20:30:45,209] tensorflow - Level 1 - Registering AvgPoolGrad (<function _AvgPoolGradGrad at 0x0000025C7DA4B920>) in gradient.
[2026-01-25 20:30:45,210] tensorflow - Level 1 - Registering MaxPool (<function _MaxPoolGrad at 0x0000025C7DA4B9C0>) in gradient.
[2026-01-25 20:30:45,210] tensorflow - Level 1 - Registering MaxPoolV2 (<function _MaxPoolGradV2 at 0x0000025C7DA4BA60>) in gradient.
[2026-01-25 20:30:45,210] tensorflow - Level 1 - Registering MaxPoolWithArgmax (<function _MaxPoolGradWithArgmax at 0x0000025C7DA4BB00>) in gradient.
[2026-01-25 20:30:45,211] tensorflow - Level 1 - Registering MaxPoolGrad (<function _MaxPoolGradGrad at 0x0000025C7DA4BBA0>) in gradient.
[2026-01-25 20:30:45,211] tensorflow - Level 1 - Registering MaxPoolGradV2 (<function _MaxPoolGradGradV2 at 0x0000025C7DA4BC40>) in gradient.
[2026-01-25 20:30:45,212] tensorflow - Level 1 - Registering MaxPoolGradGrad (<function _MaxPoolGradGradGrad at 0x0000025C7DA4BCE0>) in gradient.
[2026-01-25 20:30:45,212] tensorflow - Level 1 - Registering FractionalMaxPool (<function _FractionalMaxPoolGrad at 0x0000025C7DA4BD80>) in gradient.
[2026-01-25 20:30:45,212] tensorflow - Level 1 - Registering FractionalAvgPool (<function _FractionalAvgPoolGrad at 0x0000025C7DA4BE20>) in gradient.
[2026-01-25 20:30:45,212] tensorflow - Level 1 - Registering BatchNormWithGlobalNormalization (<function _BatchNormWithGlobalNormalizationGrad at 0x0000025C7DA4BEC0>) in gradient.
[2026-01-25 20:30:45,212] tensorflow - Level 1 - Registering FusedBatchNorm (<function _FusedBatchNormGrad at 0x0000025C7DA84040>) in gradient.
[2026-01-25 20:30:45,212] tensorflow - Level 1 - Registering FusedBatchNormV2 (<function _FusedBatchNormV2Grad at 0x0000025C7DA840E0>) in gradient.
[2026-01-25 20:30:45,213] tensorflow - Level 1 - Registering FusedBatchNormV3 (<function _FusedBatchNormV3Grad at 0x0000025C7DA84180>) in gradient.
[2026-01-25 20:30:45,213] tensorflow - Level 1 - Registering L2Loss (<function _L2LossGrad at 0x0000025C7DA84220>) in gradient.
[2026-01-25 20:30:45,213] tensorflow - Level 1 - Registering TopKV2 (<function _TopKGrad at 0x0000025C7DA842C0>) in gradient.
[2026-01-25 20:30:45,213] tensorflow - Level 1 - Registering TopK (<function _TopKGrad at 0x0000025C7DA842C0>) in gradient.
[2026-01-25 20:30:45,213] tensorflow - Level 1 - Registering ApproxTopK (<function _ApproxTopKGradient at 0x0000025C7DA84360>) in gradient.
[2026-01-25 20:30:45,213] tensorflow - Level 1 - Registering NthElement (<function _NthElementGrad at 0x0000025C7DA84400>) in gradient.
[2026-01-25 20:30:45,213] tensorflow - Level 1 - Registering IsotonicRegression (<function _IsotonicRegressionGrad at 0x0000025C7DA84540>) in gradient.
[2026-01-25 20:30:45,235] tensorflow - Level 1 - Registering BitwiseAnd (None) in gradient.
[2026-01-25 20:30:45,237] tensorflow - Level 1 - Registering BitwiseOr (None) in gradient.
[2026-01-25 20:30:45,237] tensorflow - Level 1 - Registering BitwiseXor (None) in gradient.
[2026-01-25 20:30:45,238] tensorflow - Level 1 - Registering Invert (None) in gradient.
[2026-01-25 20:30:45,238] tensorflow - Level 1 - Registering PopulationCount (None) in gradient.
[2026-01-25 20:30:45,238] tensorflow - Level 1 - Registering LeftShift (None) in gradient.
[2026-01-25 20:30:45,238] tensorflow - Level 1 - Registering RightShift (None) in gradient.
[2026-01-25 20:30:45,239] tensorflow - Level 1 - Registering StatelessMultinomial (None) in gradient.
[2026-01-25 20:30:45,243] tensorflow - Level 1 - Registering StatelessRandomBinomial (None) in gradient.
[2026-01-25 20:30:45,243] tensorflow - Level 1 - Registering StatelessRandomNormal (None) in gradient.
[2026-01-25 20:30:45,243] tensorflow - Level 1 - Registering StatelessRandomPoisson (None) in gradient.
[2026-01-25 20:30:45,243] tensorflow - Level 1 - Registering StatelessRandomUniform (None) in gradient.
[2026-01-25 20:30:45,244] tensorflow - Level 1 - Registering StatelessRandomUniformInt (None) in gradient.
[2026-01-25 20:30:45,244] tensorflow - Level 1 - Registering StatelessRandomUniformFullInt (None) in gradient.
[2026-01-25 20:30:45,244] tensorflow - Level 1 - Registering StatelessTruncatedNormal (None) in gradient.
[2026-01-25 20:30:45,244] tensorflow - Level 1 - Registering StatelessRandomNormalV2 (None) in gradient.
[2026-01-25 20:30:45,245] tensorflow - Level 1 - Registering StatelessRandomUniformV2 (None) in gradient.
[2026-01-25 20:30:45,245] tensorflow - Level 1 - Registering StatelessRandomUniformIntV2 (None) in gradient.
[2026-01-25 20:30:45,245] tensorflow - Level 1 - Registering StatelessRandomUniformFullIntV2 (None) in gradient.
[2026-01-25 20:30:45,245] tensorflow - Level 1 - Registering StatelessTruncatedNormalV2 (None) in gradient.
[2026-01-25 20:30:45,245] tensorflow - Level 1 - Registering StatelessRandomShuffle (None) in gradient.
[2026-01-25 20:30:45,246] tensorflow - Level 1 - Registering RandomIndexShuffle (None) in gradient.
[2026-01-25 20:30:45,268] tensorflow - Level 1 - Registering Conv3D,flops (<function _calc_conv3d_flops at 0x0000025C7DB02CA0>) in statistical functions.
[2026-01-25 20:30:45,274] tensorflow - Level 1 - Registering Conv2D,flops (<function _calc_conv_flops at 0x0000025C7DB02E80>) in statistical functions.
[2026-01-25 20:30:45,275] tensorflow - Level 1 - Registering DepthwiseConv2dNative,flops (<function _calc_depthwise_conv_flops at 0x0000025C7DB03420>) in statistical functions.
[2026-01-25 20:30:45,276] tensorflow - Level 1 - Registering BiasAdd,flops (<function _calc_bias_add_flops at 0x0000025C7DB034C0>) in statistical functions.
[2026-01-25 20:30:45,279] tensorflow - Level 1 - Registering Dilation2D,flops (<function _calc_dilation2d_flops at 0x0000025C7DBA4FE0>) in statistical functions.
[2026-01-25 20:30:45,302] tensorflow - Level 1 - Registering CompositeTensorVariantFromComponents (<function _composite_tensor_to_variants_grad at 0x0000025C7DC02020>) in gradient.
[2026-01-25 20:30:45,304] tensorflow - Level 1 - Registering CompositeTensorVariantToComponents (<function _composite_tensor_from_variant_grad at 0x0000025C7DC020C0>) in gradient.
[2026-01-25 20:30:45,340] tensorflow - Level 1 - Registering RaggedRange (None) in gradient.
[2026-01-25 20:30:45,355] tensorflow - Level 1 - Registering RaggedFillEmptyRows (<function _ragged_fill_empty_rows_grad at 0x0000025C7DC66FC0>) in gradient.
[2026-01-25 20:30:45,372] tensorflow - Level 1 - Registering RaggedGather (<function _ragged_gather_grad at 0x0000025C7DC8CEA0>) in gradient.
[2026-01-25 20:30:45,392] tensorflow - Level 1 - Registering RegexReplace (None) in gradient.
[2026-01-25 20:30:45,393] tensorflow - Level 1 - Registering StringToHashBucket (None) in gradient.
[2026-01-25 20:30:45,394] tensorflow - Level 1 - Registering StringToHashBucketFast (None) in gradient.
[2026-01-25 20:30:45,394] tensorflow - Level 1 - Registering StringToHashBucketStrong (None) in gradient.
[2026-01-25 20:30:45,395] tensorflow - Level 1 - Registering ReduceJoin (None) in gradient.
[2026-01-25 20:30:45,395] tensorflow - Level 1 - Registering StringJoin (None) in gradient.
[2026-01-25 20:30:45,396] tensorflow - Level 1 - Registering StringSplit (None) in gradient.
[2026-01-25 20:30:45,396] tensorflow - Level 1 - Registering AsString (None) in gradient.
[2026-01-25 20:30:45,396] tensorflow - Level 1 - Registering EncodeBase64 (None) in gradient.
[2026-01-25 20:30:45,396] tensorflow - Level 1 - Registering DecodeBase64 (None) in gradient.
[2026-01-25 20:30:45,399] tensorflow - Level 1 - Registering Print (<function _PrintGrad at 0x0000025C7DC8FB00>) in gradient.
[2026-01-25 20:30:45,403] tensorflow - Level 1 - Registering HistogramSummary (None) in gradient.
[2026-01-25 20:30:45,404] tensorflow - Level 1 - Registering ImageSummary (None) in gradient.
[2026-01-25 20:30:45,404] tensorflow - Level 1 - Registering AudioSummary (None) in gradient.
[2026-01-25 20:30:45,404] tensorflow - Level 1 - Registering AudioSummaryV2 (None) in gradient.
[2026-01-25 20:30:45,404] tensorflow - Level 1 - Registering MergeSummary (None) in gradient.
[2026-01-25 20:30:45,405] tensorflow - Level 1 - Registering ScalarSummary (None) in gradient.
[2026-01-25 20:30:45,405] tensorflow - Level 1 - Registering TensorSummary (None) in gradient.
[2026-01-25 20:30:45,405] tensorflow - Level 1 - Registering TensorSummaryV2 (None) in gradient.
[2026-01-25 20:30:45,405] tensorflow - Level 1 - Registering Timestamp (None) in gradient.
[2026-01-25 20:30:45,475] tensorflow - Level 1 - Registering XlaEinsum (<function _einsum_grad at 0x0000025C7DD5AB60>) in gradient.
[2026-01-25 20:30:45,493] tensorflow - Level 1 - Registering RaggedTensorToTensor (<function _ragged_tensor_to_tensor_grad at 0x0000025C7DD87B00>) in gradient.
[2026-01-25 20:30:45,495] tensorflow - Level 1 - Registering RaggedTensorFromVariant (<function _ragged_tensor_from_variant_grad at 0x0000025C7DD87D80>) in gradient.
[2026-01-25 20:30:45,496] tensorflow - Level 1 - Registering RaggedTensorToVariant (<function _ragged_tensor_to_variant_grad at 0x0000025C7DD87E20>) in gradient.
[2026-01-25 20:30:45,505] tensorflow - Level 1 - Registering ClipByValue (<function _clip_by_value_grad at 0x0000025C7DDA8540>) in gradient.
[2026-01-25 20:30:45,510] tensorflow - Level 1 - Registering DynamicPartition (<function _DynamicPartitionGrads at 0x0000025C7DDA8F40>) in gradient.
[2026-01-25 20:30:45,513] tensorflow - Level 1 - Registering ParallelDynamicStitch (<function _DynamicStitchGrads at 0x0000025C7DDA9260>) in gradient.
[2026-01-25 20:30:45,513] tensorflow - Level 1 - Registering DynamicStitch (<function _DynamicStitchGrads at 0x0000025C7DDA9260>) in gradient.
[2026-01-25 20:30:45,513] tensorflow - Level 1 - Registering Queue (None) in gradient.
[2026-01-25 20:30:45,514] tensorflow - Level 1 - Registering QueueEnqueue (None) in gradient.
[2026-01-25 20:30:45,514] tensorflow - Level 1 - Registering QueueEnqueueMany (None) in gradient.
[2026-01-25 20:30:45,514] tensorflow - Level 1 - Registering QueueDequeue (None) in gradient.
[2026-01-25 20:30:45,514] tensorflow - Level 1 - Registering QueueDequeueMany (None) in gradient.
[2026-01-25 20:30:45,515] tensorflow - Level 1 - Registering QueueDequeueUpTo (None) in gradient.
[2026-01-25 20:30:45,515] tensorflow - Level 1 - Registering QueueClose (None) in gradient.
[2026-01-25 20:30:45,515] tensorflow - Level 1 - Registering QueueSize (None) in gradient.
[2026-01-25 20:30:45,515] tensorflow - Level 1 - Registering Stack (None) in gradient.
[2026-01-25 20:30:45,516] tensorflow - Level 1 - Registering StackPush (None) in gradient.
[2026-01-25 20:30:45,517] tensorflow - Level 1 - Registering StackPop (None) in gradient.
[2026-01-25 20:30:45,517] tensorflow - Level 1 - Registering StackClose (None) in gradient.
[2026-01-25 20:30:45,517] tensorflow - Level 1 - Registering GetSessionHandle (None) in gradient.
[2026-01-25 20:30:45,518] tensorflow - Level 1 - Registering GetSessionHandleV2 (None) in gradient.
[2026-01-25 20:30:45,518] tensorflow - Level 1 - Registering GetSessionTensor (None) in gradient.
[2026-01-25 20:30:45,518] tensorflow - Level 1 - Registering DeleteSessionTensor (None) in gradient.
[2026-01-25 20:30:45,625] tensorflow - Level 1 - Registering TPUReplicatedInput (None) in gradient.
[2026-01-25 20:30:45,627] tensorflow - Level 1 - Registering AllToAll (<function _all_to_all_grad at 0x0000025C7DEF3560>) in gradient.
[2026-01-25 20:30:45,629] tensorflow - Level 1 - Registering CollectivePermute (<function _collective_permute_grad at 0x0000025C7DEF3740>) in gradient.
[2026-01-25 20:30:45,629] tensorflow - Level 1 - Registering CrossReplicaSum (<function _cross_replica_sum_grad at 0x0000025C7DEF37E0>) in gradient.
[2026-01-25 20:30:45,629] tensorflow - Level 1 - Registering TPUEmbeddingActivations (<function _embedding_activations_grad at 0x0000025C7DEF3880>) in gradient.
[2026-01-25 20:30:45,685] tensorflow - Level 1 - Registering XlaClusterOutput (<function _XlaClusterOutputGrad at 0x0000025C7DF46A20>) in gradient.
[2026-01-25 20:30:45,689] tensorflow - Level 1 - Registering Pack (<function _PackGrad at 0x0000025C7DF46FC0>) in gradient.
[2026-01-25 20:30:45,692] tensorflow - Level 1 - Registering Unpack (<function _UnpackGrad at 0x0000025C7DF47100>) in gradient.
[2026-01-25 20:30:45,693] tensorflow - Level 1 - Registering Concat (<function _ConcatGrad at 0x0000025C7DF472E0>) in gradient.
[2026-01-25 20:30:45,693] tensorflow - Level 1 - Registering ConcatV2 (<function _ConcatGradV2 at 0x0000025C7DF47380>) in gradient.
[2026-01-25 20:30:45,693] tensorflow - Level 1 - Registering ConcatOffset (None) in gradient.
[2026-01-25 20:30:45,694] tensorflow - Level 1 - Registering Slice (<function _SliceGrad at 0x0000025C7DF47420>) in gradient.
[2026-01-25 20:30:45,694] tensorflow - Level 1 - Registering StridedSlice (<function _StridedSliceGrad at 0x0000025C7DF47600>) in gradient.
[2026-01-25 20:30:45,694] tensorflow - Level 1 - Registering StridedSliceGrad (<function _StridedSliceGradGrad at 0x0000025C7DF476A0>) in gradient.
[2026-01-25 20:30:45,695] tensorflow - Level 1 - Registering TensorStridedSliceUpdate (<function _TensorStridedSliceUpdateGrad at 0x0000025C7DF47740>) in gradient.
[2026-01-25 20:30:45,695] tensorflow - Level 1 - Registering Split (<function _SplitGrad at 0x0000025C7DF477E0>) in gradient.
[2026-01-25 20:30:45,695] tensorflow - Level 1 - Registering SplitV (<function _SplitVGrad at 0x0000025C7DF47880>) in gradient.
[2026-01-25 20:30:45,696] tensorflow - Level 1 - Registering Const (None) in gradient.
[2026-01-25 20:30:45,696] tensorflow - Level 1 - Registering Diag (<function _DiagGrad at 0x0000025C7DF47920>) in gradient.
[2026-01-25 20:30:45,696] tensorflow - Level 1 - Registering DiagPart (<function _DiagPartGrad at 0x0000025C7DF479C0>) in gradient.
[2026-01-25 20:30:45,696] tensorflow - Level 1 - Registering MatrixDiag (<function _MatrixDiagGrad at 0x0000025C7DF47A60>) in gradient.
[2026-01-25 20:30:45,696] tensorflow - Level 1 - Registering MatrixDiagV2 (<function _MatrixDiagV2Grad at 0x0000025C7DF47B00>) in gradient.
[2026-01-25 20:30:45,698] tensorflow - Level 1 - Registering MatrixDiagV3 (<function _MatrixDiagV3Grad at 0x0000025C7DF47BA0>) in gradient.
[2026-01-25 20:30:45,698] tensorflow - Level 1 - Registering MatrixDiagPart (<function _MatrixDiagPartGrad at 0x0000025C7DF47C40>) in gradient.
[2026-01-25 20:30:45,698] tensorflow - Level 1 - Registering MatrixDiagPartV2 (<function _MatrixDiagPartV2Grad at 0x0000025C7DF47CE0>) in gradient.
[2026-01-25 20:30:45,698] tensorflow - Level 1 - Registering MatrixDiagPartV3 (<function _MatrixDiagPartV3Grad at 0x0000025C7DF47D80>) in gradient.
[2026-01-25 20:30:45,699] tensorflow - Level 1 - Registering MatrixSetDiag (<function _MatrixSetDiagGrad at 0x0000025C7DF47E20>) in gradient.
[2026-01-25 20:30:45,699] tensorflow - Level 1 - Registering MatrixSetDiagV2 (<function _MatrixSetDiagGradV2 at 0x0000025C7DF47EC0>) in gradient.
[2026-01-25 20:30:45,699] tensorflow - Level 1 - Registering MatrixSetDiagV3 (<function _MatrixSetDiagGradV3 at 0x0000025C7DF47F60>) in gradient.
[2026-01-25 20:30:45,699] tensorflow - Level 1 - Registering MatrixBandPart (<function _MatrixBandPartGrad at 0x0000025C7DFB0040>) in gradient.
[2026-01-25 20:30:45,700] tensorflow - Level 1 - Registering EditDistance (None) in gradient.
[2026-01-25 20:30:45,700] tensorflow - Level 1 - Registering Fill (<function _FillGrad at 0x0000025C7DFB00E0>) in gradient.
[2026-01-25 20:30:45,700] tensorflow - Level 1 - Registering ZerosLike (None) in gradient.
[2026-01-25 20:30:45,701] tensorflow - Level 1 - Registering OnesLike (None) in gradient.
[2026-01-25 20:30:45,701] tensorflow - Level 1 - Registering PreventGradient (<function _PreventGradientGrad at 0x0000025C7DFB0180>) in gradient.
[2026-01-25 20:30:45,701] tensorflow - Level 1 - Registering Gather (<function _GatherGrad at 0x0000025C7DFB02C0>) in gradient.
[2026-01-25 20:30:45,702] tensorflow - Level 1 - Registering GatherV2 (<function _GatherV2Grad at 0x0000025C7DFB04A0>) in gradient.
[2026-01-25 20:30:45,702] tensorflow - Level 1 - Registering GatherNd (<function _GatherNdGrad at 0x0000025C7DFB0540>) in gradient.
[2026-01-25 20:30:45,702] tensorflow - Level 1 - Registering ResourceGatherNd (<function _ResourceGatherNdGrad at 0x0000025C7DFB05E0>) in gradient.
[2026-01-25 20:30:45,702] tensorflow - Level 1 - Registering CheckNumerics (<function _CheckNumericsGrad at 0x0000025C7DFB0680>) in gradient.
[2026-01-25 20:30:45,703] tensorflow - Level 1 - Registering CheckNumericsV2 (<function _CheckNumericsV2Grad at 0x0000025C7DFB0720>) in gradient.
[2026-01-25 20:30:45,703] tensorflow - Level 1 - Registering Identity (<function _IdGrad at 0x0000025C7DFB07C0>) in gradient.
[2026-01-25 20:30:45,703] tensorflow - Level 1 - Registering PlaceholderWithDefault (<function _IdGrad at 0x0000025C7DFB07C0>) in gradient.
[2026-01-25 20:30:45,703] tensorflow - Level 1 - Registering _EagerConst (<function _EagerConstGrad at 0x0000025C7DFB0860>) in gradient.
[2026-01-25 20:30:45,704] tensorflow - Level 1 - Registering RefIdentity (<function _RefIdGrad at 0x0000025C7DFB0900>) in gradient.
[2026-01-25 20:30:45,704] tensorflow - Level 1 - Registering IdentityN (<function _IdNGrad at 0x0000025C7DFB09A0>) in gradient.
[2026-01-25 20:30:45,704] tensorflow - Level 1 - Registering StopGradient (None) in gradient.
[2026-01-25 20:30:45,705] tensorflow - Level 1 - Registering Reshape (<function _ReshapeGrad at 0x0000025C7DFB0A40>) in gradient.
[2026-01-25 20:30:45,705] tensorflow - Level 1 - Registering InvertPermutation (None) in gradient.
[2026-01-25 20:30:45,705] tensorflow - Level 1 - Registering ExpandDims (<function _ExpandDimsGrad at 0x0000025C7DFB0B80>) in gradient.
[2026-01-25 20:30:45,705] tensorflow - Level 1 - Registering Squeeze (<function _SqueezeGrad at 0x0000025C7DFB0C20>) in gradient.
[2026-01-25 20:30:45,706] tensorflow - Level 1 - Registering Transpose (<function _TransposeGrad at 0x0000025C7DFB0CC0>) in gradient.
[2026-01-25 20:30:45,706] tensorflow - Level 1 - Registering ConjugateTranspose (<function _ConjugateTransposeGrad at 0x0000025C7DFB0D60>) in gradient.
[2026-01-25 20:30:45,706] tensorflow - Level 1 - Registering Shape (None) in gradient.
[2026-01-25 20:30:45,707] tensorflow - Level 1 - Registering ShapeN (None) in gradient.
[2026-01-25 20:30:45,708] tensorflow - Level 1 - Registering Rank (None) in gradient.
[2026-01-25 20:30:45,708] tensorflow - Level 1 - Registering Size (None) in gradient.
[2026-01-25 20:30:45,708] tensorflow - Level 1 - Registering Tile (<function _TileGrad at 0x0000025C7DFB0E00>) in gradient.
[2026-01-25 20:30:45,708] tensorflow - Level 1 - Registering BroadcastGradientArgs (None) in gradient.
[2026-01-25 20:30:45,708] tensorflow - Level 1 - Registering Pad (<function _PadGrad at 0x0000025C7DFB0EA0>) in gradient.
[2026-01-25 20:30:45,708] tensorflow - Level 1 - Registering PadV2 (<function _PadGrad at 0x0000025C7DFB0EA0>) in gradient.
[2026-01-25 20:30:45,708] tensorflow - Level 1 - Registering ReverseSequence (<function _ReverseSequenceGrad at 0x0000025C7DFB0F40>) in gradient.
[2026-01-25 20:30:45,708] tensorflow - Level 1 - Registering Reverse (<function _ReverseGrad at 0x0000025C7DFB0FE0>) in gradient.
[2026-01-25 20:30:45,709] tensorflow - Level 1 - Registering ReverseV2 (<function _ReverseV2Grad at 0x0000025C7DFB1080>) in gradient.
[2026-01-25 20:30:45,710] tensorflow - Level 1 - Registering SpaceToBatch (<function _SpaceToBatchGrad at 0x0000025C7DFB1120>) in gradient.
[2026-01-25 20:30:45,710] tensorflow - Level 1 - Registering SpaceToBatchND (<function _SpaceToBatchNDGrad at 0x0000025C7DFB11C0>) in gradient.
[2026-01-25 20:30:45,710] tensorflow - Level 1 - Registering BatchToSpace (<function _BatchToSpaceGrad at 0x0000025C7DFB1260>) in gradient.
[2026-01-25 20:30:45,710] tensorflow - Level 1 - Registering BatchToSpaceND (<function _BatchToSpaceNDGrad at 0x0000025C7DFB1300>) in gradient.
[2026-01-25 20:30:45,710] tensorflow - Level 1 - Registering SpaceToDepth (<function _SpaceToDepthGrad at 0x0000025C7DFB13A0>) in gradient.
[2026-01-25 20:30:45,710] tensorflow - Level 1 - Registering DepthToSpace (<function _DepthToSpaceGrad at 0x0000025C7DFB1440>) in gradient.
[2026-01-25 20:30:45,711] tensorflow - Level 1 - Registering OneHot (None) in gradient.
[2026-01-25 20:30:45,711] tensorflow - Level 1 - Registering MirrorPad (<function _MirrorPadGrad at 0x0000025C7DFB14E0>) in gradient.
[2026-01-25 20:30:45,711] tensorflow - Level 1 - Registering MirrorPadGrad (<function _MirrorPadGradGrad at 0x0000025C7DFB1580>) in gradient.
[2026-01-25 20:30:45,711] tensorflow - Level 1 - Registering FakeQuantWithMinMaxArgsGradient (None) in gradient.
[2026-01-25 20:30:45,712] tensorflow - Level 1 - Registering FakeQuantWithMinMaxVarsGradient (None) in gradient.
[2026-01-25 20:30:45,712] tensorflow - Level 1 - Registering FakeQuantWithMinMaxVarsPerChannelGradient (None) in gradient.
[2026-01-25 20:30:45,712] tensorflow - Level 1 - Registering QuantizeAndDequantize (<function _QuantizeAndDequantizeGrad at 0x0000025C7DFB1620>) in gradient.
[2026-01-25 20:30:45,712] tensorflow - Level 1 - Registering QuantizeAndDequantizeV2 (<function _QuantizeAndDequantizeV2Grad at 0x0000025C7DFB1760>) in gradient.
[2026-01-25 20:30:45,713] tensorflow - Level 1 - Registering QuantizeAndDequantizeV3 (<function _QuantizeAndDequantizeV3Grad at 0x0000025C7DFB1800>) in gradient.
[2026-01-25 20:30:45,713] tensorflow - Level 1 - Registering ExtractImagePatches (<function _ExtractImagePatchesGrad at 0x0000025C7DFB16C0>) in gradient.
[2026-01-25 20:30:45,713] tensorflow - Level 1 - Registering ExtractVolumePatches (<function _ExtractVolumePatchesGrad at 0x0000025C7DFB18A0>) in gradient.
[2026-01-25 20:30:45,713] tensorflow - Level 1 - Registering ScatterNd (<function _ScatterNdGrad at 0x0000025C7DFB1940>) in gradient.
[2026-01-25 20:30:45,714] tensorflow - Level 1 - Registering TensorScatterUpdate (<function _TensorScatterUpdateGrad at 0x0000025C7DFB19E0>) in gradient.
[2026-01-25 20:30:45,714] tensorflow - Level 1 - Registering TensorScatterAdd (<function _TensorScatterAddGrad at 0x0000025C7DFB1A80>) in gradient.
[2026-01-25 20:30:45,715] tensorflow - Level 1 - Registering TensorScatterMax (<function _TensorScatterMaxGrad at 0x0000025C7DFB1BC0>) in gradient.
[2026-01-25 20:30:45,715] tensorflow - Level 1 - Registering TensorScatterMin (<function _TensorScatterMinGrad at 0x0000025C7DFB1C60>) in gradient.
[2026-01-25 20:30:45,716] tensorflow - Level 1 - Registering TensorScatterSub (<function _TensorScatterSubGrad at 0x0000025C7DFB1D00>) in gradient.
[2026-01-25 20:30:45,716] tensorflow - Level 1 - Registering ScatterNdNonAliasingAdd (<function _ScatterNdNonAliasingAddGrad at 0x0000025C7DFB1DA0>) in gradient.
[2026-01-25 20:30:45,716] tensorflow - Level 1 - Registering BroadcastTo (<function _BroadcastToGrad at 0x0000025C7DFB1E40>) in gradient.
[2026-01-25 20:30:45,719] tensorflow - Level 1 - Registering Switch (<function _SwitchGrad at 0x0000025C7DFB2020>) in gradient.
[2026-01-25 20:30:45,722] tensorflow - Level 1 - Registering RefSwitch (<function _SwitchGrad at 0x0000025C7DFB2020>) in gradient.
[2026-01-25 20:30:45,722] tensorflow - Level 1 - Registering Merge (<function _MergeGrad at 0x0000025C7DFB20C0>) in gradient.
[2026-01-25 20:30:45,723] tensorflow - Level 1 - Registering RefMerge (<function _RefMergeGrad at 0x0000025C7DFB2200>) in gradient.
[2026-01-25 20:30:45,723] tensorflow - Level 1 - Registering Exit (<function _ExitGrad at 0x0000025C7DFB2160>) in gradient.
[2026-01-25 20:30:45,723] tensorflow - Level 1 - Registering RefExit (<function _ExitGrad at 0x0000025C7DFB2160>) in gradient.
[2026-01-25 20:30:45,723] tensorflow - Level 1 - Registering NextIteration (<function _NextIterationGrad at 0x0000025C7DFB22A0>) in gradient.
[2026-01-25 20:30:45,724] tensorflow - Level 1 - Registering RefNextIteration (<function _RefNextIterationGrad at 0x0000025C7DFB2340>) in gradient.
[2026-01-25 20:30:45,724] tensorflow - Level 1 - Registering Enter (<function _EnterGrad at 0x0000025C7DFB23E0>) in gradient.
[2026-01-25 20:30:45,724] tensorflow - Level 1 - Registering RefEnter (<function _RefEnterGrad at 0x0000025C7DFB2480>) in gradient.
[2026-01-25 20:30:45,725] tensorflow - Level 1 - Registering LoopCond (<function _LoopCondGrad at 0x0000025C7DFB2520>) in gradient.
[2026-01-25 20:30:45,738] tensorflow - Level 1 - Registering CudnnRNN (<function _cudnn_rnn_backward at 0x0000025C7DFB2660>) in gradient.
[2026-01-25 20:30:45,740] tensorflow - Level 1 - Registering CudnnRNNV2 (<function _cudnn_rnn_backward_v2 at 0x0000025C7DFB2840>) in gradient.
[2026-01-25 20:30:45,740] tensorflow - Level 1 - Registering CudnnRNNV3 (<function _cudnn_rnn_backwardv3 at 0x0000025C7DFCA980>) in gradient.
[2026-01-25 20:30:45,742] tensorflow - Level 1 - Registering ResizeNearestNeighbor (<function _ResizeNearestNeighborGrad at 0x0000025C7DFCA8E0>) in gradient.
[2026-01-25 20:30:45,745] tensorflow - Level 1 - Registering ResizeBilinear (<function _ResizeBilinearGrad at 0x0000025C7DFCAA20>) in gradient.
[2026-01-25 20:30:45,745] tensorflow - Level 1 - Registering ResizeBilinearGrad (None) in gradient.
[2026-01-25 20:30:45,746] tensorflow - Level 1 - Registering ScaleAndTranslate (<function _ScaleAndTranslateGrad at 0x0000025C7DFCAC00>) in gradient.
[2026-01-25 20:30:45,746] tensorflow - Level 1 - Registering ResizeBicubic (<function _ResizeBicubicGrad at 0x0000025C7DFCAB60>) in gradient.
[2026-01-25 20:30:45,746] tensorflow - Level 1 - Registering CropAndResize (<function _CropAndResizeGrad at 0x0000025C7DFCACA0>) in gradient.
[2026-01-25 20:30:45,746] tensorflow - Level 1 - Registering RGBToHSV (<function _RGBToHSVGrad at 0x0000025C7DFCADE0>) in gradient.
[2026-01-25 20:30:45,760] tensorflow - Level 1 - Registering ReaderRead (None) in gradient.
[2026-01-25 20:30:45,762] tensorflow - Level 1 - Registering ReaderReadUpTo (None) in gradient.
[2026-01-25 20:30:45,762] tensorflow - Level 1 - Registering ReaderNumRecordsProduced (None) in gradient.
[2026-01-25 20:30:45,762] tensorflow - Level 1 - Registering ReaderNumWorkUnitsCompleted (None) in gradient.
[2026-01-25 20:30:45,762] tensorflow - Level 1 - Registering ReaderSerializeState (None) in gradient.
[2026-01-25 20:30:45,762] tensorflow - Level 1 - Registering ReaderRestoreState (None) in gradient.
[2026-01-25 20:30:45,763] tensorflow - Level 1 - Registering ReaderReset (None) in gradient.
[2026-01-25 20:30:45,763] tensorflow - Level 1 - Registering WholeFileReader (None) in gradient.
[2026-01-25 20:30:45,764] tensorflow - Level 1 - Registering TextLineReader (None) in gradient.
[2026-01-25 20:30:45,764] tensorflow - Level 1 - Registering FixedLengthRecordReader (None) in gradient.
[2026-01-25 20:30:45,765] tensorflow - Level 1 - Registering TFRecordReader (None) in gradient.
[2026-01-25 20:30:45,766] tensorflow - Level 1 - Registering LMDBReader (None) in gradient.
[2026-01-25 20:30:45,766] tensorflow - Level 1 - Registering IdentityReader (None) in gradient.
[2026-01-25 20:30:45,778] tensorflow - Level 1 - Registering MatrixInverse (<function _MatrixInverseGrad at 0x0000025C7DFCAE80>) in gradient.
[2026-01-25 20:30:45,780] tensorflow - Level 1 - Registering Einsum (<function _EinsumGrad at 0x0000025C7E044540>) in gradient.
[2026-01-25 20:30:45,780] tensorflow - Level 1 - Registering MatrixDeterminant (<function _MatrixDeterminantGrad at 0x0000025C7E046980>) in gradient.
[2026-01-25 20:30:45,780] tensorflow - Level 1 - Registering MatrixSquareRoot (<function _MatrixSquareRootGrad at 0x0000025C7E046AC0>) in gradient.
[2026-01-25 20:30:45,781] tensorflow - Level 1 - Registering LogMatrixDeterminant (<function _LogMatrixDeterminantGrad at 0x0000025C7E046B60>) in gradient.
[2026-01-25 20:30:45,781] tensorflow - Level 1 - Registering Cholesky (<function _CholeskyGrad at 0x0000025C7E046C00>) in gradient.
[2026-01-25 20:30:45,781] tensorflow - Level 1 - Registering Qr (<function _QrGrad at 0x0000025C7E046CA0>) in gradient.
[2026-01-25 20:30:45,781] tensorflow - Level 1 - Registering MatrixSolve (<function _MatrixSolveGrad at 0x0000025C7E046D40>) in gradient.
[2026-01-25 20:30:45,781] tensorflow - Level 1 - Registering MatrixSolveLs (<function _MatrixSolveLsGrad at 0x0000025C7E046DE0>) in gradient.
[2026-01-25 20:30:45,782] tensorflow - Level 1 - Registering BandedTriangularSolve (<function _BandedTriangularSolveGrad at 0x0000025C7E046E80>) in gradient.
[2026-01-25 20:30:45,782] tensorflow - Level 1 - Registering MatrixTriangularSolve (<function _MatrixTriangularSolveGrad at 0x0000025C7E046F20>) in gradient.
[2026-01-25 20:30:45,782] tensorflow - Level 1 - Registering Eig (<function _EigGrad at 0x0000025C7E047060>) in gradient.
[2026-01-25 20:30:45,782] tensorflow - Level 1 - Registering SelfAdjointEigV2 (<function _SelfAdjointEigV2Grad at 0x0000025C7E047100>) in gradient.
[2026-01-25 20:30:45,782] tensorflow - Level 1 - Registering Svd (<function _SvdGrad at 0x0000025C7E0471A0>) in gradient.
[2026-01-25 20:30:45,782] tensorflow - Level 1 - Registering TridiagonalMatMul (<function _TridiagonalMatMulGrad at 0x0000025C7E047380>) in gradient.
[2026-01-25 20:30:45,783] tensorflow - Level 1 - Registering TridiagonalSolve (<function _TridiagonalSolveGrad at 0x0000025C7E047420>) in gradient.
[2026-01-25 20:30:45,786] tensorflow - Level 1 - Registering LookupTableFind (None) in gradient.
[2026-01-25 20:30:45,788] tensorflow - Level 1 - Registering LookupTableFindV2 (None) in gradient.
[2026-01-25 20:30:45,788] tensorflow - Level 1 - Registering LookupTableInsert (None) in gradient.
[2026-01-25 20:30:45,788] tensorflow - Level 1 - Registering LookupTableInsertV2 (None) in gradient.
[2026-01-25 20:30:45,788] tensorflow - Level 1 - Registering LookupTableSize (None) in gradient.
[2026-01-25 20:30:45,789] tensorflow - Level 1 - Registering LookupTableSizeV2 (None) in gradient.
[2026-01-25 20:30:45,789] tensorflow - Level 1 - Registering HashTable (None) in gradient.
[2026-01-25 20:30:45,789] tensorflow - Level 1 - Registering HashTableV2 (None) in gradient.
[2026-01-25 20:30:45,789] tensorflow - Level 1 - Registering InitializeTable (None) in gradient.
[2026-01-25 20:30:45,789] tensorflow - Level 1 - Registering InitializeTableV2 (None) in gradient.
[2026-01-25 20:30:45,790] tensorflow - Level 1 - Registering InitializeTableFromTextFile (None) in gradient.
[2026-01-25 20:30:45,790] tensorflow - Level 1 - Registering InitializeTableFromTextFileV2 (None) in gradient.
[2026-01-25 20:30:45,790] tensorflow - Level 1 - Registering MutableDenseHashTable (None) in gradient.
[2026-01-25 20:30:45,790] tensorflow - Level 1 - Registering MutableDenseHashTableV2 (None) in gradient.
[2026-01-25 20:30:45,790] tensorflow - Level 1 - Registering MutableHashTable (None) in gradient.
[2026-01-25 20:30:45,790] tensorflow - Level 1 - Registering MutableHashTableV2 (None) in gradient.
[2026-01-25 20:30:45,790] tensorflow - Level 1 - Registering MutableHashTableOfTensors (None) in gradient.
[2026-01-25 20:30:45,790] tensorflow - Level 1 - Registering MutableHashTableOfTensorsV2 (None) in gradient.
[2026-01-25 20:30:45,796] tensorflow - Level 1 - Registering Roll (<function _RollGrad at 0x0000025C7E047600>) in gradient.
[2026-01-25 20:30:45,800] tensorflow - Level 1 - Registering ArgMax (<function _ArgMaxGrad at 0x0000025C7E0477E0>) in gradient.
[2026-01-25 20:30:45,802] tensorflow - Level 1 - Registering ArgMin (<function _ArgMinGrad at 0x0000025C7E0A0540>) in gradient.
[2026-01-25 20:30:45,802] tensorflow - Level 1 - Registering EuclideanNorm (<function _EuclideanNormGrad at 0x0000025C7E0A07C0>) in gradient.
[2026-01-25 20:30:45,802] tensorflow - Level 1 - Registering Sum (<function _SumGrad at 0x0000025C7E0A0C20>) in gradient.
[2026-01-25 20:30:45,802] tensorflow - Level 1 - Registering Max (<function _MaxGrad at 0x0000025C7E0A0D60>) in gradient.
[2026-01-25 20:30:45,802] tensorflow - Level 1 - Registering Min (<function _MinGrad at 0x0000025C7E0A0E00>) in gradient.
[2026-01-25 20:30:45,803] tensorflow - Level 1 - Registering Mean (<function _MeanGrad at 0x0000025C7E0A0EA0>) in gradient.
[2026-01-25 20:30:45,803] tensorflow - Level 1 - Registering Prod (<function _ProdGrad at 0x0000025C7E0A0F40>) in gradient.
[2026-01-25 20:30:45,803] tensorflow - Level 1 - Registering SegmentSum (<function _SegmentSumGrad at 0x0000025C7E0A0FE0>) in gradient.
[2026-01-25 20:30:45,803] tensorflow - Level 1 - Registering SegmentMean (<function _SegmentMeanGrad at 0x0000025C7E0A1080>) in gradient.
[2026-01-25 20:30:45,803] tensorflow - Level 1 - Registering SparseSegmentSum (<function _SparseSegmentSumGrad at 0x0000025C7E0A1260>) in gradient.
[2026-01-25 20:30:45,803] tensorflow - Level 1 - Registering SparseSegmentSumWithNumSegments (<function _SparseSegmentSumWithNumSegmentsGrad at 0x0000025C7E0A1300>) in gradient.
[2026-01-25 20:30:45,803] tensorflow - Level 1 - Registering SparseSegmentMean (<function _SparseSegmentMeanGrad at 0x0000025C7E0A13A0>) in gradient.
[2026-01-25 20:30:45,803] tensorflow - Level 1 - Registering SparseSegmentMeanWithNumSegments (<function _SparseSegmentMeanWithNumSegmentsGrad at 0x0000025C7E0A1440>) in gradient.
[2026-01-25 20:30:45,803] tensorflow - Level 1 - Registering SparseSegmentSqrtN (<function _SparseSegmentSqrtNGrad at 0x0000025C7E0A14E0>) in gradient.
[2026-01-25 20:30:45,804] tensorflow - Level 1 - Registering SparseSegmentSqrtNWithNumSegments (<function _SparseSegmentSqrtNWithNumSegmentsGrad at 0x0000025C7E0A1580>) in gradient.
[2026-01-25 20:30:45,804] tensorflow - Level 1 - Registering SegmentMin (<function _SegmentMinGrad at 0x0000025C7E0A16C0>) in gradient.
[2026-01-25 20:30:45,804] tensorflow - Level 1 - Registering SegmentMax (<function _SegmentMaxGrad at 0x0000025C7E0A1760>) in gradient.
[2026-01-25 20:30:45,804] tensorflow - Level 1 - Registering SegmentProd (<function _SegmentProdGrad at 0x0000025C7E0A1800>) in gradient.
[2026-01-25 20:30:45,804] tensorflow - Level 1 - Registering UnsortedSegmentSum (<function _UnsortedSegmentSumGrad at 0x0000025C7E0A19E0>) in gradient.
[2026-01-25 20:30:45,804] tensorflow - Level 1 - Registering UnsortedSegmentMax (<function _UnsortedSegmentMaxGrad at 0x0000025C7E0A1A80>) in gradient.
[2026-01-25 20:30:45,804] tensorflow - Level 1 - Registering UnsortedSegmentMin (<function _UnsortedSegmentMinGrad at 0x0000025C7E0A1B20>) in gradient.
[2026-01-25 20:30:45,804] tensorflow - Level 1 - Registering UnsortedSegmentProd (<function _UnsortedSegmentProdGrad at 0x0000025C7E0A1BC0>) in gradient.
[2026-01-25 20:30:45,805] tensorflow - Level 1 - Registering Abs (<function _AbsGrad at 0x0000025C7E0A1C60>) in gradient.
[2026-01-25 20:30:45,805] tensorflow - Level 1 - Registering Neg (<function _NegGrad at 0x0000025C7E0A1D00>) in gradient.
[2026-01-25 20:30:45,805] tensorflow - Level 1 - Registering Inv (<function _InvGrad at 0x0000025C7E0A1DA0>) in gradient.
[2026-01-25 20:30:45,805] tensorflow - Level 1 - Registering Reciprocal (<function _ReciprocalGrad at 0x0000025C7E0A1E40>) in gradient.
[2026-01-25 20:30:45,805] tensorflow - Level 1 - Registering InvGrad (<function _InvGradGrad at 0x0000025C7E0A1EE0>) in gradient.
[2026-01-25 20:30:45,805] tensorflow - Level 1 - Registering ReciprocalGrad (<function _ReciprocalGradGrad at 0x0000025C7E0A1F80>) in gradient.
[2026-01-25 20:30:45,805] tensorflow - Level 1 - Registering Square (<function _SquareGrad at 0x0000025C7E0A2020>) in gradient.
[2026-01-25 20:30:45,805] tensorflow - Level 1 - Registering Sqrt (<function _SqrtGrad at 0x0000025C7E0A20C0>) in gradient.
[2026-01-25 20:30:45,805] tensorflow - Level 1 - Registering SqrtGrad (<function _SqrtGradGrad at 0x0000025C7E0A2160>) in gradient.
[2026-01-25 20:30:45,806] tensorflow - Level 1 - Registering Rsqrt (<function _RsqrtGrad at 0x0000025C7E0A2200>) in gradient.
[2026-01-25 20:30:45,806] tensorflow - Level 1 - Registering RsqrtGrad (<function _RsqrtGradGrad at 0x0000025C7E0A22A0>) in gradient.
[2026-01-25 20:30:45,806] tensorflow - Level 1 - Registering Exp (<function _ExpGrad at 0x0000025C7E0A2340>) in gradient.
[2026-01-25 20:30:45,806] tensorflow - Level 1 - Registering Expm1 (<function _Expm1Grad at 0x0000025C7E0A23E0>) in gradient.
[2026-01-25 20:30:45,806] tensorflow - Level 1 - Registering Log (<function _LogGrad at 0x0000025C7E0A2480>) in gradient.
[2026-01-25 20:30:45,806] tensorflow - Level 1 - Registering Log1p (<function _Log1pGrad at 0x0000025C7E0A2520>) in gradient.
[2026-01-25 20:30:45,806] tensorflow - Level 1 - Registering Xlogy (<function _XLogyGrad at 0x0000025C7E0A25C0>) in gradient.
[2026-01-25 20:30:45,806] tensorflow - Level 1 - Registering Xlog1py (<function _XLog1pyGrad at 0x0000025C7E0A2660>) in gradient.
[2026-01-25 20:30:45,806] tensorflow - Level 1 - Registering Xdivy (<function _XDivyGrad at 0x0000025C7E0A2700>) in gradient.
[2026-01-25 20:30:45,806] tensorflow - Level 1 - Registering Sinh (<function _SinhGrad at 0x0000025C7E0A27A0>) in gradient.
[2026-01-25 20:30:45,806] tensorflow - Level 1 - Registering Cosh (<function _CoshGrad at 0x0000025C7E0A2840>) in gradient.
[2026-01-25 20:30:45,806] tensorflow - Level 1 - Registering Tanh (<function _TanhGrad at 0x0000025C7E0A28E0>) in gradient.
[2026-01-25 20:30:45,806] tensorflow - Level 1 - Registering Asinh (<function _AsinhGrad at 0x0000025C7E0A2980>) in gradient.
[2026-01-25 20:30:45,807] tensorflow - Level 1 - Registering Acosh (<function _AcoshGrad at 0x0000025C7E0A2A20>) in gradient.
[2026-01-25 20:30:45,807] tensorflow - Level 1 - Registering Atanh (<function _AtanhGrad at 0x0000025C7E0A2AC0>) in gradient.
[2026-01-25 20:30:45,807] tensorflow - Level 1 - Registering TanhGrad (<function _TanhGradGrad at 0x0000025C7E0A2B60>) in gradient.
[2026-01-25 20:30:45,807] tensorflow - Level 1 - Registering Erf (<function _ErfGrad at 0x0000025C7E0A2C00>) in gradient.
[2026-01-25 20:30:45,807] tensorflow - Level 1 - Registering Erfc (<function _ErfcGrad at 0x0000025C7E0A2CA0>) in gradient.
[2026-01-25 20:30:45,807] tensorflow - Level 1 - Registering Erfinv (<function _ErfinvGrad at 0x0000025C7E0A2D40>) in gradient.
[2026-01-25 20:30:45,807] tensorflow - Level 1 - Registering Ndtri (<function _NdtriGrad at 0x0000025C7E0A2DE0>) in gradient.
[2026-01-25 20:30:45,807] tensorflow - Level 1 - Registering Lgamma (<function _LgammaGrad at 0x0000025C7E0A2E80>) in gradient.
[2026-01-25 20:30:45,808] tensorflow - Level 1 - Registering Digamma (<function _DigammaGrad at 0x0000025C7E0A2F20>) in gradient.
[2026-01-25 20:30:45,808] tensorflow - Level 1 - Registering Dawsn (<function _DawsnGrad at 0x0000025C7E0A2FC0>) in gradient.
[2026-01-25 20:30:45,808] tensorflow - Level 1 - Registering Expint (<function _ExpintGrad at 0x0000025C7E0A3060>) in gradient.
[2026-01-25 20:30:45,809] tensorflow - Level 1 - Registering FresnelCos (<function _FresnelCosGrad at 0x0000025C7E0A3100>) in gradient.
[2026-01-25 20:30:45,809] tensorflow - Level 1 - Registering FresnelSin (<function _FresnelSinGrad at 0x0000025C7E0A31A0>) in gradient.
[2026-01-25 20:30:45,809] tensorflow - Level 1 - Registering Spence (<function _SpenceGrad at 0x0000025C7E0A3240>) in gradient.
[2026-01-25 20:30:45,810] tensorflow - Level 1 - Registering BesselI0 (<function _BesselI0Grad at 0x0000025C7E0A32E0>) in gradient.
[2026-01-25 20:30:45,810] tensorflow - Level 1 - Registering BesselI0e (<function _BesselI0eGrad at 0x0000025C7E0A3380>) in gradient.
[2026-01-25 20:30:45,810] tensorflow - Level 1 - Registering BesselI1 (<function _BesselI1Grad at 0x0000025C7E0A3420>) in gradient.
[2026-01-25 20:30:45,810] tensorflow - Level 1 - Registering BesselI1e (<function _BesselI1eGrad at 0x0000025C7E0A34C0>) in gradient.
[2026-01-25 20:30:45,810] tensorflow - Level 1 - Registering BesselK0 (<function _BesselK0Grad at 0x0000025C7E0A3560>) in gradient.
[2026-01-25 20:30:45,810] tensorflow - Level 1 - Registering BesselK0e (<function _BesselK0eGrad at 0x0000025C7E0A3600>) in gradient.
[2026-01-25 20:30:45,810] tensorflow - Level 1 - Registering BesselK1 (<function _BesselK1Grad at 0x0000025C7E0A36A0>) in gradient.
[2026-01-25 20:30:45,810] tensorflow - Level 1 - Registering BesselK1e (<function _BesselK1eGrad at 0x0000025C7E0A3740>) in gradient.
[2026-01-25 20:30:45,811] tensorflow - Level 1 - Registering BesselJ0 (<function _BesselJ0Grad at 0x0000025C7E0A37E0>) in gradient.
[2026-01-25 20:30:45,811] tensorflow - Level 1 - Registering BesselJ1 (<function _BesselJ1Grad at 0x0000025C7E0A3880>) in gradient.
[2026-01-25 20:30:45,811] tensorflow - Level 1 - Registering BesselY0 (<function _BesselY0Grad at 0x0000025C7E0A3920>) in gradient.
[2026-01-25 20:30:45,812] tensorflow - Level 1 - Registering BesselY1 (<function _BesselY1Grad at 0x0000025C7E0A39C0>) in gradient.
[2026-01-25 20:30:45,812] tensorflow - Level 1 - Registering Igamma (<function _IgammaGrad at 0x0000025C7E0A3A60>) in gradient.
[2026-01-25 20:30:45,812] tensorflow - Level 1 - Registering Igammac (<function _IgammacGrad at 0x0000025C7E0A3B00>) in gradient.
[2026-01-25 20:30:45,812] tensorflow - Level 1 - Registering Betainc (<function _BetaincGrad at 0x0000025C7E0A3BA0>) in gradient.
[2026-01-25 20:30:45,812] tensorflow - Level 1 - Registering Zeta (<function _ZetaGrad at 0x0000025C7E0A3C40>) in gradient.
[2026-01-25 20:30:45,812] tensorflow - Level 1 - Registering Polygamma (<function _PolygammaGrad at 0x0000025C7E0A3CE0>) in gradient.
[2026-01-25 20:30:45,812] tensorflow - Level 1 - Registering Sigmoid (<function _SigmoidGrad at 0x0000025C7E0A3D80>) in gradient.
[2026-01-25 20:30:45,813] tensorflow - Level 1 - Registering SigmoidGrad (<function _SigmoidGradGrad at 0x0000025C7E0A3E20>) in gradient.
[2026-01-25 20:30:45,813] tensorflow - Level 1 - Registering Sign (<function _SignGrad at 0x0000025C7E0A3EC0>) in gradient.
[2026-01-25 20:30:45,813] tensorflow - Level 1 - Registering Sin (<function _SinGrad at 0x0000025C7E0A3F60>) in gradient.
[2026-01-25 20:30:45,813] tensorflow - Level 1 - Registering Cos (<function _CosGrad at 0x0000025C7E0D8040>) in gradient.
[2026-01-25 20:30:45,813] tensorflow - Level 1 - Registering Tan (<function _TanGrad at 0x0000025C7E0D80E0>) in gradient.
[2026-01-25 20:30:45,813] tensorflow - Level 1 - Registering Asin (<function _AsinGrad at 0x0000025C7E0D8180>) in gradient.
[2026-01-25 20:30:45,813] tensorflow - Level 1 - Registering Acos (<function _AcosGrad at 0x0000025C7E0D8220>) in gradient.
[2026-01-25 20:30:45,813] tensorflow - Level 1 - Registering Atan (<function _AtanGrad at 0x0000025C7E0D82C0>) in gradient.
[2026-01-25 20:30:45,814] tensorflow - Level 1 - Registering Atan2 (<function _Atan2Grad at 0x0000025C7E0D8360>) in gradient.
[2026-01-25 20:30:45,814] tensorflow - Level 1 - Registering AddN (<function _AddNGrad at 0x0000025C7E0D8400>) in gradient.
[2026-01-25 20:30:45,814] tensorflow - Level 1 - Registering AddV2 (<function _AddGrad at 0x0000025C7E0D8540>) in gradient.
[2026-01-25 20:30:45,814] tensorflow - Level 1 - Registering Add (<function _AddGrad at 0x0000025C7E0D8540>) in gradient.
[2026-01-25 20:30:45,814] tensorflow - Level 1 - Registering Sub (<function _SubGrad at 0x0000025C7E0D85E0>) in gradient.
[2026-01-25 20:30:45,814] tensorflow - Level 1 - Registering Mul (<function _MulGrad at 0x0000025C7E0D8680>) in gradient.
[2026-01-25 20:30:45,814] tensorflow - Level 1 - Registering MulNoNan (<function _MulNoNanGrad at 0x0000025C7E0D8720>) in gradient.
[2026-01-25 20:30:45,814] tensorflow - Level 1 - Registering Div (<function _DivGrad at 0x0000025C7E0D87C0>) in gradient.
[2026-01-25 20:30:45,815] tensorflow - Level 1 - Registering FloorDiv (<function _FloorDivGrad at 0x0000025C7E0D8860>) in gradient.
[2026-01-25 20:30:45,815] tensorflow - Level 1 - Registering FloorMod (<function _FloorModGrad at 0x0000025C7E0D8900>) in gradient.
[2026-01-25 20:30:45,815] tensorflow - Level 1 - Registering TruncateDiv (<function _TruncateDivGrad at 0x0000025C7E0D89A0>) in gradient.
[2026-01-25 20:30:45,815] tensorflow - Level 1 - Registering RealDiv (<function _RealDivGrad at 0x0000025C7E0D8A40>) in gradient.
[2026-01-25 20:30:45,815] tensorflow - Level 1 - Registering DivNoNan (<function _DivNoNanGrad at 0x0000025C7E0D8AE0>) in gradient.
[2026-01-25 20:30:45,815] tensorflow - Level 1 - Registering Pow (<function _PowGrad at 0x0000025C7E0D8B80>) in gradient.
[2026-01-25 20:30:45,815] tensorflow - Level 1 - Registering Maximum (<function _MaximumGrad at 0x0000025C7E0D8D60>) in gradient.
[2026-01-25 20:30:45,816] tensorflow - Level 1 - Registering Minimum (<function _MinimumGrad at 0x0000025C7E0D8E00>) in gradient.
[2026-01-25 20:30:45,816] tensorflow - Level 1 - Registering SquaredDifference (<function _SquaredDifferenceGrad at 0x0000025C7E0D8EA0>) in gradient.
[2026-01-25 20:30:45,816] tensorflow - Level 1 - Registering Less (None) in gradient.
[2026-01-25 20:30:45,816] tensorflow - Level 1 - Registering LessEqual (None) in gradient.
[2026-01-25 20:30:45,816] tensorflow - Level 1 - Registering Greater (None) in gradient.
[2026-01-25 20:30:45,816] tensorflow - Level 1 - Registering GreaterEqual (None) in gradient.
[2026-01-25 20:30:45,816] tensorflow - Level 1 - Registering Equal (None) in gradient.
[2026-01-25 20:30:45,816] tensorflow - Level 1 - Registering ApproximateEqual (None) in gradient.
[2026-01-25 20:30:45,816] tensorflow - Level 1 - Registering NotEqual (None) in gradient.
[2026-01-25 20:30:45,816] tensorflow - Level 1 - Registering LogicalAnd (None) in gradient.
[2026-01-25 20:30:45,816] tensorflow - Level 1 - Registering LogicalOr (None) in gradient.
[2026-01-25 20:30:45,816] tensorflow - Level 1 - Registering LogicalNot (None) in gradient.
[2026-01-25 20:30:45,816] tensorflow - Level 1 - Registering Select (<function _SelectGrad at 0x0000025C7E0D8F40>) in gradient.
[2026-01-25 20:30:45,817] tensorflow - Level 1 - Registering SelectV2 (<function _SelectGradV2 at 0x0000025C7E0D8FE0>) in gradient.
[2026-01-25 20:30:45,817] tensorflow - Level 1 - Registering MatMul (<function _MatMulGrad at 0x0000025C7E0D91C0>) in gradient.
[2026-01-25 20:30:45,817] tensorflow - Level 1 - Registering SparseMatMul (<function _SparseMatMulGrad at 0x0000025C7E0D9260>) in gradient.
[2026-01-25 20:30:45,817] tensorflow - Level 1 - Registering Floor (<function _FloorGrad at 0x0000025C7E0D9300>) in gradient.
[2026-01-25 20:30:45,817] tensorflow - Level 1 - Registering Ceil (<function _CeilGrad at 0x0000025C7E0D93A0>) in gradient.
[2026-01-25 20:30:45,817] tensorflow - Level 1 - Registering Round (<function _RoundGrad at 0x0000025C7E0D9440>) in gradient.
[2026-01-25 20:30:45,817] tensorflow - Level 1 - Registering Rint (<function _RintGrad at 0x0000025C7E0D94E0>) in gradient.
[2026-01-25 20:30:45,817] tensorflow - Level 1 - Registering BatchMatMul (<function _BatchMatMul at 0x0000025C7E0D9580>) in gradient.
[2026-01-25 20:30:45,818] tensorflow - Level 1 - Registering BatchMatMulV3 (<function _BatchMatMulV2 at 0x0000025C7E0D9620>) in gradient.
[2026-01-25 20:30:45,818] tensorflow - Level 1 - Registering BatchMatMulV2 (<function _BatchMatMulV2 at 0x0000025C7E0D9620>) in gradient.
[2026-01-25 20:30:45,818] tensorflow - Level 1 - Registering Range (None) in gradient.
[2026-01-25 20:30:45,818] tensorflow - Level 1 - Registering LinSpace (None) in gradient.
[2026-01-25 20:30:45,819] tensorflow - Level 1 - Registering Complex (<function _ComplexGrad at 0x0000025C7E0D96C0>) in gradient.
[2026-01-25 20:30:45,819] tensorflow - Level 1 - Registering Real (<function _RealGrad at 0x0000025C7E0D9760>) in gradient.
[2026-01-25 20:30:45,819] tensorflow - Level 1 - Registering Imag (<function _ImagGrad at 0x0000025C7E0D9800>) in gradient.
[2026-01-25 20:30:45,819] tensorflow - Level 1 - Registering Angle (<function _AngleGrad at 0x0000025C7E0D98A0>) in gradient.
[2026-01-25 20:30:45,819] tensorflow - Level 1 - Registering Conj (<function _ConjGrad at 0x0000025C7E0D9940>) in gradient.
[2026-01-25 20:30:45,819] tensorflow - Level 1 - Registering ComplexAbs (<function _ComplexAbsGrad at 0x0000025C7E0D99E0>) in gradient.
[2026-01-25 20:30:45,819] tensorflow - Level 1 - Registering Cast (<function _CastGrad at 0x0000025C7E0D9A80>) in gradient.
[2026-01-25 20:30:45,819] tensorflow - Level 1 - Registering Cross (<function _CrossGrad at 0x0000025C7E0D9B20>) in gradient.
[2026-01-25 20:30:45,820] tensorflow - Level 1 - Registering Cumsum (<function _CumsumGrad at 0x0000025C7E0D9BC0>) in gradient.
[2026-01-25 20:30:45,820] tensorflow - Level 1 - Registering Cumprod (<function _CumprodGrad at 0x0000025C7E0D9C60>) in gradient.
[2026-01-25 20:30:45,820] tensorflow - Level 1 - Registering CumulativeLogsumexp (<function _CumulativeLogsumexpGrad at 0x0000025C7E0D9D00>) in gradient.
[2026-01-25 20:30:45,820] tensorflow - Level 1 - Registering NextAfter (<function _NextAfterGrad at 0x0000025C7E0D9DA0>) in gradient.
[2026-01-25 20:30:45,824] tensorflow - Level 1 - Registering NcclAllReduce (<function _all_sum_grad at 0x0000025C7E0DA160>) in gradient.
[2026-01-25 20:30:45,826] tensorflow - Level 1 - Registering NcclReduce (<function _reduce_sum_grad at 0x0000025C7E0DAD40>) in gradient.
[2026-01-25 20:30:45,827] tensorflow - Level 1 - Registering NcclBroadcast (<function _broadcast_grad at 0x0000025C7E0DAE80>) in gradient.
[2026-01-25 20:30:45,830] tensorflow - Level 1 - Registering OptionalFromValue (<function _OptionalFromValueGrad at 0x0000025C7E0DAAC0>) in gradient.
[2026-01-25 20:30:45,832] tensorflow - Level 1 - Registering OptionalGetValue (<function _OptionalGetValueGrad at 0x0000025C7E0DB1A0>) in gradient.
[2026-01-25 20:30:45,835] tensorflow - Level 1 - Registering DecodeRaw (None) in gradient.
[2026-01-25 20:30:45,838] tensorflow - Level 1 - Registering DecodePaddedRaw (None) in gradient.
[2026-01-25 20:30:45,838] tensorflow - Level 1 - Registering ParseTensor (None) in gradient.
[2026-01-25 20:30:45,839] tensorflow - Level 1 - Registering SerializeTensor (None) in gradient.
[2026-01-25 20:30:45,839] tensorflow - Level 1 - Registering StringToNumber (None) in gradient.
[2026-01-25 20:30:45,848] tensorflow - Level 1 - Registering DecodeProtoV2 (None) in gradient.
[2026-01-25 20:30:45,851] tensorflow - Level 1 - Registering EncodeProto (None) in gradient.
[2026-01-25 20:30:45,854] tensorflow - Level 1 - Registering RandomGamma (<function _RandomGammaGrad at 0x0000025C7E0DBEC0>) in gradient.
[2026-01-25 20:30:45,856] tensorflow - Level 1 - Registering StatelessRandomGammaV2 (<function _StatelessRandomGammaV2Grad at 0x0000025C7E0F4040>) in gradient.
[2026-01-25 20:30:45,856] tensorflow - Level 1 - Registering StatelessRandomGammaV3 (<function _StatelessRandomGammaV3Grad at 0x0000025C7E0F4180>) in gradient.
[2026-01-25 20:30:45,857] tensorflow - Level 1 - Registering StatelessParameterizedTruncatedNormal (<function _StatelessParameterizedTruncatedNormalGrad at 0x0000025C7E0F4400>) in gradient.
[2026-01-25 20:30:45,870] tensorflow - Level 1 - Registering BlockLSTM (<function _block_lstm_grad at 0x0000025C7E0F40E0>) in gradient.
[2026-01-25 20:30:45,872] tensorflow - Level 1 - Registering BlockLSTMV2 (<function _block_lstm_grad at 0x0000025C7E0F40E0>) in gradient.
[2026-01-25 20:30:45,880] tensorflow - Level 1 - Registering SdcaFprint (None) in gradient.
[2026-01-25 20:30:45,883] tensorflow - Level 1 - Registering SdcaOptimizer (None) in gradient.
[2026-01-25 20:30:45,883] tensorflow - Level 1 - Registering SdcaOptimizerV2 (None) in gradient.
[2026-01-25 20:30:45,883] tensorflow - Level 1 - Registering SdcaShrinkL1 (None) in gradient.
[2026-01-25 20:30:45,894] tensorflow - Level 1 - Registering SetSize (None) in gradient.
[2026-01-25 20:30:45,897] tensorflow - Level 1 - Registering DenseToDenseSetOperation (None) in gradient.
[2026-01-25 20:30:45,897] tensorflow - Level 1 - Registering DenseToSparseSetOperation (None) in gradient.
[2026-01-25 20:30:45,898] tensorflow - Level 1 - Registering SparseToSparseSetOperation (None) in gradient.
[2026-01-25 20:30:45,902] tensorflow - Level 1 - Registering SparseAddGrad (None) in gradient.
[2026-01-25 20:30:45,904] tensorflow - Level 1 - Registering SparseConcat (None) in gradient.
[2026-01-25 20:30:45,905] tensorflow - Level 1 - Registering SparseReorder (<function _SparseReorderGrad at 0x0000025C7E12B420>) in gradient.
[2026-01-25 20:30:45,905] tensorflow - Level 1 - Registering SparseAdd (<function _SparseAddGrad at 0x0000025C7E12B600>) in gradient.
[2026-01-25 20:30:45,906] tensorflow - Level 1 - Registering SparseTensorDenseAdd (<function _SparseTensorDenseAddGrad at 0x0000025C7E12B560>) in gradient.
[2026-01-25 20:30:45,906] tensorflow - Level 1 - Registering SparseReduceSum (<function _SparseReduceSumGrad at 0x0000025C7E12B6A0>) in gradient.
[2026-01-25 20:30:45,906] tensorflow - Level 1 - Registering SparseSlice (<function _SparseSliceGrad at 0x0000025C7E12B740>) in gradient.
[2026-01-25 20:30:45,906] tensorflow - Level 1 - Registering SparseTensorDenseMatMul (<function _SparseTensorDenseMatMulGrad at 0x0000025C7E12B7E0>) in gradient.
[2026-01-25 20:30:45,907] tensorflow - Level 1 - Registering SparseDenseCwiseAdd (<function _SparseDenseCwiseAddGrad at 0x0000025C7E12B880>) in gradient.
[2026-01-25 20:30:45,908] tensorflow - Level 1 - Registering SparseDenseCwiseMul (<function _SparseDenseCwiseMulGrad at 0x0000025C7E12B9C0>) in gradient.
[2026-01-25 20:30:45,908] tensorflow - Level 1 - Registering SparseDenseCwiseDiv (<function _SparseDenseCwiseDivGrad at 0x0000025C7E12BA60>) in gradient.
[2026-01-25 20:30:45,908] tensorflow - Level 1 - Registering SparseSoftmax (<function _SparseSoftmaxGrad at 0x0000025C7E12BB00>) in gradient.
[2026-01-25 20:30:45,909] tensorflow - Level 1 - Registering SparseSparseMaximum (<function _SparseSparseMaximumGrad at 0x0000025C7E12BBA0>) in gradient.
[2026-01-25 20:30:45,909] tensorflow - Level 1 - Registering SparseSparseMinimum (<function _SparseSparseMinimumGrad at 0x0000025C7E12BC40>) in gradient.
[2026-01-25 20:30:45,910] tensorflow - Level 1 - Registering SparseFillEmptyRows (<function _SparseFillEmptyRowsGrad at 0x0000025C7E12BCE0>) in gradient.
[2026-01-25 20:30:45,910] tensorflow - Level 1 - Registering SparseToDense (<function _SparseToDenseGrad at 0x0000025C7E12BD80>) in gradient.
[2026-01-25 20:30:45,913] tensorflow - Level 1 - Registering TensorArray (None) in gradient.
[2026-01-25 20:30:45,916] tensorflow - Level 1 - Registering TensorArrayGrad (None) in gradient.
[2026-01-25 20:30:45,916] tensorflow - Level 1 - Registering TensorArraySize (None) in gradient.
[2026-01-25 20:30:45,916] tensorflow - Level 1 - Registering TensorArrayClose (None) in gradient.
[2026-01-25 20:30:45,918] tensorflow - Level 1 - Registering TensorArrayV2 (None) in gradient.
[2026-01-25 20:30:45,918] tensorflow - Level 1 - Registering TensorArrayGradV2 (None) in gradient.
[2026-01-25 20:30:45,919] tensorflow - Level 1 - Registering TensorArraySizeV2 (None) in gradient.
[2026-01-25 20:30:45,919] tensorflow - Level 1 - Registering TensorArrayCloseV2 (None) in gradient.
[2026-01-25 20:30:45,919] tensorflow - Level 1 - Registering TensorArrayV3 (None) in gradient.
[2026-01-25 20:30:45,919] tensorflow - Level 1 - Registering TensorArrayGradV3 (None) in gradient.
[2026-01-25 20:30:45,920] tensorflow - Level 1 - Registering TensorArrayGradWithShape (None) in gradient.
[2026-01-25 20:30:45,920] tensorflow - Level 1 - Registering TensorArraySizeV3 (None) in gradient.
[2026-01-25 20:30:45,920] tensorflow - Level 1 - Registering TensorArrayCloseV3 (None) in gradient.
[2026-01-25 20:30:45,921] tensorflow - Level 1 - Registering TensorArrayReadV3 (<function _TensorArrayReadGrad at 0x0000025C7E12BF60>) in gradient.
[2026-01-25 20:30:45,921] tensorflow - Level 1 - Registering TensorArrayReadV2 (<function _TensorArrayReadGrad at 0x0000025C7E12BF60>) in gradient.
[2026-01-25 20:30:45,921] tensorflow - Level 1 - Registering TensorArrayRead (<function _TensorArrayReadGrad at 0x0000025C7E12BF60>) in gradient.
[2026-01-25 20:30:45,922] tensorflow - Level 1 - Registering TensorArrayWriteV3 (<function _TensorArrayWriteGrad at 0x0000025C7E12BEC0>) in gradient.
[2026-01-25 20:30:45,922] tensorflow - Level 1 - Registering TensorArrayWriteV2 (<function _TensorArrayWriteGrad at 0x0000025C7E12BEC0>) in gradient.
[2026-01-25 20:30:45,922] tensorflow - Level 1 - Registering TensorArrayWrite (<function _TensorArrayWriteGrad at 0x0000025C7E12BEC0>) in gradient.
[2026-01-25 20:30:45,922] tensorflow - Level 1 - Registering TensorArrayGatherV3 (<function _TensorArrayGatherGrad at 0x0000025C7E154040>) in gradient.
[2026-01-25 20:30:45,923] tensorflow - Level 1 - Registering TensorArrayGatherV2 (<function _TensorArrayGatherGrad at 0x0000025C7E154040>) in gradient.
[2026-01-25 20:30:45,923] tensorflow - Level 1 - Registering TensorArrayGather (<function _TensorArrayGatherGrad at 0x0000025C7E154040>) in gradient.
[2026-01-25 20:30:45,923] tensorflow - Level 1 - Registering TensorArrayScatterV3 (<function _TensorArrayScatterGrad at 0x0000025C7E1540E0>) in gradient.
[2026-01-25 20:30:45,924] tensorflow - Level 1 - Registering TensorArrayScatterV2 (<function _TensorArrayScatterGrad at 0x0000025C7E1540E0>) in gradient.
[2026-01-25 20:30:45,924] tensorflow - Level 1 - Registering TensorArrayScatter (<function _TensorArrayScatterGrad at 0x0000025C7E1540E0>) in gradient.
[2026-01-25 20:30:45,924] tensorflow - Level 1 - Registering TensorArrayConcatV3 (<function _TensorArrayConcatGrad at 0x0000025C7E154180>) in gradient.
[2026-01-25 20:30:45,925] tensorflow - Level 1 - Registering TensorArrayConcatV2 (<function _TensorArrayConcatGrad at 0x0000025C7E154180>) in gradient.
[2026-01-25 20:30:45,925] tensorflow - Level 1 - Registering TensorArrayConcat (<function _TensorArrayConcatGrad at 0x0000025C7E154180>) in gradient.
[2026-01-25 20:30:45,925] tensorflow - Level 1 - Registering TensorArraySplitV3 (<function _TensorArraySplitGrad at 0x0000025C7E154220>) in gradient.
[2026-01-25 20:30:45,925] tensorflow - Level 1 - Registering TensorArraySplitV2 (<function _TensorArraySplitGrad at 0x0000025C7E154220>) in gradient.
[2026-01-25 20:30:45,925] tensorflow - Level 1 - Registering TensorArraySplit (<function _TensorArraySplitGrad at 0x0000025C7E154220>) in gradient.
[2026-01-25 20:30:45,941] tensorflow - Level 1 - Registering DenseToCSRSparseMatrix (<function _DenseToCSRSparseMatrixGrad at 0x0000025C7E1544A0>) in gradient.
[2026-01-25 20:30:45,944] tensorflow - Level 1 - Registering CSRSparseMatrixToDense (<function _CSRSparseMatrixToDenseGrad at 0x0000025C7E1545E0>) in gradient.
[2026-01-25 20:30:45,944] tensorflow - Level 1 - Registering SparseTensorToCSRSparseMatrix (<function _SparseTensorToCSRSparseMatrixGrad at 0x0000025C7E180FE0>) in gradient.
[2026-01-25 20:30:45,945] tensorflow - Level 1 - Registering CSRSparseMatrixToSparseTensor (<function _CSRSparseMatrixToSparseTensorGrad at 0x0000025C7E180F40>) in gradient.
[2026-01-25 20:30:45,945] tensorflow - Level 1 - Registering SparseMatrixNNZ (None) in gradient.
[2026-01-25 20:30:45,945] tensorflow - Level 1 - Registering SparseMatrixZeros (None) in gradient.
[2026-01-25 20:30:45,945] tensorflow - Level 1 - Registering SparseMatrixAdd (<function _SparseMatrixAddGrad at 0x0000025C7E1811C0>) in gradient.
[2026-01-25 20:30:45,945] tensorflow - Level 1 - Registering SparseMatrixTranspose (<function _SparseMatrixTransposeGrad at 0x0000025C7E181300>) in gradient.
[2026-01-25 20:30:45,945] tensorflow - Level 1 - Registering SparseMatrixSoftmax (<function _SparseMatrixSoftmaxGrad at 0x0000025C7E1813A0>) in gradient.
[2026-01-25 20:30:45,945] tensorflow - Level 1 - Registering SparseMatrixMatMul (<function _SparseMatrixMatMulGrad at 0x0000025C7E181440>) in gradient.
[2026-01-25 20:30:45,946] tensorflow - Level 1 - Registering SparseMatrixSparseMatMul (<function _SparseMatrixSparseMatMulGrad at 0x0000025C7E1814E0>) in gradient.
[2026-01-25 20:30:45,946] tensorflow - Level 1 - Registering SparseMatrixMul (<function _SparseMatrixMulGrad at 0x0000025C7E181580>) in gradient.
[2026-01-25 20:30:45,958] tensorflow - Level 1 - Registering FFT (<function _fft_grad at 0x0000025C7E1AF060>) in gradient.
[2026-01-25 20:30:45,960] tensorflow - Level 1 - Registering IFFT (<function _ifft_grad at 0x0000025C7E1AF100>) in gradient.
[2026-01-25 20:30:45,961] tensorflow - Level 1 - Registering FFT2D (<function _fft2d_grad at 0x0000025C7E1AF1A0>) in gradient.
[2026-01-25 20:30:45,961] tensorflow - Level 1 - Registering IFFT2D (<function _ifft2d_grad at 0x0000025C7E1AF2E0>) in gradient.
[2026-01-25 20:30:45,961] tensorflow - Level 1 - Registering FFT3D (<function _fft3d_grad at 0x0000025C7E1AF380>) in gradient.
[2026-01-25 20:30:45,961] tensorflow - Level 1 - Registering IFFT3D (<function _ifft3d_grad at 0x0000025C7E1AF420>) in gradient.
[2026-01-25 20:30:45,961] tensorflow - Level 1 - Registering RFFT (<function _rfft_grad_helper.<locals>._grad at 0x0000025C7E1AF880>) in gradient.
[2026-01-25 20:30:45,962] tensorflow - Level 1 - Registering IRFFT (<function _irfft_grad_helper.<locals>._grad at 0x0000025C7E1AFA60>) in gradient.
[2026-01-25 20:30:45,962] tensorflow - Level 1 - Registering RFFT2D (<function _rfft_grad_helper.<locals>._grad at 0x0000025C7E1AFB00>) in gradient.
[2026-01-25 20:30:45,962] tensorflow - Level 1 - Registering IRFFT2D (<function _irfft_grad_helper.<locals>._grad at 0x0000025C7E1AFBA0>) in gradient.
[2026-01-25 20:30:45,966] tensorflow - Level 1 - Registering GenerateVocabRemapping (None) in gradient.
[2026-01-25 20:30:45,968] tensorflow - Level 1 - Registering LoadAndRemapMatrix (None) in gradient.
[2026-01-25 20:30:46,000] tensorflow - Level 1 - Registering XlaVariadicReduce (None) in gradient.
[2026-01-25 20:30:46,000] tensorflow - Level 1 - Registering XlaSharding (<function _sharding_grad at 0x0000025C7E27E5C0>) in gradient.
[2026-01-25 20:30:46,000] tensorflow - Level 1 - Registering XlaSpmdFullToShardShape (<function _spmd_full_to_shard_shape_grad at 0x0000025C7E27E660>) in gradient.
[2026-01-25 20:30:46,000] tensorflow - Level 1 - Registering XlaSpmdShardToFullShape (<function _spmd_shard_to_full_shape_grad at 0x0000025C7E27E700>) in gradient.
[2026-01-25 20:30:46,031] tensorflow - Level 1 - Registering CTCLoss (<function _CTCLossGrad at 0x0000025C7E2C2B60>) in gradient.
[2026-01-25 20:30:46,034] tensorflow - Level 1 - Registering CTCLossV2 (<function _CTCLossV2Grad at 0x0000025C7E2C2C00>) in gradient.
[2026-01-25 20:30:46,035] tensorflow - Level 1 - Registering CTCGreedyDecoder (None) in gradient.
[2026-01-25 20:30:46,036] tensorflow - Level 1 - Registering CTCBeamSearchDecoder (None) in gradient.
[2026-01-25 20:30:46,040] tensorflow - Level 1 - Registering FusedBatchNormGrad (<function _FusedBatchNormGradGrad at 0x0000025C7E2F0680>) in gradient.
[2026-01-25 20:30:46,042] tensorflow - Level 1 - Registering FusedBatchNormGradV2 (<function _FusedBatchNormGradGradV2 at 0x0000025C7E2F0720>) in gradient.
[2026-01-25 20:30:46,043] tensorflow - Level 1 - Registering FusedBatchNormGradV3 (<function _FusedBatchNormGradGradV3 at 0x0000025C7E2F0900>) in gradient.
[2026-01-25 20:30:46,060] tensorflow - Level 1 - Registering variables ((<class 'tensorflow.core.framework.variable_pb2.VariableDef'>, <function _to_proto_fn at 0x0000025C7E3189A0>, <function _from_proto_fn at 0x0000025C7E318CC0>)) in proto functions.
[2026-01-25 20:30:46,063] tensorflow - Level 1 - Registering trainable_variables ((<class 'tensorflow.core.framework.variable_pb2.VariableDef'>, <function _to_proto_fn at 0x0000025C7E3189A0>, <function _from_proto_fn at 0x0000025C7E318CC0>)) in proto functions.
[2026-01-25 20:30:46,063] tensorflow - Level 1 - Registering moving_average_variables ((<class 'tensorflow.core.framework.variable_pb2.VariableDef'>, <function _to_proto_fn at 0x0000025C7E3189A0>, <function _from_proto_fn at 0x0000025C7E318CC0>)) in proto functions.
[2026-01-25 20:30:46,063] tensorflow - Level 1 - Registering local_variables ((<class 'tensorflow.core.framework.variable_pb2.VariableDef'>, <function _to_proto_fn at 0x0000025C7E3189A0>, <function _from_proto_fn at 0x0000025C7E318CC0>)) in proto functions.
[2026-01-25 20:30:46,063] tensorflow - Level 1 - Registering model_variables ((<class 'tensorflow.core.framework.variable_pb2.VariableDef'>, <function _to_proto_fn at 0x0000025C7E3189A0>, <function _from_proto_fn at 0x0000025C7E318CC0>)) in proto functions.
[2026-01-25 20:30:46,064] tensorflow - Level 1 - Registering global_step ((<class 'tensorflow.core.framework.variable_pb2.VariableDef'>, <function _to_proto_fn at 0x0000025C7E3189A0>, <function _from_proto_fn at 0x0000025C7E318CC0>)) in proto functions.
[2026-01-25 20:30:46,064] tensorflow - Level 1 - Registering metric_variables ((<class 'tensorflow.core.framework.variable_pb2.VariableDef'>, <function _to_proto_fn at 0x0000025C7E3189A0>, <function _from_proto_fn at 0x0000025C7E318CC0>)) in proto functions.
[2026-01-25 20:30:46,066] tensorflow - Level 1 - Registering RandomCrop (None) in gradient.
[2026-01-25 20:30:46,068] tensorflow - Level 1 - Registering HSVToRGB (None) in gradient.
[2026-01-25 20:30:46,069] tensorflow - Level 1 - Registering DrawBoundingBoxes (None) in gradient.
[2026-01-25 20:30:46,069] tensorflow - Level 1 - Registering SampleDistortedBoundingBox (None) in gradient.
[2026-01-25 20:30:46,069] tensorflow - Level 1 - Registering SampleDistortedBoundingBoxV2 (None) in gradient.
[2026-01-25 20:30:46,069] tensorflow - Level 1 - Registering ExtractGlimpse (None) in gradient.
[2026-01-25 20:30:46,069] tensorflow - Level 1 - Registering NonMaxSuppression (None) in gradient.
[2026-01-25 20:30:46,069] tensorflow - Level 1 - Registering NonMaxSuppressionV2 (None) in gradient.
[2026-01-25 20:30:46,069] tensorflow - Level 1 - Registering NonMaxSuppressionWithOverlaps (None) in gradient.
[2026-01-25 20:30:46,069] tensorflow - Level 1 - Registering GenerateBoundingBoxProposals (None) in gradient.
[2026-01-25 20:30:46,082] tensorflow - Level 1 - Registering ImageProjectiveTransformV2 (<function _image_projective_transform_grad at 0x0000025C7E5F96C0>) in gradient.
[2026-01-25 20:30:46,084] tensorflow - Level 1 - Registering ImageProjectiveTransformV3 (<function _image_projective_transform_v3_grad at 0x0000025C7E5F98A0>) in gradient.
[2026-01-25 20:30:46,306] tensorflow - Level 1 - Registering savers ((<class 'tensorflow.core.protobuf.saver_pb2.SaverDef'>, <function Saver.to_proto at 0x0000025C7F88CC20>, <function Saver.from_proto at 0x0000025C7F88CCC0>)) in proto functions.
[2026-01-25 20:30:46,325] tensorflow - Level 1 - Registering EagerPyFunc (<function _EagerPyFuncGrad at 0x0000025C7F8C98A0>) in gradient.
[2026-01-25 20:30:46,329] tensorflow - Level 1 - Registering PyFunc (None) in gradient.
[2026-01-25 20:30:46,329] tensorflow - Level 1 - Registering PyFuncStateless (None) in gradient.
[2026-01-25 20:30:46,360] tensorflow - Level 1 - Registering ReduceDataset (None) in gradient.
[2026-01-25 20:30:46,373] tensorflow - Level 1 - Registering tensorflow.python.data.ops.dataset_ops (<function _tf2_callback at 0x0000025C7F913CE0>) in data_v2_callbacks.
[2026-01-25 20:30:46,395] tensorflow - Level 1 - Registering _resource_resolver (<function _resource_resolver at 0x0000025C7F99C9A0>) in acd_resource_resolvers.
[2026-01-25 20:30:46,425] tensorflow - Level 1 - Registering tensorflow.python.data.experimental.ops.counter (<function _tf2_callback at 0x0000025C7F99DEE0>) in data_v2_callbacks.
[2026-01-25 20:30:46,470] tensorflow - Level 1 - Registering tensorflow.python.data.ops.readers (<function _tf2_callback at 0x0000025C7F99D580>) in data_v2_callbacks.
[2026-01-25 20:30:46,477] tensorflow - Level 1 - Registering tensorflow.python.data.experimental.ops.interleave_ops (<function _tf2_callback at 0x0000025C7F9AD8A0>) in data_v2_callbacks.
[2026-01-25 20:30:46,544] tensorflow - Level 1 - Registering tensorflow.python.data.experimental.ops.random_ops (<function _tf2_callback at 0x0000025C7FA50A40>) in data_v2_callbacks.
[2026-01-25 20:30:46,556] tensorflow - Level 1 - Registering tensorflow.python.data.experimental.ops.readers (<function _tf2_callback at 0x0000025C7FA52340>) in data_v2_callbacks.
[2026-01-25 20:30:46,951] tensorflow - Level 1 - Registering tpu_replicated_input_resolver (<function tpu_replicated_input_resolver at 0x0000025C7FCD2340>) in acd_resource_resolvers.
[2026-01-25 20:30:46,962] tensorflow - DEBUG - Falling back to TensorFlow client; we recommended you install the Cloud TPU client directly with pip install cloud-tpu-client.
[2026-01-25 20:30:47,461] tensorflow - Level 1 - Registering queue_runners ((<class 'tensorflow.core.protobuf.queue_runner_pb2.QueueRunnerDef'>, <function QueueRunner.to_proto at 0x0000025C7FF00D60>, <function QueueRunner.from_proto at 0x0000025C7FF00E00>)) in proto functions.
[2026-01-25 20:30:48,293] h5py._conv - DEBUG - Creating converter from 7 to 5
[2026-01-25 20:30:48,293] h5py._conv - DEBUG - Creating converter from 5 to 7
[2026-01-25 20:30:48,294] h5py._conv - DEBUG - Creating converter from 7 to 5
[2026-01-25 20:30:48,294] h5py._conv - DEBUG - Creating converter from 5 to 7
[2026-01-25 20:30:48,758] tensorflow - Level 1 - Registering DebugGradientIdentity (<function _identify_gradient_grad at 0x0000025C009956C0>) in gradient.
[2026-01-25 20:30:48,761] tensorflow - Level 1 - Registering DebugGradientRefIdentity (<function _identify_gradient_grad_ref at 0x0000025C00995760>) in gradient.
[2026-01-25 20:30:48,856] tensorflow - Level 1 - Registering DebugIdentityV2 (<function _debug_identity_v2_grad at 0x0000025C00A1CAE0>) in gradient.
[2026-01-25 20:30:49,465] tensorflow - Level 1 - Registering AudioMicrofrontend (None) in gradient.
[2026-01-25 20:30:49,625] tensorflow - Level 1 - Registering Reciprocal,flops (<function _reciprocal_flops at 0x0000025C00FE23E0>) in statistical functions.
[2026-01-25 20:30:49,628] tensorflow - Level 1 - Registering Square,flops (<function _square_flops at 0x0000025C00FE2480>) in statistical functions.
[2026-01-25 20:30:49,628] tensorflow - Level 1 - Registering Rsqrt,flops (<function _rsqrt_flops at 0x0000025C00FE25C0>) in statistical functions.
[2026-01-25 20:30:49,628] tensorflow - Level 1 - Registering Log,flops (<function _log_flops at 0x0000025C00FE2520>) in statistical functions.
[2026-01-25 20:30:49,628] tensorflow - Level 1 - Registering Neg,flops (<function _neg_flops at 0x0000025C00FE2660>) in statistical functions.
[2026-01-25 20:30:49,628] tensorflow - Level 1 - Registering AssignSub,flops (<function _assign_sub_flops at 0x0000025C00FE2700>) in statistical functions.
[2026-01-25 20:30:49,628] tensorflow - Level 1 - Registering AssignAdd,flops (<function _assign_add_flops at 0x0000025C00FE27A0>) in statistical functions.
[2026-01-25 20:30:49,629] tensorflow - Level 1 - Registering L2Loss,flops (<function _l2_loss_flops at 0x0000025C00FE2840>) in statistical functions.
[2026-01-25 20:30:49,629] tensorflow - Level 1 - Registering Softmax,flops (<function _softmax_flops at 0x0000025C00FE28E0>) in statistical functions.
[2026-01-25 20:30:49,629] tensorflow - Level 1 - Registering AddV2,flops (<function _add_flops at 0x0000025C00FE2A20>) in statistical functions.
[2026-01-25 20:30:49,629] tensorflow - Level 1 - Registering Add,flops (<function _add_flops at 0x0000025C00FE2A20>) in statistical functions.
[2026-01-25 20:30:49,629] tensorflow - Level 1 - Registering Sub,flops (<function _sub_flops at 0x0000025C00FE2AC0>) in statistical functions.
[2026-01-25 20:30:49,629] tensorflow - Level 1 - Registering Mul,flops (<function _mul_flops at 0x0000025C00FE2B60>) in statistical functions.
[2026-01-25 20:30:49,629] tensorflow - Level 1 - Registering RealDiv,flops (<function _real_div_flops at 0x0000025C00FE2C00>) in statistical functions.
[2026-01-25 20:30:49,629] tensorflow - Level 1 - Registering Maximum,flops (<function _maximum_flops at 0x0000025C00FE2CA0>) in statistical functions.
[2026-01-25 20:30:49,629] tensorflow - Level 1 - Registering Minimum,flops (<function _minimum_flops at 0x0000025C00FE2D40>) in statistical functions.
[2026-01-25 20:30:49,629] tensorflow - Level 1 - Registering Pow,flops (<function _pow_flops at 0x0000025C00FE2DE0>) in statistical functions.
[2026-01-25 20:30:49,629] tensorflow - Level 1 - Registering RsqrtGrad,flops (<function _rsqrt_grad_flops at 0x0000025C00FE2E80>) in statistical functions.
[2026-01-25 20:30:49,629] tensorflow - Level 1 - Registering GreaterEqual,flops (<function _greater_equal_flops at 0x0000025C00FE2F20>) in statistical functions.
[2026-01-25 20:30:49,629] tensorflow - Level 1 - Registering Greater,flops (<function _greater_flops at 0x0000025C00FE2FC0>) in statistical functions.
[2026-01-25 20:30:49,631] tensorflow - Level 1 - Registering LessEqual,flops (<function _less_equal_flops at 0x0000025C00FE3060>) in statistical functions.
[2026-01-25 20:30:49,631] tensorflow - Level 1 - Registering Less,flops (<function _less_flops at 0x0000025C00FE3100>) in statistical functions.
[2026-01-25 20:30:49,631] tensorflow - Level 1 - Registering Equal,flops (<function _equal_flops at 0x0000025C00FE31A0>) in statistical functions.
[2026-01-25 20:30:49,631] tensorflow - Level 1 - Registering NotEqual,flops (<function _not_equal_flops at 0x0000025C00FE3240>) in statistical functions.
[2026-01-25 20:30:49,631] tensorflow - Level 1 - Registering SquaredDifference,flops (<function _squared_difference_flops at 0x0000025C00FE32E0>) in statistical functions.
[2026-01-25 20:30:49,631] tensorflow - Level 1 - Registering Mean,flops (<function _mean_flops at 0x0000025C00FE3420>) in statistical functions.
[2026-01-25 20:30:49,631] tensorflow - Level 1 - Registering Sum,flops (<function _sum_flops at 0x0000025C00FE34C0>) in statistical functions.
[2026-01-25 20:30:49,631] tensorflow - Level 1 - Registering ArgMax,flops (<function _arg_max_flops at 0x0000025C00FE3560>) in statistical functions.
[2026-01-25 20:30:49,631] tensorflow - Level 1 - Registering ArgMin,flops (<function _arg_min_flops at 0x0000025C00FE3600>) in statistical functions.
[2026-01-25 20:30:49,631] tensorflow - Level 1 - Registering BiasAddGrad,flops (<function _bias_add_grad_flops at 0x0000025C00FE36A0>) in statistical functions.
[2026-01-25 20:30:49,631] tensorflow - Level 1 - Registering AvgPool,flops (<function _avg_pool_flops at 0x0000025C00FE3880>) in statistical functions.
[2026-01-25 20:30:49,631] tensorflow - Level 1 - Registering MaxPool,flops (<function _max_pool_flops at 0x0000025C00FE3920>) in statistical functions.
[2026-01-25 20:30:49,631] tensorflow - Level 1 - Registering AvgPoolGrad,flops (<function _avg_pool_grad_flops at 0x0000025C00FE39C0>) in statistical functions.
[2026-01-25 20:30:49,632] tensorflow - Level 1 - Registering MaxPoolGrad,flops (<function _max_pool_grad_flops at 0x0000025C00FE3A60>) in statistical functions.
[2026-01-25 20:30:49,632] tensorflow - Level 1 - Registering Conv2DBackpropInput,flops (<function _conv_2d_backprop_input_flops at 0x0000025C00FE3B00>) in statistical functions.
[2026-01-25 20:30:49,632] tensorflow - Level 1 - Registering Conv2DBackpropFilter,flops (<function _conv_2d_backprop_filter_flops at 0x0000025C00FE3BA0>) in statistical functions.
[2026-01-25 20:30:49,632] tensorflow - Level 1 - Registering AddN,flops (<function _add_n_flops at 0x0000025C00FE3C40>) in statistical functions.
[2026-01-25 20:30:49,632] tensorflow - Level 1 - Registering MatMul,flops (<function _calc_mat_mul_flops at 0x0000025C00FE3CE0>) in statistical functions.
[2026-01-25 20:30:49,632] tensorflow - Level 1 - Registering BatchMatMulV3,flops (<function _calc_batch_mat_mul_flops at 0x0000025C00FE3D80>) in statistical functions.
[2026-01-25 20:30:49,632] tensorflow - Level 1 - Registering BatchMatMulV2,flops (<function _calc_batch_mat_mul_flops at 0x0000025C00FE3D80>) in statistical functions.
[2026-01-25 20:30:49,632] tensorflow - Level 1 - Registering BatchMatMul,flops (<function _calc_batch_mat_mul_flops at 0x0000025C00FE3D80>) in statistical functions.
[2026-01-25 20:30:51,033] tensorflow - Level 1 - Enabling eager execution
[2026-01-25 20:30:51,033] tensorflow - Level 1 - Enabling v2 tensorshape
[2026-01-25 20:30:51,033] tensorflow - Level 1 - Enabling resource variables
[2026-01-25 20:30:51,033] tensorflow - Level 1 - Enabling tensor equality
[2026-01-25 20:30:51,034] tensorflow - Level 1 - Enabling control flow v2
[2026-01-25 20:30:52,445] matplotlib - DEBUG - matplotlib data path: C:\Users\BS\anaconda3\Lib\site-packages\matplotlib\mpl-data
[2026-01-25 20:30:52,456] matplotlib - DEBUG - CONFIGDIR=C:\Users\BS\.matplotlib
[2026-01-25 20:30:52,459] matplotlib - DEBUG - interactive is False
[2026-01-25 20:30:52,459] matplotlib - DEBUG - platform is win32
[2026-01-25 20:30:52,613] matplotlib - DEBUG - CACHEDIR=C:\Users\BS\.matplotlib
[2026-01-25 20:30:52,625] matplotlib.font_manager - DEBUG - Using fontManager instance from C:\Users\BS\.matplotlib\fontlist-v390.json
[2026-01-25 20:31:09,848] tensorflow - WARNING - From C:\Users\BS\anaconda3\Lib\site-packages\tf_keras\src\losses.py:2976: The name tf.losses.sparse_softmax_cross_entropy is deprecated. Please use tf.compat.v1.losses.sparse_softmax_cross_entropy instead.

