[2026-01-25 00:10:00,947] tensorflow - Level 1 - Registering Relayout (<function _relayout_gradient at 0x0000022C4D783A60>) in gradient.
[2026-01-25 00:10:00,955] tensorflow - Level 1 - Registering RelayoutLike (<function _relayout_grad_gradient at 0x0000022C4D783BA0>) in gradient.
[2026-01-25 00:10:00,956] tensorflow - Level 1 - Registering CopyToMesh (<function _copy_to_mesh_gradient at 0x0000022C4D7F02C0>) in gradient.
[2026-01-25 00:10:00,956] tensorflow - Level 1 - Registering CopyToMeshGrad (<function _copy_to_mesh_grad_gradient at 0x0000022C4D7F0220>) in gradient.
[2026-01-25 00:10:00,973] tensorflow - Level 1 - Registering FakeQuantWithMinMaxArgs (<function _FakeQuantWithMinMaxArgsGradient at 0x0000022C4D840360>) in gradient.
[2026-01-25 00:10:00,977] tensorflow - Level 1 - Registering FakeQuantWithMinMaxVars (<function _FakeQuantWithMinMaxVarsGradient at 0x0000022C4D840540>) in gradient.
[2026-01-25 00:10:00,978] tensorflow - Level 1 - Registering FakeQuantWithMinMaxVarsPerChannel (<function _FakeQuantWithMinMaxVarsPerChannelGradient at 0x0000022C4D840AE0>) in gradient.
[2026-01-25 00:10:00,978] tensorflow - Level 1 - Registering QuantizeAndDequantizeV4 (<function _QuantizeAndDequantizeV4Grad at 0x0000022C4D840B80>) in gradient.
[2026-01-25 00:10:00,978] tensorflow - Level 1 - Registering QuantizeAndDequantizeV4Grad (<function _QuantizeAndDequantizeV4GradGrad at 0x0000022C4D840C20>) in gradient.
[2026-01-25 00:10:01,022] tensorflow - Level 1 - Registering TensorListConcatLists (None) in gradient.
[2026-01-25 00:10:01,025] tensorflow - Level 1 - Registering TensorListElementShape (None) in gradient.
[2026-01-25 00:10:01,025] tensorflow - Level 1 - Registering TensorListLength (None) in gradient.
[2026-01-25 00:10:01,026] tensorflow - Level 1 - Registering TensorListPushBackBatch (None) in gradient.
[2026-01-25 00:10:01,026] tensorflow - Level 1 - Registering TensorListPushBack (<function _PushBackGrad at 0x0000022C4D9FD4E0>) in gradient.
[2026-01-25 00:10:01,026] tensorflow - Level 1 - Registering TensorListPopBack (<function _PopBackGrad at 0x0000022C4D9FD580>) in gradient.
[2026-01-25 00:10:01,026] tensorflow - Level 1 - Registering TensorListStack (<function _TensorListStackGrad at 0x0000022C4D9FD620>) in gradient.
[2026-01-25 00:10:01,026] tensorflow - Level 1 - Registering TensorListConcatV2 (<function _TensorListConcatGrad at 0x0000022C4D9FD6C0>) in gradient.
[2026-01-25 00:10:01,026] tensorflow - Level 1 - Registering TensorListConcat (<function _TensorListConcatGrad at 0x0000022C4D9FD6C0>) in gradient.
[2026-01-25 00:10:01,027] tensorflow - Level 1 - Registering TensorListSplit (<function _TensorListSplitGrad at 0x0000022C4D9FD760>) in gradient.
[2026-01-25 00:10:01,027] tensorflow - Level 1 - Registering TensorListFromTensor (<function _TensorListFromTensorGrad at 0x0000022C4D9FD800>) in gradient.
[2026-01-25 00:10:01,027] tensorflow - Level 1 - Registering TensorListGetItem (<function _TensorListGetItemGrad at 0x0000022C4D9FD8A0>) in gradient.
[2026-01-25 00:10:01,027] tensorflow - Level 1 - Registering TensorListSetItem (<function _TensorListSetItemGrad at 0x0000022C4D9FD940>) in gradient.
[2026-01-25 00:10:01,027] tensorflow - Level 1 - Registering TensorListResize (<function _TensorListResizeGrad at 0x0000022C4D9FD9E0>) in gradient.
[2026-01-25 00:10:01,027] tensorflow - Level 1 - Registering TensorListGather (<function _TensorListGatherGrad at 0x0000022C4D9FDA80>) in gradient.
[2026-01-25 00:10:01,028] tensorflow - Level 1 - Registering TensorListScatterV2 (<function _TensorListScatterGrad at 0x0000022C4D9FDB20>) in gradient.
[2026-01-25 00:10:01,028] tensorflow - Level 1 - Registering TensorListScatter (<function _TensorListScatterGrad at 0x0000022C4D9FDB20>) in gradient.
[2026-01-25 00:10:01,028] tensorflow - Level 1 - Registering TensorListScatterIntoExistingList (<function _TensorListScatterIntoExistingListGrad at 0x0000022C4D9FDBC0>) in gradient.
[2026-01-25 00:10:01,098] tensorflow - Level 1 - Registering AccumulateNV2 (<function _accumulate_n_grad at 0x0000022C4DBA6DE0>) in gradient.
[2026-01-25 00:10:01,164] tensorflow - Level 1 - Registering cond_context ((<class 'tensorflow.core.protobuf.control_flow_pb2.CondContextDef'>, <function CondContext.to_proto at 0x0000022C4DCBDE40>, <function CondContext.from_proto at 0x0000022C4DCBDEE0>)) in proto functions.
[2026-01-25 00:10:01,167] tensorflow - Level 1 - Registering while_context ((<class 'tensorflow.core.protobuf.control_flow_pb2.WhileContextDef'>, <function WhileContext.to_proto at 0x0000022C4DCBECA0>, <function WhileContext.from_proto at 0x0000022C4DCBEDE0>)) in proto functions.
[2026-01-25 00:10:01,168] tensorflow - Level 1 - Registering _identity_resolver (<function _identity_resolver at 0x0000022C4DCC8CC0>) in acd_resource_resolvers.
[2026-01-25 00:10:01,256] tensorflow - Level 1 - Registering Assign (None) in gradient.
[2026-01-25 00:10:01,258] tensorflow - Level 1 - Registering AssignAdd (None) in gradient.
[2026-01-25 00:10:01,259] tensorflow - Level 1 - Registering AssignSub (None) in gradient.
[2026-01-25 00:10:01,259] tensorflow - Level 1 - Registering ScatterAdd (None) in gradient.
[2026-01-25 00:10:01,259] tensorflow - Level 1 - Registering ScatterSub (None) in gradient.
[2026-01-25 00:10:01,259] tensorflow - Level 1 - Registering ScatterMul (None) in gradient.
[2026-01-25 00:10:01,260] tensorflow - Level 1 - Registering ScatterDiv (None) in gradient.
[2026-01-25 00:10:01,260] tensorflow - Level 1 - Registering ScatterNdUpdate (None) in gradient.
[2026-01-25 00:10:01,260] tensorflow - Level 1 - Registering ScatterNdAdd (None) in gradient.
[2026-01-25 00:10:01,260] tensorflow - Level 1 - Registering ScatterNdSub (None) in gradient.
[2026-01-25 00:10:01,260] tensorflow - Level 1 - Registering ScatterNdMul (None) in gradient.
[2026-01-25 00:10:01,261] tensorflow - Level 1 - Registering ScatterNdDiv (None) in gradient.
[2026-01-25 00:10:01,285] tensorflow - Level 1 - Registering ReadVariableOp (<function _ReadGrad at 0x0000022C4DE48B80>) in gradient.
[2026-01-25 00:10:01,289] tensorflow - Level 1 - Registering ResourceGather (<function _GatherGrad at 0x0000022C4DE49BC0>) in gradient.
[2026-01-25 00:10:01,289] tensorflow - Level 1 - Registering Assert (None) in gradient.
[2026-01-25 00:10:01,290] tensorflow - Level 1 - Registering VarIsInitializedOp (None) in gradient.
[2026-01-25 00:10:01,290] tensorflow - Level 1 - Registering VariableShape (None) in gradient.
[2026-01-25 00:10:01,349] tensorflow - Level 1 - Registering RandomStandardNormal (None) in gradient.
[2026-01-25 00:10:01,353] tensorflow - Level 1 - Registering ParameterizedTruncatedNormal (None) in gradient.
[2026-01-25 00:10:01,354] tensorflow - Level 1 - Registering TruncatedNormal (None) in gradient.
[2026-01-25 00:10:01,354] tensorflow - Level 1 - Registering RandomUniform (None) in gradient.
[2026-01-25 00:10:01,355] tensorflow - Level 1 - Registering RandomShuffle (None) in gradient.
[2026-01-25 00:10:01,356] tensorflow - Level 1 - Registering Multinomial (None) in gradient.
[2026-01-25 00:10:01,439] tensorflow - Level 1 - Registering If (<function _IfGrad at 0x0000022C41FA13A0>) in gradient.
[2026-01-25 00:10:01,442] tensorflow - Level 1 - Registering StatelessIf (<function _IfGrad at 0x0000022C41FA13A0>) in gradient.
[2026-01-25 00:10:01,442] tensorflow - Level 1 - Registering StatelessCase (<function _CaseGrad at 0x0000022C41FA2AC0>) in gradient.
[2026-01-25 00:10:01,442] tensorflow - Level 1 - Registering Case (<function _CaseGrad at 0x0000022C41FA2AC0>) in gradient.
[2026-01-25 00:10:01,471] tensorflow - Level 1 - Registering While (<function _WhileGrad at 0x0000022C420153A0>) in gradient.
[2026-01-25 00:10:01,474] tensorflow - Level 1 - Registering StatelessWhile (<function _WhileGrad at 0x0000022C420153A0>) in gradient.
[2026-01-25 00:10:01,685] tensorflow - Level 1 - Registering EnsureShape (<function _ensure_shape_grad at 0x0000022C4E774B80>) in gradient.
[2026-01-25 00:10:01,706] tensorflow - Level 1 - Registering RaggedTensorToSparse (<function _ragged_tensor_to_sparse_gradient at 0x0000022C4E7E8B80>) in gradient.
[2026-01-25 00:10:01,770] tensorflow - Level 1 - Registering Conv2DBackpropInput (<function _Conv2DBackpropInputGrad at 0x0000022C4E874FE0>) in gradient.
[2026-01-25 00:10:01,773] tensorflow - Level 1 - Registering Conv2DBackpropFilter (<function _Conv2DBackpropFilterGrad at 0x0000022C4E875620>) in gradient.
[2026-01-25 00:10:01,773] tensorflow - Level 1 - Registering DepthwiseConv2dNativeBackpropInput (<function _DepthwiseConv2dNativeBackpropInputGrad at 0x0000022C4E875C60>) in gradient.
[2026-01-25 00:10:01,774] tensorflow - Level 1 - Registering DepthwiseConv2dNativeBackpropFilter (<function _DepthwiseConv2dNativeBackpropFilterGrad at 0x0000022C4E8763E0>) in gradient.
[2026-01-25 00:10:01,774] tensorflow - Level 1 - Registering Conv3D (<function _Conv3DGrad at 0x0000022C4E876480>) in gradient.
[2026-01-25 00:10:01,774] tensorflow - Level 1 - Registering Conv3DBackpropInputV2 (<function _Conv3DBackpropInputGrad at 0x0000022C4E876520>) in gradient.
[2026-01-25 00:10:01,775] tensorflow - Level 1 - Registering Conv3DBackpropFilterV2 (<function _Conv3DBackpropFilterGrad at 0x0000022C4E8765C0>) in gradient.
[2026-01-25 00:10:01,775] tensorflow - Level 1 - Registering AvgPool3D (<function _AvgPool3DGrad at 0x0000022C4E876660>) in gradient.
[2026-01-25 00:10:01,775] tensorflow - Level 1 - Registering AvgPool3DGrad (<function _AvgPool3DGradGrad at 0x0000022C4E876700>) in gradient.
[2026-01-25 00:10:01,775] tensorflow - Level 1 - Registering MaxPool3D (<function _MaxPool3DGrad at 0x0000022C4E8767A0>) in gradient.
[2026-01-25 00:10:01,775] tensorflow - Level 1 - Registering MaxPool3DGrad (<function _MaxPool3DGradGrad at 0x0000022C4E876840>) in gradient.
[2026-01-25 00:10:01,776] tensorflow - Level 1 - Registering MaxPool3DGradGrad (<function _MaxPool3DGradGradGrad at 0x0000022C4E8768E0>) in gradient.
[2026-01-25 00:10:01,776] tensorflow - Level 1 - Registering Softmax (<function _SoftmaxGrad at 0x0000022C4E876980>) in gradient.
[2026-01-25 00:10:01,776] tensorflow - Level 1 - Registering LogSoftmax (<function _LogSoftmaxGrad at 0x0000022C4E876A20>) in gradient.
[2026-01-25 00:10:01,776] tensorflow - Level 1 - Registering BiasAdd (<function _BiasAddGrad at 0x0000022C4E876AC0>) in gradient.
[2026-01-25 00:10:01,776] tensorflow - Level 1 - Registering BiasAddGrad (<function _BiasAddGradGrad at 0x0000022C4E876B60>) in gradient.
[2026-01-25 00:10:01,777] tensorflow - Level 1 - Registering BiasAddV1 (<function _BiasAddGradV1 at 0x0000022C4E876C00>) in gradient.
[2026-01-25 00:10:01,777] tensorflow - Level 1 - Registering Relu (<function _ReluGrad at 0x0000022C4E876CA0>) in gradient.
[2026-01-25 00:10:01,777] tensorflow - Level 1 - Registering EluGrad (<function _EluGradGrad at 0x0000022C4E876D40>) in gradient.
[2026-01-25 00:10:01,777] tensorflow - Level 1 - Registering SeluGrad (<function _SeluGradGrad at 0x0000022C4E876DE0>) in gradient.
[2026-01-25 00:10:01,777] tensorflow - Level 1 - Registering Relu6 (<function _Relu6Grad at 0x0000022C4E876E80>) in gradient.
[2026-01-25 00:10:01,778] tensorflow - Level 1 - Registering Relu6Grad (<function _Relu6GradGrad at 0x0000022C4E876F20>) in gradient.
[2026-01-25 00:10:01,778] tensorflow - Level 1 - Registering LeakyRelu (<function _LeakyReluGrad at 0x0000022C4E876FC0>) in gradient.
[2026-01-25 00:10:01,778] tensorflow - Level 1 - Registering LeakyReluGrad (<function _LeakyReluGradGrad at 0x0000022C4E877060>) in gradient.
[2026-01-25 00:10:01,778] tensorflow - Level 1 - Registering Elu (<function _EluGrad at 0x0000022C4E877100>) in gradient.
[2026-01-25 00:10:01,778] tensorflow - Level 1 - Registering Selu (<function _SeluGrad at 0x0000022C4E8771A0>) in gradient.
[2026-01-25 00:10:01,778] tensorflow - Level 1 - Registering Softplus (<function _SoftplusGrad at 0x0000022C4E877240>) in gradient.
[2026-01-25 00:10:01,779] tensorflow - Level 1 - Registering SoftplusGrad (<function _SoftplusGradGrad at 0x0000022C4E8772E0>) in gradient.
[2026-01-25 00:10:01,779] tensorflow - Level 1 - Registering Softsign (<function _SoftsignGrad at 0x0000022C4E877380>) in gradient.
[2026-01-25 00:10:01,779] tensorflow - Level 1 - Registering ReluGrad (<function _ReluGradGrad at 0x0000022C4E877420>) in gradient.
[2026-01-25 00:10:01,779] tensorflow - Level 1 - Registering SoftmaxCrossEntropyWithLogits (<function _SoftmaxCrossEntropyWithLogitsGrad at 0x0000022C4E877560>) in gradient.
[2026-01-25 00:10:01,779] tensorflow - Level 1 - Registering SparseSoftmaxCrossEntropyWithLogits (<function _SparseSoftmaxCrossEntropyWithLogitsGrad at 0x0000022C4E877600>) in gradient.
[2026-01-25 00:10:01,779] tensorflow - Level 1 - Registering Conv2D (<function _Conv2DGrad at 0x0000022C4E8776A0>) in gradient.
[2026-01-25 00:10:01,780] tensorflow - Level 1 - Registering DepthwiseConv2dNative (<function _DepthwiseConv2dNativeGrad at 0x0000022C4E877740>) in gradient.
[2026-01-25 00:10:01,780] tensorflow - Level 1 - Registering Dilation2D (<function _Dilation2DGrad at 0x0000022C4E8777E0>) in gradient.
[2026-01-25 00:10:01,780] tensorflow - Level 1 - Registering LRN (<function _LRNGrad at 0x0000022C4E877880>) in gradient.
[2026-01-25 00:10:01,780] tensorflow - Level 1 - Registering AvgPool (<function _AvgPoolGrad at 0x0000022C4E877920>) in gradient.
[2026-01-25 00:10:01,780] tensorflow - Level 1 - Registering AvgPoolGrad (<function _AvgPoolGradGrad at 0x0000022C4E8779C0>) in gradient.
[2026-01-25 00:10:01,781] tensorflow - Level 1 - Registering MaxPool (<function _MaxPoolGrad at 0x0000022C4E877A60>) in gradient.
[2026-01-25 00:10:01,781] tensorflow - Level 1 - Registering MaxPoolV2 (<function _MaxPoolGradV2 at 0x0000022C4E877B00>) in gradient.
[2026-01-25 00:10:01,781] tensorflow - Level 1 - Registering MaxPoolWithArgmax (<function _MaxPoolGradWithArgmax at 0x0000022C4E877BA0>) in gradient.
[2026-01-25 00:10:01,781] tensorflow - Level 1 - Registering MaxPoolGrad (<function _MaxPoolGradGrad at 0x0000022C4E877C40>) in gradient.
[2026-01-25 00:10:01,781] tensorflow - Level 1 - Registering MaxPoolGradV2 (<function _MaxPoolGradGradV2 at 0x0000022C4E877CE0>) in gradient.
[2026-01-25 00:10:01,781] tensorflow - Level 1 - Registering MaxPoolGradGrad (<function _MaxPoolGradGradGrad at 0x0000022C4E877D80>) in gradient.
[2026-01-25 00:10:01,782] tensorflow - Level 1 - Registering FractionalMaxPool (<function _FractionalMaxPoolGrad at 0x0000022C4E877E20>) in gradient.
[2026-01-25 00:10:01,782] tensorflow - Level 1 - Registering FractionalAvgPool (<function _FractionalAvgPoolGrad at 0x0000022C4E877EC0>) in gradient.
[2026-01-25 00:10:01,782] tensorflow - Level 1 - Registering BatchNormWithGlobalNormalization (<function _BatchNormWithGlobalNormalizationGrad at 0x0000022C4E877F60>) in gradient.
[2026-01-25 00:10:01,782] tensorflow - Level 1 - Registering FusedBatchNorm (<function _FusedBatchNormGrad at 0x0000022C4E8B40E0>) in gradient.
[2026-01-25 00:10:01,782] tensorflow - Level 1 - Registering FusedBatchNormV2 (<function _FusedBatchNormV2Grad at 0x0000022C4E8B4180>) in gradient.
[2026-01-25 00:10:01,783] tensorflow - Level 1 - Registering FusedBatchNormV3 (<function _FusedBatchNormV3Grad at 0x0000022C4E8B4220>) in gradient.
[2026-01-25 00:10:01,783] tensorflow - Level 1 - Registering L2Loss (<function _L2LossGrad at 0x0000022C4E8B42C0>) in gradient.
[2026-01-25 00:10:01,783] tensorflow - Level 1 - Registering TopKV2 (<function _TopKGrad at 0x0000022C4E8B4360>) in gradient.
[2026-01-25 00:10:01,783] tensorflow - Level 1 - Registering TopK (<function _TopKGrad at 0x0000022C4E8B4360>) in gradient.
[2026-01-25 00:10:01,783] tensorflow - Level 1 - Registering ApproxTopK (<function _ApproxTopKGradient at 0x0000022C4E8B4400>) in gradient.
[2026-01-25 00:10:01,783] tensorflow - Level 1 - Registering NthElement (<function _NthElementGrad at 0x0000022C4E8B44A0>) in gradient.
[2026-01-25 00:10:01,784] tensorflow - Level 1 - Registering IsotonicRegression (<function _IsotonicRegressionGrad at 0x0000022C4E8B45E0>) in gradient.
[2026-01-25 00:10:01,806] tensorflow - Level 1 - Registering BitwiseAnd (None) in gradient.
[2026-01-25 00:10:01,808] tensorflow - Level 1 - Registering BitwiseOr (None) in gradient.
[2026-01-25 00:10:01,809] tensorflow - Level 1 - Registering BitwiseXor (None) in gradient.
[2026-01-25 00:10:01,809] tensorflow - Level 1 - Registering Invert (None) in gradient.
[2026-01-25 00:10:01,809] tensorflow - Level 1 - Registering PopulationCount (None) in gradient.
[2026-01-25 00:10:01,809] tensorflow - Level 1 - Registering LeftShift (None) in gradient.
[2026-01-25 00:10:01,810] tensorflow - Level 1 - Registering RightShift (None) in gradient.
[2026-01-25 00:10:01,810] tensorflow - Level 1 - Registering StatelessMultinomial (None) in gradient.
[2026-01-25 00:10:01,813] tensorflow - Level 1 - Registering StatelessRandomBinomial (None) in gradient.
[2026-01-25 00:10:01,814] tensorflow - Level 1 - Registering StatelessRandomNormal (None) in gradient.
[2026-01-25 00:10:01,814] tensorflow - Level 1 - Registering StatelessRandomPoisson (None) in gradient.
[2026-01-25 00:10:01,815] tensorflow - Level 1 - Registering StatelessRandomUniform (None) in gradient.
[2026-01-25 00:10:01,815] tensorflow - Level 1 - Registering StatelessRandomUniformInt (None) in gradient.
[2026-01-25 00:10:01,815] tensorflow - Level 1 - Registering StatelessRandomUniformFullInt (None) in gradient.
[2026-01-25 00:10:01,815] tensorflow - Level 1 - Registering StatelessTruncatedNormal (None) in gradient.
[2026-01-25 00:10:01,815] tensorflow - Level 1 - Registering StatelessRandomNormalV2 (None) in gradient.
[2026-01-25 00:10:01,815] tensorflow - Level 1 - Registering StatelessRandomUniformV2 (None) in gradient.
[2026-01-25 00:10:01,816] tensorflow - Level 1 - Registering StatelessRandomUniformIntV2 (None) in gradient.
[2026-01-25 00:10:01,816] tensorflow - Level 1 - Registering StatelessRandomUniformFullIntV2 (None) in gradient.
[2026-01-25 00:10:01,816] tensorflow - Level 1 - Registering StatelessTruncatedNormalV2 (None) in gradient.
[2026-01-25 00:10:01,816] tensorflow - Level 1 - Registering StatelessRandomShuffle (None) in gradient.
[2026-01-25 00:10:01,816] tensorflow - Level 1 - Registering RandomIndexShuffle (None) in gradient.
[2026-01-25 00:10:01,837] tensorflow - Level 1 - Registering Conv3D,flops (<function _calc_conv3d_flops at 0x0000022C4E932D40>) in statistical functions.
[2026-01-25 00:10:01,842] tensorflow - Level 1 - Registering Conv2D,flops (<function _calc_conv_flops at 0x0000022C4E932F20>) in statistical functions.
[2026-01-25 00:10:01,843] tensorflow - Level 1 - Registering DepthwiseConv2dNative,flops (<function _calc_depthwise_conv_flops at 0x0000022C4E9334C0>) in statistical functions.
[2026-01-25 00:10:01,843] tensorflow - Level 1 - Registering BiasAdd,flops (<function _calc_bias_add_flops at 0x0000022C4E933560>) in statistical functions.
[2026-01-25 00:10:01,847] tensorflow - Level 1 - Registering Dilation2D,flops (<function _calc_dilation2d_flops at 0x0000022C4E9D1080>) in statistical functions.
[2026-01-25 00:10:01,869] tensorflow - Level 1 - Registering CompositeTensorVariantFromComponents (<function _composite_tensor_to_variants_grad at 0x0000022C4EA360C0>) in gradient.
[2026-01-25 00:10:01,871] tensorflow - Level 1 - Registering CompositeTensorVariantToComponents (<function _composite_tensor_from_variant_grad at 0x0000022C4EA36160>) in gradient.
[2026-01-25 00:10:01,892] tensorflow - Level 1 - Registering RaggedRange (None) in gradient.
[2026-01-25 00:10:01,905] tensorflow - Level 1 - Registering RaggedFillEmptyRows (<function _ragged_fill_empty_rows_grad at 0x0000022C4EA97060>) in gradient.
[2026-01-25 00:10:01,919] tensorflow - Level 1 - Registering RaggedGather (<function _ragged_gather_grad at 0x0000022C4EABCF40>) in gradient.
[2026-01-25 00:10:01,935] tensorflow - Level 1 - Registering RegexReplace (None) in gradient.
[2026-01-25 00:10:01,937] tensorflow - Level 1 - Registering StringToHashBucket (None) in gradient.
[2026-01-25 00:10:01,937] tensorflow - Level 1 - Registering StringToHashBucketFast (None) in gradient.
[2026-01-25 00:10:01,937] tensorflow - Level 1 - Registering StringToHashBucketStrong (None) in gradient.
[2026-01-25 00:10:01,938] tensorflow - Level 1 - Registering ReduceJoin (None) in gradient.
[2026-01-25 00:10:01,938] tensorflow - Level 1 - Registering StringJoin (None) in gradient.
[2026-01-25 00:10:01,938] tensorflow - Level 1 - Registering StringSplit (None) in gradient.
[2026-01-25 00:10:01,938] tensorflow - Level 1 - Registering AsString (None) in gradient.
[2026-01-25 00:10:01,938] tensorflow - Level 1 - Registering EncodeBase64 (None) in gradient.
[2026-01-25 00:10:01,938] tensorflow - Level 1 - Registering DecodeBase64 (None) in gradient.
[2026-01-25 00:10:01,940] tensorflow - Level 1 - Registering Print (<function _PrintGrad at 0x0000022C4EABFBA0>) in gradient.
[2026-01-25 00:10:01,944] tensorflow - Level 1 - Registering HistogramSummary (None) in gradient.
[2026-01-25 00:10:01,945] tensorflow - Level 1 - Registering ImageSummary (None) in gradient.
[2026-01-25 00:10:01,945] tensorflow - Level 1 - Registering AudioSummary (None) in gradient.
[2026-01-25 00:10:01,945] tensorflow - Level 1 - Registering AudioSummaryV2 (None) in gradient.
[2026-01-25 00:10:01,945] tensorflow - Level 1 - Registering MergeSummary (None) in gradient.
[2026-01-25 00:10:01,946] tensorflow - Level 1 - Registering ScalarSummary (None) in gradient.
[2026-01-25 00:10:01,946] tensorflow - Level 1 - Registering TensorSummary (None) in gradient.
[2026-01-25 00:10:01,946] tensorflow - Level 1 - Registering TensorSummaryV2 (None) in gradient.
[2026-01-25 00:10:01,946] tensorflow - Level 1 - Registering Timestamp (None) in gradient.
[2026-01-25 00:10:01,999] tensorflow - Level 1 - Registering XlaEinsum (<function _einsum_grad at 0x0000022C4EB86C00>) in gradient.
[2026-01-25 00:10:02,013] tensorflow - Level 1 - Registering RaggedTensorToTensor (<function _ragged_tensor_to_tensor_grad at 0x0000022C4EBB3BA0>) in gradient.
[2026-01-25 00:10:02,015] tensorflow - Level 1 - Registering RaggedTensorFromVariant (<function _ragged_tensor_from_variant_grad at 0x0000022C4EBB3E20>) in gradient.
[2026-01-25 00:10:02,016] tensorflow - Level 1 - Registering RaggedTensorToVariant (<function _ragged_tensor_to_variant_grad at 0x0000022C4EBB3EC0>) in gradient.
[2026-01-25 00:10:02,023] tensorflow - Level 1 - Registering ClipByValue (<function _clip_by_value_grad at 0x0000022C4EBD05E0>) in gradient.
[2026-01-25 00:10:02,028] tensorflow - Level 1 - Registering DynamicPartition (<function _DynamicPartitionGrads at 0x0000022C4EBD0FE0>) in gradient.
[2026-01-25 00:10:02,030] tensorflow - Level 1 - Registering ParallelDynamicStitch (<function _DynamicStitchGrads at 0x0000022C4EBD1300>) in gradient.
[2026-01-25 00:10:02,030] tensorflow - Level 1 - Registering DynamicStitch (<function _DynamicStitchGrads at 0x0000022C4EBD1300>) in gradient.
[2026-01-25 00:10:02,031] tensorflow - Level 1 - Registering Queue (None) in gradient.
[2026-01-25 00:10:02,031] tensorflow - Level 1 - Registering QueueEnqueue (None) in gradient.
[2026-01-25 00:10:02,031] tensorflow - Level 1 - Registering QueueEnqueueMany (None) in gradient.
[2026-01-25 00:10:02,031] tensorflow - Level 1 - Registering QueueDequeue (None) in gradient.
[2026-01-25 00:10:02,031] tensorflow - Level 1 - Registering QueueDequeueMany (None) in gradient.
[2026-01-25 00:10:02,031] tensorflow - Level 1 - Registering QueueDequeueUpTo (None) in gradient.
[2026-01-25 00:10:02,032] tensorflow - Level 1 - Registering QueueClose (None) in gradient.
[2026-01-25 00:10:02,032] tensorflow - Level 1 - Registering QueueSize (None) in gradient.
[2026-01-25 00:10:02,032] tensorflow - Level 1 - Registering Stack (None) in gradient.
[2026-01-25 00:10:02,032] tensorflow - Level 1 - Registering StackPush (None) in gradient.
[2026-01-25 00:10:02,032] tensorflow - Level 1 - Registering StackPop (None) in gradient.
[2026-01-25 00:10:02,032] tensorflow - Level 1 - Registering StackClose (None) in gradient.
[2026-01-25 00:10:02,033] tensorflow - Level 1 - Registering GetSessionHandle (None) in gradient.
[2026-01-25 00:10:02,033] tensorflow - Level 1 - Registering GetSessionHandleV2 (None) in gradient.
[2026-01-25 00:10:02,033] tensorflow - Level 1 - Registering GetSessionTensor (None) in gradient.
[2026-01-25 00:10:02,033] tensorflow - Level 1 - Registering DeleteSessionTensor (None) in gradient.
[2026-01-25 00:10:02,117] tensorflow - Level 1 - Registering TPUReplicatedInput (None) in gradient.
[2026-01-25 00:10:02,120] tensorflow - Level 1 - Registering AllToAll (<function _all_to_all_grad at 0x0000022C4ED23600>) in gradient.
[2026-01-25 00:10:02,120] tensorflow - Level 1 - Registering CollectivePermute (<function _collective_permute_grad at 0x0000022C4ED237E0>) in gradient.
[2026-01-25 00:10:02,120] tensorflow - Level 1 - Registering CrossReplicaSum (<function _cross_replica_sum_grad at 0x0000022C4ED23880>) in gradient.
[2026-01-25 00:10:02,120] tensorflow - Level 1 - Registering TPUEmbeddingActivations (<function _embedding_activations_grad at 0x0000022C4ED23920>) in gradient.
[2026-01-25 00:10:02,165] tensorflow - Level 1 - Registering XlaClusterOutput (<function _XlaClusterOutputGrad at 0x0000022C4ED72AC0>) in gradient.
[2026-01-25 00:10:02,170] tensorflow - Level 1 - Registering Pack (<function _PackGrad at 0x0000022C4ED73060>) in gradient.
[2026-01-25 00:10:02,173] tensorflow - Level 1 - Registering Unpack (<function _UnpackGrad at 0x0000022C4ED731A0>) in gradient.
[2026-01-25 00:10:02,173] tensorflow - Level 1 - Registering Concat (<function _ConcatGrad at 0x0000022C4ED73380>) in gradient.
[2026-01-25 00:10:02,174] tensorflow - Level 1 - Registering ConcatV2 (<function _ConcatGradV2 at 0x0000022C4ED73420>) in gradient.
[2026-01-25 00:10:02,174] tensorflow - Level 1 - Registering ConcatOffset (None) in gradient.
[2026-01-25 00:10:02,174] tensorflow - Level 1 - Registering Slice (<function _SliceGrad at 0x0000022C4ED734C0>) in gradient.
[2026-01-25 00:10:02,174] tensorflow - Level 1 - Registering StridedSlice (<function _StridedSliceGrad at 0x0000022C4ED736A0>) in gradient.
[2026-01-25 00:10:02,174] tensorflow - Level 1 - Registering StridedSliceGrad (<function _StridedSliceGradGrad at 0x0000022C4ED73740>) in gradient.
[2026-01-25 00:10:02,175] tensorflow - Level 1 - Registering TensorStridedSliceUpdate (<function _TensorStridedSliceUpdateGrad at 0x0000022C4ED737E0>) in gradient.
[2026-01-25 00:10:02,175] tensorflow - Level 1 - Registering Split (<function _SplitGrad at 0x0000022C4ED73880>) in gradient.
[2026-01-25 00:10:02,175] tensorflow - Level 1 - Registering SplitV (<function _SplitVGrad at 0x0000022C4ED73920>) in gradient.
[2026-01-25 00:10:02,175] tensorflow - Level 1 - Registering Const (None) in gradient.
[2026-01-25 00:10:02,175] tensorflow - Level 1 - Registering Diag (<function _DiagGrad at 0x0000022C4ED739C0>) in gradient.
[2026-01-25 00:10:02,175] tensorflow - Level 1 - Registering DiagPart (<function _DiagPartGrad at 0x0000022C4ED73A60>) in gradient.
[2026-01-25 00:10:02,176] tensorflow - Level 1 - Registering MatrixDiag (<function _MatrixDiagGrad at 0x0000022C4ED73B00>) in gradient.
[2026-01-25 00:10:02,176] tensorflow - Level 1 - Registering MatrixDiagV2 (<function _MatrixDiagV2Grad at 0x0000022C4ED73BA0>) in gradient.
[2026-01-25 00:10:02,176] tensorflow - Level 1 - Registering MatrixDiagV3 (<function _MatrixDiagV3Grad at 0x0000022C4ED73C40>) in gradient.
[2026-01-25 00:10:02,176] tensorflow - Level 1 - Registering MatrixDiagPart (<function _MatrixDiagPartGrad at 0x0000022C4ED73CE0>) in gradient.
[2026-01-25 00:10:02,176] tensorflow - Level 1 - Registering MatrixDiagPartV2 (<function _MatrixDiagPartV2Grad at 0x0000022C4ED73D80>) in gradient.
[2026-01-25 00:10:02,177] tensorflow - Level 1 - Registering MatrixDiagPartV3 (<function _MatrixDiagPartV3Grad at 0x0000022C4ED73E20>) in gradient.
[2026-01-25 00:10:02,177] tensorflow - Level 1 - Registering MatrixSetDiag (<function _MatrixSetDiagGrad at 0x0000022C4ED73EC0>) in gradient.
[2026-01-25 00:10:02,177] tensorflow - Level 1 - Registering MatrixSetDiagV2 (<function _MatrixSetDiagGradV2 at 0x0000022C4ED73F60>) in gradient.
[2026-01-25 00:10:02,177] tensorflow - Level 1 - Registering MatrixSetDiagV3 (<function _MatrixSetDiagGradV3 at 0x0000022C4EDE0040>) in gradient.
[2026-01-25 00:10:02,177] tensorflow - Level 1 - Registering MatrixBandPart (<function _MatrixBandPartGrad at 0x0000022C4EDE00E0>) in gradient.
[2026-01-25 00:10:02,178] tensorflow - Level 1 - Registering EditDistance (None) in gradient.
[2026-01-25 00:10:02,178] tensorflow - Level 1 - Registering Fill (<function _FillGrad at 0x0000022C4EDE0180>) in gradient.
[2026-01-25 00:10:02,178] tensorflow - Level 1 - Registering ZerosLike (None) in gradient.
[2026-01-25 00:10:02,178] tensorflow - Level 1 - Registering OnesLike (None) in gradient.
[2026-01-25 00:10:02,178] tensorflow - Level 1 - Registering PreventGradient (<function _PreventGradientGrad at 0x0000022C4EDE0220>) in gradient.
[2026-01-25 00:10:02,178] tensorflow - Level 1 - Registering Gather (<function _GatherGrad at 0x0000022C4EDE0360>) in gradient.
[2026-01-25 00:10:02,179] tensorflow - Level 1 - Registering GatherV2 (<function _GatherV2Grad at 0x0000022C4EDE0540>) in gradient.
[2026-01-25 00:10:02,179] tensorflow - Level 1 - Registering GatherNd (<function _GatherNdGrad at 0x0000022C4EDE05E0>) in gradient.
[2026-01-25 00:10:02,179] tensorflow - Level 1 - Registering ResourceGatherNd (<function _ResourceGatherNdGrad at 0x0000022C4EDE0680>) in gradient.
[2026-01-25 00:10:02,179] tensorflow - Level 1 - Registering CheckNumerics (<function _CheckNumericsGrad at 0x0000022C4EDE0720>) in gradient.
[2026-01-25 00:10:02,179] tensorflow - Level 1 - Registering CheckNumericsV2 (<function _CheckNumericsV2Grad at 0x0000022C4EDE07C0>) in gradient.
[2026-01-25 00:10:02,180] tensorflow - Level 1 - Registering Identity (<function _IdGrad at 0x0000022C4EDE0860>) in gradient.
[2026-01-25 00:10:02,180] tensorflow - Level 1 - Registering PlaceholderWithDefault (<function _IdGrad at 0x0000022C4EDE0860>) in gradient.
[2026-01-25 00:10:02,180] tensorflow - Level 1 - Registering _EagerConst (<function _EagerConstGrad at 0x0000022C4EDE0900>) in gradient.
[2026-01-25 00:10:02,180] tensorflow - Level 1 - Registering RefIdentity (<function _RefIdGrad at 0x0000022C4EDE09A0>) in gradient.
[2026-01-25 00:10:02,180] tensorflow - Level 1 - Registering IdentityN (<function _IdNGrad at 0x0000022C4EDE0A40>) in gradient.
[2026-01-25 00:10:02,180] tensorflow - Level 1 - Registering StopGradient (None) in gradient.
[2026-01-25 00:10:02,181] tensorflow - Level 1 - Registering Reshape (<function _ReshapeGrad at 0x0000022C4EDE0AE0>) in gradient.
[2026-01-25 00:10:02,181] tensorflow - Level 1 - Registering InvertPermutation (None) in gradient.
[2026-01-25 00:10:02,181] tensorflow - Level 1 - Registering ExpandDims (<function _ExpandDimsGrad at 0x0000022C4EDE0C20>) in gradient.
[2026-01-25 00:10:02,181] tensorflow - Level 1 - Registering Squeeze (<function _SqueezeGrad at 0x0000022C4EDE0CC0>) in gradient.
[2026-01-25 00:10:02,181] tensorflow - Level 1 - Registering Transpose (<function _TransposeGrad at 0x0000022C4EDE0D60>) in gradient.
[2026-01-25 00:10:02,182] tensorflow - Level 1 - Registering ConjugateTranspose (<function _ConjugateTransposeGrad at 0x0000022C4EDE0E00>) in gradient.
[2026-01-25 00:10:02,182] tensorflow - Level 1 - Registering Shape (None) in gradient.
[2026-01-25 00:10:02,182] tensorflow - Level 1 - Registering ShapeN (None) in gradient.
[2026-01-25 00:10:02,182] tensorflow - Level 1 - Registering Rank (None) in gradient.
[2026-01-25 00:10:02,182] tensorflow - Level 1 - Registering Size (None) in gradient.
[2026-01-25 00:10:02,183] tensorflow - Level 1 - Registering Tile (<function _TileGrad at 0x0000022C4EDE0EA0>) in gradient.
[2026-01-25 00:10:02,183] tensorflow - Level 1 - Registering BroadcastGradientArgs (None) in gradient.
[2026-01-25 00:10:02,183] tensorflow - Level 1 - Registering Pad (<function _PadGrad at 0x0000022C4EDE0F40>) in gradient.
[2026-01-25 00:10:02,183] tensorflow - Level 1 - Registering PadV2 (<function _PadGrad at 0x0000022C4EDE0F40>) in gradient.
[2026-01-25 00:10:02,183] tensorflow - Level 1 - Registering ReverseSequence (<function _ReverseSequenceGrad at 0x0000022C4EDE0FE0>) in gradient.
[2026-01-25 00:10:02,184] tensorflow - Level 1 - Registering Reverse (<function _ReverseGrad at 0x0000022C4EDE1080>) in gradient.
[2026-01-25 00:10:02,184] tensorflow - Level 1 - Registering ReverseV2 (<function _ReverseV2Grad at 0x0000022C4EDE1120>) in gradient.
[2026-01-25 00:10:02,184] tensorflow - Level 1 - Registering SpaceToBatch (<function _SpaceToBatchGrad at 0x0000022C4EDE11C0>) in gradient.
[2026-01-25 00:10:02,184] tensorflow - Level 1 - Registering SpaceToBatchND (<function _SpaceToBatchNDGrad at 0x0000022C4EDE1260>) in gradient.
[2026-01-25 00:10:02,184] tensorflow - Level 1 - Registering BatchToSpace (<function _BatchToSpaceGrad at 0x0000022C4EDE1300>) in gradient.
[2026-01-25 00:10:02,185] tensorflow - Level 1 - Registering BatchToSpaceND (<function _BatchToSpaceNDGrad at 0x0000022C4EDE13A0>) in gradient.
[2026-01-25 00:10:02,185] tensorflow - Level 1 - Registering SpaceToDepth (<function _SpaceToDepthGrad at 0x0000022C4EDE1440>) in gradient.
[2026-01-25 00:10:02,185] tensorflow - Level 1 - Registering DepthToSpace (<function _DepthToSpaceGrad at 0x0000022C4EDE14E0>) in gradient.
[2026-01-25 00:10:02,185] tensorflow - Level 1 - Registering OneHot (None) in gradient.
[2026-01-25 00:10:02,185] tensorflow - Level 1 - Registering MirrorPad (<function _MirrorPadGrad at 0x0000022C4EDE1580>) in gradient.
[2026-01-25 00:10:02,185] tensorflow - Level 1 - Registering MirrorPadGrad (<function _MirrorPadGradGrad at 0x0000022C4EDE1620>) in gradient.
[2026-01-25 00:10:02,186] tensorflow - Level 1 - Registering FakeQuantWithMinMaxArgsGradient (None) in gradient.
[2026-01-25 00:10:02,186] tensorflow - Level 1 - Registering FakeQuantWithMinMaxVarsGradient (None) in gradient.
[2026-01-25 00:10:02,186] tensorflow - Level 1 - Registering FakeQuantWithMinMaxVarsPerChannelGradient (None) in gradient.
[2026-01-25 00:10:02,186] tensorflow - Level 1 - Registering QuantizeAndDequantize (<function _QuantizeAndDequantizeGrad at 0x0000022C4EDE16C0>) in gradient.
[2026-01-25 00:10:02,186] tensorflow - Level 1 - Registering QuantizeAndDequantizeV2 (<function _QuantizeAndDequantizeV2Grad at 0x0000022C4EDE1800>) in gradient.
[2026-01-25 00:10:02,187] tensorflow - Level 1 - Registering QuantizeAndDequantizeV3 (<function _QuantizeAndDequantizeV3Grad at 0x0000022C4EDE18A0>) in gradient.
[2026-01-25 00:10:02,187] tensorflow - Level 1 - Registering ExtractImagePatches (<function _ExtractImagePatchesGrad at 0x0000022C4EDE1760>) in gradient.
[2026-01-25 00:10:02,187] tensorflow - Level 1 - Registering ExtractVolumePatches (<function _ExtractVolumePatchesGrad at 0x0000022C4EDE1940>) in gradient.
[2026-01-25 00:10:02,187] tensorflow - Level 1 - Registering ScatterNd (<function _ScatterNdGrad at 0x0000022C4EDE19E0>) in gradient.
[2026-01-25 00:10:02,187] tensorflow - Level 1 - Registering TensorScatterUpdate (<function _TensorScatterUpdateGrad at 0x0000022C4EDE1A80>) in gradient.
[2026-01-25 00:10:02,187] tensorflow - Level 1 - Registering TensorScatterAdd (<function _TensorScatterAddGrad at 0x0000022C4EDE1B20>) in gradient.
[2026-01-25 00:10:02,188] tensorflow - Level 1 - Registering TensorScatterMax (<function _TensorScatterMaxGrad at 0x0000022C4EDE1C60>) in gradient.
[2026-01-25 00:10:02,188] tensorflow - Level 1 - Registering TensorScatterMin (<function _TensorScatterMinGrad at 0x0000022C4EDE1D00>) in gradient.
[2026-01-25 00:10:02,188] tensorflow - Level 1 - Registering TensorScatterSub (<function _TensorScatterSubGrad at 0x0000022C4EDE1DA0>) in gradient.
[2026-01-25 00:10:02,188] tensorflow - Level 1 - Registering ScatterNdNonAliasingAdd (<function _ScatterNdNonAliasingAddGrad at 0x0000022C4EDE1E40>) in gradient.
[2026-01-25 00:10:02,188] tensorflow - Level 1 - Registering BroadcastTo (<function _BroadcastToGrad at 0x0000022C4EDE1EE0>) in gradient.
[2026-01-25 00:10:02,191] tensorflow - Level 1 - Registering Switch (<function _SwitchGrad at 0x0000022C4EDE20C0>) in gradient.
[2026-01-25 00:10:02,195] tensorflow - Level 1 - Registering RefSwitch (<function _SwitchGrad at 0x0000022C4EDE20C0>) in gradient.
[2026-01-25 00:10:02,195] tensorflow - Level 1 - Registering Merge (<function _MergeGrad at 0x0000022C4EDE2160>) in gradient.
[2026-01-25 00:10:02,195] tensorflow - Level 1 - Registering RefMerge (<function _RefMergeGrad at 0x0000022C4EDE22A0>) in gradient.
[2026-01-25 00:10:02,195] tensorflow - Level 1 - Registering Exit (<function _ExitGrad at 0x0000022C4EDE2200>) in gradient.
[2026-01-25 00:10:02,195] tensorflow - Level 1 - Registering RefExit (<function _ExitGrad at 0x0000022C4EDE2200>) in gradient.
[2026-01-25 00:10:02,196] tensorflow - Level 1 - Registering NextIteration (<function _NextIterationGrad at 0x0000022C4EDE2340>) in gradient.
[2026-01-25 00:10:02,196] tensorflow - Level 1 - Registering RefNextIteration (<function _RefNextIterationGrad at 0x0000022C4EDE23E0>) in gradient.
[2026-01-25 00:10:02,196] tensorflow - Level 1 - Registering Enter (<function _EnterGrad at 0x0000022C4EDE2480>) in gradient.
[2026-01-25 00:10:02,196] tensorflow - Level 1 - Registering RefEnter (<function _RefEnterGrad at 0x0000022C4EDE2520>) in gradient.
[2026-01-25 00:10:02,196] tensorflow - Level 1 - Registering LoopCond (<function _LoopCondGrad at 0x0000022C4EDE25C0>) in gradient.
[2026-01-25 00:10:02,206] tensorflow - Level 1 - Registering CudnnRNN (<function _cudnn_rnn_backward at 0x0000022C4EDE2700>) in gradient.
[2026-01-25 00:10:02,208] tensorflow - Level 1 - Registering CudnnRNNV2 (<function _cudnn_rnn_backward_v2 at 0x0000022C4EDE28E0>) in gradient.
[2026-01-25 00:10:02,208] tensorflow - Level 1 - Registering CudnnRNNV3 (<function _cudnn_rnn_backwardv3 at 0x0000022C4EDFAA20>) in gradient.
[2026-01-25 00:10:02,210] tensorflow - Level 1 - Registering ResizeNearestNeighbor (<function _ResizeNearestNeighborGrad at 0x0000022C4EDFA980>) in gradient.
[2026-01-25 00:10:02,212] tensorflow - Level 1 - Registering ResizeBilinear (<function _ResizeBilinearGrad at 0x0000022C4EDFAAC0>) in gradient.
[2026-01-25 00:10:02,213] tensorflow - Level 1 - Registering ResizeBilinearGrad (None) in gradient.
[2026-01-25 00:10:02,213] tensorflow - Level 1 - Registering ScaleAndTranslate (<function _ScaleAndTranslateGrad at 0x0000022C4EDFACA0>) in gradient.
[2026-01-25 00:10:02,213] tensorflow - Level 1 - Registering ResizeBicubic (<function _ResizeBicubicGrad at 0x0000022C4EDFAC00>) in gradient.
[2026-01-25 00:10:02,213] tensorflow - Level 1 - Registering CropAndResize (<function _CropAndResizeGrad at 0x0000022C4EDFAD40>) in gradient.
[2026-01-25 00:10:02,214] tensorflow - Level 1 - Registering RGBToHSV (<function _RGBToHSVGrad at 0x0000022C4EDFAE80>) in gradient.
[2026-01-25 00:10:02,224] tensorflow - Level 1 - Registering ReaderRead (None) in gradient.
[2026-01-25 00:10:02,227] tensorflow - Level 1 - Registering ReaderReadUpTo (None) in gradient.
[2026-01-25 00:10:02,227] tensorflow - Level 1 - Registering ReaderNumRecordsProduced (None) in gradient.
[2026-01-25 00:10:02,227] tensorflow - Level 1 - Registering ReaderNumWorkUnitsCompleted (None) in gradient.
[2026-01-25 00:10:02,227] tensorflow - Level 1 - Registering ReaderSerializeState (None) in gradient.
[2026-01-25 00:10:02,227] tensorflow - Level 1 - Registering ReaderRestoreState (None) in gradient.
[2026-01-25 00:10:02,228] tensorflow - Level 1 - Registering ReaderReset (None) in gradient.
[2026-01-25 00:10:02,228] tensorflow - Level 1 - Registering WholeFileReader (None) in gradient.
[2026-01-25 00:10:02,229] tensorflow - Level 1 - Registering TextLineReader (None) in gradient.
[2026-01-25 00:10:02,229] tensorflow - Level 1 - Registering FixedLengthRecordReader (None) in gradient.
[2026-01-25 00:10:02,230] tensorflow - Level 1 - Registering TFRecordReader (None) in gradient.
[2026-01-25 00:10:02,230] tensorflow - Level 1 - Registering LMDBReader (None) in gradient.
[2026-01-25 00:10:02,231] tensorflow - Level 1 - Registering IdentityReader (None) in gradient.
[2026-01-25 00:10:02,242] tensorflow - Level 1 - Registering MatrixInverse (<function _MatrixInverseGrad at 0x0000022C4EDFAF20>) in gradient.
[2026-01-25 00:10:02,245] tensorflow - Level 1 - Registering Einsum (<function _EinsumGrad at 0x0000022C4EE785E0>) in gradient.
[2026-01-25 00:10:02,245] tensorflow - Level 1 - Registering MatrixDeterminant (<function _MatrixDeterminantGrad at 0x0000022C4EE7AA20>) in gradient.
[2026-01-25 00:10:02,246] tensorflow - Level 1 - Registering MatrixSquareRoot (<function _MatrixSquareRootGrad at 0x0000022C4EE7AB60>) in gradient.
[2026-01-25 00:10:02,246] tensorflow - Level 1 - Registering LogMatrixDeterminant (<function _LogMatrixDeterminantGrad at 0x0000022C4EE7AC00>) in gradient.
[2026-01-25 00:10:02,246] tensorflow - Level 1 - Registering Cholesky (<function _CholeskyGrad at 0x0000022C4EE7ACA0>) in gradient.
[2026-01-25 00:10:02,246] tensorflow - Level 1 - Registering Qr (<function _QrGrad at 0x0000022C4EE7AD40>) in gradient.
[2026-01-25 00:10:02,246] tensorflow - Level 1 - Registering MatrixSolve (<function _MatrixSolveGrad at 0x0000022C4EE7ADE0>) in gradient.
[2026-01-25 00:10:02,247] tensorflow - Level 1 - Registering MatrixSolveLs (<function _MatrixSolveLsGrad at 0x0000022C4EE7AE80>) in gradient.
[2026-01-25 00:10:02,247] tensorflow - Level 1 - Registering BandedTriangularSolve (<function _BandedTriangularSolveGrad at 0x0000022C4EE7AF20>) in gradient.
[2026-01-25 00:10:02,247] tensorflow - Level 1 - Registering MatrixTriangularSolve (<function _MatrixTriangularSolveGrad at 0x0000022C4EE7AFC0>) in gradient.
[2026-01-25 00:10:02,247] tensorflow - Level 1 - Registering Eig (<function _EigGrad at 0x0000022C4EE7B100>) in gradient.
[2026-01-25 00:10:02,247] tensorflow - Level 1 - Registering SelfAdjointEigV2 (<function _SelfAdjointEigV2Grad at 0x0000022C4EE7B1A0>) in gradient.
[2026-01-25 00:10:02,248] tensorflow - Level 1 - Registering Svd (<function _SvdGrad at 0x0000022C4EE7B240>) in gradient.
[2026-01-25 00:10:02,248] tensorflow - Level 1 - Registering TridiagonalMatMul (<function _TridiagonalMatMulGrad at 0x0000022C4EE7B420>) in gradient.
[2026-01-25 00:10:02,248] tensorflow - Level 1 - Registering TridiagonalSolve (<function _TridiagonalSolveGrad at 0x0000022C4EE7B4C0>) in gradient.
[2026-01-25 00:10:02,251] tensorflow - Level 1 - Registering LookupTableFind (None) in gradient.
[2026-01-25 00:10:02,253] tensorflow - Level 1 - Registering LookupTableFindV2 (None) in gradient.
[2026-01-25 00:10:02,253] tensorflow - Level 1 - Registering LookupTableInsert (None) in gradient.
[2026-01-25 00:10:02,254] tensorflow - Level 1 - Registering LookupTableInsertV2 (None) in gradient.
[2026-01-25 00:10:02,254] tensorflow - Level 1 - Registering LookupTableSize (None) in gradient.
[2026-01-25 00:10:02,254] tensorflow - Level 1 - Registering LookupTableSizeV2 (None) in gradient.
[2026-01-25 00:10:02,254] tensorflow - Level 1 - Registering HashTable (None) in gradient.
[2026-01-25 00:10:02,254] tensorflow - Level 1 - Registering HashTableV2 (None) in gradient.
[2026-01-25 00:10:02,255] tensorflow - Level 1 - Registering InitializeTable (None) in gradient.
[2026-01-25 00:10:02,255] tensorflow - Level 1 - Registering InitializeTableV2 (None) in gradient.
[2026-01-25 00:10:02,255] tensorflow - Level 1 - Registering InitializeTableFromTextFile (None) in gradient.
[2026-01-25 00:10:02,255] tensorflow - Level 1 - Registering InitializeTableFromTextFileV2 (None) in gradient.
[2026-01-25 00:10:02,255] tensorflow - Level 1 - Registering MutableDenseHashTable (None) in gradient.
[2026-01-25 00:10:02,255] tensorflow - Level 1 - Registering MutableDenseHashTableV2 (None) in gradient.
[2026-01-25 00:10:02,256] tensorflow - Level 1 - Registering MutableHashTable (None) in gradient.
[2026-01-25 00:10:02,256] tensorflow - Level 1 - Registering MutableHashTableV2 (None) in gradient.
[2026-01-25 00:10:02,256] tensorflow - Level 1 - Registering MutableHashTableOfTensors (None) in gradient.
[2026-01-25 00:10:02,256] tensorflow - Level 1 - Registering MutableHashTableOfTensorsV2 (None) in gradient.
[2026-01-25 00:10:02,262] tensorflow - Level 1 - Registering Roll (<function _RollGrad at 0x0000022C4EE7B6A0>) in gradient.
[2026-01-25 00:10:02,267] tensorflow - Level 1 - Registering ArgMax (<function _ArgMaxGrad at 0x0000022C4EE7B880>) in gradient.
[2026-01-25 00:10:02,271] tensorflow - Level 1 - Registering ArgMin (<function _ArgMinGrad at 0x0000022C4EEC05E0>) in gradient.
[2026-01-25 00:10:02,271] tensorflow - Level 1 - Registering EuclideanNorm (<function _EuclideanNormGrad at 0x0000022C4EEC0860>) in gradient.
[2026-01-25 00:10:02,271] tensorflow - Level 1 - Registering Sum (<function _SumGrad at 0x0000022C4EEC0CC0>) in gradient.
[2026-01-25 00:10:02,272] tensorflow - Level 1 - Registering Max (<function _MaxGrad at 0x0000022C4EEC0E00>) in gradient.
[2026-01-25 00:10:02,272] tensorflow - Level 1 - Registering Min (<function _MinGrad at 0x0000022C4EEC0EA0>) in gradient.
[2026-01-25 00:10:02,272] tensorflow - Level 1 - Registering Mean (<function _MeanGrad at 0x0000022C4EEC0F40>) in gradient.
[2026-01-25 00:10:02,272] tensorflow - Level 1 - Registering Prod (<function _ProdGrad at 0x0000022C4EEC0FE0>) in gradient.
[2026-01-25 00:10:02,272] tensorflow - Level 1 - Registering SegmentSum (<function _SegmentSumGrad at 0x0000022C4EEC1080>) in gradient.
[2026-01-25 00:10:02,272] tensorflow - Level 1 - Registering SegmentMean (<function _SegmentMeanGrad at 0x0000022C4EEC1120>) in gradient.
[2026-01-25 00:10:02,273] tensorflow - Level 1 - Registering SparseSegmentSum (<function _SparseSegmentSumGrad at 0x0000022C4EEC1300>) in gradient.
[2026-01-25 00:10:02,273] tensorflow - Level 1 - Registering SparseSegmentSumWithNumSegments (<function _SparseSegmentSumWithNumSegmentsGrad at 0x0000022C4EEC13A0>) in gradient.
[2026-01-25 00:10:02,273] tensorflow - Level 1 - Registering SparseSegmentMean (<function _SparseSegmentMeanGrad at 0x0000022C4EEC1440>) in gradient.
[2026-01-25 00:10:02,273] tensorflow - Level 1 - Registering SparseSegmentMeanWithNumSegments (<function _SparseSegmentMeanWithNumSegmentsGrad at 0x0000022C4EEC14E0>) in gradient.
[2026-01-25 00:10:02,273] tensorflow - Level 1 - Registering SparseSegmentSqrtN (<function _SparseSegmentSqrtNGrad at 0x0000022C4EEC1580>) in gradient.
[2026-01-25 00:10:02,274] tensorflow - Level 1 - Registering SparseSegmentSqrtNWithNumSegments (<function _SparseSegmentSqrtNWithNumSegmentsGrad at 0x0000022C4EEC1620>) in gradient.
[2026-01-25 00:10:02,274] tensorflow - Level 1 - Registering SegmentMin (<function _SegmentMinGrad at 0x0000022C4EEC1760>) in gradient.
[2026-01-25 00:10:02,274] tensorflow - Level 1 - Registering SegmentMax (<function _SegmentMaxGrad at 0x0000022C4EEC1800>) in gradient.
[2026-01-25 00:10:02,274] tensorflow - Level 1 - Registering SegmentProd (<function _SegmentProdGrad at 0x0000022C4EEC18A0>) in gradient.
[2026-01-25 00:10:02,274] tensorflow - Level 1 - Registering UnsortedSegmentSum (<function _UnsortedSegmentSumGrad at 0x0000022C4EEC1A80>) in gradient.
[2026-01-25 00:10:02,274] tensorflow - Level 1 - Registering UnsortedSegmentMax (<function _UnsortedSegmentMaxGrad at 0x0000022C4EEC1B20>) in gradient.
[2026-01-25 00:10:02,275] tensorflow - Level 1 - Registering UnsortedSegmentMin (<function _UnsortedSegmentMinGrad at 0x0000022C4EEC1BC0>) in gradient.
[2026-01-25 00:10:02,275] tensorflow - Level 1 - Registering UnsortedSegmentProd (<function _UnsortedSegmentProdGrad at 0x0000022C4EEC1C60>) in gradient.
[2026-01-25 00:10:02,275] tensorflow - Level 1 - Registering Abs (<function _AbsGrad at 0x0000022C4EEC1D00>) in gradient.
[2026-01-25 00:10:02,275] tensorflow - Level 1 - Registering Neg (<function _NegGrad at 0x0000022C4EEC1DA0>) in gradient.
[2026-01-25 00:10:02,275] tensorflow - Level 1 - Registering Inv (<function _InvGrad at 0x0000022C4EEC1E40>) in gradient.
[2026-01-25 00:10:02,276] tensorflow - Level 1 - Registering Reciprocal (<function _ReciprocalGrad at 0x0000022C4EEC1EE0>) in gradient.
[2026-01-25 00:10:02,276] tensorflow - Level 1 - Registering InvGrad (<function _InvGradGrad at 0x0000022C4EEC1F80>) in gradient.
[2026-01-25 00:10:02,276] tensorflow - Level 1 - Registering ReciprocalGrad (<function _ReciprocalGradGrad at 0x0000022C4EEC2020>) in gradient.
[2026-01-25 00:10:02,276] tensorflow - Level 1 - Registering Square (<function _SquareGrad at 0x0000022C4EEC20C0>) in gradient.
[2026-01-25 00:10:02,276] tensorflow - Level 1 - Registering Sqrt (<function _SqrtGrad at 0x0000022C4EEC2160>) in gradient.
[2026-01-25 00:10:02,276] tensorflow - Level 1 - Registering SqrtGrad (<function _SqrtGradGrad at 0x0000022C4EEC2200>) in gradient.
[2026-01-25 00:10:02,277] tensorflow - Level 1 - Registering Rsqrt (<function _RsqrtGrad at 0x0000022C4EEC22A0>) in gradient.
[2026-01-25 00:10:02,277] tensorflow - Level 1 - Registering RsqrtGrad (<function _RsqrtGradGrad at 0x0000022C4EEC2340>) in gradient.
[2026-01-25 00:10:02,277] tensorflow - Level 1 - Registering Exp (<function _ExpGrad at 0x0000022C4EEC23E0>) in gradient.
[2026-01-25 00:10:02,277] tensorflow - Level 1 - Registering Expm1 (<function _Expm1Grad at 0x0000022C4EEC2480>) in gradient.
[2026-01-25 00:10:02,277] tensorflow - Level 1 - Registering Log (<function _LogGrad at 0x0000022C4EEC2520>) in gradient.
[2026-01-25 00:10:02,278] tensorflow - Level 1 - Registering Log1p (<function _Log1pGrad at 0x0000022C4EEC25C0>) in gradient.
[2026-01-25 00:10:02,278] tensorflow - Level 1 - Registering Xlogy (<function _XLogyGrad at 0x0000022C4EEC2660>) in gradient.
[2026-01-25 00:10:02,278] tensorflow - Level 1 - Registering Xlog1py (<function _XLog1pyGrad at 0x0000022C4EEC2700>) in gradient.
[2026-01-25 00:10:02,278] tensorflow - Level 1 - Registering Xdivy (<function _XDivyGrad at 0x0000022C4EEC27A0>) in gradient.
[2026-01-25 00:10:02,278] tensorflow - Level 1 - Registering Sinh (<function _SinhGrad at 0x0000022C4EEC2840>) in gradient.
[2026-01-25 00:10:02,278] tensorflow - Level 1 - Registering Cosh (<function _CoshGrad at 0x0000022C4EEC28E0>) in gradient.
[2026-01-25 00:10:02,279] tensorflow - Level 1 - Registering Tanh (<function _TanhGrad at 0x0000022C4EEC2980>) in gradient.
[2026-01-25 00:10:02,279] tensorflow - Level 1 - Registering Asinh (<function _AsinhGrad at 0x0000022C4EEC2A20>) in gradient.
[2026-01-25 00:10:02,279] tensorflow - Level 1 - Registering Acosh (<function _AcoshGrad at 0x0000022C4EEC2AC0>) in gradient.
[2026-01-25 00:10:02,279] tensorflow - Level 1 - Registering Atanh (<function _AtanhGrad at 0x0000022C4EEC2B60>) in gradient.
[2026-01-25 00:10:02,279] tensorflow - Level 1 - Registering TanhGrad (<function _TanhGradGrad at 0x0000022C4EEC2C00>) in gradient.
[2026-01-25 00:10:02,280] tensorflow - Level 1 - Registering Erf (<function _ErfGrad at 0x0000022C4EEC2CA0>) in gradient.
[2026-01-25 00:10:02,280] tensorflow - Level 1 - Registering Erfc (<function _ErfcGrad at 0x0000022C4EEC2D40>) in gradient.
[2026-01-25 00:10:02,280] tensorflow - Level 1 - Registering Erfinv (<function _ErfinvGrad at 0x0000022C4EEC2DE0>) in gradient.
[2026-01-25 00:10:02,280] tensorflow - Level 1 - Registering Ndtri (<function _NdtriGrad at 0x0000022C4EEC2E80>) in gradient.
[2026-01-25 00:10:02,280] tensorflow - Level 1 - Registering Lgamma (<function _LgammaGrad at 0x0000022C4EEC2F20>) in gradient.
[2026-01-25 00:10:02,280] tensorflow - Level 1 - Registering Digamma (<function _DigammaGrad at 0x0000022C4EEC2FC0>) in gradient.
[2026-01-25 00:10:02,281] tensorflow - Level 1 - Registering Dawsn (<function _DawsnGrad at 0x0000022C4EEC3060>) in gradient.
[2026-01-25 00:10:02,281] tensorflow - Level 1 - Registering Expint (<function _ExpintGrad at 0x0000022C4EEC3100>) in gradient.
[2026-01-25 00:10:02,281] tensorflow - Level 1 - Registering FresnelCos (<function _FresnelCosGrad at 0x0000022C4EEC31A0>) in gradient.
[2026-01-25 00:10:02,281] tensorflow - Level 1 - Registering FresnelSin (<function _FresnelSinGrad at 0x0000022C4EEC3240>) in gradient.
[2026-01-25 00:10:02,281] tensorflow - Level 1 - Registering Spence (<function _SpenceGrad at 0x0000022C4EEC32E0>) in gradient.
[2026-01-25 00:10:02,282] tensorflow - Level 1 - Registering BesselI0 (<function _BesselI0Grad at 0x0000022C4EEC3380>) in gradient.
[2026-01-25 00:10:02,282] tensorflow - Level 1 - Registering BesselI0e (<function _BesselI0eGrad at 0x0000022C4EEC3420>) in gradient.
[2026-01-25 00:10:02,282] tensorflow - Level 1 - Registering BesselI1 (<function _BesselI1Grad at 0x0000022C4EEC34C0>) in gradient.
[2026-01-25 00:10:02,282] tensorflow - Level 1 - Registering BesselI1e (<function _BesselI1eGrad at 0x0000022C4EEC3560>) in gradient.
[2026-01-25 00:10:02,282] tensorflow - Level 1 - Registering BesselK0 (<function _BesselK0Grad at 0x0000022C4EEC3600>) in gradient.
[2026-01-25 00:10:02,283] tensorflow - Level 1 - Registering BesselK0e (<function _BesselK0eGrad at 0x0000022C4EEC36A0>) in gradient.
[2026-01-25 00:10:02,283] tensorflow - Level 1 - Registering BesselK1 (<function _BesselK1Grad at 0x0000022C4EEC3740>) in gradient.
[2026-01-25 00:10:02,283] tensorflow - Level 1 - Registering BesselK1e (<function _BesselK1eGrad at 0x0000022C4EEC37E0>) in gradient.
[2026-01-25 00:10:02,283] tensorflow - Level 1 - Registering BesselJ0 (<function _BesselJ0Grad at 0x0000022C4EEC3880>) in gradient.
[2026-01-25 00:10:02,283] tensorflow - Level 1 - Registering BesselJ1 (<function _BesselJ1Grad at 0x0000022C4EEC3920>) in gradient.
[2026-01-25 00:10:02,284] tensorflow - Level 1 - Registering BesselY0 (<function _BesselY0Grad at 0x0000022C4EEC39C0>) in gradient.
[2026-01-25 00:10:02,284] tensorflow - Level 1 - Registering BesselY1 (<function _BesselY1Grad at 0x0000022C4EEC3A60>) in gradient.
[2026-01-25 00:10:02,284] tensorflow - Level 1 - Registering Igamma (<function _IgammaGrad at 0x0000022C4EEC3B00>) in gradient.
[2026-01-25 00:10:02,284] tensorflow - Level 1 - Registering Igammac (<function _IgammacGrad at 0x0000022C4EEC3BA0>) in gradient.
[2026-01-25 00:10:02,284] tensorflow - Level 1 - Registering Betainc (<function _BetaincGrad at 0x0000022C4EEC3C40>) in gradient.
[2026-01-25 00:10:02,284] tensorflow - Level 1 - Registering Zeta (<function _ZetaGrad at 0x0000022C4EEC3CE0>) in gradient.
[2026-01-25 00:10:02,285] tensorflow - Level 1 - Registering Polygamma (<function _PolygammaGrad at 0x0000022C4EEC3D80>) in gradient.
[2026-01-25 00:10:02,285] tensorflow - Level 1 - Registering Sigmoid (<function _SigmoidGrad at 0x0000022C4EEC3E20>) in gradient.
[2026-01-25 00:10:02,285] tensorflow - Level 1 - Registering SigmoidGrad (<function _SigmoidGradGrad at 0x0000022C4EEC3EC0>) in gradient.
[2026-01-25 00:10:02,285] tensorflow - Level 1 - Registering Sign (<function _SignGrad at 0x0000022C4EEC3F60>) in gradient.
[2026-01-25 00:10:02,285] tensorflow - Level 1 - Registering Sin (<function _SinGrad at 0x0000022C4EF08040>) in gradient.
[2026-01-25 00:10:02,285] tensorflow - Level 1 - Registering Cos (<function _CosGrad at 0x0000022C4EF080E0>) in gradient.
[2026-01-25 00:10:02,286] tensorflow - Level 1 - Registering Tan (<function _TanGrad at 0x0000022C4EF08180>) in gradient.
[2026-01-25 00:10:02,286] tensorflow - Level 1 - Registering Asin (<function _AsinGrad at 0x0000022C4EF08220>) in gradient.
[2026-01-25 00:10:02,286] tensorflow - Level 1 - Registering Acos (<function _AcosGrad at 0x0000022C4EF082C0>) in gradient.
[2026-01-25 00:10:02,286] tensorflow - Level 1 - Registering Atan (<function _AtanGrad at 0x0000022C4EF08360>) in gradient.
[2026-01-25 00:10:02,287] tensorflow - Level 1 - Registering Atan2 (<function _Atan2Grad at 0x0000022C4EF08400>) in gradient.
[2026-01-25 00:10:02,287] tensorflow - Level 1 - Registering AddN (<function _AddNGrad at 0x0000022C4EF084A0>) in gradient.
[2026-01-25 00:10:02,287] tensorflow - Level 1 - Registering AddV2 (<function _AddGrad at 0x0000022C4EF085E0>) in gradient.
[2026-01-25 00:10:02,287] tensorflow - Level 1 - Registering Add (<function _AddGrad at 0x0000022C4EF085E0>) in gradient.
[2026-01-25 00:10:02,287] tensorflow - Level 1 - Registering Sub (<function _SubGrad at 0x0000022C4EF08680>) in gradient.
[2026-01-25 00:10:02,287] tensorflow - Level 1 - Registering Mul (<function _MulGrad at 0x0000022C4EF08720>) in gradient.
[2026-01-25 00:10:02,288] tensorflow - Level 1 - Registering MulNoNan (<function _MulNoNanGrad at 0x0000022C4EF087C0>) in gradient.
[2026-01-25 00:10:02,288] tensorflow - Level 1 - Registering Div (<function _DivGrad at 0x0000022C4EF08860>) in gradient.
[2026-01-25 00:10:02,288] tensorflow - Level 1 - Registering FloorDiv (<function _FloorDivGrad at 0x0000022C4EF08900>) in gradient.
[2026-01-25 00:10:02,288] tensorflow - Level 1 - Registering FloorMod (<function _FloorModGrad at 0x0000022C4EF089A0>) in gradient.
[2026-01-25 00:10:02,288] tensorflow - Level 1 - Registering TruncateDiv (<function _TruncateDivGrad at 0x0000022C4EF08A40>) in gradient.
[2026-01-25 00:10:02,289] tensorflow - Level 1 - Registering RealDiv (<function _RealDivGrad at 0x0000022C4EF08AE0>) in gradient.
[2026-01-25 00:10:02,289] tensorflow - Level 1 - Registering DivNoNan (<function _DivNoNanGrad at 0x0000022C4EF08B80>) in gradient.
[2026-01-25 00:10:02,289] tensorflow - Level 1 - Registering Pow (<function _PowGrad at 0x0000022C4EF08C20>) in gradient.
[2026-01-25 00:10:02,289] tensorflow - Level 1 - Registering Maximum (<function _MaximumGrad at 0x0000022C4EF08E00>) in gradient.
[2026-01-25 00:10:02,289] tensorflow - Level 1 - Registering Minimum (<function _MinimumGrad at 0x0000022C4EF08EA0>) in gradient.
[2026-01-25 00:10:02,289] tensorflow - Level 1 - Registering SquaredDifference (<function _SquaredDifferenceGrad at 0x0000022C4EF08F40>) in gradient.
[2026-01-25 00:10:02,290] tensorflow - Level 1 - Registering Less (None) in gradient.
[2026-01-25 00:10:02,290] tensorflow - Level 1 - Registering LessEqual (None) in gradient.
[2026-01-25 00:10:02,290] tensorflow - Level 1 - Registering Greater (None) in gradient.
[2026-01-25 00:10:02,290] tensorflow - Level 1 - Registering GreaterEqual (None) in gradient.
[2026-01-25 00:10:02,290] tensorflow - Level 1 - Registering Equal (None) in gradient.
[2026-01-25 00:10:02,291] tensorflow - Level 1 - Registering ApproximateEqual (None) in gradient.
[2026-01-25 00:10:02,291] tensorflow - Level 1 - Registering NotEqual (None) in gradient.
[2026-01-25 00:10:02,291] tensorflow - Level 1 - Registering LogicalAnd (None) in gradient.
[2026-01-25 00:10:02,292] tensorflow - Level 1 - Registering LogicalOr (None) in gradient.
[2026-01-25 00:10:02,292] tensorflow - Level 1 - Registering LogicalNot (None) in gradient.
[2026-01-25 00:10:02,292] tensorflow - Level 1 - Registering Select (<function _SelectGrad at 0x0000022C4EF08FE0>) in gradient.
[2026-01-25 00:10:02,292] tensorflow - Level 1 - Registering SelectV2 (<function _SelectGradV2 at 0x0000022C4EF09080>) in gradient.
[2026-01-25 00:10:02,293] tensorflow - Level 1 - Registering MatMul (<function _MatMulGrad at 0x0000022C4EF09260>) in gradient.
[2026-01-25 00:10:02,293] tensorflow - Level 1 - Registering SparseMatMul (<function _SparseMatMulGrad at 0x0000022C4EF09300>) in gradient.
[2026-01-25 00:10:02,293] tensorflow - Level 1 - Registering Floor (<function _FloorGrad at 0x0000022C4EF093A0>) in gradient.
[2026-01-25 00:10:02,293] tensorflow - Level 1 - Registering Ceil (<function _CeilGrad at 0x0000022C4EF09440>) in gradient.
[2026-01-25 00:10:02,293] tensorflow - Level 1 - Registering Round (<function _RoundGrad at 0x0000022C4EF094E0>) in gradient.
[2026-01-25 00:10:02,294] tensorflow - Level 1 - Registering Rint (<function _RintGrad at 0x0000022C4EF09580>) in gradient.
[2026-01-25 00:10:02,294] tensorflow - Level 1 - Registering BatchMatMul (<function _BatchMatMul at 0x0000022C4EF09620>) in gradient.
[2026-01-25 00:10:02,294] tensorflow - Level 1 - Registering BatchMatMulV3 (<function _BatchMatMulV2 at 0x0000022C4EF096C0>) in gradient.
[2026-01-25 00:10:02,294] tensorflow - Level 1 - Registering BatchMatMulV2 (<function _BatchMatMulV2 at 0x0000022C4EF096C0>) in gradient.
[2026-01-25 00:10:02,295] tensorflow - Level 1 - Registering Range (None) in gradient.
[2026-01-25 00:10:02,295] tensorflow - Level 1 - Registering LinSpace (None) in gradient.
[2026-01-25 00:10:02,295] tensorflow - Level 1 - Registering Complex (<function _ComplexGrad at 0x0000022C4EF09760>) in gradient.
[2026-01-25 00:10:02,295] tensorflow - Level 1 - Registering Real (<function _RealGrad at 0x0000022C4EF09800>) in gradient.
[2026-01-25 00:10:02,295] tensorflow - Level 1 - Registering Imag (<function _ImagGrad at 0x0000022C4EF098A0>) in gradient.
[2026-01-25 00:10:02,296] tensorflow - Level 1 - Registering Angle (<function _AngleGrad at 0x0000022C4EF09940>) in gradient.
[2026-01-25 00:10:02,296] tensorflow - Level 1 - Registering Conj (<function _ConjGrad at 0x0000022C4EF099E0>) in gradient.
[2026-01-25 00:10:02,296] tensorflow - Level 1 - Registering ComplexAbs (<function _ComplexAbsGrad at 0x0000022C4EF09A80>) in gradient.
[2026-01-25 00:10:02,296] tensorflow - Level 1 - Registering Cast (<function _CastGrad at 0x0000022C4EF09B20>) in gradient.
[2026-01-25 00:10:02,296] tensorflow - Level 1 - Registering Cross (<function _CrossGrad at 0x0000022C4EF09BC0>) in gradient.
[2026-01-25 00:10:02,297] tensorflow - Level 1 - Registering Cumsum (<function _CumsumGrad at 0x0000022C4EF09C60>) in gradient.
[2026-01-25 00:10:02,297] tensorflow - Level 1 - Registering Cumprod (<function _CumprodGrad at 0x0000022C4EF09D00>) in gradient.
[2026-01-25 00:10:02,297] tensorflow - Level 1 - Registering CumulativeLogsumexp (<function _CumulativeLogsumexpGrad at 0x0000022C4EF09DA0>) in gradient.
[2026-01-25 00:10:02,297] tensorflow - Level 1 - Registering NextAfter (<function _NextAfterGrad at 0x0000022C4EF09E40>) in gradient.
[2026-01-25 00:10:02,304] tensorflow - Level 1 - Registering NcclAllReduce (<function _all_sum_grad at 0x0000022C4EF0A200>) in gradient.
[2026-01-25 00:10:02,307] tensorflow - Level 1 - Registering NcclReduce (<function _reduce_sum_grad at 0x0000022C4EF0ADE0>) in gradient.
[2026-01-25 00:10:02,307] tensorflow - Level 1 - Registering NcclBroadcast (<function _broadcast_grad at 0x0000022C4EF0AF20>) in gradient.
[2026-01-25 00:10:02,310] tensorflow - Level 1 - Registering OptionalFromValue (<function _OptionalFromValueGrad at 0x0000022C4EF0AB60>) in gradient.
[2026-01-25 00:10:02,312] tensorflow - Level 1 - Registering OptionalGetValue (<function _OptionalGetValueGrad at 0x0000022C4EF0B240>) in gradient.
[2026-01-25 00:10:02,315] tensorflow - Level 1 - Registering DecodeRaw (None) in gradient.
[2026-01-25 00:10:02,317] tensorflow - Level 1 - Registering DecodePaddedRaw (None) in gradient.
[2026-01-25 00:10:02,317] tensorflow - Level 1 - Registering ParseTensor (None) in gradient.
[2026-01-25 00:10:02,318] tensorflow - Level 1 - Registering SerializeTensor (None) in gradient.
[2026-01-25 00:10:02,318] tensorflow - Level 1 - Registering StringToNumber (None) in gradient.
[2026-01-25 00:10:02,326] tensorflow - Level 1 - Registering DecodeProtoV2 (None) in gradient.
[2026-01-25 00:10:02,329] tensorflow - Level 1 - Registering EncodeProto (None) in gradient.
[2026-01-25 00:10:02,332] tensorflow - Level 1 - Registering RandomGamma (<function _RandomGammaGrad at 0x0000022C4EF24040>) in gradient.
[2026-01-25 00:10:02,335] tensorflow - Level 1 - Registering StatelessRandomGammaV2 (<function _StatelessRandomGammaV2Grad at 0x0000022C4EF240E0>) in gradient.
[2026-01-25 00:10:02,335] tensorflow - Level 1 - Registering StatelessRandomGammaV3 (<function _StatelessRandomGammaV3Grad at 0x0000022C4EF24220>) in gradient.
[2026-01-25 00:10:02,336] tensorflow - Level 1 - Registering StatelessParameterizedTruncatedNormal (<function _StatelessParameterizedTruncatedNormalGrad at 0x0000022C4EF244A0>) in gradient.
[2026-01-25 00:10:02,346] tensorflow - Level 1 - Registering BlockLSTM (<function _block_lstm_grad at 0x0000022C4EF24180>) in gradient.
[2026-01-25 00:10:02,349] tensorflow - Level 1 - Registering BlockLSTMV2 (<function _block_lstm_grad at 0x0000022C4EF24180>) in gradient.
[2026-01-25 00:10:02,358] tensorflow - Level 1 - Registering SdcaFprint (None) in gradient.
[2026-01-25 00:10:02,361] tensorflow - Level 1 - Registering SdcaOptimizer (None) in gradient.
[2026-01-25 00:10:02,361] tensorflow - Level 1 - Registering SdcaOptimizerV2 (None) in gradient.
[2026-01-25 00:10:02,362] tensorflow - Level 1 - Registering SdcaShrinkL1 (None) in gradient.
[2026-01-25 00:10:02,369] tensorflow - Level 1 - Registering SetSize (None) in gradient.
[2026-01-25 00:10:02,373] tensorflow - Level 1 - Registering DenseToDenseSetOperation (None) in gradient.
[2026-01-25 00:10:02,373] tensorflow - Level 1 - Registering DenseToSparseSetOperation (None) in gradient.
[2026-01-25 00:10:02,373] tensorflow - Level 1 - Registering SparseToSparseSetOperation (None) in gradient.
[2026-01-25 00:10:02,377] tensorflow - Level 1 - Registering SparseAddGrad (None) in gradient.
[2026-01-25 00:10:02,379] tensorflow - Level 1 - Registering SparseConcat (None) in gradient.
[2026-01-25 00:10:02,380] tensorflow - Level 1 - Registering SparseReorder (<function _SparseReorderGrad at 0x0000022C4EF5B4C0>) in gradient.
[2026-01-25 00:10:02,380] tensorflow - Level 1 - Registering SparseAdd (<function _SparseAddGrad at 0x0000022C4EF5B6A0>) in gradient.
[2026-01-25 00:10:02,380] tensorflow - Level 1 - Registering SparseTensorDenseAdd (<function _SparseTensorDenseAddGrad at 0x0000022C4EF5B600>) in gradient.
[2026-01-25 00:10:02,381] tensorflow - Level 1 - Registering SparseReduceSum (<function _SparseReduceSumGrad at 0x0000022C4EF5B740>) in gradient.
[2026-01-25 00:10:02,381] tensorflow - Level 1 - Registering SparseSlice (<function _SparseSliceGrad at 0x0000022C4EF5B7E0>) in gradient.
[2026-01-25 00:10:02,381] tensorflow - Level 1 - Registering SparseTensorDenseMatMul (<function _SparseTensorDenseMatMulGrad at 0x0000022C4EF5B880>) in gradient.
[2026-01-25 00:10:02,381] tensorflow - Level 1 - Registering SparseDenseCwiseAdd (<function _SparseDenseCwiseAddGrad at 0x0000022C4EF5B920>) in gradient.
[2026-01-25 00:10:02,381] tensorflow - Level 1 - Registering SparseDenseCwiseMul (<function _SparseDenseCwiseMulGrad at 0x0000022C4EF5BA60>) in gradient.
[2026-01-25 00:10:02,382] tensorflow - Level 1 - Registering SparseDenseCwiseDiv (<function _SparseDenseCwiseDivGrad at 0x0000022C4EF5BB00>) in gradient.
[2026-01-25 00:10:02,382] tensorflow - Level 1 - Registering SparseSoftmax (<function _SparseSoftmaxGrad at 0x0000022C4EF5BBA0>) in gradient.
[2026-01-25 00:10:02,382] tensorflow - Level 1 - Registering SparseSparseMaximum (<function _SparseSparseMaximumGrad at 0x0000022C4EF5BC40>) in gradient.
[2026-01-25 00:10:02,382] tensorflow - Level 1 - Registering SparseSparseMinimum (<function _SparseSparseMinimumGrad at 0x0000022C4EF5BCE0>) in gradient.
[2026-01-25 00:10:02,382] tensorflow - Level 1 - Registering SparseFillEmptyRows (<function _SparseFillEmptyRowsGrad at 0x0000022C4EF5BD80>) in gradient.
[2026-01-25 00:10:02,383] tensorflow - Level 1 - Registering SparseToDense (<function _SparseToDenseGrad at 0x0000022C4EF5BE20>) in gradient.
[2026-01-25 00:10:02,403] tensorflow - Level 1 - Registering TensorArray (None) in gradient.
[2026-01-25 00:10:02,406] tensorflow - Level 1 - Registering TensorArrayGrad (None) in gradient.
[2026-01-25 00:10:02,407] tensorflow - Level 1 - Registering TensorArraySize (None) in gradient.
[2026-01-25 00:10:02,407] tensorflow - Level 1 - Registering TensorArrayClose (None) in gradient.
[2026-01-25 00:10:02,407] tensorflow - Level 1 - Registering TensorArrayV2 (None) in gradient.
[2026-01-25 00:10:02,407] tensorflow - Level 1 - Registering TensorArrayGradV2 (None) in gradient.
[2026-01-25 00:10:02,408] tensorflow - Level 1 - Registering TensorArraySizeV2 (None) in gradient.
[2026-01-25 00:10:02,408] tensorflow - Level 1 - Registering TensorArrayCloseV2 (None) in gradient.
[2026-01-25 00:10:02,408] tensorflow - Level 1 - Registering TensorArrayV3 (None) in gradient.
[2026-01-25 00:10:02,408] tensorflow - Level 1 - Registering TensorArrayGradV3 (None) in gradient.
[2026-01-25 00:10:02,408] tensorflow - Level 1 - Registering TensorArrayGradWithShape (None) in gradient.
[2026-01-25 00:10:02,409] tensorflow - Level 1 - Registering TensorArraySizeV3 (None) in gradient.
[2026-01-25 00:10:02,409] tensorflow - Level 1 - Registering TensorArrayCloseV3 (None) in gradient.
[2026-01-25 00:10:02,409] tensorflow - Level 1 - Registering TensorArrayReadV3 (<function _TensorArrayReadGrad at 0x0000022C4EF5BF60>) in gradient.
[2026-01-25 00:10:02,409] tensorflow - Level 1 - Registering TensorArrayReadV2 (<function _TensorArrayReadGrad at 0x0000022C4EF5BF60>) in gradient.
[2026-01-25 00:10:02,410] tensorflow - Level 1 - Registering TensorArrayRead (<function _TensorArrayReadGrad at 0x0000022C4EF5BF60>) in gradient.
[2026-01-25 00:10:02,410] tensorflow - Level 1 - Registering TensorArrayWriteV3 (<function _TensorArrayWriteGrad at 0x0000022C4EF84040>) in gradient.
[2026-01-25 00:10:02,410] tensorflow - Level 1 - Registering TensorArrayWriteV2 (<function _TensorArrayWriteGrad at 0x0000022C4EF84040>) in gradient.
[2026-01-25 00:10:02,410] tensorflow - Level 1 - Registering TensorArrayWrite (<function _TensorArrayWriteGrad at 0x0000022C4EF84040>) in gradient.
[2026-01-25 00:10:02,410] tensorflow - Level 1 - Registering TensorArrayGatherV3 (<function _TensorArrayGatherGrad at 0x0000022C4EF840E0>) in gradient.
[2026-01-25 00:10:02,411] tensorflow - Level 1 - Registering TensorArrayGatherV2 (<function _TensorArrayGatherGrad at 0x0000022C4EF840E0>) in gradient.
[2026-01-25 00:10:02,411] tensorflow - Level 1 - Registering TensorArrayGather (<function _TensorArrayGatherGrad at 0x0000022C4EF840E0>) in gradient.
[2026-01-25 00:10:02,411] tensorflow - Level 1 - Registering TensorArrayScatterV3 (<function _TensorArrayScatterGrad at 0x0000022C4EF84180>) in gradient.
[2026-01-25 00:10:02,411] tensorflow - Level 1 - Registering TensorArrayScatterV2 (<function _TensorArrayScatterGrad at 0x0000022C4EF84180>) in gradient.
[2026-01-25 00:10:02,411] tensorflow - Level 1 - Registering TensorArrayScatter (<function _TensorArrayScatterGrad at 0x0000022C4EF84180>) in gradient.
[2026-01-25 00:10:02,411] tensorflow - Level 1 - Registering TensorArrayConcatV3 (<function _TensorArrayConcatGrad at 0x0000022C4EF84220>) in gradient.
[2026-01-25 00:10:02,412] tensorflow - Level 1 - Registering TensorArrayConcatV2 (<function _TensorArrayConcatGrad at 0x0000022C4EF84220>) in gradient.
[2026-01-25 00:10:02,412] tensorflow - Level 1 - Registering TensorArrayConcat (<function _TensorArrayConcatGrad at 0x0000022C4EF84220>) in gradient.
[2026-01-25 00:10:02,412] tensorflow - Level 1 - Registering TensorArraySplitV3 (<function _TensorArraySplitGrad at 0x0000022C4EF842C0>) in gradient.
[2026-01-25 00:10:02,412] tensorflow - Level 1 - Registering TensorArraySplitV2 (<function _TensorArraySplitGrad at 0x0000022C4EF842C0>) in gradient.
[2026-01-25 00:10:02,412] tensorflow - Level 1 - Registering TensorArraySplit (<function _TensorArraySplitGrad at 0x0000022C4EF842C0>) in gradient.
[2026-01-25 00:10:02,431] tensorflow - Level 1 - Registering DenseToCSRSparseMatrix (<function _DenseToCSRSparseMatrixGrad at 0x0000022C4EF84540>) in gradient.
[2026-01-25 00:10:02,434] tensorflow - Level 1 - Registering CSRSparseMatrixToDense (<function _CSRSparseMatrixToDenseGrad at 0x0000022C4EF84680>) in gradient.
[2026-01-25 00:10:02,434] tensorflow - Level 1 - Registering SparseTensorToCSRSparseMatrix (<function _SparseTensorToCSRSparseMatrixGrad at 0x0000022C4EFAD080>) in gradient.
[2026-01-25 00:10:02,434] tensorflow - Level 1 - Registering CSRSparseMatrixToSparseTensor (<function _CSRSparseMatrixToSparseTensorGrad at 0x0000022C4EFACFE0>) in gradient.
[2026-01-25 00:10:02,436] tensorflow - Level 1 - Registering SparseMatrixNNZ (None) in gradient.
[2026-01-25 00:10:02,436] tensorflow - Level 1 - Registering SparseMatrixZeros (None) in gradient.
[2026-01-25 00:10:02,436] tensorflow - Level 1 - Registering SparseMatrixAdd (<function _SparseMatrixAddGrad at 0x0000022C4EFAD260>) in gradient.
[2026-01-25 00:10:02,436] tensorflow - Level 1 - Registering SparseMatrixTranspose (<function _SparseMatrixTransposeGrad at 0x0000022C4EFAD3A0>) in gradient.
[2026-01-25 00:10:02,437] tensorflow - Level 1 - Registering SparseMatrixSoftmax (<function _SparseMatrixSoftmaxGrad at 0x0000022C4EFAD440>) in gradient.
[2026-01-25 00:10:02,437] tensorflow - Level 1 - Registering SparseMatrixMatMul (<function _SparseMatrixMatMulGrad at 0x0000022C4EFAD4E0>) in gradient.
[2026-01-25 00:10:02,437] tensorflow - Level 1 - Registering SparseMatrixSparseMatMul (<function _SparseMatrixSparseMatMulGrad at 0x0000022C4EFAD580>) in gradient.
[2026-01-25 00:10:02,437] tensorflow - Level 1 - Registering SparseMatrixMul (<function _SparseMatrixMulGrad at 0x0000022C4EFAD620>) in gradient.
[2026-01-25 00:10:02,453] tensorflow - Level 1 - Registering FFT (<function _fft_grad at 0x0000022C4EFDB100>) in gradient.
[2026-01-25 00:10:02,457] tensorflow - Level 1 - Registering IFFT (<function _ifft_grad at 0x0000022C4EFDB1A0>) in gradient.
[2026-01-25 00:10:02,457] tensorflow - Level 1 - Registering FFT2D (<function _fft2d_grad at 0x0000022C4EFDB240>) in gradient.
[2026-01-25 00:10:02,458] tensorflow - Level 1 - Registering IFFT2D (<function _ifft2d_grad at 0x0000022C4EFDB380>) in gradient.
[2026-01-25 00:10:02,458] tensorflow - Level 1 - Registering FFT3D (<function _fft3d_grad at 0x0000022C4EFDB420>) in gradient.
[2026-01-25 00:10:02,459] tensorflow - Level 1 - Registering IFFT3D (<function _ifft3d_grad at 0x0000022C4EFDB4C0>) in gradient.
[2026-01-25 00:10:02,460] tensorflow - Level 1 - Registering RFFT (<function _rfft_grad_helper.<locals>._grad at 0x0000022C4EFDB920>) in gradient.
[2026-01-25 00:10:02,460] tensorflow - Level 1 - Registering IRFFT (<function _irfft_grad_helper.<locals>._grad at 0x0000022C4EFDBB00>) in gradient.
[2026-01-25 00:10:02,460] tensorflow - Level 1 - Registering RFFT2D (<function _rfft_grad_helper.<locals>._grad at 0x0000022C4EFDBBA0>) in gradient.
[2026-01-25 00:10:02,460] tensorflow - Level 1 - Registering IRFFT2D (<function _irfft_grad_helper.<locals>._grad at 0x0000022C4EFDBC40>) in gradient.
[2026-01-25 00:10:02,468] tensorflow - Level 1 - Registering GenerateVocabRemapping (None) in gradient.
[2026-01-25 00:10:02,471] tensorflow - Level 1 - Registering LoadAndRemapMatrix (None) in gradient.
[2026-01-25 00:10:02,501] tensorflow - Level 1 - Registering XlaVariadicReduce (None) in gradient.
[2026-01-25 00:10:02,504] tensorflow - Level 1 - Registering XlaSharding (<function _sharding_grad at 0x0000022C5007A660>) in gradient.
[2026-01-25 00:10:02,504] tensorflow - Level 1 - Registering XlaSpmdFullToShardShape (<function _spmd_full_to_shard_shape_grad at 0x0000022C5007A700>) in gradient.
[2026-01-25 00:10:02,504] tensorflow - Level 1 - Registering XlaSpmdShardToFullShape (<function _spmd_shard_to_full_shape_grad at 0x0000022C5007A7A0>) in gradient.
[2026-01-25 00:10:02,524] tensorflow - Level 1 - Registering CTCLoss (<function _CTCLossGrad at 0x0000022C500BEC00>) in gradient.
[2026-01-25 00:10:02,526] tensorflow - Level 1 - Registering CTCLossV2 (<function _CTCLossV2Grad at 0x0000022C500BECA0>) in gradient.
[2026-01-25 00:10:02,527] tensorflow - Level 1 - Registering CTCGreedyDecoder (None) in gradient.
[2026-01-25 00:10:02,528] tensorflow - Level 1 - Registering CTCBeamSearchDecoder (None) in gradient.
[2026-01-25 00:10:02,531] tensorflow - Level 1 - Registering FusedBatchNormGrad (<function _FusedBatchNormGradGrad at 0x0000022C500EC720>) in gradient.
[2026-01-25 00:10:02,532] tensorflow - Level 1 - Registering FusedBatchNormGradV2 (<function _FusedBatchNormGradGradV2 at 0x0000022C500EC7C0>) in gradient.
[2026-01-25 00:10:02,533] tensorflow - Level 1 - Registering FusedBatchNormGradV3 (<function _FusedBatchNormGradGradV3 at 0x0000022C500EC9A0>) in gradient.
[2026-01-25 00:10:02,545] tensorflow - Level 1 - Registering variables ((<class 'tensorflow.core.framework.variable_pb2.VariableDef'>, <function _to_proto_fn at 0x0000022C50110A40>, <function _from_proto_fn at 0x0000022C50110D60>)) in proto functions.
[2026-01-25 00:10:02,547] tensorflow - Level 1 - Registering trainable_variables ((<class 'tensorflow.core.framework.variable_pb2.VariableDef'>, <function _to_proto_fn at 0x0000022C50110A40>, <function _from_proto_fn at 0x0000022C50110D60>)) in proto functions.
[2026-01-25 00:10:02,548] tensorflow - Level 1 - Registering moving_average_variables ((<class 'tensorflow.core.framework.variable_pb2.VariableDef'>, <function _to_proto_fn at 0x0000022C50110A40>, <function _from_proto_fn at 0x0000022C50110D60>)) in proto functions.
[2026-01-25 00:10:02,548] tensorflow - Level 1 - Registering local_variables ((<class 'tensorflow.core.framework.variable_pb2.VariableDef'>, <function _to_proto_fn at 0x0000022C50110A40>, <function _from_proto_fn at 0x0000022C50110D60>)) in proto functions.
[2026-01-25 00:10:02,548] tensorflow - Level 1 - Registering model_variables ((<class 'tensorflow.core.framework.variable_pb2.VariableDef'>, <function _to_proto_fn at 0x0000022C50110A40>, <function _from_proto_fn at 0x0000022C50110D60>)) in proto functions.
[2026-01-25 00:10:02,548] tensorflow - Level 1 - Registering global_step ((<class 'tensorflow.core.framework.variable_pb2.VariableDef'>, <function _to_proto_fn at 0x0000022C50110A40>, <function _from_proto_fn at 0x0000022C50110D60>)) in proto functions.
[2026-01-25 00:10:02,548] tensorflow - Level 1 - Registering metric_variables ((<class 'tensorflow.core.framework.variable_pb2.VariableDef'>, <function _to_proto_fn at 0x0000022C50110A40>, <function _from_proto_fn at 0x0000022C50110D60>)) in proto functions.
[2026-01-25 00:10:02,550] tensorflow - Level 1 - Registering RandomCrop (None) in gradient.
[2026-01-25 00:10:02,554] tensorflow - Level 1 - Registering HSVToRGB (None) in gradient.
[2026-01-25 00:10:02,554] tensorflow - Level 1 - Registering DrawBoundingBoxes (None) in gradient.
[2026-01-25 00:10:02,554] tensorflow - Level 1 - Registering SampleDistortedBoundingBox (None) in gradient.
[2026-01-25 00:10:02,555] tensorflow - Level 1 - Registering SampleDistortedBoundingBoxV2 (None) in gradient.
[2026-01-25 00:10:02,555] tensorflow - Level 1 - Registering ExtractGlimpse (None) in gradient.
[2026-01-25 00:10:02,555] tensorflow - Level 1 - Registering NonMaxSuppression (None) in gradient.
[2026-01-25 00:10:02,555] tensorflow - Level 1 - Registering NonMaxSuppressionV2 (None) in gradient.
[2026-01-25 00:10:02,555] tensorflow - Level 1 - Registering NonMaxSuppressionWithOverlaps (None) in gradient.
[2026-01-25 00:10:02,556] tensorflow - Level 1 - Registering GenerateBoundingBoxProposals (None) in gradient.
[2026-01-25 00:10:02,572] tensorflow - Level 1 - Registering ImageProjectiveTransformV2 (<function _image_projective_transform_grad at 0x0000022C503F9760>) in gradient.
[2026-01-25 00:10:02,574] tensorflow - Level 1 - Registering ImageProjectiveTransformV3 (<function _image_projective_transform_v3_grad at 0x0000022C503F9940>) in gradient.
[2026-01-25 00:10:02,773] tensorflow - Level 1 - Registering savers ((<class 'tensorflow.core.protobuf.saver_pb2.SaverDef'>, <function Saver.to_proto at 0x0000022C506B8CC0>, <function Saver.from_proto at 0x0000022C506B8D60>)) in proto functions.
[2026-01-25 00:10:02,791] tensorflow - Level 1 - Registering EagerPyFunc (<function _EagerPyFuncGrad at 0x0000022C506F1940>) in gradient.
[2026-01-25 00:10:02,794] tensorflow - Level 1 - Registering PyFunc (None) in gradient.
[2026-01-25 00:10:02,794] tensorflow - Level 1 - Registering PyFuncStateless (None) in gradient.
[2026-01-25 00:10:02,819] tensorflow - Level 1 - Registering ReduceDataset (None) in gradient.
[2026-01-25 00:10:02,825] tensorflow - Level 1 - Registering tensorflow.python.data.ops.dataset_ops (<function _tf2_callback at 0x0000022C5073FD80>) in data_v2_callbacks.
[2026-01-25 00:10:02,840] tensorflow - Level 1 - Registering _resource_resolver (<function _resource_resolver at 0x0000022C507CCA40>) in acd_resource_resolvers.
[2026-01-25 00:10:02,856] tensorflow - Level 1 - Registering tensorflow.python.data.experimental.ops.counter (<function _tf2_callback at 0x0000022C507CDF80>) in data_v2_callbacks.
[2026-01-25 00:10:02,890] tensorflow - Level 1 - Registering tensorflow.python.data.ops.readers (<function _tf2_callback at 0x0000022C507CD620>) in data_v2_callbacks.
[2026-01-25 00:10:02,895] tensorflow - Level 1 - Registering tensorflow.python.data.experimental.ops.interleave_ops (<function _tf2_callback at 0x0000022C507DD940>) in data_v2_callbacks.
[2026-01-25 00:10:02,946] tensorflow - Level 1 - Registering tensorflow.python.data.experimental.ops.random_ops (<function _tf2_callback at 0x0000022C5087CAE0>) in data_v2_callbacks.
[2026-01-25 00:10:02,954] tensorflow - Level 1 - Registering tensorflow.python.data.experimental.ops.readers (<function _tf2_callback at 0x0000022C5087E3E0>) in data_v2_callbacks.
[2026-01-25 00:10:03,231] tensorflow - Level 1 - Registering tpu_replicated_input_resolver (<function tpu_replicated_input_resolver at 0x0000022C50AFE3E0>) in acd_resource_resolvers.
[2026-01-25 00:10:03,240] tensorflow - DEBUG - Falling back to TensorFlow client; we recommended you install the Cloud TPU client directly with pip install cloud-tpu-client.
[2026-01-25 00:10:03,624] tensorflow - Level 1 - Registering queue_runners ((<class 'tensorflow.core.protobuf.queue_runner_pb2.QueueRunnerDef'>, <function QueueRunner.to_proto at 0x0000022C50D28E00>, <function QueueRunner.from_proto at 0x0000022C50D28EA0>)) in proto functions.
[2026-01-25 00:10:04,351] h5py._conv - DEBUG - Creating converter from 7 to 5
[2026-01-25 00:10:04,352] h5py._conv - DEBUG - Creating converter from 5 to 7
[2026-01-25 00:10:04,352] h5py._conv - DEBUG - Creating converter from 7 to 5
[2026-01-25 00:10:04,352] h5py._conv - DEBUG - Creating converter from 5 to 7
[2026-01-25 00:10:04,876] tensorflow - Level 1 - Registering DebugGradientIdentity (<function _identify_gradient_grad at 0x0000022C517A5760>) in gradient.
[2026-01-25 00:10:04,881] tensorflow - Level 1 - Registering DebugGradientRefIdentity (<function _identify_gradient_grad_ref at 0x0000022C517A5800>) in gradient.
[2026-01-25 00:10:04,995] tensorflow - Level 1 - Registering DebugIdentityV2 (<function _debug_identity_v2_grad at 0x0000022C5182CB80>) in gradient.
[2026-01-25 00:10:05,926] tensorflow - Level 1 - Registering AudioMicrofrontend (None) in gradient.
[2026-01-25 00:10:06,265] tensorflow - Level 1 - Registering Reciprocal,flops (<function _reciprocal_flops at 0x0000022C51DF2480>) in statistical functions.
[2026-01-25 00:10:06,269] tensorflow - Level 1 - Registering Square,flops (<function _square_flops at 0x0000022C51DF2520>) in statistical functions.
[2026-01-25 00:10:06,270] tensorflow - Level 1 - Registering Rsqrt,flops (<function _rsqrt_flops at 0x0000022C51DF2660>) in statistical functions.
[2026-01-25 00:10:06,270] tensorflow - Level 1 - Registering Log,flops (<function _log_flops at 0x0000022C51DF25C0>) in statistical functions.
[2026-01-25 00:10:06,271] tensorflow - Level 1 - Registering Neg,flops (<function _neg_flops at 0x0000022C51DF2700>) in statistical functions.
[2026-01-25 00:10:06,271] tensorflow - Level 1 - Registering AssignSub,flops (<function _assign_sub_flops at 0x0000022C51DF27A0>) in statistical functions.
[2026-01-25 00:10:06,272] tensorflow - Level 1 - Registering AssignAdd,flops (<function _assign_add_flops at 0x0000022C51DF2840>) in statistical functions.
[2026-01-25 00:10:06,272] tensorflow - Level 1 - Registering L2Loss,flops (<function _l2_loss_flops at 0x0000022C51DF28E0>) in statistical functions.
[2026-01-25 00:10:06,273] tensorflow - Level 1 - Registering Softmax,flops (<function _softmax_flops at 0x0000022C51DF2980>) in statistical functions.
[2026-01-25 00:10:06,273] tensorflow - Level 1 - Registering AddV2,flops (<function _add_flops at 0x0000022C51DF2AC0>) in statistical functions.
[2026-01-25 00:10:06,274] tensorflow - Level 1 - Registering Add,flops (<function _add_flops at 0x0000022C51DF2AC0>) in statistical functions.
[2026-01-25 00:10:06,274] tensorflow - Level 1 - Registering Sub,flops (<function _sub_flops at 0x0000022C51DF2B60>) in statistical functions.
[2026-01-25 00:10:06,275] tensorflow - Level 1 - Registering Mul,flops (<function _mul_flops at 0x0000022C51DF2C00>) in statistical functions.
[2026-01-25 00:10:06,275] tensorflow - Level 1 - Registering RealDiv,flops (<function _real_div_flops at 0x0000022C51DF2CA0>) in statistical functions.
[2026-01-25 00:10:06,275] tensorflow - Level 1 - Registering Maximum,flops (<function _maximum_flops at 0x0000022C51DF2D40>) in statistical functions.
[2026-01-25 00:10:06,276] tensorflow - Level 1 - Registering Minimum,flops (<function _minimum_flops at 0x0000022C51DF2DE0>) in statistical functions.
[2026-01-25 00:10:06,276] tensorflow - Level 1 - Registering Pow,flops (<function _pow_flops at 0x0000022C51DF2E80>) in statistical functions.
[2026-01-25 00:10:06,277] tensorflow - Level 1 - Registering RsqrtGrad,flops (<function _rsqrt_grad_flops at 0x0000022C51DF2F20>) in statistical functions.
[2026-01-25 00:10:06,277] tensorflow - Level 1 - Registering GreaterEqual,flops (<function _greater_equal_flops at 0x0000022C51DF2FC0>) in statistical functions.
[2026-01-25 00:10:06,278] tensorflow - Level 1 - Registering Greater,flops (<function _greater_flops at 0x0000022C51DF3060>) in statistical functions.
[2026-01-25 00:10:06,278] tensorflow - Level 1 - Registering LessEqual,flops (<function _less_equal_flops at 0x0000022C51DF3100>) in statistical functions.
[2026-01-25 00:10:06,278] tensorflow - Level 1 - Registering Less,flops (<function _less_flops at 0x0000022C51DF31A0>) in statistical functions.
[2026-01-25 00:10:06,279] tensorflow - Level 1 - Registering Equal,flops (<function _equal_flops at 0x0000022C51DF3240>) in statistical functions.
[2026-01-25 00:10:06,280] tensorflow - Level 1 - Registering NotEqual,flops (<function _not_equal_flops at 0x0000022C51DF32E0>) in statistical functions.
[2026-01-25 00:10:06,280] tensorflow - Level 1 - Registering SquaredDifference,flops (<function _squared_difference_flops at 0x0000022C51DF3380>) in statistical functions.
[2026-01-25 00:10:06,281] tensorflow - Level 1 - Registering Mean,flops (<function _mean_flops at 0x0000022C51DF34C0>) in statistical functions.
[2026-01-25 00:10:06,281] tensorflow - Level 1 - Registering Sum,flops (<function _sum_flops at 0x0000022C51DF3560>) in statistical functions.
[2026-01-25 00:10:06,282] tensorflow - Level 1 - Registering ArgMax,flops (<function _arg_max_flops at 0x0000022C51DF3600>) in statistical functions.
[2026-01-25 00:10:06,282] tensorflow - Level 1 - Registering ArgMin,flops (<function _arg_min_flops at 0x0000022C51DF36A0>) in statistical functions.
[2026-01-25 00:10:06,282] tensorflow - Level 1 - Registering BiasAddGrad,flops (<function _bias_add_grad_flops at 0x0000022C51DF3740>) in statistical functions.
[2026-01-25 00:10:06,283] tensorflow - Level 1 - Registering AvgPool,flops (<function _avg_pool_flops at 0x0000022C51DF3920>) in statistical functions.
[2026-01-25 00:10:06,283] tensorflow - Level 1 - Registering MaxPool,flops (<function _max_pool_flops at 0x0000022C51DF39C0>) in statistical functions.
[2026-01-25 00:10:06,284] tensorflow - Level 1 - Registering AvgPoolGrad,flops (<function _avg_pool_grad_flops at 0x0000022C51DF3A60>) in statistical functions.
[2026-01-25 00:10:06,284] tensorflow - Level 1 - Registering MaxPoolGrad,flops (<function _max_pool_grad_flops at 0x0000022C51DF3B00>) in statistical functions.
[2026-01-25 00:10:06,285] tensorflow - Level 1 - Registering Conv2DBackpropInput,flops (<function _conv_2d_backprop_input_flops at 0x0000022C51DF3BA0>) in statistical functions.
[2026-01-25 00:10:06,286] tensorflow - Level 1 - Registering Conv2DBackpropFilter,flops (<function _conv_2d_backprop_filter_flops at 0x0000022C51DF3C40>) in statistical functions.
[2026-01-25 00:10:06,286] tensorflow - Level 1 - Registering AddN,flops (<function _add_n_flops at 0x0000022C51DF3CE0>) in statistical functions.
[2026-01-25 00:10:06,287] tensorflow - Level 1 - Registering MatMul,flops (<function _calc_mat_mul_flops at 0x0000022C51DF3D80>) in statistical functions.
[2026-01-25 00:10:06,288] tensorflow - Level 1 - Registering BatchMatMulV3,flops (<function _calc_batch_mat_mul_flops at 0x0000022C51DF3E20>) in statistical functions.
[2026-01-25 00:10:06,289] tensorflow - Level 1 - Registering BatchMatMulV2,flops (<function _calc_batch_mat_mul_flops at 0x0000022C51DF3E20>) in statistical functions.
[2026-01-25 00:10:06,289] tensorflow - Level 1 - Registering BatchMatMul,flops (<function _calc_batch_mat_mul_flops at 0x0000022C51DF3E20>) in statistical functions.
[2026-01-25 00:10:08,421] tensorflow - Level 1 - Enabling eager execution
[2026-01-25 00:10:08,421] tensorflow - Level 1 - Enabling v2 tensorshape
[2026-01-25 00:10:08,421] tensorflow - Level 1 - Enabling resource variables
[2026-01-25 00:10:08,422] tensorflow - Level 1 - Enabling tensor equality
[2026-01-25 00:10:08,422] tensorflow - Level 1 - Enabling control flow v2
[2026-01-25 00:10:09,909] matplotlib - DEBUG - matplotlib data path: C:\Users\BS\anaconda3\Lib\site-packages\matplotlib\mpl-data
[2026-01-25 00:10:09,921] matplotlib - DEBUG - CONFIGDIR=C:\Users\BS\.matplotlib
[2026-01-25 00:10:09,924] matplotlib - DEBUG - interactive is False
[2026-01-25 00:10:09,925] matplotlib - DEBUG - platform is win32
[2026-01-25 00:10:10,074] matplotlib - DEBUG - CACHEDIR=C:\Users\BS\.matplotlib
[2026-01-25 00:10:10,121] matplotlib.font_manager - DEBUG - Using fontManager instance from C:\Users\BS\.matplotlib\fontlist-v390.json
[2026-01-25 00:10:26,310] tensorflow - WARNING - From C:\Users\BS\anaconda3\Lib\site-packages\tf_keras\src\losses.py:2976: The name tf.losses.sparse_softmax_cross_entropy is deprecated. Please use tf.compat.v1.losses.sparse_softmax_cross_entropy instead.

