[2026-01-24 18:03:38,153] tensorflow - Level 1 - Registering Relayout (<function _relayout_gradient at 0x0000027DECBAFCE0>) in gradient.
[2026-01-24 18:03:38,156] tensorflow - Level 1 - Registering RelayoutLike (<function _relayout_grad_gradient at 0x0000027DECBAFE20>) in gradient.
[2026-01-24 18:03:38,156] tensorflow - Level 1 - Registering CopyToMesh (<function _copy_to_mesh_gradient at 0x0000027DECBDC540>) in gradient.
[2026-01-24 18:03:38,156] tensorflow - Level 1 - Registering CopyToMeshGrad (<function _copy_to_mesh_grad_gradient at 0x0000027DECBDC4A0>) in gradient.
[2026-01-24 18:03:38,177] tensorflow - Level 1 - Registering FakeQuantWithMinMaxArgs (<function _FakeQuantWithMinMaxArgsGradient at 0x0000027DECC745E0>) in gradient.
[2026-01-24 18:03:38,178] tensorflow - Level 1 - Registering FakeQuantWithMinMaxVars (<function _FakeQuantWithMinMaxVarsGradient at 0x0000027DECC747C0>) in gradient.
[2026-01-24 18:03:38,179] tensorflow - Level 1 - Registering FakeQuantWithMinMaxVarsPerChannel (<function _FakeQuantWithMinMaxVarsPerChannelGradient at 0x0000027DECC74D60>) in gradient.
[2026-01-24 18:03:38,179] tensorflow - Level 1 - Registering QuantizeAndDequantizeV4 (<function _QuantizeAndDequantizeV4Grad at 0x0000027DECC74E00>) in gradient.
[2026-01-24 18:03:38,179] tensorflow - Level 1 - Registering QuantizeAndDequantizeV4Grad (<function _QuantizeAndDequantizeV4GradGrad at 0x0000027DECC74EA0>) in gradient.
[2026-01-24 18:03:38,216] tensorflow - Level 1 - Registering TensorListConcatLists (None) in gradient.
[2026-01-24 18:03:38,217] tensorflow - Level 1 - Registering TensorListElementShape (None) in gradient.
[2026-01-24 18:03:38,217] tensorflow - Level 1 - Registering TensorListLength (None) in gradient.
[2026-01-24 18:03:38,218] tensorflow - Level 1 - Registering TensorListPushBackBatch (None) in gradient.
[2026-01-24 18:03:38,218] tensorflow - Level 1 - Registering TensorListPushBack (<function _PushBackGrad at 0x0000027DECE29760>) in gradient.
[2026-01-24 18:03:38,218] tensorflow - Level 1 - Registering TensorListPopBack (<function _PopBackGrad at 0x0000027DECE29800>) in gradient.
[2026-01-24 18:03:38,218] tensorflow - Level 1 - Registering TensorListStack (<function _TensorListStackGrad at 0x0000027DECE298A0>) in gradient.
[2026-01-24 18:03:38,218] tensorflow - Level 1 - Registering TensorListConcatV2 (<function _TensorListConcatGrad at 0x0000027DECE29940>) in gradient.
[2026-01-24 18:03:38,219] tensorflow - Level 1 - Registering TensorListConcat (<function _TensorListConcatGrad at 0x0000027DECE29940>) in gradient.
[2026-01-24 18:03:38,219] tensorflow - Level 1 - Registering TensorListSplit (<function _TensorListSplitGrad at 0x0000027DECE299E0>) in gradient.
[2026-01-24 18:03:38,219] tensorflow - Level 1 - Registering TensorListFromTensor (<function _TensorListFromTensorGrad at 0x0000027DECE29A80>) in gradient.
[2026-01-24 18:03:38,219] tensorflow - Level 1 - Registering TensorListGetItem (<function _TensorListGetItemGrad at 0x0000027DECE29B20>) in gradient.
[2026-01-24 18:03:38,219] tensorflow - Level 1 - Registering TensorListSetItem (<function _TensorListSetItemGrad at 0x0000027DECE29BC0>) in gradient.
[2026-01-24 18:03:38,219] tensorflow - Level 1 - Registering TensorListResize (<function _TensorListResizeGrad at 0x0000027DECE29C60>) in gradient.
[2026-01-24 18:03:38,220] tensorflow - Level 1 - Registering TensorListGather (<function _TensorListGatherGrad at 0x0000027DECE29D00>) in gradient.
[2026-01-24 18:03:38,220] tensorflow - Level 1 - Registering TensorListScatterV2 (<function _TensorListScatterGrad at 0x0000027DECE29DA0>) in gradient.
[2026-01-24 18:03:38,220] tensorflow - Level 1 - Registering TensorListScatter (<function _TensorListScatterGrad at 0x0000027DECE29DA0>) in gradient.
[2026-01-24 18:03:38,220] tensorflow - Level 1 - Registering TensorListScatterIntoExistingList (<function _TensorListScatterIntoExistingListGrad at 0x0000027DECE29E40>) in gradient.
[2026-01-24 18:03:38,289] tensorflow - Level 1 - Registering AccumulateNV2 (<function _accumulate_n_grad at 0x0000027DECFD3060>) in gradient.
[2026-01-24 18:03:38,329] tensorflow - Level 1 - Registering cond_context ((<class 'tensorflow.core.protobuf.control_flow_pb2.CondContextDef'>, <function CondContext.to_proto at 0x0000027DED0EA0C0>, <function CondContext.from_proto at 0x0000027DED0EA160>)) in proto functions.
[2026-01-24 18:03:38,331] tensorflow - Level 1 - Registering while_context ((<class 'tensorflow.core.protobuf.control_flow_pb2.WhileContextDef'>, <function WhileContext.to_proto at 0x0000027DED0EAF20>, <function WhileContext.from_proto at 0x0000027DED0EB060>)) in proto functions.
[2026-01-24 18:03:38,332] tensorflow - Level 1 - Registering _identity_resolver (<function _identity_resolver at 0x0000027DED0FCF40>) in acd_resource_resolvers.
[2026-01-24 18:03:38,415] tensorflow - Level 1 - Registering Assign (None) in gradient.
[2026-01-24 18:03:38,417] tensorflow - Level 1 - Registering AssignAdd (None) in gradient.
[2026-01-24 18:03:38,417] tensorflow - Level 1 - Registering AssignSub (None) in gradient.
[2026-01-24 18:03:38,417] tensorflow - Level 1 - Registering ScatterAdd (None) in gradient.
[2026-01-24 18:03:38,418] tensorflow - Level 1 - Registering ScatterSub (None) in gradient.
[2026-01-24 18:03:38,418] tensorflow - Level 1 - Registering ScatterMul (None) in gradient.
[2026-01-24 18:03:38,418] tensorflow - Level 1 - Registering ScatterDiv (None) in gradient.
[2026-01-24 18:03:38,418] tensorflow - Level 1 - Registering ScatterNdUpdate (None) in gradient.
[2026-01-24 18:03:38,419] tensorflow - Level 1 - Registering ScatterNdAdd (None) in gradient.
[2026-01-24 18:03:38,419] tensorflow - Level 1 - Registering ScatterNdSub (None) in gradient.
[2026-01-24 18:03:38,419] tensorflow - Level 1 - Registering ScatterNdMul (None) in gradient.
[2026-01-24 18:03:38,420] tensorflow - Level 1 - Registering ScatterNdDiv (None) in gradient.
[2026-01-24 18:03:38,439] tensorflow - Level 1 - Registering ReadVariableOp (<function _ReadGrad at 0x0000027DED278E00>) in gradient.
[2026-01-24 18:03:38,441] tensorflow - Level 1 - Registering ResourceGather (<function _GatherGrad at 0x0000027DED279E40>) in gradient.
[2026-01-24 18:03:38,441] tensorflow - Level 1 - Registering Assert (None) in gradient.
[2026-01-24 18:03:38,441] tensorflow - Level 1 - Registering VarIsInitializedOp (None) in gradient.
[2026-01-24 18:03:38,447] tensorflow - Level 1 - Registering VariableShape (None) in gradient.
[2026-01-24 18:03:38,513] tensorflow - Level 1 - Registering RandomStandardNormal (None) in gradient.
[2026-01-24 18:03:38,516] tensorflow - Level 1 - Registering ParameterizedTruncatedNormal (None) in gradient.
[2026-01-24 18:03:38,516] tensorflow - Level 1 - Registering TruncatedNormal (None) in gradient.
[2026-01-24 18:03:38,517] tensorflow - Level 1 - Registering RandomUniform (None) in gradient.
[2026-01-24 18:03:38,517] tensorflow - Level 1 - Registering RandomShuffle (None) in gradient.
[2026-01-24 18:03:38,518] tensorflow - Level 1 - Registering Multinomial (None) in gradient.
[2026-01-24 18:03:38,564] tensorflow - Level 1 - Registering If (<function _IfGrad at 0x0000027DE13D9620>) in gradient.
[2026-01-24 18:03:38,565] tensorflow - Level 1 - Registering StatelessIf (<function _IfGrad at 0x0000027DE13D9620>) in gradient.
[2026-01-24 18:03:38,566] tensorflow - Level 1 - Registering StatelessCase (<function _CaseGrad at 0x0000027DE13DAD40>) in gradient.
[2026-01-24 18:03:38,566] tensorflow - Level 1 - Registering Case (<function _CaseGrad at 0x0000027DE13DAD40>) in gradient.
[2026-01-24 18:03:38,592] tensorflow - Level 1 - Registering While (<function _WhileGrad at 0x0000027DE1451620>) in gradient.
[2026-01-24 18:03:38,594] tensorflow - Level 1 - Registering StatelessWhile (<function _WhileGrad at 0x0000027DE1451620>) in gradient.
[2026-01-24 18:03:38,778] tensorflow - Level 1 - Registering EnsureShape (<function _ensure_shape_grad at 0x0000027DEDBA0E00>) in gradient.
[2026-01-24 18:03:38,797] tensorflow - Level 1 - Registering RaggedTensorToSparse (<function _ragged_tensor_to_sparse_gradient at 0x0000027DEDC1CE00>) in gradient.
[2026-01-24 18:03:38,832] tensorflow - Level 1 - Registering Conv2DBackpropInput (<function _Conv2DBackpropInputGrad at 0x0000027DEDC9D260>) in gradient.
[2026-01-24 18:03:38,834] tensorflow - Level 1 - Registering Conv2DBackpropFilter (<function _Conv2DBackpropFilterGrad at 0x0000027DEDC9D8A0>) in gradient.
[2026-01-24 18:03:38,834] tensorflow - Level 1 - Registering DepthwiseConv2dNativeBackpropInput (<function _DepthwiseConv2dNativeBackpropInputGrad at 0x0000027DEDC9DEE0>) in gradient.
[2026-01-24 18:03:38,835] tensorflow - Level 1 - Registering DepthwiseConv2dNativeBackpropFilter (<function _DepthwiseConv2dNativeBackpropFilterGrad at 0x0000027DEDC9E660>) in gradient.
[2026-01-24 18:03:38,835] tensorflow - Level 1 - Registering Conv3D (<function _Conv3DGrad at 0x0000027DEDC9E700>) in gradient.
[2026-01-24 18:03:38,836] tensorflow - Level 1 - Registering Conv3DBackpropInputV2 (<function _Conv3DBackpropInputGrad at 0x0000027DEDC9E7A0>) in gradient.
[2026-01-24 18:03:38,836] tensorflow - Level 1 - Registering Conv3DBackpropFilterV2 (<function _Conv3DBackpropFilterGrad at 0x0000027DEDC9E840>) in gradient.
[2026-01-24 18:03:38,837] tensorflow - Level 1 - Registering AvgPool3D (<function _AvgPool3DGrad at 0x0000027DEDC9E8E0>) in gradient.
[2026-01-24 18:03:38,837] tensorflow - Level 1 - Registering AvgPool3DGrad (<function _AvgPool3DGradGrad at 0x0000027DEDC9E980>) in gradient.
[2026-01-24 18:03:38,837] tensorflow - Level 1 - Registering MaxPool3D (<function _MaxPool3DGrad at 0x0000027DEDC9EA20>) in gradient.
[2026-01-24 18:03:38,837] tensorflow - Level 1 - Registering MaxPool3DGrad (<function _MaxPool3DGradGrad at 0x0000027DEDC9EAC0>) in gradient.
[2026-01-24 18:03:38,837] tensorflow - Level 1 - Registering MaxPool3DGradGrad (<function _MaxPool3DGradGradGrad at 0x0000027DEDC9EB60>) in gradient.
[2026-01-24 18:03:38,837] tensorflow - Level 1 - Registering Softmax (<function _SoftmaxGrad at 0x0000027DEDC9EC00>) in gradient.
[2026-01-24 18:03:38,838] tensorflow - Level 1 - Registering LogSoftmax (<function _LogSoftmaxGrad at 0x0000027DEDC9ECA0>) in gradient.
[2026-01-24 18:03:38,838] tensorflow - Level 1 - Registering BiasAdd (<function _BiasAddGrad at 0x0000027DEDC9ED40>) in gradient.
[2026-01-24 18:03:38,838] tensorflow - Level 1 - Registering BiasAddGrad (<function _BiasAddGradGrad at 0x0000027DEDC9EDE0>) in gradient.
[2026-01-24 18:03:38,838] tensorflow - Level 1 - Registering BiasAddV1 (<function _BiasAddGradV1 at 0x0000027DEDC9EE80>) in gradient.
[2026-01-24 18:03:38,838] tensorflow - Level 1 - Registering Relu (<function _ReluGrad at 0x0000027DEDC9EF20>) in gradient.
[2026-01-24 18:03:38,839] tensorflow - Level 1 - Registering EluGrad (<function _EluGradGrad at 0x0000027DEDC9EFC0>) in gradient.
[2026-01-24 18:03:38,839] tensorflow - Level 1 - Registering SeluGrad (<function _SeluGradGrad at 0x0000027DEDC9F060>) in gradient.
[2026-01-24 18:03:38,839] tensorflow - Level 1 - Registering Relu6 (<function _Relu6Grad at 0x0000027DEDC9F100>) in gradient.
[2026-01-24 18:03:38,840] tensorflow - Level 1 - Registering Relu6Grad (<function _Relu6GradGrad at 0x0000027DEDC9F1A0>) in gradient.
[2026-01-24 18:03:38,840] tensorflow - Level 1 - Registering LeakyRelu (<function _LeakyReluGrad at 0x0000027DEDC9F240>) in gradient.
[2026-01-24 18:03:38,840] tensorflow - Level 1 - Registering LeakyReluGrad (<function _LeakyReluGradGrad at 0x0000027DEDC9F2E0>) in gradient.
[2026-01-24 18:03:38,841] tensorflow - Level 1 - Registering Elu (<function _EluGrad at 0x0000027DEDC9F380>) in gradient.
[2026-01-24 18:03:38,841] tensorflow - Level 1 - Registering Selu (<function _SeluGrad at 0x0000027DEDC9F420>) in gradient.
[2026-01-24 18:03:38,841] tensorflow - Level 1 - Registering Softplus (<function _SoftplusGrad at 0x0000027DEDC9F4C0>) in gradient.
[2026-01-24 18:03:38,842] tensorflow - Level 1 - Registering SoftplusGrad (<function _SoftplusGradGrad at 0x0000027DEDC9F560>) in gradient.
[2026-01-24 18:03:38,842] tensorflow - Level 1 - Registering Softsign (<function _SoftsignGrad at 0x0000027DEDC9F600>) in gradient.
[2026-01-24 18:03:38,842] tensorflow - Level 1 - Registering ReluGrad (<function _ReluGradGrad at 0x0000027DEDC9F6A0>) in gradient.
[2026-01-24 18:03:38,842] tensorflow - Level 1 - Registering SoftmaxCrossEntropyWithLogits (<function _SoftmaxCrossEntropyWithLogitsGrad at 0x0000027DEDC9F7E0>) in gradient.
[2026-01-24 18:03:38,842] tensorflow - Level 1 - Registering SparseSoftmaxCrossEntropyWithLogits (<function _SparseSoftmaxCrossEntropyWithLogitsGrad at 0x0000027DEDC9F880>) in gradient.
[2026-01-24 18:03:38,842] tensorflow - Level 1 - Registering Conv2D (<function _Conv2DGrad at 0x0000027DEDC9F920>) in gradient.
[2026-01-24 18:03:38,843] tensorflow - Level 1 - Registering DepthwiseConv2dNative (<function _DepthwiseConv2dNativeGrad at 0x0000027DEDC9F9C0>) in gradient.
[2026-01-24 18:03:38,843] tensorflow - Level 1 - Registering Dilation2D (<function _Dilation2DGrad at 0x0000027DEDC9FA60>) in gradient.
[2026-01-24 18:03:38,843] tensorflow - Level 1 - Registering LRN (<function _LRNGrad at 0x0000027DEDC9FB00>) in gradient.
[2026-01-24 18:03:38,843] tensorflow - Level 1 - Registering AvgPool (<function _AvgPoolGrad at 0x0000027DEDC9FBA0>) in gradient.
[2026-01-24 18:03:38,843] tensorflow - Level 1 - Registering AvgPoolGrad (<function _AvgPoolGradGrad at 0x0000027DEDC9FC40>) in gradient.
[2026-01-24 18:03:38,843] tensorflow - Level 1 - Registering MaxPool (<function _MaxPoolGrad at 0x0000027DEDC9FCE0>) in gradient.
[2026-01-24 18:03:38,844] tensorflow - Level 1 - Registering MaxPoolV2 (<function _MaxPoolGradV2 at 0x0000027DEDC9FD80>) in gradient.
[2026-01-24 18:03:38,844] tensorflow - Level 1 - Registering MaxPoolWithArgmax (<function _MaxPoolGradWithArgmax at 0x0000027DEDC9FE20>) in gradient.
[2026-01-24 18:03:38,844] tensorflow - Level 1 - Registering MaxPoolGrad (<function _MaxPoolGradGrad at 0x0000027DEDC9FEC0>) in gradient.
[2026-01-24 18:03:38,844] tensorflow - Level 1 - Registering MaxPoolGradV2 (<function _MaxPoolGradGradV2 at 0x0000027DEDC9FF60>) in gradient.
[2026-01-24 18:03:38,844] tensorflow - Level 1 - Registering MaxPoolGradGrad (<function _MaxPoolGradGradGrad at 0x0000027DEDCE4040>) in gradient.
[2026-01-24 18:03:38,845] tensorflow - Level 1 - Registering FractionalMaxPool (<function _FractionalMaxPoolGrad at 0x0000027DEDCE40E0>) in gradient.
[2026-01-24 18:03:38,845] tensorflow - Level 1 - Registering FractionalAvgPool (<function _FractionalAvgPoolGrad at 0x0000027DEDCE4180>) in gradient.
[2026-01-24 18:03:38,845] tensorflow - Level 1 - Registering BatchNormWithGlobalNormalization (<function _BatchNormWithGlobalNormalizationGrad at 0x0000027DEDCE4220>) in gradient.
[2026-01-24 18:03:38,845] tensorflow - Level 1 - Registering FusedBatchNorm (<function _FusedBatchNormGrad at 0x0000027DEDCE4360>) in gradient.
[2026-01-24 18:03:38,845] tensorflow - Level 1 - Registering FusedBatchNormV2 (<function _FusedBatchNormV2Grad at 0x0000027DEDCE4400>) in gradient.
[2026-01-24 18:03:38,846] tensorflow - Level 1 - Registering FusedBatchNormV3 (<function _FusedBatchNormV3Grad at 0x0000027DEDCE44A0>) in gradient.
[2026-01-24 18:03:38,846] tensorflow - Level 1 - Registering L2Loss (<function _L2LossGrad at 0x0000027DEDCE4540>) in gradient.
[2026-01-24 18:03:38,846] tensorflow - Level 1 - Registering TopKV2 (<function _TopKGrad at 0x0000027DEDCE45E0>) in gradient.
[2026-01-24 18:03:38,846] tensorflow - Level 1 - Registering TopK (<function _TopKGrad at 0x0000027DEDCE45E0>) in gradient.
[2026-01-24 18:03:38,846] tensorflow - Level 1 - Registering ApproxTopK (<function _ApproxTopKGradient at 0x0000027DEDCE4680>) in gradient.
[2026-01-24 18:03:38,846] tensorflow - Level 1 - Registering NthElement (<function _NthElementGrad at 0x0000027DEDCE4720>) in gradient.
[2026-01-24 18:03:38,847] tensorflow - Level 1 - Registering IsotonicRegression (<function _IsotonicRegressionGrad at 0x0000027DEDCE4860>) in gradient.
[2026-01-24 18:03:38,861] tensorflow - Level 1 - Registering BitwiseAnd (None) in gradient.
[2026-01-24 18:03:38,862] tensorflow - Level 1 - Registering BitwiseOr (None) in gradient.
[2026-01-24 18:03:38,862] tensorflow - Level 1 - Registering BitwiseXor (None) in gradient.
[2026-01-24 18:03:38,862] tensorflow - Level 1 - Registering Invert (None) in gradient.
[2026-01-24 18:03:38,863] tensorflow - Level 1 - Registering PopulationCount (None) in gradient.
[2026-01-24 18:03:38,863] tensorflow - Level 1 - Registering LeftShift (None) in gradient.
[2026-01-24 18:03:38,863] tensorflow - Level 1 - Registering RightShift (None) in gradient.
[2026-01-24 18:03:38,863] tensorflow - Level 1 - Registering StatelessMultinomial (None) in gradient.
[2026-01-24 18:03:38,864] tensorflow - Level 1 - Registering StatelessRandomBinomial (None) in gradient.
[2026-01-24 18:03:38,865] tensorflow - Level 1 - Registering StatelessRandomNormal (None) in gradient.
[2026-01-24 18:03:38,865] tensorflow - Level 1 - Registering StatelessRandomPoisson (None) in gradient.
[2026-01-24 18:03:38,865] tensorflow - Level 1 - Registering StatelessRandomUniform (None) in gradient.
[2026-01-24 18:03:38,865] tensorflow - Level 1 - Registering StatelessRandomUniformInt (None) in gradient.
[2026-01-24 18:03:38,865] tensorflow - Level 1 - Registering StatelessRandomUniformFullInt (None) in gradient.
[2026-01-24 18:03:38,865] tensorflow - Level 1 - Registering StatelessTruncatedNormal (None) in gradient.
[2026-01-24 18:03:38,865] tensorflow - Level 1 - Registering StatelessRandomNormalV2 (None) in gradient.
[2026-01-24 18:03:38,866] tensorflow - Level 1 - Registering StatelessRandomUniformV2 (None) in gradient.
[2026-01-24 18:03:38,866] tensorflow - Level 1 - Registering StatelessRandomUniformIntV2 (None) in gradient.
[2026-01-24 18:03:38,866] tensorflow - Level 1 - Registering StatelessRandomUniformFullIntV2 (None) in gradient.
[2026-01-24 18:03:38,866] tensorflow - Level 1 - Registering StatelessTruncatedNormalV2 (None) in gradient.
[2026-01-24 18:03:38,866] tensorflow - Level 1 - Registering StatelessRandomShuffle (None) in gradient.
[2026-01-24 18:03:38,866] tensorflow - Level 1 - Registering RandomIndexShuffle (None) in gradient.
[2026-01-24 18:03:38,885] tensorflow - Level 1 - Registering Conv3D,flops (<function _calc_conv3d_flops at 0x0000027DEDD62FC0>) in statistical functions.
[2026-01-24 18:03:38,889] tensorflow - Level 1 - Registering Conv2D,flops (<function _calc_conv_flops at 0x0000027DEDD631A0>) in statistical functions.
[2026-01-24 18:03:38,889] tensorflow - Level 1 - Registering DepthwiseConv2dNative,flops (<function _calc_depthwise_conv_flops at 0x0000027DEDD63740>) in statistical functions.
[2026-01-24 18:03:38,889] tensorflow - Level 1 - Registering BiasAdd,flops (<function _calc_bias_add_flops at 0x0000027DEDD637E0>) in statistical functions.
[2026-01-24 18:03:38,892] tensorflow - Level 1 - Registering Dilation2D,flops (<function _calc_dilation2d_flops at 0x0000027DEDE01300>) in statistical functions.
[2026-01-24 18:03:38,904] tensorflow - Level 1 - Registering CompositeTensorVariantFromComponents (<function _composite_tensor_to_variants_grad at 0x0000027DEDE5E340>) in gradient.
[2026-01-24 18:03:38,905] tensorflow - Level 1 - Registering CompositeTensorVariantToComponents (<function _composite_tensor_from_variant_grad at 0x0000027DEDE5E3E0>) in gradient.
[2026-01-24 18:03:38,916] tensorflow - Level 1 - Registering RaggedRange (None) in gradient.
[2026-01-24 18:03:38,924] tensorflow - Level 1 - Registering RaggedFillEmptyRows (<function _ragged_fill_empty_rows_grad at 0x0000027DEDEC72E0>) in gradient.
[2026-01-24 18:03:38,930] tensorflow - Level 1 - Registering RaggedGather (<function _ragged_gather_grad at 0x0000027DEDEED1C0>) in gradient.
[2026-01-24 18:03:38,936] tensorflow - Level 1 - Registering RegexReplace (None) in gradient.
[2026-01-24 18:03:38,937] tensorflow - Level 1 - Registering StringToHashBucket (None) in gradient.
[2026-01-24 18:03:38,937] tensorflow - Level 1 - Registering StringToHashBucketFast (None) in gradient.
[2026-01-24 18:03:38,937] tensorflow - Level 1 - Registering StringToHashBucketStrong (None) in gradient.
[2026-01-24 18:03:38,937] tensorflow - Level 1 - Registering ReduceJoin (None) in gradient.
[2026-01-24 18:03:38,937] tensorflow - Level 1 - Registering StringJoin (None) in gradient.
[2026-01-24 18:03:38,937] tensorflow - Level 1 - Registering StringSplit (None) in gradient.
[2026-01-24 18:03:38,937] tensorflow - Level 1 - Registering AsString (None) in gradient.
[2026-01-24 18:03:38,937] tensorflow - Level 1 - Registering EncodeBase64 (None) in gradient.
[2026-01-24 18:03:38,938] tensorflow - Level 1 - Registering DecodeBase64 (None) in gradient.
[2026-01-24 18:03:38,939] tensorflow - Level 1 - Registering Print (<function _PrintGrad at 0x0000027DEDEEFE20>) in gradient.
[2026-01-24 18:03:38,941] tensorflow - Level 1 - Registering HistogramSummary (None) in gradient.
[2026-01-24 18:03:38,941] tensorflow - Level 1 - Registering ImageSummary (None) in gradient.
[2026-01-24 18:03:38,941] tensorflow - Level 1 - Registering AudioSummary (None) in gradient.
[2026-01-24 18:03:38,942] tensorflow - Level 1 - Registering AudioSummaryV2 (None) in gradient.
[2026-01-24 18:03:38,942] tensorflow - Level 1 - Registering MergeSummary (None) in gradient.
[2026-01-24 18:03:38,942] tensorflow - Level 1 - Registering ScalarSummary (None) in gradient.
[2026-01-24 18:03:38,942] tensorflow - Level 1 - Registering TensorSummary (None) in gradient.
[2026-01-24 18:03:38,942] tensorflow - Level 1 - Registering TensorSummaryV2 (None) in gradient.
[2026-01-24 18:03:38,942] tensorflow - Level 1 - Registering Timestamp (None) in gradient.
[2026-01-24 18:03:38,983] tensorflow - Level 1 - Registering XlaEinsum (<function _einsum_grad at 0x0000027DEDFB6E80>) in gradient.
[2026-01-24 18:03:38,999] tensorflow - Level 1 - Registering RaggedTensorToTensor (<function _ragged_tensor_to_tensor_grad at 0x0000027DEDFE3E20>) in gradient.
[2026-01-24 18:03:39,001] tensorflow - Level 1 - Registering RaggedTensorFromVariant (<function _ragged_tensor_from_variant_grad at 0x0000027DEE0000E0>) in gradient.
[2026-01-24 18:03:39,001] tensorflow - Level 1 - Registering RaggedTensorToVariant (<function _ragged_tensor_to_variant_grad at 0x0000027DEE000180>) in gradient.
[2026-01-24 18:03:39,007] tensorflow - Level 1 - Registering ClipByValue (<function _clip_by_value_grad at 0x0000027DEE000860>) in gradient.
[2026-01-24 18:03:39,012] tensorflow - Level 1 - Registering DynamicPartition (<function _DynamicPartitionGrads at 0x0000027DEE001260>) in gradient.
[2026-01-24 18:03:39,013] tensorflow - Level 1 - Registering ParallelDynamicStitch (<function _DynamicStitchGrads at 0x0000027DEE001580>) in gradient.
[2026-01-24 18:03:39,014] tensorflow - Level 1 - Registering DynamicStitch (<function _DynamicStitchGrads at 0x0000027DEE001580>) in gradient.
[2026-01-24 18:03:39,014] tensorflow - Level 1 - Registering Queue (None) in gradient.
[2026-01-24 18:03:39,014] tensorflow - Level 1 - Registering QueueEnqueue (None) in gradient.
[2026-01-24 18:03:39,014] tensorflow - Level 1 - Registering QueueEnqueueMany (None) in gradient.
[2026-01-24 18:03:39,015] tensorflow - Level 1 - Registering QueueDequeue (None) in gradient.
[2026-01-24 18:03:39,015] tensorflow - Level 1 - Registering QueueDequeueMany (None) in gradient.
[2026-01-24 18:03:39,015] tensorflow - Level 1 - Registering QueueDequeueUpTo (None) in gradient.
[2026-01-24 18:03:39,015] tensorflow - Level 1 - Registering QueueClose (None) in gradient.
[2026-01-24 18:03:39,016] tensorflow - Level 1 - Registering QueueSize (None) in gradient.
[2026-01-24 18:03:39,016] tensorflow - Level 1 - Registering Stack (None) in gradient.
[2026-01-24 18:03:39,016] tensorflow - Level 1 - Registering StackPush (None) in gradient.
[2026-01-24 18:03:39,016] tensorflow - Level 1 - Registering StackPop (None) in gradient.
[2026-01-24 18:03:39,016] tensorflow - Level 1 - Registering StackClose (None) in gradient.
[2026-01-24 18:03:39,017] tensorflow - Level 1 - Registering GetSessionHandle (None) in gradient.
[2026-01-24 18:03:39,017] tensorflow - Level 1 - Registering GetSessionHandleV2 (None) in gradient.
[2026-01-24 18:03:39,017] tensorflow - Level 1 - Registering GetSessionTensor (None) in gradient.
[2026-01-24 18:03:39,017] tensorflow - Level 1 - Registering DeleteSessionTensor (None) in gradient.
[2026-01-24 18:03:39,089] tensorflow - Level 1 - Registering TPUReplicatedInput (None) in gradient.
[2026-01-24 18:03:39,090] tensorflow - Level 1 - Registering AllToAll (<function _all_to_all_grad at 0x0000027DEE14F880>) in gradient.
[2026-01-24 18:03:39,091] tensorflow - Level 1 - Registering CollectivePermute (<function _collective_permute_grad at 0x0000027DEE14FA60>) in gradient.
[2026-01-24 18:03:39,091] tensorflow - Level 1 - Registering CrossReplicaSum (<function _cross_replica_sum_grad at 0x0000027DEE14FB00>) in gradient.
[2026-01-24 18:03:39,091] tensorflow - Level 1 - Registering TPUEmbeddingActivations (<function _embedding_activations_grad at 0x0000027DEE14FBA0>) in gradient.
[2026-01-24 18:03:39,124] tensorflow - Level 1 - Registering XlaClusterOutput (<function _XlaClusterOutputGrad at 0x0000027DEE19ED40>) in gradient.
[2026-01-24 18:03:39,128] tensorflow - Level 1 - Registering Pack (<function _PackGrad at 0x0000027DEE19F2E0>) in gradient.
[2026-01-24 18:03:39,130] tensorflow - Level 1 - Registering Unpack (<function _UnpackGrad at 0x0000027DEE19F420>) in gradient.
[2026-01-24 18:03:39,130] tensorflow - Level 1 - Registering Concat (<function _ConcatGrad at 0x0000027DEE19F600>) in gradient.
[2026-01-24 18:03:39,130] tensorflow - Level 1 - Registering ConcatV2 (<function _ConcatGradV2 at 0x0000027DEE19F6A0>) in gradient.
[2026-01-24 18:03:39,130] tensorflow - Level 1 - Registering ConcatOffset (None) in gradient.
[2026-01-24 18:03:39,131] tensorflow - Level 1 - Registering Slice (<function _SliceGrad at 0x0000027DEE19F740>) in gradient.
[2026-01-24 18:03:39,131] tensorflow - Level 1 - Registering StridedSlice (<function _StridedSliceGrad at 0x0000027DEE19F920>) in gradient.
[2026-01-24 18:03:39,131] tensorflow - Level 1 - Registering StridedSliceGrad (<function _StridedSliceGradGrad at 0x0000027DEE19F9C0>) in gradient.
[2026-01-24 18:03:39,131] tensorflow - Level 1 - Registering TensorStridedSliceUpdate (<function _TensorStridedSliceUpdateGrad at 0x0000027DEE19FA60>) in gradient.
[2026-01-24 18:03:39,132] tensorflow - Level 1 - Registering Split (<function _SplitGrad at 0x0000027DEE19FB00>) in gradient.
[2026-01-24 18:03:39,132] tensorflow - Level 1 - Registering SplitV (<function _SplitVGrad at 0x0000027DEE19FBA0>) in gradient.
[2026-01-24 18:03:39,132] tensorflow - Level 1 - Registering Const (None) in gradient.
[2026-01-24 18:03:39,132] tensorflow - Level 1 - Registering Diag (<function _DiagGrad at 0x0000027DEE19FC40>) in gradient.
[2026-01-24 18:03:39,132] tensorflow - Level 1 - Registering DiagPart (<function _DiagPartGrad at 0x0000027DEE19FCE0>) in gradient.
[2026-01-24 18:03:39,133] tensorflow - Level 1 - Registering MatrixDiag (<function _MatrixDiagGrad at 0x0000027DEE19FD80>) in gradient.
[2026-01-24 18:03:39,133] tensorflow - Level 1 - Registering MatrixDiagV2 (<function _MatrixDiagV2Grad at 0x0000027DEE19FE20>) in gradient.
[2026-01-24 18:03:39,133] tensorflow - Level 1 - Registering MatrixDiagV3 (<function _MatrixDiagV3Grad at 0x0000027DEE19FEC0>) in gradient.
[2026-01-24 18:03:39,133] tensorflow - Level 1 - Registering MatrixDiagPart (<function _MatrixDiagPartGrad at 0x0000027DEE19FF60>) in gradient.
[2026-01-24 18:03:39,134] tensorflow - Level 1 - Registering MatrixDiagPartV2 (<function _MatrixDiagPartV2Grad at 0x0000027DEE210040>) in gradient.
[2026-01-24 18:03:39,134] tensorflow - Level 1 - Registering MatrixDiagPartV3 (<function _MatrixDiagPartV3Grad at 0x0000027DEE2100E0>) in gradient.
[2026-01-24 18:03:39,134] tensorflow - Level 1 - Registering MatrixSetDiag (<function _MatrixSetDiagGrad at 0x0000027DEE210180>) in gradient.
[2026-01-24 18:03:39,134] tensorflow - Level 1 - Registering MatrixSetDiagV2 (<function _MatrixSetDiagGradV2 at 0x0000027DEE210220>) in gradient.
[2026-01-24 18:03:39,135] tensorflow - Level 1 - Registering MatrixSetDiagV3 (<function _MatrixSetDiagGradV3 at 0x0000027DEE2102C0>) in gradient.
[2026-01-24 18:03:39,135] tensorflow - Level 1 - Registering MatrixBandPart (<function _MatrixBandPartGrad at 0x0000027DEE210360>) in gradient.
[2026-01-24 18:03:39,135] tensorflow - Level 1 - Registering EditDistance (None) in gradient.
[2026-01-24 18:03:39,135] tensorflow - Level 1 - Registering Fill (<function _FillGrad at 0x0000027DEE210400>) in gradient.
[2026-01-24 18:03:39,136] tensorflow - Level 1 - Registering ZerosLike (None) in gradient.
[2026-01-24 18:03:39,136] tensorflow - Level 1 - Registering OnesLike (None) in gradient.
[2026-01-24 18:03:39,136] tensorflow - Level 1 - Registering PreventGradient (<function _PreventGradientGrad at 0x0000027DEE2104A0>) in gradient.
[2026-01-24 18:03:39,136] tensorflow - Level 1 - Registering Gather (<function _GatherGrad at 0x0000027DEE2105E0>) in gradient.
[2026-01-24 18:03:39,137] tensorflow - Level 1 - Registering GatherV2 (<function _GatherV2Grad at 0x0000027DEE2107C0>) in gradient.
[2026-01-24 18:03:39,137] tensorflow - Level 1 - Registering GatherNd (<function _GatherNdGrad at 0x0000027DEE210860>) in gradient.
[2026-01-24 18:03:39,137] tensorflow - Level 1 - Registering ResourceGatherNd (<function _ResourceGatherNdGrad at 0x0000027DEE210900>) in gradient.
[2026-01-24 18:03:39,138] tensorflow - Level 1 - Registering CheckNumerics (<function _CheckNumericsGrad at 0x0000027DEE2109A0>) in gradient.
[2026-01-24 18:03:39,138] tensorflow - Level 1 - Registering CheckNumericsV2 (<function _CheckNumericsV2Grad at 0x0000027DEE210A40>) in gradient.
[2026-01-24 18:03:39,138] tensorflow - Level 1 - Registering Identity (<function _IdGrad at 0x0000027DEE210AE0>) in gradient.
[2026-01-24 18:03:39,138] tensorflow - Level 1 - Registering PlaceholderWithDefault (<function _IdGrad at 0x0000027DEE210AE0>) in gradient.
[2026-01-24 18:03:39,139] tensorflow - Level 1 - Registering _EagerConst (<function _EagerConstGrad at 0x0000027DEE210B80>) in gradient.
[2026-01-24 18:03:39,139] tensorflow - Level 1 - Registering RefIdentity (<function _RefIdGrad at 0x0000027DEE210C20>) in gradient.
[2026-01-24 18:03:39,139] tensorflow - Level 1 - Registering IdentityN (<function _IdNGrad at 0x0000027DEE210CC0>) in gradient.
[2026-01-24 18:03:39,140] tensorflow - Level 1 - Registering StopGradient (None) in gradient.
[2026-01-24 18:03:39,140] tensorflow - Level 1 - Registering Reshape (<function _ReshapeGrad at 0x0000027DEE210D60>) in gradient.
[2026-01-24 18:03:39,140] tensorflow - Level 1 - Registering InvertPermutation (None) in gradient.
[2026-01-24 18:03:39,140] tensorflow - Level 1 - Registering ExpandDims (<function _ExpandDimsGrad at 0x0000027DEE210EA0>) in gradient.
[2026-01-24 18:03:39,141] tensorflow - Level 1 - Registering Squeeze (<function _SqueezeGrad at 0x0000027DEE210F40>) in gradient.
[2026-01-24 18:03:39,141] tensorflow - Level 1 - Registering Transpose (<function _TransposeGrad at 0x0000027DEE210FE0>) in gradient.
[2026-01-24 18:03:39,142] tensorflow - Level 1 - Registering ConjugateTranspose (<function _ConjugateTransposeGrad at 0x0000027DEE211080>) in gradient.
[2026-01-24 18:03:39,142] tensorflow - Level 1 - Registering Shape (None) in gradient.
[2026-01-24 18:03:39,142] tensorflow - Level 1 - Registering ShapeN (None) in gradient.
[2026-01-24 18:03:39,142] tensorflow - Level 1 - Registering Rank (None) in gradient.
[2026-01-24 18:03:39,142] tensorflow - Level 1 - Registering Size (None) in gradient.
[2026-01-24 18:03:39,142] tensorflow - Level 1 - Registering Tile (<function _TileGrad at 0x0000027DEE211120>) in gradient.
[2026-01-24 18:03:39,142] tensorflow - Level 1 - Registering BroadcastGradientArgs (None) in gradient.
[2026-01-24 18:03:39,143] tensorflow - Level 1 - Registering Pad (<function _PadGrad at 0x0000027DEE2111C0>) in gradient.
[2026-01-24 18:03:39,143] tensorflow - Level 1 - Registering PadV2 (<function _PadGrad at 0x0000027DEE2111C0>) in gradient.
[2026-01-24 18:03:39,143] tensorflow - Level 1 - Registering ReverseSequence (<function _ReverseSequenceGrad at 0x0000027DEE211260>) in gradient.
[2026-01-24 18:03:39,144] tensorflow - Level 1 - Registering Reverse (<function _ReverseGrad at 0x0000027DEE211300>) in gradient.
[2026-01-24 18:03:39,144] tensorflow - Level 1 - Registering ReverseV2 (<function _ReverseV2Grad at 0x0000027DEE2113A0>) in gradient.
[2026-01-24 18:03:39,144] tensorflow - Level 1 - Registering SpaceToBatch (<function _SpaceToBatchGrad at 0x0000027DEE211440>) in gradient.
[2026-01-24 18:03:39,145] tensorflow - Level 1 - Registering SpaceToBatchND (<function _SpaceToBatchNDGrad at 0x0000027DEE2114E0>) in gradient.
[2026-01-24 18:03:39,145] tensorflow - Level 1 - Registering BatchToSpace (<function _BatchToSpaceGrad at 0x0000027DEE211580>) in gradient.
[2026-01-24 18:03:39,145] tensorflow - Level 1 - Registering BatchToSpaceND (<function _BatchToSpaceNDGrad at 0x0000027DEE211620>) in gradient.
[2026-01-24 18:03:39,145] tensorflow - Level 1 - Registering SpaceToDepth (<function _SpaceToDepthGrad at 0x0000027DEE2116C0>) in gradient.
[2026-01-24 18:03:39,146] tensorflow - Level 1 - Registering DepthToSpace (<function _DepthToSpaceGrad at 0x0000027DEE211760>) in gradient.
[2026-01-24 18:03:39,146] tensorflow - Level 1 - Registering OneHot (None) in gradient.
[2026-01-24 18:03:39,146] tensorflow - Level 1 - Registering MirrorPad (<function _MirrorPadGrad at 0x0000027DEE211800>) in gradient.
[2026-01-24 18:03:39,147] tensorflow - Level 1 - Registering MirrorPadGrad (<function _MirrorPadGradGrad at 0x0000027DEE2118A0>) in gradient.
[2026-01-24 18:03:39,147] tensorflow - Level 1 - Registering FakeQuantWithMinMaxArgsGradient (None) in gradient.
[2026-01-24 18:03:39,147] tensorflow - Level 1 - Registering FakeQuantWithMinMaxVarsGradient (None) in gradient.
[2026-01-24 18:03:39,147] tensorflow - Level 1 - Registering FakeQuantWithMinMaxVarsPerChannelGradient (None) in gradient.
[2026-01-24 18:03:39,148] tensorflow - Level 1 - Registering QuantizeAndDequantize (<function _QuantizeAndDequantizeGrad at 0x0000027DEE211940>) in gradient.
[2026-01-24 18:03:39,148] tensorflow - Level 1 - Registering QuantizeAndDequantizeV2 (<function _QuantizeAndDequantizeV2Grad at 0x0000027DEE211A80>) in gradient.
[2026-01-24 18:03:39,148] tensorflow - Level 1 - Registering QuantizeAndDequantizeV3 (<function _QuantizeAndDequantizeV3Grad at 0x0000027DEE211B20>) in gradient.
[2026-01-24 18:03:39,149] tensorflow - Level 1 - Registering ExtractImagePatches (<function _ExtractImagePatchesGrad at 0x0000027DEE2119E0>) in gradient.
[2026-01-24 18:03:39,149] tensorflow - Level 1 - Registering ExtractVolumePatches (<function _ExtractVolumePatchesGrad at 0x0000027DEE211BC0>) in gradient.
[2026-01-24 18:03:39,149] tensorflow - Level 1 - Registering ScatterNd (<function _ScatterNdGrad at 0x0000027DEE211C60>) in gradient.
[2026-01-24 18:03:39,149] tensorflow - Level 1 - Registering TensorScatterUpdate (<function _TensorScatterUpdateGrad at 0x0000027DEE211D00>) in gradient.
[2026-01-24 18:03:39,150] tensorflow - Level 1 - Registering TensorScatterAdd (<function _TensorScatterAddGrad at 0x0000027DEE211DA0>) in gradient.
[2026-01-24 18:03:39,150] tensorflow - Level 1 - Registering TensorScatterMax (<function _TensorScatterMaxGrad at 0x0000027DEE211EE0>) in gradient.
[2026-01-24 18:03:39,150] tensorflow - Level 1 - Registering TensorScatterMin (<function _TensorScatterMinGrad at 0x0000027DEE211F80>) in gradient.
[2026-01-24 18:03:39,150] tensorflow - Level 1 - Registering TensorScatterSub (<function _TensorScatterSubGrad at 0x0000027DEE212020>) in gradient.
[2026-01-24 18:03:39,151] tensorflow - Level 1 - Registering ScatterNdNonAliasingAdd (<function _ScatterNdNonAliasingAddGrad at 0x0000027DEE2120C0>) in gradient.
[2026-01-24 18:03:39,151] tensorflow - Level 1 - Registering BroadcastTo (<function _BroadcastToGrad at 0x0000027DEE212160>) in gradient.
[2026-01-24 18:03:39,153] tensorflow - Level 1 - Registering Switch (<function _SwitchGrad at 0x0000027DEE212340>) in gradient.
[2026-01-24 18:03:39,155] tensorflow - Level 1 - Registering RefSwitch (<function _SwitchGrad at 0x0000027DEE212340>) in gradient.
[2026-01-24 18:03:39,156] tensorflow - Level 1 - Registering Merge (<function _MergeGrad at 0x0000027DEE2123E0>) in gradient.
[2026-01-24 18:03:39,156] tensorflow - Level 1 - Registering RefMerge (<function _RefMergeGrad at 0x0000027DEE212520>) in gradient.
[2026-01-24 18:03:39,157] tensorflow - Level 1 - Registering Exit (<function _ExitGrad at 0x0000027DEE212480>) in gradient.
[2026-01-24 18:03:39,157] tensorflow - Level 1 - Registering RefExit (<function _ExitGrad at 0x0000027DEE212480>) in gradient.
[2026-01-24 18:03:39,158] tensorflow - Level 1 - Registering NextIteration (<function _NextIterationGrad at 0x0000027DEE2125C0>) in gradient.
[2026-01-24 18:03:39,158] tensorflow - Level 1 - Registering RefNextIteration (<function _RefNextIterationGrad at 0x0000027DEE212660>) in gradient.
[2026-01-24 18:03:39,159] tensorflow - Level 1 - Registering Enter (<function _EnterGrad at 0x0000027DEE212700>) in gradient.
[2026-01-24 18:03:39,159] tensorflow - Level 1 - Registering RefEnter (<function _RefEnterGrad at 0x0000027DEE2127A0>) in gradient.
[2026-01-24 18:03:39,159] tensorflow - Level 1 - Registering LoopCond (<function _LoopCondGrad at 0x0000027DEE212840>) in gradient.
[2026-01-24 18:03:39,174] tensorflow - Level 1 - Registering CudnnRNN (<function _cudnn_rnn_backward at 0x0000027DEE212980>) in gradient.
[2026-01-24 18:03:39,175] tensorflow - Level 1 - Registering CudnnRNNV2 (<function _cudnn_rnn_backward_v2 at 0x0000027DEE212B60>) in gradient.
[2026-01-24 18:03:39,176] tensorflow - Level 1 - Registering CudnnRNNV3 (<function _cudnn_rnn_backwardv3 at 0x0000027DEE226CA0>) in gradient.
[2026-01-24 18:03:39,177] tensorflow - Level 1 - Registering ResizeNearestNeighbor (<function _ResizeNearestNeighborGrad at 0x0000027DEE226C00>) in gradient.
[2026-01-24 18:03:39,179] tensorflow - Level 1 - Registering ResizeBilinear (<function _ResizeBilinearGrad at 0x0000027DEE226D40>) in gradient.
[2026-01-24 18:03:39,179] tensorflow - Level 1 - Registering ResizeBilinearGrad (None) in gradient.
[2026-01-24 18:03:39,179] tensorflow - Level 1 - Registering ScaleAndTranslate (<function _ScaleAndTranslateGrad at 0x0000027DEE226F20>) in gradient.
[2026-01-24 18:03:39,180] tensorflow - Level 1 - Registering ResizeBicubic (<function _ResizeBicubicGrad at 0x0000027DEE226E80>) in gradient.
[2026-01-24 18:03:39,180] tensorflow - Level 1 - Registering CropAndResize (<function _CropAndResizeGrad at 0x0000027DEE226FC0>) in gradient.
[2026-01-24 18:03:39,180] tensorflow - Level 1 - Registering RGBToHSV (<function _RGBToHSVGrad at 0x0000027DEE227100>) in gradient.
[2026-01-24 18:03:39,189] tensorflow - Level 1 - Registering ReaderRead (None) in gradient.
[2026-01-24 18:03:39,190] tensorflow - Level 1 - Registering ReaderReadUpTo (None) in gradient.
[2026-01-24 18:03:39,191] tensorflow - Level 1 - Registering ReaderNumRecordsProduced (None) in gradient.
[2026-01-24 18:03:39,191] tensorflow - Level 1 - Registering ReaderNumWorkUnitsCompleted (None) in gradient.
[2026-01-24 18:03:39,191] tensorflow - Level 1 - Registering ReaderSerializeState (None) in gradient.
[2026-01-24 18:03:39,191] tensorflow - Level 1 - Registering ReaderRestoreState (None) in gradient.
[2026-01-24 18:03:39,192] tensorflow - Level 1 - Registering ReaderReset (None) in gradient.
[2026-01-24 18:03:39,192] tensorflow - Level 1 - Registering WholeFileReader (None) in gradient.
[2026-01-24 18:03:39,193] tensorflow - Level 1 - Registering TextLineReader (None) in gradient.
[2026-01-24 18:03:39,194] tensorflow - Level 1 - Registering FixedLengthRecordReader (None) in gradient.
[2026-01-24 18:03:39,194] tensorflow - Level 1 - Registering TFRecordReader (None) in gradient.
[2026-01-24 18:03:39,195] tensorflow - Level 1 - Registering LMDBReader (None) in gradient.
[2026-01-24 18:03:39,196] tensorflow - Level 1 - Registering IdentityReader (None) in gradient.
[2026-01-24 18:03:39,207] tensorflow - Level 1 - Registering MatrixInverse (<function _MatrixInverseGrad at 0x0000027DEE2271A0>) in gradient.
[2026-01-24 18:03:39,209] tensorflow - Level 1 - Registering Einsum (<function _EinsumGrad at 0x0000027DEE2A0860>) in gradient.
[2026-01-24 18:03:39,210] tensorflow - Level 1 - Registering MatrixDeterminant (<function _MatrixDeterminantGrad at 0x0000027DEE2A2CA0>) in gradient.
[2026-01-24 18:03:39,210] tensorflow - Level 1 - Registering MatrixSquareRoot (<function _MatrixSquareRootGrad at 0x0000027DEE2A2DE0>) in gradient.
[2026-01-24 18:03:39,210] tensorflow - Level 1 - Registering LogMatrixDeterminant (<function _LogMatrixDeterminantGrad at 0x0000027DEE2A2E80>) in gradient.
[2026-01-24 18:03:39,210] tensorflow - Level 1 - Registering Cholesky (<function _CholeskyGrad at 0x0000027DEE2A2F20>) in gradient.
[2026-01-24 18:03:39,211] tensorflow - Level 1 - Registering Qr (<function _QrGrad at 0x0000027DEE2A2FC0>) in gradient.
[2026-01-24 18:03:39,211] tensorflow - Level 1 - Registering MatrixSolve (<function _MatrixSolveGrad at 0x0000027DEE2A3060>) in gradient.
[2026-01-24 18:03:39,211] tensorflow - Level 1 - Registering MatrixSolveLs (<function _MatrixSolveLsGrad at 0x0000027DEE2A3100>) in gradient.
[2026-01-24 18:03:39,211] tensorflow - Level 1 - Registering BandedTriangularSolve (<function _BandedTriangularSolveGrad at 0x0000027DEE2A31A0>) in gradient.
[2026-01-24 18:03:39,211] tensorflow - Level 1 - Registering MatrixTriangularSolve (<function _MatrixTriangularSolveGrad at 0x0000027DEE2A3240>) in gradient.
[2026-01-24 18:03:39,211] tensorflow - Level 1 - Registering Eig (<function _EigGrad at 0x0000027DEE2A3380>) in gradient.
[2026-01-24 18:03:39,212] tensorflow - Level 1 - Registering SelfAdjointEigV2 (<function _SelfAdjointEigV2Grad at 0x0000027DEE2A3420>) in gradient.
[2026-01-24 18:03:39,212] tensorflow - Level 1 - Registering Svd (<function _SvdGrad at 0x0000027DEE2A34C0>) in gradient.
[2026-01-24 18:03:39,212] tensorflow - Level 1 - Registering TridiagonalMatMul (<function _TridiagonalMatMulGrad at 0x0000027DEE2A36A0>) in gradient.
[2026-01-24 18:03:39,212] tensorflow - Level 1 - Registering TridiagonalSolve (<function _TridiagonalSolveGrad at 0x0000027DEE2A3740>) in gradient.
[2026-01-24 18:03:39,214] tensorflow - Level 1 - Registering LookupTableFind (None) in gradient.
[2026-01-24 18:03:39,215] tensorflow - Level 1 - Registering LookupTableFindV2 (None) in gradient.
[2026-01-24 18:03:39,216] tensorflow - Level 1 - Registering LookupTableInsert (None) in gradient.
[2026-01-24 18:03:39,216] tensorflow - Level 1 - Registering LookupTableInsertV2 (None) in gradient.
[2026-01-24 18:03:39,216] tensorflow - Level 1 - Registering LookupTableSize (None) in gradient.
[2026-01-24 18:03:39,216] tensorflow - Level 1 - Registering LookupTableSizeV2 (None) in gradient.
[2026-01-24 18:03:39,217] tensorflow - Level 1 - Registering HashTable (None) in gradient.
[2026-01-24 18:03:39,217] tensorflow - Level 1 - Registering HashTableV2 (None) in gradient.
[2026-01-24 18:03:39,217] tensorflow - Level 1 - Registering InitializeTable (None) in gradient.
[2026-01-24 18:03:39,217] tensorflow - Level 1 - Registering InitializeTableV2 (None) in gradient.
[2026-01-24 18:03:39,218] tensorflow - Level 1 - Registering InitializeTableFromTextFile (None) in gradient.
[2026-01-24 18:03:39,218] tensorflow - Level 1 - Registering InitializeTableFromTextFileV2 (None) in gradient.
[2026-01-24 18:03:39,218] tensorflow - Level 1 - Registering MutableDenseHashTable (None) in gradient.
[2026-01-24 18:03:39,218] tensorflow - Level 1 - Registering MutableDenseHashTableV2 (None) in gradient.
[2026-01-24 18:03:39,219] tensorflow - Level 1 - Registering MutableHashTable (None) in gradient.
[2026-01-24 18:03:39,219] tensorflow - Level 1 - Registering MutableHashTableV2 (None) in gradient.
[2026-01-24 18:03:39,219] tensorflow - Level 1 - Registering MutableHashTableOfTensors (None) in gradient.
[2026-01-24 18:03:39,220] tensorflow - Level 1 - Registering MutableHashTableOfTensorsV2 (None) in gradient.
[2026-01-24 18:03:39,225] tensorflow - Level 1 - Registering Roll (<function _RollGrad at 0x0000027DEE2A3920>) in gradient.
[2026-01-24 18:03:39,230] tensorflow - Level 1 - Registering ArgMax (<function _ArgMaxGrad at 0x0000027DEE2A3B00>) in gradient.
[2026-01-24 18:03:39,233] tensorflow - Level 1 - Registering ArgMin (<function _ArgMinGrad at 0x0000027DEE2E8860>) in gradient.
[2026-01-24 18:03:39,233] tensorflow - Level 1 - Registering EuclideanNorm (<function _EuclideanNormGrad at 0x0000027DEE2E8AE0>) in gradient.
[2026-01-24 18:03:39,234] tensorflow - Level 1 - Registering Sum (<function _SumGrad at 0x0000027DEE2E8F40>) in gradient.
[2026-01-24 18:03:39,234] tensorflow - Level 1 - Registering Max (<function _MaxGrad at 0x0000027DEE2E9080>) in gradient.
[2026-01-24 18:03:39,235] tensorflow - Level 1 - Registering Min (<function _MinGrad at 0x0000027DEE2E9120>) in gradient.
[2026-01-24 18:03:39,235] tensorflow - Level 1 - Registering Mean (<function _MeanGrad at 0x0000027DEE2E91C0>) in gradient.
[2026-01-24 18:03:39,235] tensorflow - Level 1 - Registering Prod (<function _ProdGrad at 0x0000027DEE2E9260>) in gradient.
[2026-01-24 18:03:39,235] tensorflow - Level 1 - Registering SegmentSum (<function _SegmentSumGrad at 0x0000027DEE2E9300>) in gradient.
[2026-01-24 18:03:39,236] tensorflow - Level 1 - Registering SegmentMean (<function _SegmentMeanGrad at 0x0000027DEE2E93A0>) in gradient.
[2026-01-24 18:03:39,236] tensorflow - Level 1 - Registering SparseSegmentSum (<function _SparseSegmentSumGrad at 0x0000027DEE2E9580>) in gradient.
[2026-01-24 18:03:39,236] tensorflow - Level 1 - Registering SparseSegmentSumWithNumSegments (<function _SparseSegmentSumWithNumSegmentsGrad at 0x0000027DEE2E9620>) in gradient.
[2026-01-24 18:03:39,236] tensorflow - Level 1 - Registering SparseSegmentMean (<function _SparseSegmentMeanGrad at 0x0000027DEE2E96C0>) in gradient.
[2026-01-24 18:03:39,237] tensorflow - Level 1 - Registering SparseSegmentMeanWithNumSegments (<function _SparseSegmentMeanWithNumSegmentsGrad at 0x0000027DEE2E9760>) in gradient.
[2026-01-24 18:03:39,237] tensorflow - Level 1 - Registering SparseSegmentSqrtN (<function _SparseSegmentSqrtNGrad at 0x0000027DEE2E9800>) in gradient.
[2026-01-24 18:03:39,237] tensorflow - Level 1 - Registering SparseSegmentSqrtNWithNumSegments (<function _SparseSegmentSqrtNWithNumSegmentsGrad at 0x0000027DEE2E98A0>) in gradient.
[2026-01-24 18:03:39,237] tensorflow - Level 1 - Registering SegmentMin (<function _SegmentMinGrad at 0x0000027DEE2E99E0>) in gradient.
[2026-01-24 18:03:39,238] tensorflow - Level 1 - Registering SegmentMax (<function _SegmentMaxGrad at 0x0000027DEE2E9A80>) in gradient.
[2026-01-24 18:03:39,238] tensorflow - Level 1 - Registering SegmentProd (<function _SegmentProdGrad at 0x0000027DEE2E9B20>) in gradient.
[2026-01-24 18:03:39,238] tensorflow - Level 1 - Registering UnsortedSegmentSum (<function _UnsortedSegmentSumGrad at 0x0000027DEE2E9D00>) in gradient.
[2026-01-24 18:03:39,238] tensorflow - Level 1 - Registering UnsortedSegmentMax (<function _UnsortedSegmentMaxGrad at 0x0000027DEE2E9DA0>) in gradient.
[2026-01-24 18:03:39,239] tensorflow - Level 1 - Registering UnsortedSegmentMin (<function _UnsortedSegmentMinGrad at 0x0000027DEE2E9E40>) in gradient.
[2026-01-24 18:03:39,239] tensorflow - Level 1 - Registering UnsortedSegmentProd (<function _UnsortedSegmentProdGrad at 0x0000027DEE2E9EE0>) in gradient.
[2026-01-24 18:03:39,239] tensorflow - Level 1 - Registering Abs (<function _AbsGrad at 0x0000027DEE2E9F80>) in gradient.
[2026-01-24 18:03:39,240] tensorflow - Level 1 - Registering Neg (<function _NegGrad at 0x0000027DEE2EA020>) in gradient.
[2026-01-24 18:03:39,240] tensorflow - Level 1 - Registering Inv (<function _InvGrad at 0x0000027DEE2EA0C0>) in gradient.
[2026-01-24 18:03:39,240] tensorflow - Level 1 - Registering Reciprocal (<function _ReciprocalGrad at 0x0000027DEE2EA160>) in gradient.
[2026-01-24 18:03:39,241] tensorflow - Level 1 - Registering InvGrad (<function _InvGradGrad at 0x0000027DEE2EA200>) in gradient.
[2026-01-24 18:03:39,241] tensorflow - Level 1 - Registering ReciprocalGrad (<function _ReciprocalGradGrad at 0x0000027DEE2EA2A0>) in gradient.
[2026-01-24 18:03:39,241] tensorflow - Level 1 - Registering Square (<function _SquareGrad at 0x0000027DEE2EA340>) in gradient.
[2026-01-24 18:03:39,241] tensorflow - Level 1 - Registering Sqrt (<function _SqrtGrad at 0x0000027DEE2EA3E0>) in gradient.
[2026-01-24 18:03:39,241] tensorflow - Level 1 - Registering SqrtGrad (<function _SqrtGradGrad at 0x0000027DEE2EA480>) in gradient.
[2026-01-24 18:03:39,242] tensorflow - Level 1 - Registering Rsqrt (<function _RsqrtGrad at 0x0000027DEE2EA520>) in gradient.
[2026-01-24 18:03:39,242] tensorflow - Level 1 - Registering RsqrtGrad (<function _RsqrtGradGrad at 0x0000027DEE2EA5C0>) in gradient.
[2026-01-24 18:03:39,242] tensorflow - Level 1 - Registering Exp (<function _ExpGrad at 0x0000027DEE2EA660>) in gradient.
[2026-01-24 18:03:39,242] tensorflow - Level 1 - Registering Expm1 (<function _Expm1Grad at 0x0000027DEE2EA700>) in gradient.
[2026-01-24 18:03:39,242] tensorflow - Level 1 - Registering Log (<function _LogGrad at 0x0000027DEE2EA7A0>) in gradient.
[2026-01-24 18:03:39,242] tensorflow - Level 1 - Registering Log1p (<function _Log1pGrad at 0x0000027DEE2EA840>) in gradient.
[2026-01-24 18:03:39,242] tensorflow - Level 1 - Registering Xlogy (<function _XLogyGrad at 0x0000027DEE2EA8E0>) in gradient.
[2026-01-24 18:03:39,242] tensorflow - Level 1 - Registering Xlog1py (<function _XLog1pyGrad at 0x0000027DEE2EA980>) in gradient.
[2026-01-24 18:03:39,243] tensorflow - Level 1 - Registering Xdivy (<function _XDivyGrad at 0x0000027DEE2EAA20>) in gradient.
[2026-01-24 18:03:39,243] tensorflow - Level 1 - Registering Sinh (<function _SinhGrad at 0x0000027DEE2EAAC0>) in gradient.
[2026-01-24 18:03:39,243] tensorflow - Level 1 - Registering Cosh (<function _CoshGrad at 0x0000027DEE2EAB60>) in gradient.
[2026-01-24 18:03:39,243] tensorflow - Level 1 - Registering Tanh (<function _TanhGrad at 0x0000027DEE2EAC00>) in gradient.
[2026-01-24 18:03:39,244] tensorflow - Level 1 - Registering Asinh (<function _AsinhGrad at 0x0000027DEE2EACA0>) in gradient.
[2026-01-24 18:03:39,244] tensorflow - Level 1 - Registering Acosh (<function _AcoshGrad at 0x0000027DEE2EAD40>) in gradient.
[2026-01-24 18:03:39,244] tensorflow - Level 1 - Registering Atanh (<function _AtanhGrad at 0x0000027DEE2EADE0>) in gradient.
[2026-01-24 18:03:39,245] tensorflow - Level 1 - Registering TanhGrad (<function _TanhGradGrad at 0x0000027DEE2EAE80>) in gradient.
[2026-01-24 18:03:39,245] tensorflow - Level 1 - Registering Erf (<function _ErfGrad at 0x0000027DEE2EAF20>) in gradient.
[2026-01-24 18:03:39,245] tensorflow - Level 1 - Registering Erfc (<function _ErfcGrad at 0x0000027DEE2EAFC0>) in gradient.
[2026-01-24 18:03:39,245] tensorflow - Level 1 - Registering Erfinv (<function _ErfinvGrad at 0x0000027DEE2EB060>) in gradient.
[2026-01-24 18:03:39,246] tensorflow - Level 1 - Registering Ndtri (<function _NdtriGrad at 0x0000027DEE2EB100>) in gradient.
[2026-01-24 18:03:39,246] tensorflow - Level 1 - Registering Lgamma (<function _LgammaGrad at 0x0000027DEE2EB1A0>) in gradient.
[2026-01-24 18:03:39,246] tensorflow - Level 1 - Registering Digamma (<function _DigammaGrad at 0x0000027DEE2EB240>) in gradient.
[2026-01-24 18:03:39,246] tensorflow - Level 1 - Registering Dawsn (<function _DawsnGrad at 0x0000027DEE2EB2E0>) in gradient.
[2026-01-24 18:03:39,246] tensorflow - Level 1 - Registering Expint (<function _ExpintGrad at 0x0000027DEE2EB380>) in gradient.
[2026-01-24 18:03:39,247] tensorflow - Level 1 - Registering FresnelCos (<function _FresnelCosGrad at 0x0000027DEE2EB420>) in gradient.
[2026-01-24 18:03:39,247] tensorflow - Level 1 - Registering FresnelSin (<function _FresnelSinGrad at 0x0000027DEE2EB4C0>) in gradient.
[2026-01-24 18:03:39,247] tensorflow - Level 1 - Registering Spence (<function _SpenceGrad at 0x0000027DEE2EB560>) in gradient.
[2026-01-24 18:03:39,247] tensorflow - Level 1 - Registering BesselI0 (<function _BesselI0Grad at 0x0000027DEE2EB600>) in gradient.
[2026-01-24 18:03:39,247] tensorflow - Level 1 - Registering BesselI0e (<function _BesselI0eGrad at 0x0000027DEE2EB6A0>) in gradient.
[2026-01-24 18:03:39,248] tensorflow - Level 1 - Registering BesselI1 (<function _BesselI1Grad at 0x0000027DEE2EB740>) in gradient.
[2026-01-24 18:03:39,248] tensorflow - Level 1 - Registering BesselI1e (<function _BesselI1eGrad at 0x0000027DEE2EB7E0>) in gradient.
[2026-01-24 18:03:39,248] tensorflow - Level 1 - Registering BesselK0 (<function _BesselK0Grad at 0x0000027DEE2EB880>) in gradient.
[2026-01-24 18:03:39,248] tensorflow - Level 1 - Registering BesselK0e (<function _BesselK0eGrad at 0x0000027DEE2EB920>) in gradient.
[2026-01-24 18:03:39,249] tensorflow - Level 1 - Registering BesselK1 (<function _BesselK1Grad at 0x0000027DEE2EB9C0>) in gradient.
[2026-01-24 18:03:39,249] tensorflow - Level 1 - Registering BesselK1e (<function _BesselK1eGrad at 0x0000027DEE2EBA60>) in gradient.
[2026-01-24 18:03:39,249] tensorflow - Level 1 - Registering BesselJ0 (<function _BesselJ0Grad at 0x0000027DEE2EBB00>) in gradient.
[2026-01-24 18:03:39,249] tensorflow - Level 1 - Registering BesselJ1 (<function _BesselJ1Grad at 0x0000027DEE2EBBA0>) in gradient.
[2026-01-24 18:03:39,250] tensorflow - Level 1 - Registering BesselY0 (<function _BesselY0Grad at 0x0000027DEE2EBC40>) in gradient.
[2026-01-24 18:03:39,250] tensorflow - Level 1 - Registering BesselY1 (<function _BesselY1Grad at 0x0000027DEE2EBCE0>) in gradient.
[2026-01-24 18:03:39,250] tensorflow - Level 1 - Registering Igamma (<function _IgammaGrad at 0x0000027DEE2EBD80>) in gradient.
[2026-01-24 18:03:39,250] tensorflow - Level 1 - Registering Igammac (<function _IgammacGrad at 0x0000027DEE2EBE20>) in gradient.
[2026-01-24 18:03:39,251] tensorflow - Level 1 - Registering Betainc (<function _BetaincGrad at 0x0000027DEE2EBEC0>) in gradient.
[2026-01-24 18:03:39,251] tensorflow - Level 1 - Registering Zeta (<function _ZetaGrad at 0x0000027DEE2EBF60>) in gradient.
[2026-01-24 18:03:39,251] tensorflow - Level 1 - Registering Polygamma (<function _PolygammaGrad at 0x0000027DEE334040>) in gradient.
[2026-01-24 18:03:39,252] tensorflow - Level 1 - Registering Sigmoid (<function _SigmoidGrad at 0x0000027DEE3340E0>) in gradient.
[2026-01-24 18:03:39,252] tensorflow - Level 1 - Registering SigmoidGrad (<function _SigmoidGradGrad at 0x0000027DEE334180>) in gradient.
[2026-01-24 18:03:39,252] tensorflow - Level 1 - Registering Sign (<function _SignGrad at 0x0000027DEE334220>) in gradient.
[2026-01-24 18:03:39,252] tensorflow - Level 1 - Registering Sin (<function _SinGrad at 0x0000027DEE3342C0>) in gradient.
[2026-01-24 18:03:39,253] tensorflow - Level 1 - Registering Cos (<function _CosGrad at 0x0000027DEE334360>) in gradient.
[2026-01-24 18:03:39,253] tensorflow - Level 1 - Registering Tan (<function _TanGrad at 0x0000027DEE334400>) in gradient.
[2026-01-24 18:03:39,253] tensorflow - Level 1 - Registering Asin (<function _AsinGrad at 0x0000027DEE3344A0>) in gradient.
[2026-01-24 18:03:39,253] tensorflow - Level 1 - Registering Acos (<function _AcosGrad at 0x0000027DEE334540>) in gradient.
[2026-01-24 18:03:39,253] tensorflow - Level 1 - Registering Atan (<function _AtanGrad at 0x0000027DEE3345E0>) in gradient.
[2026-01-24 18:03:39,254] tensorflow - Level 1 - Registering Atan2 (<function _Atan2Grad at 0x0000027DEE334680>) in gradient.
[2026-01-24 18:03:39,254] tensorflow - Level 1 - Registering AddN (<function _AddNGrad at 0x0000027DEE334720>) in gradient.
[2026-01-24 18:03:39,254] tensorflow - Level 1 - Registering AddV2 (<function _AddGrad at 0x0000027DEE334860>) in gradient.
[2026-01-24 18:03:39,254] tensorflow - Level 1 - Registering Add (<function _AddGrad at 0x0000027DEE334860>) in gradient.
[2026-01-24 18:03:39,254] tensorflow - Level 1 - Registering Sub (<function _SubGrad at 0x0000027DEE334900>) in gradient.
[2026-01-24 18:03:39,254] tensorflow - Level 1 - Registering Mul (<function _MulGrad at 0x0000027DEE3349A0>) in gradient.
[2026-01-24 18:03:39,254] tensorflow - Level 1 - Registering MulNoNan (<function _MulNoNanGrad at 0x0000027DEE334A40>) in gradient.
[2026-01-24 18:03:39,255] tensorflow - Level 1 - Registering Div (<function _DivGrad at 0x0000027DEE334AE0>) in gradient.
[2026-01-24 18:03:39,255] tensorflow - Level 1 - Registering FloorDiv (<function _FloorDivGrad at 0x0000027DEE334B80>) in gradient.
[2026-01-24 18:03:39,255] tensorflow - Level 1 - Registering FloorMod (<function _FloorModGrad at 0x0000027DEE334C20>) in gradient.
[2026-01-24 18:03:39,255] tensorflow - Level 1 - Registering TruncateDiv (<function _TruncateDivGrad at 0x0000027DEE334CC0>) in gradient.
[2026-01-24 18:03:39,256] tensorflow - Level 1 - Registering RealDiv (<function _RealDivGrad at 0x0000027DEE334D60>) in gradient.
[2026-01-24 18:03:39,256] tensorflow - Level 1 - Registering DivNoNan (<function _DivNoNanGrad at 0x0000027DEE334E00>) in gradient.
[2026-01-24 18:03:39,256] tensorflow - Level 1 - Registering Pow (<function _PowGrad at 0x0000027DEE334EA0>) in gradient.
[2026-01-24 18:03:39,256] tensorflow - Level 1 - Registering Maximum (<function _MaximumGrad at 0x0000027DEE335080>) in gradient.
[2026-01-24 18:03:39,257] tensorflow - Level 1 - Registering Minimum (<function _MinimumGrad at 0x0000027DEE335120>) in gradient.
[2026-01-24 18:03:39,257] tensorflow - Level 1 - Registering SquaredDifference (<function _SquaredDifferenceGrad at 0x0000027DEE3351C0>) in gradient.
[2026-01-24 18:03:39,257] tensorflow - Level 1 - Registering Less (None) in gradient.
[2026-01-24 18:03:39,258] tensorflow - Level 1 - Registering LessEqual (None) in gradient.
[2026-01-24 18:03:39,258] tensorflow - Level 1 - Registering Greater (None) in gradient.
[2026-01-24 18:03:39,258] tensorflow - Level 1 - Registering GreaterEqual (None) in gradient.
[2026-01-24 18:03:39,259] tensorflow - Level 1 - Registering Equal (None) in gradient.
[2026-01-24 18:03:39,259] tensorflow - Level 1 - Registering ApproximateEqual (None) in gradient.
[2026-01-24 18:03:39,259] tensorflow - Level 1 - Registering NotEqual (None) in gradient.
[2026-01-24 18:03:39,260] tensorflow - Level 1 - Registering LogicalAnd (None) in gradient.
[2026-01-24 18:03:39,260] tensorflow - Level 1 - Registering LogicalOr (None) in gradient.
[2026-01-24 18:03:39,260] tensorflow - Level 1 - Registering LogicalNot (None) in gradient.
[2026-01-24 18:03:39,260] tensorflow - Level 1 - Registering Select (<function _SelectGrad at 0x0000027DEE335260>) in gradient.
[2026-01-24 18:03:39,261] tensorflow - Level 1 - Registering SelectV2 (<function _SelectGradV2 at 0x0000027DEE335300>) in gradient.
[2026-01-24 18:03:39,261] tensorflow - Level 1 - Registering MatMul (<function _MatMulGrad at 0x0000027DEE3354E0>) in gradient.
[2026-01-24 18:03:39,261] tensorflow - Level 1 - Registering SparseMatMul (<function _SparseMatMulGrad at 0x0000027DEE335580>) in gradient.
[2026-01-24 18:03:39,261] tensorflow - Level 1 - Registering Floor (<function _FloorGrad at 0x0000027DEE335620>) in gradient.
[2026-01-24 18:03:39,262] tensorflow - Level 1 - Registering Ceil (<function _CeilGrad at 0x0000027DEE3356C0>) in gradient.
[2026-01-24 18:03:39,262] tensorflow - Level 1 - Registering Round (<function _RoundGrad at 0x0000027DEE335760>) in gradient.
[2026-01-24 18:03:39,262] tensorflow - Level 1 - Registering Rint (<function _RintGrad at 0x0000027DEE335800>) in gradient.
[2026-01-24 18:03:39,262] tensorflow - Level 1 - Registering BatchMatMul (<function _BatchMatMul at 0x0000027DEE3358A0>) in gradient.
[2026-01-24 18:03:39,263] tensorflow - Level 1 - Registering BatchMatMulV3 (<function _BatchMatMulV2 at 0x0000027DEE335940>) in gradient.
[2026-01-24 18:03:39,263] tensorflow - Level 1 - Registering BatchMatMulV2 (<function _BatchMatMulV2 at 0x0000027DEE335940>) in gradient.
[2026-01-24 18:03:39,263] tensorflow - Level 1 - Registering Range (None) in gradient.
[2026-01-24 18:03:39,263] tensorflow - Level 1 - Registering LinSpace (None) in gradient.
[2026-01-24 18:03:39,264] tensorflow - Level 1 - Registering Complex (<function _ComplexGrad at 0x0000027DEE3359E0>) in gradient.
[2026-01-24 18:03:39,264] tensorflow - Level 1 - Registering Real (<function _RealGrad at 0x0000027DEE335A80>) in gradient.
[2026-01-24 18:03:39,264] tensorflow - Level 1 - Registering Imag (<function _ImagGrad at 0x0000027DEE335B20>) in gradient.
[2026-01-24 18:03:39,264] tensorflow - Level 1 - Registering Angle (<function _AngleGrad at 0x0000027DEE335BC0>) in gradient.
[2026-01-24 18:03:39,265] tensorflow - Level 1 - Registering Conj (<function _ConjGrad at 0x0000027DEE335C60>) in gradient.
[2026-01-24 18:03:39,265] tensorflow - Level 1 - Registering ComplexAbs (<function _ComplexAbsGrad at 0x0000027DEE335D00>) in gradient.
[2026-01-24 18:03:39,265] tensorflow - Level 1 - Registering Cast (<function _CastGrad at 0x0000027DEE335DA0>) in gradient.
[2026-01-24 18:03:39,266] tensorflow - Level 1 - Registering Cross (<function _CrossGrad at 0x0000027DEE335E40>) in gradient.
[2026-01-24 18:03:39,266] tensorflow - Level 1 - Registering Cumsum (<function _CumsumGrad at 0x0000027DEE335EE0>) in gradient.
[2026-01-24 18:03:39,266] tensorflow - Level 1 - Registering Cumprod (<function _CumprodGrad at 0x0000027DEE335F80>) in gradient.
[2026-01-24 18:03:39,266] tensorflow - Level 1 - Registering CumulativeLogsumexp (<function _CumulativeLogsumexpGrad at 0x0000027DEE336020>) in gradient.
[2026-01-24 18:03:39,267] tensorflow - Level 1 - Registering NextAfter (<function _NextAfterGrad at 0x0000027DEE3360C0>) in gradient.
[2026-01-24 18:03:39,272] tensorflow - Level 1 - Registering NcclAllReduce (<function _all_sum_grad at 0x0000027DEE336480>) in gradient.
[2026-01-24 18:03:39,274] tensorflow - Level 1 - Registering NcclReduce (<function _reduce_sum_grad at 0x0000027DEE337060>) in gradient.
[2026-01-24 18:03:39,275] tensorflow - Level 1 - Registering NcclBroadcast (<function _broadcast_grad at 0x0000027DEE3371A0>) in gradient.
[2026-01-24 18:03:39,276] tensorflow - Level 1 - Registering OptionalFromValue (<function _OptionalFromValueGrad at 0x0000027DEE336DE0>) in gradient.
[2026-01-24 18:03:39,279] tensorflow - Level 1 - Registering OptionalGetValue (<function _OptionalGetValueGrad at 0x0000027DEE3374C0>) in gradient.
[2026-01-24 18:03:39,280] tensorflow - Level 1 - Registering DecodeRaw (None) in gradient.
[2026-01-24 18:03:39,281] tensorflow - Level 1 - Registering DecodePaddedRaw (None) in gradient.
[2026-01-24 18:03:39,282] tensorflow - Level 1 - Registering ParseTensor (None) in gradient.
[2026-01-24 18:03:39,282] tensorflow - Level 1 - Registering SerializeTensor (None) in gradient.
[2026-01-24 18:03:39,282] tensorflow - Level 1 - Registering StringToNumber (None) in gradient.
[2026-01-24 18:03:39,289] tensorflow - Level 1 - Registering DecodeProtoV2 (None) in gradient.
[2026-01-24 18:03:39,291] tensorflow - Level 1 - Registering EncodeProto (None) in gradient.
[2026-01-24 18:03:39,294] tensorflow - Level 1 - Registering RandomGamma (<function _RandomGammaGrad at 0x0000027DEE350220>) in gradient.
[2026-01-24 18:03:39,296] tensorflow - Level 1 - Registering StatelessRandomGammaV2 (<function _StatelessRandomGammaV2Grad at 0x0000027DEE350360>) in gradient.
[2026-01-24 18:03:39,296] tensorflow - Level 1 - Registering StatelessRandomGammaV3 (<function _StatelessRandomGammaV3Grad at 0x0000027DEE3504A0>) in gradient.
[2026-01-24 18:03:39,296] tensorflow - Level 1 - Registering StatelessParameterizedTruncatedNormal (<function _StatelessParameterizedTruncatedNormalGrad at 0x0000027DEE350720>) in gradient.
[2026-01-24 18:03:39,307] tensorflow - Level 1 - Registering BlockLSTM (<function _block_lstm_grad at 0x0000027DEE350400>) in gradient.
[2026-01-24 18:03:39,309] tensorflow - Level 1 - Registering BlockLSTMV2 (<function _block_lstm_grad at 0x0000027DEE350400>) in gradient.
[2026-01-24 18:03:39,315] tensorflow - Level 1 - Registering SdcaFprint (None) in gradient.
[2026-01-24 18:03:39,316] tensorflow - Level 1 - Registering SdcaOptimizer (None) in gradient.
[2026-01-24 18:03:39,316] tensorflow - Level 1 - Registering SdcaOptimizerV2 (None) in gradient.
[2026-01-24 18:03:39,317] tensorflow - Level 1 - Registering SdcaShrinkL1 (None) in gradient.
[2026-01-24 18:03:39,325] tensorflow - Level 1 - Registering SetSize (None) in gradient.
[2026-01-24 18:03:39,326] tensorflow - Level 1 - Registering DenseToDenseSetOperation (None) in gradient.
[2026-01-24 18:03:39,327] tensorflow - Level 1 - Registering DenseToSparseSetOperation (None) in gradient.
[2026-01-24 18:03:39,327] tensorflow - Level 1 - Registering SparseToSparseSetOperation (None) in gradient.
[2026-01-24 18:03:39,331] tensorflow - Level 1 - Registering SparseAddGrad (None) in gradient.
[2026-01-24 18:03:39,333] tensorflow - Level 1 - Registering SparseConcat (None) in gradient.
[2026-01-24 18:03:39,333] tensorflow - Level 1 - Registering SparseReorder (<function _SparseReorderGrad at 0x0000027DEE387740>) in gradient.
[2026-01-24 18:03:39,334] tensorflow - Level 1 - Registering SparseAdd (<function _SparseAddGrad at 0x0000027DEE387920>) in gradient.
[2026-01-24 18:03:39,334] tensorflow - Level 1 - Registering SparseTensorDenseAdd (<function _SparseTensorDenseAddGrad at 0x0000027DEE387880>) in gradient.
[2026-01-24 18:03:39,335] tensorflow - Level 1 - Registering SparseReduceSum (<function _SparseReduceSumGrad at 0x0000027DEE3879C0>) in gradient.
[2026-01-24 18:03:39,335] tensorflow - Level 1 - Registering SparseSlice (<function _SparseSliceGrad at 0x0000027DEE387A60>) in gradient.
[2026-01-24 18:03:39,335] tensorflow - Level 1 - Registering SparseTensorDenseMatMul (<function _SparseTensorDenseMatMulGrad at 0x0000027DEE387B00>) in gradient.
[2026-01-24 18:03:39,337] tensorflow - Level 1 - Registering SparseDenseCwiseAdd (<function _SparseDenseCwiseAddGrad at 0x0000027DEE387BA0>) in gradient.
[2026-01-24 18:03:39,337] tensorflow - Level 1 - Registering SparseDenseCwiseMul (<function _SparseDenseCwiseMulGrad at 0x0000027DEE387CE0>) in gradient.
[2026-01-24 18:03:39,337] tensorflow - Level 1 - Registering SparseDenseCwiseDiv (<function _SparseDenseCwiseDivGrad at 0x0000027DEE387D80>) in gradient.
[2026-01-24 18:03:39,337] tensorflow - Level 1 - Registering SparseSoftmax (<function _SparseSoftmaxGrad at 0x0000027DEE387E20>) in gradient.
[2026-01-24 18:03:39,337] tensorflow - Level 1 - Registering SparseSparseMaximum (<function _SparseSparseMaximumGrad at 0x0000027DEE387EC0>) in gradient.
[2026-01-24 18:03:39,338] tensorflow - Level 1 - Registering SparseSparseMinimum (<function _SparseSparseMinimumGrad at 0x0000027DEE387F60>) in gradient.
[2026-01-24 18:03:39,338] tensorflow - Level 1 - Registering SparseFillEmptyRows (<function _SparseFillEmptyRowsGrad at 0x0000027DEE3AC040>) in gradient.
[2026-01-24 18:03:39,338] tensorflow - Level 1 - Registering SparseToDense (<function _SparseToDenseGrad at 0x0000027DEE3AC0E0>) in gradient.
[2026-01-24 18:03:39,340] tensorflow - Level 1 - Registering TensorArray (None) in gradient.
[2026-01-24 18:03:39,343] tensorflow - Level 1 - Registering TensorArrayGrad (None) in gradient.
[2026-01-24 18:03:39,343] tensorflow - Level 1 - Registering TensorArraySize (None) in gradient.
[2026-01-24 18:03:39,343] tensorflow - Level 1 - Registering TensorArrayClose (None) in gradient.
[2026-01-24 18:03:39,343] tensorflow - Level 1 - Registering TensorArrayV2 (None) in gradient.
[2026-01-24 18:03:39,343] tensorflow - Level 1 - Registering TensorArrayGradV2 (None) in gradient.
[2026-01-24 18:03:39,343] tensorflow - Level 1 - Registering TensorArraySizeV2 (None) in gradient.
[2026-01-24 18:03:39,344] tensorflow - Level 1 - Registering TensorArrayCloseV2 (None) in gradient.
[2026-01-24 18:03:39,344] tensorflow - Level 1 - Registering TensorArrayV3 (None) in gradient.
[2026-01-24 18:03:39,344] tensorflow - Level 1 - Registering TensorArrayGradV3 (None) in gradient.
[2026-01-24 18:03:39,344] tensorflow - Level 1 - Registering TensorArrayGradWithShape (None) in gradient.
[2026-01-24 18:03:39,345] tensorflow - Level 1 - Registering TensorArraySizeV3 (None) in gradient.
[2026-01-24 18:03:39,345] tensorflow - Level 1 - Registering TensorArrayCloseV3 (None) in gradient.
[2026-01-24 18:03:39,345] tensorflow - Level 1 - Registering TensorArrayReadV3 (<function _TensorArrayReadGrad at 0x0000027DEE3AC2C0>) in gradient.
[2026-01-24 18:03:39,345] tensorflow - Level 1 - Registering TensorArrayReadV2 (<function _TensorArrayReadGrad at 0x0000027DEE3AC2C0>) in gradient.
[2026-01-24 18:03:39,346] tensorflow - Level 1 - Registering TensorArrayRead (<function _TensorArrayReadGrad at 0x0000027DEE3AC2C0>) in gradient.
[2026-01-24 18:03:39,346] tensorflow - Level 1 - Registering TensorArrayWriteV3 (<function _TensorArrayWriteGrad at 0x0000027DEE3AC220>) in gradient.
[2026-01-24 18:03:39,346] tensorflow - Level 1 - Registering TensorArrayWriteV2 (<function _TensorArrayWriteGrad at 0x0000027DEE3AC220>) in gradient.
[2026-01-24 18:03:39,347] tensorflow - Level 1 - Registering TensorArrayWrite (<function _TensorArrayWriteGrad at 0x0000027DEE3AC220>) in gradient.
[2026-01-24 18:03:39,347] tensorflow - Level 1 - Registering TensorArrayGatherV3 (<function _TensorArrayGatherGrad at 0x0000027DEE3AC360>) in gradient.
[2026-01-24 18:03:39,347] tensorflow - Level 1 - Registering TensorArrayGatherV2 (<function _TensorArrayGatherGrad at 0x0000027DEE3AC360>) in gradient.
[2026-01-24 18:03:39,347] tensorflow - Level 1 - Registering TensorArrayGather (<function _TensorArrayGatherGrad at 0x0000027DEE3AC360>) in gradient.
[2026-01-24 18:03:39,348] tensorflow - Level 1 - Registering TensorArrayScatterV3 (<function _TensorArrayScatterGrad at 0x0000027DEE3AC400>) in gradient.
[2026-01-24 18:03:39,348] tensorflow - Level 1 - Registering TensorArrayScatterV2 (<function _TensorArrayScatterGrad at 0x0000027DEE3AC400>) in gradient.
[2026-01-24 18:03:39,348] tensorflow - Level 1 - Registering TensorArrayScatter (<function _TensorArrayScatterGrad at 0x0000027DEE3AC400>) in gradient.
[2026-01-24 18:03:39,349] tensorflow - Level 1 - Registering TensorArrayConcatV3 (<function _TensorArrayConcatGrad at 0x0000027DEE3AC4A0>) in gradient.
[2026-01-24 18:03:39,349] tensorflow - Level 1 - Registering TensorArrayConcatV2 (<function _TensorArrayConcatGrad at 0x0000027DEE3AC4A0>) in gradient.
[2026-01-24 18:03:39,349] tensorflow - Level 1 - Registering TensorArrayConcat (<function _TensorArrayConcatGrad at 0x0000027DEE3AC4A0>) in gradient.
[2026-01-24 18:03:39,349] tensorflow - Level 1 - Registering TensorArraySplitV3 (<function _TensorArraySplitGrad at 0x0000027DEE3AC540>) in gradient.
[2026-01-24 18:03:39,350] tensorflow - Level 1 - Registering TensorArraySplitV2 (<function _TensorArraySplitGrad at 0x0000027DEE3AC540>) in gradient.
[2026-01-24 18:03:39,350] tensorflow - Level 1 - Registering TensorArraySplit (<function _TensorArraySplitGrad at 0x0000027DEE3AC540>) in gradient.
[2026-01-24 18:03:39,363] tensorflow - Level 1 - Registering DenseToCSRSparseMatrix (<function _DenseToCSRSparseMatrixGrad at 0x0000027DEE3AC7C0>) in gradient.
[2026-01-24 18:03:39,363] tensorflow - Level 1 - Registering CSRSparseMatrixToDense (<function _CSRSparseMatrixToDenseGrad at 0x0000027DEE3AC900>) in gradient.
[2026-01-24 18:03:39,365] tensorflow - Level 1 - Registering SparseTensorToCSRSparseMatrix (<function _SparseTensorToCSRSparseMatrixGrad at 0x0000027DEE3DD300>) in gradient.
[2026-01-24 18:03:39,365] tensorflow - Level 1 - Registering CSRSparseMatrixToSparseTensor (<function _CSRSparseMatrixToSparseTensorGrad at 0x0000027DEE3DD260>) in gradient.
[2026-01-24 18:03:39,365] tensorflow - Level 1 - Registering SparseMatrixNNZ (None) in gradient.
[2026-01-24 18:03:39,365] tensorflow - Level 1 - Registering SparseMatrixZeros (None) in gradient.
[2026-01-24 18:03:39,365] tensorflow - Level 1 - Registering SparseMatrixAdd (<function _SparseMatrixAddGrad at 0x0000027DEE3DD4E0>) in gradient.
[2026-01-24 18:03:39,366] tensorflow - Level 1 - Registering SparseMatrixTranspose (<function _SparseMatrixTransposeGrad at 0x0000027DEE3DD620>) in gradient.
[2026-01-24 18:03:39,366] tensorflow - Level 1 - Registering SparseMatrixSoftmax (<function _SparseMatrixSoftmaxGrad at 0x0000027DEE3DD6C0>) in gradient.
[2026-01-24 18:03:39,366] tensorflow - Level 1 - Registering SparseMatrixMatMul (<function _SparseMatrixMatMulGrad at 0x0000027DEE3DD760>) in gradient.
[2026-01-24 18:03:39,366] tensorflow - Level 1 - Registering SparseMatrixSparseMatMul (<function _SparseMatrixSparseMatMulGrad at 0x0000027DEE3DD800>) in gradient.
[2026-01-24 18:03:39,367] tensorflow - Level 1 - Registering SparseMatrixMul (<function _SparseMatrixMulGrad at 0x0000027DEE3DD8A0>) in gradient.
[2026-01-24 18:03:39,384] tensorflow - Level 1 - Registering FFT (<function _fft_grad at 0x0000027DEE40F380>) in gradient.
[2026-01-24 18:03:39,386] tensorflow - Level 1 - Registering IFFT (<function _ifft_grad at 0x0000027DEE40F420>) in gradient.
[2026-01-24 18:03:39,386] tensorflow - Level 1 - Registering FFT2D (<function _fft2d_grad at 0x0000027DEE40F4C0>) in gradient.
[2026-01-24 18:03:39,387] tensorflow - Level 1 - Registering IFFT2D (<function _ifft2d_grad at 0x0000027DEE40F600>) in gradient.
[2026-01-24 18:03:39,387] tensorflow - Level 1 - Registering FFT3D (<function _fft3d_grad at 0x0000027DEE40F6A0>) in gradient.
[2026-01-24 18:03:39,387] tensorflow - Level 1 - Registering IFFT3D (<function _ifft3d_grad at 0x0000027DEE40F740>) in gradient.
[2026-01-24 18:03:39,388] tensorflow - Level 1 - Registering RFFT (<function _rfft_grad_helper.<locals>._grad at 0x0000027DEE40FBA0>) in gradient.
[2026-01-24 18:03:39,389] tensorflow - Level 1 - Registering IRFFT (<function _irfft_grad_helper.<locals>._grad at 0x0000027DEE40FD80>) in gradient.
[2026-01-24 18:03:39,389] tensorflow - Level 1 - Registering RFFT2D (<function _rfft_grad_helper.<locals>._grad at 0x0000027DEE40FE20>) in gradient.
[2026-01-24 18:03:39,389] tensorflow - Level 1 - Registering IRFFT2D (<function _irfft_grad_helper.<locals>._grad at 0x0000027DEE40FEC0>) in gradient.
[2026-01-24 18:03:39,395] tensorflow - Level 1 - Registering GenerateVocabRemapping (None) in gradient.
[2026-01-24 18:03:39,397] tensorflow - Level 1 - Registering LoadAndRemapMatrix (None) in gradient.
[2026-01-24 18:03:39,433] tensorflow - Level 1 - Registering XlaVariadicReduce (None) in gradient.
[2026-01-24 18:03:39,435] tensorflow - Level 1 - Registering XlaSharding (<function _sharding_grad at 0x0000027DEE4DA8E0>) in gradient.
[2026-01-24 18:03:39,436] tensorflow - Level 1 - Registering XlaSpmdFullToShardShape (<function _spmd_full_to_shard_shape_grad at 0x0000027DEE4DA980>) in gradient.
[2026-01-24 18:03:39,436] tensorflow - Level 1 - Registering XlaSpmdShardToFullShape (<function _spmd_shard_to_full_shape_grad at 0x0000027DEE4DAA20>) in gradient.
[2026-01-24 18:03:39,456] tensorflow - Level 1 - Registering CTCLoss (<function _CTCLossGrad at 0x0000027DEE51EE80>) in gradient.
[2026-01-24 18:03:39,458] tensorflow - Level 1 - Registering CTCLossV2 (<function _CTCLossV2Grad at 0x0000027DEE51EF20>) in gradient.
[2026-01-24 18:03:39,459] tensorflow - Level 1 - Registering CTCGreedyDecoder (None) in gradient.
[2026-01-24 18:03:39,459] tensorflow - Level 1 - Registering CTCBeamSearchDecoder (None) in gradient.
[2026-01-24 18:03:39,462] tensorflow - Level 1 - Registering FusedBatchNormGrad (<function _FusedBatchNormGradGrad at 0x0000027DEE54C9A0>) in gradient.
[2026-01-24 18:03:39,463] tensorflow - Level 1 - Registering FusedBatchNormGradV2 (<function _FusedBatchNormGradGradV2 at 0x0000027DEE54CA40>) in gradient.
[2026-01-24 18:03:39,463] tensorflow - Level 1 - Registering FusedBatchNormGradV3 (<function _FusedBatchNormGradGradV3 at 0x0000027DEE54CC20>) in gradient.
[2026-01-24 18:03:39,473] tensorflow - Level 1 - Registering variables ((<class 'tensorflow.core.framework.variable_pb2.VariableDef'>, <function _to_proto_fn at 0x0000027DEE570CC0>, <function _from_proto_fn at 0x0000027DEE570FE0>)) in proto functions.
[2026-01-24 18:03:39,475] tensorflow - Level 1 - Registering trainable_variables ((<class 'tensorflow.core.framework.variable_pb2.VariableDef'>, <function _to_proto_fn at 0x0000027DEE570CC0>, <function _from_proto_fn at 0x0000027DEE570FE0>)) in proto functions.
[2026-01-24 18:03:39,477] tensorflow - Level 1 - Registering moving_average_variables ((<class 'tensorflow.core.framework.variable_pb2.VariableDef'>, <function _to_proto_fn at 0x0000027DEE570CC0>, <function _from_proto_fn at 0x0000027DEE570FE0>)) in proto functions.
[2026-01-24 18:03:39,477] tensorflow - Level 1 - Registering local_variables ((<class 'tensorflow.core.framework.variable_pb2.VariableDef'>, <function _to_proto_fn at 0x0000027DEE570CC0>, <function _from_proto_fn at 0x0000027DEE570FE0>)) in proto functions.
[2026-01-24 18:03:39,477] tensorflow - Level 1 - Registering model_variables ((<class 'tensorflow.core.framework.variable_pb2.VariableDef'>, <function _to_proto_fn at 0x0000027DEE570CC0>, <function _from_proto_fn at 0x0000027DEE570FE0>)) in proto functions.
[2026-01-24 18:03:39,477] tensorflow - Level 1 - Registering global_step ((<class 'tensorflow.core.framework.variable_pb2.VariableDef'>, <function _to_proto_fn at 0x0000027DEE570CC0>, <function _from_proto_fn at 0x0000027DEE570FE0>)) in proto functions.
[2026-01-24 18:03:39,477] tensorflow - Level 1 - Registering metric_variables ((<class 'tensorflow.core.framework.variable_pb2.VariableDef'>, <function _to_proto_fn at 0x0000027DEE570CC0>, <function _from_proto_fn at 0x0000027DEE570FE0>)) in proto functions.
[2026-01-24 18:03:39,479] tensorflow - Level 1 - Registering RandomCrop (None) in gradient.
[2026-01-24 18:03:39,482] tensorflow - Level 1 - Registering HSVToRGB (None) in gradient.
[2026-01-24 18:03:39,482] tensorflow - Level 1 - Registering DrawBoundingBoxes (None) in gradient.
[2026-01-24 18:03:39,482] tensorflow - Level 1 - Registering SampleDistortedBoundingBox (None) in gradient.
[2026-01-24 18:03:39,482] tensorflow - Level 1 - Registering SampleDistortedBoundingBoxV2 (None) in gradient.
[2026-01-24 18:03:39,482] tensorflow - Level 1 - Registering ExtractGlimpse (None) in gradient.
[2026-01-24 18:03:39,482] tensorflow - Level 1 - Registering NonMaxSuppression (None) in gradient.
[2026-01-24 18:03:39,482] tensorflow - Level 1 - Registering NonMaxSuppressionV2 (None) in gradient.
[2026-01-24 18:03:39,483] tensorflow - Level 1 - Registering NonMaxSuppressionWithOverlaps (None) in gradient.
[2026-01-24 18:03:39,483] tensorflow - Level 1 - Registering GenerateBoundingBoxProposals (None) in gradient.
[2026-01-24 18:03:39,494] tensorflow - Level 1 - Registering ImageProjectiveTransformV2 (<function _image_projective_transform_grad at 0x0000027DEF8259E0>) in gradient.
[2026-01-24 18:03:39,495] tensorflow - Level 1 - Registering ImageProjectiveTransformV3 (<function _image_projective_transform_v3_grad at 0x0000027DEF825BC0>) in gradient.
[2026-01-24 18:03:39,639] tensorflow - Level 1 - Registering savers ((<class 'tensorflow.core.protobuf.saver_pb2.SaverDef'>, <function Saver.to_proto at 0x0000027DEFAECF40>, <function Saver.from_proto at 0x0000027DEFAECFE0>)) in proto functions.
[2026-01-24 18:03:39,646] tensorflow - Level 1 - Registering EagerPyFunc (<function _EagerPyFuncGrad at 0x0000027DEFB21BC0>) in gradient.
[2026-01-24 18:03:39,648] tensorflow - Level 1 - Registering PyFunc (None) in gradient.
[2026-01-24 18:03:39,648] tensorflow - Level 1 - Registering PyFuncStateless (None) in gradient.
[2026-01-24 18:03:39,658] tensorflow - Level 1 - Registering ReduceDataset (None) in gradient.
[2026-01-24 18:03:39,665] tensorflow - Level 1 - Registering tensorflow.python.data.ops.dataset_ops (<function _tf2_callback at 0x0000027DEFBE8040>) in data_v2_callbacks.
[2026-01-24 18:03:39,675] tensorflow - Level 1 - Registering _resource_resolver (<function _resource_resolver at 0x0000027DEFBFCCC0>) in acd_resource_resolvers.
[2026-01-24 18:03:39,692] tensorflow - Level 1 - Registering tensorflow.python.data.experimental.ops.counter (<function _tf2_callback at 0x0000027DEFBFE200>) in data_v2_callbacks.
[2026-01-24 18:03:39,717] tensorflow - Level 1 - Registering tensorflow.python.data.ops.readers (<function _tf2_callback at 0x0000027DEFBFD8A0>) in data_v2_callbacks.
[2026-01-24 18:03:39,721] tensorflow - Level 1 - Registering tensorflow.python.data.experimental.ops.interleave_ops (<function _tf2_callback at 0x0000027DEFC0DBC0>) in data_v2_callbacks.
[2026-01-24 18:03:39,757] tensorflow - Level 1 - Registering tensorflow.python.data.experimental.ops.random_ops (<function _tf2_callback at 0x0000027DEFCB0D60>) in data_v2_callbacks.
[2026-01-24 18:03:39,764] tensorflow - Level 1 - Registering tensorflow.python.data.experimental.ops.readers (<function _tf2_callback at 0x0000027DEFCB2660>) in data_v2_callbacks.
[2026-01-24 18:03:39,997] tensorflow - Level 1 - Registering tpu_replicated_input_resolver (<function tpu_replicated_input_resolver at 0x0000027DEFF2E660>) in acd_resource_resolvers.
[2026-01-24 18:03:40,004] tensorflow - DEBUG - Falling back to TensorFlow client; we recommended you install the Cloud TPU client directly with pip install cloud-tpu-client.
[2026-01-24 18:03:40,358] tensorflow - Level 1 - Registering queue_runners ((<class 'tensorflow.core.protobuf.queue_runner_pb2.QueueRunnerDef'>, <function QueueRunner.to_proto at 0x0000027DF0155080>, <function QueueRunner.from_proto at 0x0000027DF0155120>)) in proto functions.
[2026-01-24 18:03:40,814] h5py._conv - DEBUG - Creating converter from 7 to 5
[2026-01-24 18:03:40,815] h5py._conv - DEBUG - Creating converter from 5 to 7
[2026-01-24 18:03:40,815] h5py._conv - DEBUG - Creating converter from 7 to 5
[2026-01-24 18:03:40,815] h5py._conv - DEBUG - Creating converter from 5 to 7
[2026-01-24 18:03:41,033] tensorflow - Level 1 - Registering DebugGradientIdentity (<function _identify_gradient_grad at 0x0000027DF0BD59E0>) in gradient.
[2026-01-24 18:03:41,034] tensorflow - Level 1 - Registering DebugGradientRefIdentity (<function _identify_gradient_grad_ref at 0x0000027DF0BD5A80>) in gradient.
[2026-01-24 18:03:41,084] tensorflow - Level 1 - Registering DebugIdentityV2 (<function _debug_identity_v2_grad at 0x0000027DF0C58E00>) in gradient.
[2026-01-24 18:03:41,445] tensorflow - Level 1 - Registering AudioMicrofrontend (None) in gradient.
[2026-01-24 18:03:41,529] tensorflow - Level 1 - Registering Reciprocal,flops (<function _reciprocal_flops at 0x0000027DF1222700>) in statistical functions.
[2026-01-24 18:03:41,531] tensorflow - Level 1 - Registering Square,flops (<function _square_flops at 0x0000027DF12227A0>) in statistical functions.
[2026-01-24 18:03:41,531] tensorflow - Level 1 - Registering Rsqrt,flops (<function _rsqrt_flops at 0x0000027DF12228E0>) in statistical functions.
[2026-01-24 18:03:41,531] tensorflow - Level 1 - Registering Log,flops (<function _log_flops at 0x0000027DF1222840>) in statistical functions.
[2026-01-24 18:03:41,531] tensorflow - Level 1 - Registering Neg,flops (<function _neg_flops at 0x0000027DF1222980>) in statistical functions.
[2026-01-24 18:03:41,531] tensorflow - Level 1 - Registering AssignSub,flops (<function _assign_sub_flops at 0x0000027DF1222A20>) in statistical functions.
[2026-01-24 18:03:41,531] tensorflow - Level 1 - Registering AssignAdd,flops (<function _assign_add_flops at 0x0000027DF1222AC0>) in statistical functions.
[2026-01-24 18:03:41,532] tensorflow - Level 1 - Registering L2Loss,flops (<function _l2_loss_flops at 0x0000027DF1222B60>) in statistical functions.
[2026-01-24 18:03:41,532] tensorflow - Level 1 - Registering Softmax,flops (<function _softmax_flops at 0x0000027DF1222C00>) in statistical functions.
[2026-01-24 18:03:41,532] tensorflow - Level 1 - Registering AddV2,flops (<function _add_flops at 0x0000027DF1222D40>) in statistical functions.
[2026-01-24 18:03:41,532] tensorflow - Level 1 - Registering Add,flops (<function _add_flops at 0x0000027DF1222D40>) in statistical functions.
[2026-01-24 18:03:41,532] tensorflow - Level 1 - Registering Sub,flops (<function _sub_flops at 0x0000027DF1222DE0>) in statistical functions.
[2026-01-24 18:03:41,532] tensorflow - Level 1 - Registering Mul,flops (<function _mul_flops at 0x0000027DF1222E80>) in statistical functions.
[2026-01-24 18:03:41,532] tensorflow - Level 1 - Registering RealDiv,flops (<function _real_div_flops at 0x0000027DF1222F20>) in statistical functions.
[2026-01-24 18:03:41,532] tensorflow - Level 1 - Registering Maximum,flops (<function _maximum_flops at 0x0000027DF1222FC0>) in statistical functions.
[2026-01-24 18:03:41,532] tensorflow - Level 1 - Registering Minimum,flops (<function _minimum_flops at 0x0000027DF1223060>) in statistical functions.
[2026-01-24 18:03:41,533] tensorflow - Level 1 - Registering Pow,flops (<function _pow_flops at 0x0000027DF1223100>) in statistical functions.
[2026-01-24 18:03:41,533] tensorflow - Level 1 - Registering RsqrtGrad,flops (<function _rsqrt_grad_flops at 0x0000027DF12231A0>) in statistical functions.
[2026-01-24 18:03:41,533] tensorflow - Level 1 - Registering GreaterEqual,flops (<function _greater_equal_flops at 0x0000027DF1223240>) in statistical functions.
[2026-01-24 18:03:41,533] tensorflow - Level 1 - Registering Greater,flops (<function _greater_flops at 0x0000027DF12232E0>) in statistical functions.
[2026-01-24 18:03:41,533] tensorflow - Level 1 - Registering LessEqual,flops (<function _less_equal_flops at 0x0000027DF1223380>) in statistical functions.
[2026-01-24 18:03:41,533] tensorflow - Level 1 - Registering Less,flops (<function _less_flops at 0x0000027DF1223420>) in statistical functions.
[2026-01-24 18:03:41,533] tensorflow - Level 1 - Registering Equal,flops (<function _equal_flops at 0x0000027DF12234C0>) in statistical functions.
[2026-01-24 18:03:41,533] tensorflow - Level 1 - Registering NotEqual,flops (<function _not_equal_flops at 0x0000027DF1223560>) in statistical functions.
[2026-01-24 18:03:41,533] tensorflow - Level 1 - Registering SquaredDifference,flops (<function _squared_difference_flops at 0x0000027DF1223600>) in statistical functions.
[2026-01-24 18:03:41,533] tensorflow - Level 1 - Registering Mean,flops (<function _mean_flops at 0x0000027DF1223740>) in statistical functions.
[2026-01-24 18:03:41,534] tensorflow - Level 1 - Registering Sum,flops (<function _sum_flops at 0x0000027DF12237E0>) in statistical functions.
[2026-01-24 18:03:41,534] tensorflow - Level 1 - Registering ArgMax,flops (<function _arg_max_flops at 0x0000027DF1223880>) in statistical functions.
[2026-01-24 18:03:41,534] tensorflow - Level 1 - Registering ArgMin,flops (<function _arg_min_flops at 0x0000027DF1223920>) in statistical functions.
[2026-01-24 18:03:41,534] tensorflow - Level 1 - Registering BiasAddGrad,flops (<function _bias_add_grad_flops at 0x0000027DF12239C0>) in statistical functions.
[2026-01-24 18:03:41,534] tensorflow - Level 1 - Registering AvgPool,flops (<function _avg_pool_flops at 0x0000027DF1223BA0>) in statistical functions.
[2026-01-24 18:03:41,534] tensorflow - Level 1 - Registering MaxPool,flops (<function _max_pool_flops at 0x0000027DF1223C40>) in statistical functions.
[2026-01-24 18:03:41,534] tensorflow - Level 1 - Registering AvgPoolGrad,flops (<function _avg_pool_grad_flops at 0x0000027DF1223CE0>) in statistical functions.
[2026-01-24 18:03:41,534] tensorflow - Level 1 - Registering MaxPoolGrad,flops (<function _max_pool_grad_flops at 0x0000027DF1223D80>) in statistical functions.
[2026-01-24 18:03:41,534] tensorflow - Level 1 - Registering Conv2DBackpropInput,flops (<function _conv_2d_backprop_input_flops at 0x0000027DF1223E20>) in statistical functions.
[2026-01-24 18:03:41,535] tensorflow - Level 1 - Registering Conv2DBackpropFilter,flops (<function _conv_2d_backprop_filter_flops at 0x0000027DF1223EC0>) in statistical functions.
[2026-01-24 18:03:41,535] tensorflow - Level 1 - Registering AddN,flops (<function _add_n_flops at 0x0000027DF1223F60>) in statistical functions.
[2026-01-24 18:03:41,535] tensorflow - Level 1 - Registering MatMul,flops (<function _calc_mat_mul_flops at 0x0000027DF2210040>) in statistical functions.
[2026-01-24 18:03:41,535] tensorflow - Level 1 - Registering BatchMatMulV3,flops (<function _calc_batch_mat_mul_flops at 0x0000027DF22100E0>) in statistical functions.
[2026-01-24 18:03:41,535] tensorflow - Level 1 - Registering BatchMatMulV2,flops (<function _calc_batch_mat_mul_flops at 0x0000027DF22100E0>) in statistical functions.
[2026-01-24 18:03:41,535] tensorflow - Level 1 - Registering BatchMatMul,flops (<function _calc_batch_mat_mul_flops at 0x0000027DF22100E0>) in statistical functions.
[2026-01-24 18:03:42,244] tensorflow - Level 1 - Enabling eager execution
[2026-01-24 18:03:42,244] tensorflow - Level 1 - Enabling v2 tensorshape
[2026-01-24 18:03:42,244] tensorflow - Level 1 - Enabling resource variables
[2026-01-24 18:03:42,244] tensorflow - Level 1 - Enabling tensor equality
[2026-01-24 18:03:42,245] tensorflow - Level 1 - Enabling control flow v2
[2026-01-24 18:03:43,087] matplotlib - DEBUG - matplotlib data path: C:\Users\BS\anaconda3\Lib\site-packages\matplotlib\mpl-data
[2026-01-24 18:03:43,102] matplotlib - DEBUG - CONFIGDIR=C:\Users\BS\.matplotlib
[2026-01-24 18:03:43,105] matplotlib - DEBUG - interactive is False
[2026-01-24 18:03:43,106] matplotlib - DEBUG - platform is win32
[2026-01-24 18:03:43,195] matplotlib - DEBUG - CACHEDIR=C:\Users\BS\.matplotlib
[2026-01-24 18:03:43,200] matplotlib.font_manager - DEBUG - Using fontManager instance from C:\Users\BS\.matplotlib\fontlist-v390.json
[2026-01-24 18:03:52,573] tensorflow - WARNING - From C:\Users\BS\anaconda3\Lib\site-packages\tf_keras\src\losses.py:2976: The name tf.losses.sparse_softmax_cross_entropy is deprecated. Please use tf.compat.v1.losses.sparse_softmax_cross_entropy instead.

