[2026-01-25 18:28:21,023] tensorflow - Level 1 - Registering Relayout (<function _relayout_gradient at 0x000002292EC5F9C0>) in gradient.
[2026-01-25 18:28:21,028] tensorflow - Level 1 - Registering RelayoutLike (<function _relayout_grad_gradient at 0x000002292EC5FB00>) in gradient.
[2026-01-25 18:28:21,028] tensorflow - Level 1 - Registering CopyToMesh (<function _copy_to_mesh_gradient at 0x000002292ECD0220>) in gradient.
[2026-01-25 18:28:21,029] tensorflow - Level 1 - Registering CopyToMeshGrad (<function _copy_to_mesh_grad_gradient at 0x000002292ECD0180>) in gradient.
[2026-01-25 18:28:21,051] tensorflow - Level 1 - Registering FakeQuantWithMinMaxArgs (<function _FakeQuantWithMinMaxArgsGradient at 0x000002292ED202C0>) in gradient.
[2026-01-25 18:28:21,053] tensorflow - Level 1 - Registering FakeQuantWithMinMaxVars (<function _FakeQuantWithMinMaxVarsGradient at 0x000002292ED204A0>) in gradient.
[2026-01-25 18:28:21,054] tensorflow - Level 1 - Registering FakeQuantWithMinMaxVarsPerChannel (<function _FakeQuantWithMinMaxVarsPerChannelGradient at 0x000002292ED20A40>) in gradient.
[2026-01-25 18:28:21,054] tensorflow - Level 1 - Registering QuantizeAndDequantizeV4 (<function _QuantizeAndDequantizeV4Grad at 0x000002292ED20AE0>) in gradient.
[2026-01-25 18:28:21,054] tensorflow - Level 1 - Registering QuantizeAndDequantizeV4Grad (<function _QuantizeAndDequantizeV4GradGrad at 0x000002292ED20B80>) in gradient.
[2026-01-25 18:28:21,115] tensorflow - Level 1 - Registering TensorListConcatLists (None) in gradient.
[2026-01-25 18:28:21,117] tensorflow - Level 1 - Registering TensorListElementShape (None) in gradient.
[2026-01-25 18:28:21,117] tensorflow - Level 1 - Registering TensorListLength (None) in gradient.
[2026-01-25 18:28:21,118] tensorflow - Level 1 - Registering TensorListPushBackBatch (None) in gradient.
[2026-01-25 18:28:21,118] tensorflow - Level 1 - Registering TensorListPushBack (<function _PushBackGrad at 0x000002292EEDD440>) in gradient.
[2026-01-25 18:28:21,118] tensorflow - Level 1 - Registering TensorListPopBack (<function _PopBackGrad at 0x000002292EEDD4E0>) in gradient.
[2026-01-25 18:28:21,118] tensorflow - Level 1 - Registering TensorListStack (<function _TensorListStackGrad at 0x000002292EEDD580>) in gradient.
[2026-01-25 18:28:21,119] tensorflow - Level 1 - Registering TensorListConcatV2 (<function _TensorListConcatGrad at 0x000002292EEDD620>) in gradient.
[2026-01-25 18:28:21,119] tensorflow - Level 1 - Registering TensorListConcat (<function _TensorListConcatGrad at 0x000002292EEDD620>) in gradient.
[2026-01-25 18:28:21,119] tensorflow - Level 1 - Registering TensorListSplit (<function _TensorListSplitGrad at 0x000002292EEDD6C0>) in gradient.
[2026-01-25 18:28:21,119] tensorflow - Level 1 - Registering TensorListFromTensor (<function _TensorListFromTensorGrad at 0x000002292EEDD760>) in gradient.
[2026-01-25 18:28:21,120] tensorflow - Level 1 - Registering TensorListGetItem (<function _TensorListGetItemGrad at 0x000002292EEDD800>) in gradient.
[2026-01-25 18:28:21,120] tensorflow - Level 1 - Registering TensorListSetItem (<function _TensorListSetItemGrad at 0x000002292EEDD8A0>) in gradient.
[2026-01-25 18:28:21,120] tensorflow - Level 1 - Registering TensorListResize (<function _TensorListResizeGrad at 0x000002292EEDD940>) in gradient.
[2026-01-25 18:28:21,120] tensorflow - Level 1 - Registering TensorListGather (<function _TensorListGatherGrad at 0x000002292EEDD9E0>) in gradient.
[2026-01-25 18:28:21,121] tensorflow - Level 1 - Registering TensorListScatterV2 (<function _TensorListScatterGrad at 0x000002292EEDDA80>) in gradient.
[2026-01-25 18:28:21,121] tensorflow - Level 1 - Registering TensorListScatter (<function _TensorListScatterGrad at 0x000002292EEDDA80>) in gradient.
[2026-01-25 18:28:21,121] tensorflow - Level 1 - Registering TensorListScatterIntoExistingList (<function _TensorListScatterIntoExistingListGrad at 0x000002292EEDDB20>) in gradient.
[2026-01-25 18:28:21,226] tensorflow - Level 1 - Registering AccumulateNV2 (<function _accumulate_n_grad at 0x000002292F086D40>) in gradient.
[2026-01-25 18:28:21,296] tensorflow - Level 1 - Registering cond_context ((<class 'tensorflow.core.protobuf.control_flow_pb2.CondContextDef'>, <function CondContext.to_proto at 0x000002292F1A5DA0>, <function CondContext.from_proto at 0x000002292F1A5E40>)) in proto functions.
[2026-01-25 18:28:21,300] tensorflow - Level 1 - Registering while_context ((<class 'tensorflow.core.protobuf.control_flow_pb2.WhileContextDef'>, <function WhileContext.to_proto at 0x000002292F1A6C00>, <function WhileContext.from_proto at 0x000002292F1A6D40>)) in proto functions.
[2026-01-25 18:28:21,301] tensorflow - Level 1 - Registering _identity_resolver (<function _identity_resolver at 0x000002292F1ACC20>) in acd_resource_resolvers.
[2026-01-25 18:28:21,432] tensorflow - Level 1 - Registering Assign (None) in gradient.
[2026-01-25 18:28:21,434] tensorflow - Level 1 - Registering AssignAdd (None) in gradient.
[2026-01-25 18:28:21,435] tensorflow - Level 1 - Registering AssignSub (None) in gradient.
[2026-01-25 18:28:21,435] tensorflow - Level 1 - Registering ScatterAdd (None) in gradient.
[2026-01-25 18:28:21,435] tensorflow - Level 1 - Registering ScatterSub (None) in gradient.
[2026-01-25 18:28:21,435] tensorflow - Level 1 - Registering ScatterMul (None) in gradient.
[2026-01-25 18:28:21,437] tensorflow - Level 1 - Registering ScatterDiv (None) in gradient.
[2026-01-25 18:28:21,437] tensorflow - Level 1 - Registering ScatterNdUpdate (None) in gradient.
[2026-01-25 18:28:21,437] tensorflow - Level 1 - Registering ScatterNdAdd (None) in gradient.
[2026-01-25 18:28:21,437] tensorflow - Level 1 - Registering ScatterNdSub (None) in gradient.
[2026-01-25 18:28:21,438] tensorflow - Level 1 - Registering ScatterNdMul (None) in gradient.
[2026-01-25 18:28:21,438] tensorflow - Level 1 - Registering ScatterNdDiv (None) in gradient.
[2026-01-25 18:28:21,463] tensorflow - Level 1 - Registering ReadVariableOp (<function _ReadGrad at 0x000002292F32CAE0>) in gradient.
[2026-01-25 18:28:21,465] tensorflow - Level 1 - Registering ResourceGather (<function _GatherGrad at 0x000002292F32DB20>) in gradient.
[2026-01-25 18:28:21,466] tensorflow - Level 1 - Registering Assert (None) in gradient.
[2026-01-25 18:28:21,466] tensorflow - Level 1 - Registering VarIsInitializedOp (None) in gradient.
[2026-01-25 18:28:21,466] tensorflow - Level 1 - Registering VariableShape (None) in gradient.
[2026-01-25 18:28:21,527] tensorflow - Level 1 - Registering RandomStandardNormal (None) in gradient.
[2026-01-25 18:28:21,530] tensorflow - Level 1 - Registering ParameterizedTruncatedNormal (None) in gradient.
[2026-01-25 18:28:21,530] tensorflow - Level 1 - Registering TruncatedNormal (None) in gradient.
[2026-01-25 18:28:21,531] tensorflow - Level 1 - Registering RandomUniform (None) in gradient.
[2026-01-25 18:28:21,531] tensorflow - Level 1 - Registering RandomShuffle (None) in gradient.
[2026-01-25 18:28:21,532] tensorflow - Level 1 - Registering Multinomial (None) in gradient.
[2026-01-25 18:28:21,629] tensorflow - Level 1 - Registering If (<function _IfGrad at 0x0000022923491300>) in gradient.
[2026-01-25 18:28:21,631] tensorflow - Level 1 - Registering StatelessIf (<function _IfGrad at 0x0000022923491300>) in gradient.
[2026-01-25 18:28:21,632] tensorflow - Level 1 - Registering StatelessCase (<function _CaseGrad at 0x0000022923492A20>) in gradient.
[2026-01-25 18:28:21,632] tensorflow - Level 1 - Registering Case (<function _CaseGrad at 0x0000022923492A20>) in gradient.
[2026-01-25 18:28:21,669] tensorflow - Level 1 - Registering While (<function _WhileGrad at 0x0000022923509300>) in gradient.
[2026-01-25 18:28:21,671] tensorflow - Level 1 - Registering StatelessWhile (<function _WhileGrad at 0x0000022923509300>) in gradient.
[2026-01-25 18:28:21,892] tensorflow - Level 1 - Registering EnsureShape (<function _ensure_shape_grad at 0x000002292FC54AE0>) in gradient.
[2026-01-25 18:28:21,915] tensorflow - Level 1 - Registering RaggedTensorToSparse (<function _ragged_tensor_to_sparse_gradient at 0x000002292FCC8AE0>) in gradient.
[2026-01-25 18:28:21,957] tensorflow - Level 1 - Registering Conv2DBackpropInput (<function _Conv2DBackpropInputGrad at 0x000002292FD5CF40>) in gradient.
[2026-01-25 18:28:21,960] tensorflow - Level 1 - Registering Conv2DBackpropFilter (<function _Conv2DBackpropFilterGrad at 0x000002292FD5D580>) in gradient.
[2026-01-25 18:28:21,960] tensorflow - Level 1 - Registering DepthwiseConv2dNativeBackpropInput (<function _DepthwiseConv2dNativeBackpropInputGrad at 0x000002292FD5DBC0>) in gradient.
[2026-01-25 18:28:21,962] tensorflow - Level 1 - Registering DepthwiseConv2dNativeBackpropFilter (<function _DepthwiseConv2dNativeBackpropFilterGrad at 0x000002292FD5E340>) in gradient.
[2026-01-25 18:28:21,962] tensorflow - Level 1 - Registering Conv3D (<function _Conv3DGrad at 0x000002292FD5E3E0>) in gradient.
[2026-01-25 18:28:21,962] tensorflow - Level 1 - Registering Conv3DBackpropInputV2 (<function _Conv3DBackpropInputGrad at 0x000002292FD5E480>) in gradient.
[2026-01-25 18:28:21,962] tensorflow - Level 1 - Registering Conv3DBackpropFilterV2 (<function _Conv3DBackpropFilterGrad at 0x000002292FD5E520>) in gradient.
[2026-01-25 18:28:21,962] tensorflow - Level 1 - Registering AvgPool3D (<function _AvgPool3DGrad at 0x000002292FD5E5C0>) in gradient.
[2026-01-25 18:28:21,962] tensorflow - Level 1 - Registering AvgPool3DGrad (<function _AvgPool3DGradGrad at 0x000002292FD5E660>) in gradient.
[2026-01-25 18:28:21,963] tensorflow - Level 1 - Registering MaxPool3D (<function _MaxPool3DGrad at 0x000002292FD5E700>) in gradient.
[2026-01-25 18:28:21,963] tensorflow - Level 1 - Registering MaxPool3DGrad (<function _MaxPool3DGradGrad at 0x000002292FD5E7A0>) in gradient.
[2026-01-25 18:28:21,963] tensorflow - Level 1 - Registering MaxPool3DGradGrad (<function _MaxPool3DGradGradGrad at 0x000002292FD5E840>) in gradient.
[2026-01-25 18:28:21,963] tensorflow - Level 1 - Registering Softmax (<function _SoftmaxGrad at 0x000002292FD5E8E0>) in gradient.
[2026-01-25 18:28:21,963] tensorflow - Level 1 - Registering LogSoftmax (<function _LogSoftmaxGrad at 0x000002292FD5E980>) in gradient.
[2026-01-25 18:28:21,963] tensorflow - Level 1 - Registering BiasAdd (<function _BiasAddGrad at 0x000002292FD5EA20>) in gradient.
[2026-01-25 18:28:21,963] tensorflow - Level 1 - Registering BiasAddGrad (<function _BiasAddGradGrad at 0x000002292FD5EAC0>) in gradient.
[2026-01-25 18:28:21,963] tensorflow - Level 1 - Registering BiasAddV1 (<function _BiasAddGradV1 at 0x000002292FD5EB60>) in gradient.
[2026-01-25 18:28:21,963] tensorflow - Level 1 - Registering Relu (<function _ReluGrad at 0x000002292FD5EC00>) in gradient.
[2026-01-25 18:28:21,964] tensorflow - Level 1 - Registering EluGrad (<function _EluGradGrad at 0x000002292FD5ECA0>) in gradient.
[2026-01-25 18:28:21,964] tensorflow - Level 1 - Registering SeluGrad (<function _SeluGradGrad at 0x000002292FD5ED40>) in gradient.
[2026-01-25 18:28:21,964] tensorflow - Level 1 - Registering Relu6 (<function _Relu6Grad at 0x000002292FD5EDE0>) in gradient.
[2026-01-25 18:28:21,964] tensorflow - Level 1 - Registering Relu6Grad (<function _Relu6GradGrad at 0x000002292FD5EE80>) in gradient.
[2026-01-25 18:28:21,965] tensorflow - Level 1 - Registering LeakyRelu (<function _LeakyReluGrad at 0x000002292FD5EF20>) in gradient.
[2026-01-25 18:28:21,965] tensorflow - Level 1 - Registering LeakyReluGrad (<function _LeakyReluGradGrad at 0x000002292FD5EFC0>) in gradient.
[2026-01-25 18:28:21,965] tensorflow - Level 1 - Registering Elu (<function _EluGrad at 0x000002292FD5F060>) in gradient.
[2026-01-25 18:28:21,965] tensorflow - Level 1 - Registering Selu (<function _SeluGrad at 0x000002292FD5F100>) in gradient.
[2026-01-25 18:28:21,965] tensorflow - Level 1 - Registering Softplus (<function _SoftplusGrad at 0x000002292FD5F1A0>) in gradient.
[2026-01-25 18:28:21,965] tensorflow - Level 1 - Registering SoftplusGrad (<function _SoftplusGradGrad at 0x000002292FD5F240>) in gradient.
[2026-01-25 18:28:21,965] tensorflow - Level 1 - Registering Softsign (<function _SoftsignGrad at 0x000002292FD5F2E0>) in gradient.
[2026-01-25 18:28:21,967] tensorflow - Level 1 - Registering ReluGrad (<function _ReluGradGrad at 0x000002292FD5F380>) in gradient.
[2026-01-25 18:28:21,967] tensorflow - Level 1 - Registering SoftmaxCrossEntropyWithLogits (<function _SoftmaxCrossEntropyWithLogitsGrad at 0x000002292FD5F4C0>) in gradient.
[2026-01-25 18:28:21,967] tensorflow - Level 1 - Registering SparseSoftmaxCrossEntropyWithLogits (<function _SparseSoftmaxCrossEntropyWithLogitsGrad at 0x000002292FD5F560>) in gradient.
[2026-01-25 18:28:21,967] tensorflow - Level 1 - Registering Conv2D (<function _Conv2DGrad at 0x000002292FD5F600>) in gradient.
[2026-01-25 18:28:21,967] tensorflow - Level 1 - Registering DepthwiseConv2dNative (<function _DepthwiseConv2dNativeGrad at 0x000002292FD5F6A0>) in gradient.
[2026-01-25 18:28:21,967] tensorflow - Level 1 - Registering Dilation2D (<function _Dilation2DGrad at 0x000002292FD5F740>) in gradient.
[2026-01-25 18:28:21,968] tensorflow - Level 1 - Registering LRN (<function _LRNGrad at 0x000002292FD5F7E0>) in gradient.
[2026-01-25 18:28:21,968] tensorflow - Level 1 - Registering AvgPool (<function _AvgPoolGrad at 0x000002292FD5F880>) in gradient.
[2026-01-25 18:28:21,968] tensorflow - Level 1 - Registering AvgPoolGrad (<function _AvgPoolGradGrad at 0x000002292FD5F920>) in gradient.
[2026-01-25 18:28:21,968] tensorflow - Level 1 - Registering MaxPool (<function _MaxPoolGrad at 0x000002292FD5F9C0>) in gradient.
[2026-01-25 18:28:21,968] tensorflow - Level 1 - Registering MaxPoolV2 (<function _MaxPoolGradV2 at 0x000002292FD5FA60>) in gradient.
[2026-01-25 18:28:21,969] tensorflow - Level 1 - Registering MaxPoolWithArgmax (<function _MaxPoolGradWithArgmax at 0x000002292FD5FB00>) in gradient.
[2026-01-25 18:28:21,969] tensorflow - Level 1 - Registering MaxPoolGrad (<function _MaxPoolGradGrad at 0x000002292FD5FBA0>) in gradient.
[2026-01-25 18:28:21,969] tensorflow - Level 1 - Registering MaxPoolGradV2 (<function _MaxPoolGradGradV2 at 0x000002292FD5FC40>) in gradient.
[2026-01-25 18:28:21,969] tensorflow - Level 1 - Registering MaxPoolGradGrad (<function _MaxPoolGradGradGrad at 0x000002292FD5FCE0>) in gradient.
[2026-01-25 18:28:21,969] tensorflow - Level 1 - Registering FractionalMaxPool (<function _FractionalMaxPoolGrad at 0x000002292FD5FD80>) in gradient.
[2026-01-25 18:28:21,970] tensorflow - Level 1 - Registering FractionalAvgPool (<function _FractionalAvgPoolGrad at 0x000002292FD5FE20>) in gradient.
[2026-01-25 18:28:21,970] tensorflow - Level 1 - Registering BatchNormWithGlobalNormalization (<function _BatchNormWithGlobalNormalizationGrad at 0x000002292FD5FEC0>) in gradient.
[2026-01-25 18:28:21,970] tensorflow - Level 1 - Registering FusedBatchNorm (<function _FusedBatchNormGrad at 0x000002292FD94040>) in gradient.
[2026-01-25 18:28:21,970] tensorflow - Level 1 - Registering FusedBatchNormV2 (<function _FusedBatchNormV2Grad at 0x000002292FD940E0>) in gradient.
[2026-01-25 18:28:21,970] tensorflow - Level 1 - Registering FusedBatchNormV3 (<function _FusedBatchNormV3Grad at 0x000002292FD94180>) in gradient.
[2026-01-25 18:28:21,971] tensorflow - Level 1 - Registering L2Loss (<function _L2LossGrad at 0x000002292FD94220>) in gradient.
[2026-01-25 18:28:21,971] tensorflow - Level 1 - Registering TopKV2 (<function _TopKGrad at 0x000002292FD942C0>) in gradient.
[2026-01-25 18:28:21,971] tensorflow - Level 1 - Registering TopK (<function _TopKGrad at 0x000002292FD942C0>) in gradient.
[2026-01-25 18:28:21,971] tensorflow - Level 1 - Registering ApproxTopK (<function _ApproxTopKGradient at 0x000002292FD94360>) in gradient.
[2026-01-25 18:28:21,971] tensorflow - Level 1 - Registering NthElement (<function _NthElementGrad at 0x000002292FD94400>) in gradient.
[2026-01-25 18:28:21,972] tensorflow - Level 1 - Registering IsotonicRegression (<function _IsotonicRegressionGrad at 0x000002292FD94540>) in gradient.
[2026-01-25 18:28:21,988] tensorflow - Level 1 - Registering BitwiseAnd (None) in gradient.
[2026-01-25 18:28:21,990] tensorflow - Level 1 - Registering BitwiseOr (None) in gradient.
[2026-01-25 18:28:21,991] tensorflow - Level 1 - Registering BitwiseXor (None) in gradient.
[2026-01-25 18:28:21,991] tensorflow - Level 1 - Registering Invert (None) in gradient.
[2026-01-25 18:28:21,991] tensorflow - Level 1 - Registering PopulationCount (None) in gradient.
[2026-01-25 18:28:21,991] tensorflow - Level 1 - Registering LeftShift (None) in gradient.
[2026-01-25 18:28:21,991] tensorflow - Level 1 - Registering RightShift (None) in gradient.
[2026-01-25 18:28:21,991] tensorflow - Level 1 - Registering StatelessMultinomial (None) in gradient.
[2026-01-25 18:28:21,994] tensorflow - Level 1 - Registering StatelessRandomBinomial (None) in gradient.
[2026-01-25 18:28:21,994] tensorflow - Level 1 - Registering StatelessRandomNormal (None) in gradient.
[2026-01-25 18:28:21,995] tensorflow - Level 1 - Registering StatelessRandomPoisson (None) in gradient.
[2026-01-25 18:28:21,995] tensorflow - Level 1 - Registering StatelessRandomUniform (None) in gradient.
[2026-01-25 18:28:21,995] tensorflow - Level 1 - Registering StatelessRandomUniformInt (None) in gradient.
[2026-01-25 18:28:21,995] tensorflow - Level 1 - Registering StatelessRandomUniformFullInt (None) in gradient.
[2026-01-25 18:28:21,995] tensorflow - Level 1 - Registering StatelessTruncatedNormal (None) in gradient.
[2026-01-25 18:28:21,995] tensorflow - Level 1 - Registering StatelessRandomNormalV2 (None) in gradient.
[2026-01-25 18:28:21,996] tensorflow - Level 1 - Registering StatelessRandomUniformV2 (None) in gradient.
[2026-01-25 18:28:21,996] tensorflow - Level 1 - Registering StatelessRandomUniformIntV2 (None) in gradient.
[2026-01-25 18:28:21,996] tensorflow - Level 1 - Registering StatelessRandomUniformFullIntV2 (None) in gradient.
[2026-01-25 18:28:21,997] tensorflow - Level 1 - Registering StatelessTruncatedNormalV2 (None) in gradient.
[2026-01-25 18:28:21,997] tensorflow - Level 1 - Registering StatelessRandomShuffle (None) in gradient.
[2026-01-25 18:28:21,997] tensorflow - Level 1 - Registering RandomIndexShuffle (None) in gradient.
[2026-01-25 18:28:22,017] tensorflow - Level 1 - Registering Conv3D,flops (<function _calc_conv3d_flops at 0x000002292FE12CA0>) in statistical functions.
[2026-01-25 18:28:22,021] tensorflow - Level 1 - Registering Conv2D,flops (<function _calc_conv_flops at 0x000002292FE12E80>) in statistical functions.
[2026-01-25 18:28:22,021] tensorflow - Level 1 - Registering DepthwiseConv2dNative,flops (<function _calc_depthwise_conv_flops at 0x000002292FE13420>) in statistical functions.
[2026-01-25 18:28:22,021] tensorflow - Level 1 - Registering BiasAdd,flops (<function _calc_bias_add_flops at 0x000002292FE134C0>) in statistical functions.
[2026-01-25 18:28:22,026] tensorflow - Level 1 - Registering Dilation2D,flops (<function _calc_dilation2d_flops at 0x000002292FEB4FE0>) in statistical functions.
[2026-01-25 18:28:22,046] tensorflow - Level 1 - Registering CompositeTensorVariantFromComponents (<function _composite_tensor_to_variants_grad at 0x000002292FF16020>) in gradient.
[2026-01-25 18:28:22,048] tensorflow - Level 1 - Registering CompositeTensorVariantToComponents (<function _composite_tensor_from_variant_grad at 0x000002292FF160C0>) in gradient.
[2026-01-25 18:28:22,075] tensorflow - Level 1 - Registering RaggedRange (None) in gradient.
[2026-01-25 18:28:22,091] tensorflow - Level 1 - Registering RaggedFillEmptyRows (<function _ragged_fill_empty_rows_grad at 0x000002292FF7AFC0>) in gradient.
[2026-01-25 18:28:22,104] tensorflow - Level 1 - Registering RaggedGather (<function _ragged_gather_grad at 0x000002292FFA0EA0>) in gradient.
[2026-01-25 18:28:22,119] tensorflow - Level 1 - Registering RegexReplace (None) in gradient.
[2026-01-25 18:28:22,121] tensorflow - Level 1 - Registering StringToHashBucket (None) in gradient.
[2026-01-25 18:28:22,121] tensorflow - Level 1 - Registering StringToHashBucketFast (None) in gradient.
[2026-01-25 18:28:22,121] tensorflow - Level 1 - Registering StringToHashBucketStrong (None) in gradient.
[2026-01-25 18:28:22,121] tensorflow - Level 1 - Registering ReduceJoin (None) in gradient.
[2026-01-25 18:28:22,121] tensorflow - Level 1 - Registering StringJoin (None) in gradient.
[2026-01-25 18:28:22,121] tensorflow - Level 1 - Registering StringSplit (None) in gradient.
[2026-01-25 18:28:22,121] tensorflow - Level 1 - Registering AsString (None) in gradient.
[2026-01-25 18:28:22,122] tensorflow - Level 1 - Registering EncodeBase64 (None) in gradient.
[2026-01-25 18:28:22,122] tensorflow - Level 1 - Registering DecodeBase64 (None) in gradient.
[2026-01-25 18:28:22,125] tensorflow - Level 1 - Registering Print (<function _PrintGrad at 0x000002292FFA3B00>) in gradient.
[2026-01-25 18:28:22,129] tensorflow - Level 1 - Registering HistogramSummary (None) in gradient.
[2026-01-25 18:28:22,129] tensorflow - Level 1 - Registering ImageSummary (None) in gradient.
[2026-01-25 18:28:22,129] tensorflow - Level 1 - Registering AudioSummary (None) in gradient.
[2026-01-25 18:28:22,129] tensorflow - Level 1 - Registering AudioSummaryV2 (None) in gradient.
[2026-01-25 18:28:22,129] tensorflow - Level 1 - Registering MergeSummary (None) in gradient.
[2026-01-25 18:28:22,129] tensorflow - Level 1 - Registering ScalarSummary (None) in gradient.
[2026-01-25 18:28:22,129] tensorflow - Level 1 - Registering TensorSummary (None) in gradient.
[2026-01-25 18:28:22,130] tensorflow - Level 1 - Registering TensorSummaryV2 (None) in gradient.
[2026-01-25 18:28:22,130] tensorflow - Level 1 - Registering Timestamp (None) in gradient.
[2026-01-25 18:28:22,186] tensorflow - Level 1 - Registering XlaEinsum (<function _einsum_grad at 0x0000022930066B60>) in gradient.
[2026-01-25 18:28:22,202] tensorflow - Level 1 - Registering RaggedTensorToTensor (<function _ragged_tensor_to_tensor_grad at 0x0000022930093B00>) in gradient.
[2026-01-25 18:28:22,204] tensorflow - Level 1 - Registering RaggedTensorFromVariant (<function _ragged_tensor_from_variant_grad at 0x0000022930093D80>) in gradient.
[2026-01-25 18:28:22,205] tensorflow - Level 1 - Registering RaggedTensorToVariant (<function _ragged_tensor_to_variant_grad at 0x0000022930093E20>) in gradient.
[2026-01-25 18:28:22,211] tensorflow - Level 1 - Registering ClipByValue (<function _clip_by_value_grad at 0x00000229300B4540>) in gradient.
[2026-01-25 18:28:22,217] tensorflow - Level 1 - Registering DynamicPartition (<function _DynamicPartitionGrads at 0x00000229300B4F40>) in gradient.
[2026-01-25 18:28:22,218] tensorflow - Level 1 - Registering ParallelDynamicStitch (<function _DynamicStitchGrads at 0x00000229300B5260>) in gradient.
[2026-01-25 18:28:22,218] tensorflow - Level 1 - Registering DynamicStitch (<function _DynamicStitchGrads at 0x00000229300B5260>) in gradient.
[2026-01-25 18:28:22,218] tensorflow - Level 1 - Registering Queue (None) in gradient.
[2026-01-25 18:28:22,218] tensorflow - Level 1 - Registering QueueEnqueue (None) in gradient.
[2026-01-25 18:28:22,218] tensorflow - Level 1 - Registering QueueEnqueueMany (None) in gradient.
[2026-01-25 18:28:22,220] tensorflow - Level 1 - Registering QueueDequeue (None) in gradient.
[2026-01-25 18:28:22,220] tensorflow - Level 1 - Registering QueueDequeueMany (None) in gradient.
[2026-01-25 18:28:22,220] tensorflow - Level 1 - Registering QueueDequeueUpTo (None) in gradient.
[2026-01-25 18:28:22,220] tensorflow - Level 1 - Registering QueueClose (None) in gradient.
[2026-01-25 18:28:22,220] tensorflow - Level 1 - Registering QueueSize (None) in gradient.
[2026-01-25 18:28:22,220] tensorflow - Level 1 - Registering Stack (None) in gradient.
[2026-01-25 18:28:22,221] tensorflow - Level 1 - Registering StackPush (None) in gradient.
[2026-01-25 18:28:22,221] tensorflow - Level 1 - Registering StackPop (None) in gradient.
[2026-01-25 18:28:22,221] tensorflow - Level 1 - Registering StackClose (None) in gradient.
[2026-01-25 18:28:22,221] tensorflow - Level 1 - Registering GetSessionHandle (None) in gradient.
[2026-01-25 18:28:22,221] tensorflow - Level 1 - Registering GetSessionHandleV2 (None) in gradient.
[2026-01-25 18:28:22,221] tensorflow - Level 1 - Registering GetSessionTensor (None) in gradient.
[2026-01-25 18:28:22,223] tensorflow - Level 1 - Registering DeleteSessionTensor (None) in gradient.
[2026-01-25 18:28:22,308] tensorflow - Level 1 - Registering TPUReplicatedInput (None) in gradient.
[2026-01-25 18:28:22,311] tensorflow - Level 1 - Registering AllToAll (<function _all_to_all_grad at 0x0000022930203560>) in gradient.
[2026-01-25 18:28:22,311] tensorflow - Level 1 - Registering CollectivePermute (<function _collective_permute_grad at 0x0000022930203740>) in gradient.
[2026-01-25 18:28:22,312] tensorflow - Level 1 - Registering CrossReplicaSum (<function _cross_replica_sum_grad at 0x00000229302037E0>) in gradient.
[2026-01-25 18:28:22,312] tensorflow - Level 1 - Registering TPUEmbeddingActivations (<function _embedding_activations_grad at 0x0000022930203880>) in gradient.
[2026-01-25 18:28:22,356] tensorflow - Level 1 - Registering XlaClusterOutput (<function _XlaClusterOutputGrad at 0x0000022930256A20>) in gradient.
[2026-01-25 18:28:22,361] tensorflow - Level 1 - Registering Pack (<function _PackGrad at 0x0000022930256FC0>) in gradient.
[2026-01-25 18:28:22,364] tensorflow - Level 1 - Registering Unpack (<function _UnpackGrad at 0x0000022930257100>) in gradient.
[2026-01-25 18:28:22,364] tensorflow - Level 1 - Registering Concat (<function _ConcatGrad at 0x00000229302572E0>) in gradient.
[2026-01-25 18:28:22,364] tensorflow - Level 1 - Registering ConcatV2 (<function _ConcatGradV2 at 0x0000022930257380>) in gradient.
[2026-01-25 18:28:22,365] tensorflow - Level 1 - Registering ConcatOffset (None) in gradient.
[2026-01-25 18:28:22,365] tensorflow - Level 1 - Registering Slice (<function _SliceGrad at 0x0000022930257420>) in gradient.
[2026-01-25 18:28:22,366] tensorflow - Level 1 - Registering StridedSlice (<function _StridedSliceGrad at 0x0000022930257600>) in gradient.
[2026-01-25 18:28:22,366] tensorflow - Level 1 - Registering StridedSliceGrad (<function _StridedSliceGradGrad at 0x00000229302576A0>) in gradient.
[2026-01-25 18:28:22,366] tensorflow - Level 1 - Registering TensorStridedSliceUpdate (<function _TensorStridedSliceUpdateGrad at 0x0000022930257740>) in gradient.
[2026-01-25 18:28:22,367] tensorflow - Level 1 - Registering Split (<function _SplitGrad at 0x00000229302577E0>) in gradient.
[2026-01-25 18:28:22,367] tensorflow - Level 1 - Registering SplitV (<function _SplitVGrad at 0x0000022930257880>) in gradient.
[2026-01-25 18:28:22,367] tensorflow - Level 1 - Registering Const (None) in gradient.
[2026-01-25 18:28:22,367] tensorflow - Level 1 - Registering Diag (<function _DiagGrad at 0x0000022930257920>) in gradient.
[2026-01-25 18:28:22,367] tensorflow - Level 1 - Registering DiagPart (<function _DiagPartGrad at 0x00000229302579C0>) in gradient.
[2026-01-25 18:28:22,368] tensorflow - Level 1 - Registering MatrixDiag (<function _MatrixDiagGrad at 0x0000022930257A60>) in gradient.
[2026-01-25 18:28:22,368] tensorflow - Level 1 - Registering MatrixDiagV2 (<function _MatrixDiagV2Grad at 0x0000022930257B00>) in gradient.
[2026-01-25 18:28:22,368] tensorflow - Level 1 - Registering MatrixDiagV3 (<function _MatrixDiagV3Grad at 0x0000022930257BA0>) in gradient.
[2026-01-25 18:28:22,368] tensorflow - Level 1 - Registering MatrixDiagPart (<function _MatrixDiagPartGrad at 0x0000022930257C40>) in gradient.
[2026-01-25 18:28:22,368] tensorflow - Level 1 - Registering MatrixDiagPartV2 (<function _MatrixDiagPartV2Grad at 0x0000022930257CE0>) in gradient.
[2026-01-25 18:28:22,368] tensorflow - Level 1 - Registering MatrixDiagPartV3 (<function _MatrixDiagPartV3Grad at 0x0000022930257D80>) in gradient.
[2026-01-25 18:28:22,368] tensorflow - Level 1 - Registering MatrixSetDiag (<function _MatrixSetDiagGrad at 0x0000022930257E20>) in gradient.
[2026-01-25 18:28:22,368] tensorflow - Level 1 - Registering MatrixSetDiagV2 (<function _MatrixSetDiagGradV2 at 0x0000022930257EC0>) in gradient.
[2026-01-25 18:28:22,370] tensorflow - Level 1 - Registering MatrixSetDiagV3 (<function _MatrixSetDiagGradV3 at 0x0000022930257F60>) in gradient.
[2026-01-25 18:28:22,371] tensorflow - Level 1 - Registering MatrixBandPart (<function _MatrixBandPartGrad at 0x00000229302C0040>) in gradient.
[2026-01-25 18:28:22,371] tensorflow - Level 1 - Registering EditDistance (None) in gradient.
[2026-01-25 18:28:22,371] tensorflow - Level 1 - Registering Fill (<function _FillGrad at 0x00000229302C00E0>) in gradient.
[2026-01-25 18:28:22,371] tensorflow - Level 1 - Registering ZerosLike (None) in gradient.
[2026-01-25 18:28:22,372] tensorflow - Level 1 - Registering OnesLike (None) in gradient.
[2026-01-25 18:28:22,372] tensorflow - Level 1 - Registering PreventGradient (<function _PreventGradientGrad at 0x00000229302C0180>) in gradient.
[2026-01-25 18:28:22,372] tensorflow - Level 1 - Registering Gather (<function _GatherGrad at 0x00000229302C02C0>) in gradient.
[2026-01-25 18:28:22,372] tensorflow - Level 1 - Registering GatherV2 (<function _GatherV2Grad at 0x00000229302C04A0>) in gradient.
[2026-01-25 18:28:22,372] tensorflow - Level 1 - Registering GatherNd (<function _GatherNdGrad at 0x00000229302C0540>) in gradient.
[2026-01-25 18:28:22,372] tensorflow - Level 1 - Registering ResourceGatherNd (<function _ResourceGatherNdGrad at 0x00000229302C05E0>) in gradient.
[2026-01-25 18:28:22,372] tensorflow - Level 1 - Registering CheckNumerics (<function _CheckNumericsGrad at 0x00000229302C0680>) in gradient.
[2026-01-25 18:28:22,372] tensorflow - Level 1 - Registering CheckNumericsV2 (<function _CheckNumericsV2Grad at 0x00000229302C0720>) in gradient.
[2026-01-25 18:28:22,372] tensorflow - Level 1 - Registering Identity (<function _IdGrad at 0x00000229302C07C0>) in gradient.
[2026-01-25 18:28:22,374] tensorflow - Level 1 - Registering PlaceholderWithDefault (<function _IdGrad at 0x00000229302C07C0>) in gradient.
[2026-01-25 18:28:22,374] tensorflow - Level 1 - Registering _EagerConst (<function _EagerConstGrad at 0x00000229302C0860>) in gradient.
[2026-01-25 18:28:22,374] tensorflow - Level 1 - Registering RefIdentity (<function _RefIdGrad at 0x00000229302C0900>) in gradient.
[2026-01-25 18:28:22,374] tensorflow - Level 1 - Registering IdentityN (<function _IdNGrad at 0x00000229302C09A0>) in gradient.
[2026-01-25 18:28:22,375] tensorflow - Level 1 - Registering StopGradient (None) in gradient.
[2026-01-25 18:28:22,375] tensorflow - Level 1 - Registering Reshape (<function _ReshapeGrad at 0x00000229302C0A40>) in gradient.
[2026-01-25 18:28:22,375] tensorflow - Level 1 - Registering InvertPermutation (None) in gradient.
[2026-01-25 18:28:22,375] tensorflow - Level 1 - Registering ExpandDims (<function _ExpandDimsGrad at 0x00000229302C0B80>) in gradient.
[2026-01-25 18:28:22,375] tensorflow - Level 1 - Registering Squeeze (<function _SqueezeGrad at 0x00000229302C0C20>) in gradient.
[2026-01-25 18:28:22,375] tensorflow - Level 1 - Registering Transpose (<function _TransposeGrad at 0x00000229302C0CC0>) in gradient.
[2026-01-25 18:28:22,375] tensorflow - Level 1 - Registering ConjugateTranspose (<function _ConjugateTransposeGrad at 0x00000229302C0D60>) in gradient.
[2026-01-25 18:28:22,375] tensorflow - Level 1 - Registering Shape (None) in gradient.
[2026-01-25 18:28:22,376] tensorflow - Level 1 - Registering ShapeN (None) in gradient.
[2026-01-25 18:28:22,377] tensorflow - Level 1 - Registering Rank (None) in gradient.
[2026-01-25 18:28:22,377] tensorflow - Level 1 - Registering Size (None) in gradient.
[2026-01-25 18:28:22,377] tensorflow - Level 1 - Registering Tile (<function _TileGrad at 0x00000229302C0E00>) in gradient.
[2026-01-25 18:28:22,378] tensorflow - Level 1 - Registering BroadcastGradientArgs (None) in gradient.
[2026-01-25 18:28:22,378] tensorflow - Level 1 - Registering Pad (<function _PadGrad at 0x00000229302C0EA0>) in gradient.
[2026-01-25 18:28:22,379] tensorflow - Level 1 - Registering PadV2 (<function _PadGrad at 0x00000229302C0EA0>) in gradient.
[2026-01-25 18:28:22,379] tensorflow - Level 1 - Registering ReverseSequence (<function _ReverseSequenceGrad at 0x00000229302C0F40>) in gradient.
[2026-01-25 18:28:22,379] tensorflow - Level 1 - Registering Reverse (<function _ReverseGrad at 0x00000229302C0FE0>) in gradient.
[2026-01-25 18:28:22,380] tensorflow - Level 1 - Registering ReverseV2 (<function _ReverseV2Grad at 0x00000229302C1080>) in gradient.
[2026-01-25 18:28:22,380] tensorflow - Level 1 - Registering SpaceToBatch (<function _SpaceToBatchGrad at 0x00000229302C1120>) in gradient.
[2026-01-25 18:28:22,380] tensorflow - Level 1 - Registering SpaceToBatchND (<function _SpaceToBatchNDGrad at 0x00000229302C11C0>) in gradient.
[2026-01-25 18:28:22,381] tensorflow - Level 1 - Registering BatchToSpace (<function _BatchToSpaceGrad at 0x00000229302C1260>) in gradient.
[2026-01-25 18:28:22,381] tensorflow - Level 1 - Registering BatchToSpaceND (<function _BatchToSpaceNDGrad at 0x00000229302C1300>) in gradient.
[2026-01-25 18:28:22,381] tensorflow - Level 1 - Registering SpaceToDepth (<function _SpaceToDepthGrad at 0x00000229302C13A0>) in gradient.
[2026-01-25 18:28:22,381] tensorflow - Level 1 - Registering DepthToSpace (<function _DepthToSpaceGrad at 0x00000229302C1440>) in gradient.
[2026-01-25 18:28:22,381] tensorflow - Level 1 - Registering OneHot (None) in gradient.
[2026-01-25 18:28:22,382] tensorflow - Level 1 - Registering MirrorPad (<function _MirrorPadGrad at 0x00000229302C14E0>) in gradient.
[2026-01-25 18:28:22,382] tensorflow - Level 1 - Registering MirrorPadGrad (<function _MirrorPadGradGrad at 0x00000229302C1580>) in gradient.
[2026-01-25 18:28:22,382] tensorflow - Level 1 - Registering FakeQuantWithMinMaxArgsGradient (None) in gradient.
[2026-01-25 18:28:22,382] tensorflow - Level 1 - Registering FakeQuantWithMinMaxVarsGradient (None) in gradient.
[2026-01-25 18:28:22,383] tensorflow - Level 1 - Registering FakeQuantWithMinMaxVarsPerChannelGradient (None) in gradient.
[2026-01-25 18:28:22,383] tensorflow - Level 1 - Registering QuantizeAndDequantize (<function _QuantizeAndDequantizeGrad at 0x00000229302C1620>) in gradient.
[2026-01-25 18:28:22,383] tensorflow - Level 1 - Registering QuantizeAndDequantizeV2 (<function _QuantizeAndDequantizeV2Grad at 0x00000229302C1760>) in gradient.
[2026-01-25 18:28:22,383] tensorflow - Level 1 - Registering QuantizeAndDequantizeV3 (<function _QuantizeAndDequantizeV3Grad at 0x00000229302C1800>) in gradient.
[2026-01-25 18:28:22,383] tensorflow - Level 1 - Registering ExtractImagePatches (<function _ExtractImagePatchesGrad at 0x00000229302C16C0>) in gradient.
[2026-01-25 18:28:22,384] tensorflow - Level 1 - Registering ExtractVolumePatches (<function _ExtractVolumePatchesGrad at 0x00000229302C18A0>) in gradient.
[2026-01-25 18:28:22,384] tensorflow - Level 1 - Registering ScatterNd (<function _ScatterNdGrad at 0x00000229302C1940>) in gradient.
[2026-01-25 18:28:22,384] tensorflow - Level 1 - Registering TensorScatterUpdate (<function _TensorScatterUpdateGrad at 0x00000229302C19E0>) in gradient.
[2026-01-25 18:28:22,384] tensorflow - Level 1 - Registering TensorScatterAdd (<function _TensorScatterAddGrad at 0x00000229302C1A80>) in gradient.
[2026-01-25 18:28:22,384] tensorflow - Level 1 - Registering TensorScatterMax (<function _TensorScatterMaxGrad at 0x00000229302C1BC0>) in gradient.
[2026-01-25 18:28:22,384] tensorflow - Level 1 - Registering TensorScatterMin (<function _TensorScatterMinGrad at 0x00000229302C1C60>) in gradient.
[2026-01-25 18:28:22,385] tensorflow - Level 1 - Registering TensorScatterSub (<function _TensorScatterSubGrad at 0x00000229302C1D00>) in gradient.
[2026-01-25 18:28:22,385] tensorflow - Level 1 - Registering ScatterNdNonAliasingAdd (<function _ScatterNdNonAliasingAddGrad at 0x00000229302C1DA0>) in gradient.
[2026-01-25 18:28:22,385] tensorflow - Level 1 - Registering BroadcastTo (<function _BroadcastToGrad at 0x00000229302C1E40>) in gradient.
[2026-01-25 18:28:22,387] tensorflow - Level 1 - Registering Switch (<function _SwitchGrad at 0x00000229302C2020>) in gradient.
[2026-01-25 18:28:22,389] tensorflow - Level 1 - Registering RefSwitch (<function _SwitchGrad at 0x00000229302C2020>) in gradient.
[2026-01-25 18:28:22,390] tensorflow - Level 1 - Registering Merge (<function _MergeGrad at 0x00000229302C20C0>) in gradient.
[2026-01-25 18:28:22,390] tensorflow - Level 1 - Registering RefMerge (<function _RefMergeGrad at 0x00000229302C2200>) in gradient.
[2026-01-25 18:28:22,390] tensorflow - Level 1 - Registering Exit (<function _ExitGrad at 0x00000229302C2160>) in gradient.
[2026-01-25 18:28:22,391] tensorflow - Level 1 - Registering RefExit (<function _ExitGrad at 0x00000229302C2160>) in gradient.
[2026-01-25 18:28:22,391] tensorflow - Level 1 - Registering NextIteration (<function _NextIterationGrad at 0x00000229302C22A0>) in gradient.
[2026-01-25 18:28:22,391] tensorflow - Level 1 - Registering RefNextIteration (<function _RefNextIterationGrad at 0x00000229302C2340>) in gradient.
[2026-01-25 18:28:22,391] tensorflow - Level 1 - Registering Enter (<function _EnterGrad at 0x00000229302C23E0>) in gradient.
[2026-01-25 18:28:22,391] tensorflow - Level 1 - Registering RefEnter (<function _RefEnterGrad at 0x00000229302C2480>) in gradient.
[2026-01-25 18:28:22,391] tensorflow - Level 1 - Registering LoopCond (<function _LoopCondGrad at 0x00000229302C2520>) in gradient.
[2026-01-25 18:28:22,403] tensorflow - Level 1 - Registering CudnnRNN (<function _cudnn_rnn_backward at 0x00000229302C2660>) in gradient.
[2026-01-25 18:28:22,405] tensorflow - Level 1 - Registering CudnnRNNV2 (<function _cudnn_rnn_backward_v2 at 0x00000229302C2840>) in gradient.
[2026-01-25 18:28:22,406] tensorflow - Level 1 - Registering CudnnRNNV3 (<function _cudnn_rnn_backwardv3 at 0x00000229302DE980>) in gradient.
[2026-01-25 18:28:22,409] tensorflow - Level 1 - Registering ResizeNearestNeighbor (<function _ResizeNearestNeighborGrad at 0x00000229302DE8E0>) in gradient.
[2026-01-25 18:28:22,411] tensorflow - Level 1 - Registering ResizeBilinear (<function _ResizeBilinearGrad at 0x00000229302DEA20>) in gradient.
[2026-01-25 18:28:22,411] tensorflow - Level 1 - Registering ResizeBilinearGrad (None) in gradient.
[2026-01-25 18:28:22,412] tensorflow - Level 1 - Registering ScaleAndTranslate (<function _ScaleAndTranslateGrad at 0x00000229302DEC00>) in gradient.
[2026-01-25 18:28:22,412] tensorflow - Level 1 - Registering ResizeBicubic (<function _ResizeBicubicGrad at 0x00000229302DEB60>) in gradient.
[2026-01-25 18:28:22,412] tensorflow - Level 1 - Registering CropAndResize (<function _CropAndResizeGrad at 0x00000229302DECA0>) in gradient.
[2026-01-25 18:28:22,412] tensorflow - Level 1 - Registering RGBToHSV (<function _RGBToHSVGrad at 0x00000229302DEDE0>) in gradient.
[2026-01-25 18:28:22,423] tensorflow - Level 1 - Registering ReaderRead (None) in gradient.
[2026-01-25 18:28:22,425] tensorflow - Level 1 - Registering ReaderReadUpTo (None) in gradient.
[2026-01-25 18:28:22,425] tensorflow - Level 1 - Registering ReaderNumRecordsProduced (None) in gradient.
[2026-01-25 18:28:22,425] tensorflow - Level 1 - Registering ReaderNumWorkUnitsCompleted (None) in gradient.
[2026-01-25 18:28:22,426] tensorflow - Level 1 - Registering ReaderSerializeState (None) in gradient.
[2026-01-25 18:28:22,426] tensorflow - Level 1 - Registering ReaderRestoreState (None) in gradient.
[2026-01-25 18:28:22,426] tensorflow - Level 1 - Registering ReaderReset (None) in gradient.
[2026-01-25 18:28:22,428] tensorflow - Level 1 - Registering WholeFileReader (None) in gradient.
[2026-01-25 18:28:22,428] tensorflow - Level 1 - Registering TextLineReader (None) in gradient.
[2026-01-25 18:28:22,428] tensorflow - Level 1 - Registering FixedLengthRecordReader (None) in gradient.
[2026-01-25 18:28:22,430] tensorflow - Level 1 - Registering TFRecordReader (None) in gradient.
[2026-01-25 18:28:22,431] tensorflow - Level 1 - Registering LMDBReader (None) in gradient.
[2026-01-25 18:28:22,431] tensorflow - Level 1 - Registering IdentityReader (None) in gradient.
[2026-01-25 18:28:22,442] tensorflow - Level 1 - Registering MatrixInverse (<function _MatrixInverseGrad at 0x00000229302DEE80>) in gradient.
[2026-01-25 18:28:22,444] tensorflow - Level 1 - Registering Einsum (<function _EinsumGrad at 0x0000022930358540>) in gradient.
[2026-01-25 18:28:22,445] tensorflow - Level 1 - Registering MatrixDeterminant (<function _MatrixDeterminantGrad at 0x000002293035A980>) in gradient.
[2026-01-25 18:28:22,445] tensorflow - Level 1 - Registering MatrixSquareRoot (<function _MatrixSquareRootGrad at 0x000002293035AAC0>) in gradient.
[2026-01-25 18:28:22,445] tensorflow - Level 1 - Registering LogMatrixDeterminant (<function _LogMatrixDeterminantGrad at 0x000002293035AB60>) in gradient.
[2026-01-25 18:28:22,446] tensorflow - Level 1 - Registering Cholesky (<function _CholeskyGrad at 0x000002293035AC00>) in gradient.
[2026-01-25 18:28:22,446] tensorflow - Level 1 - Registering Qr (<function _QrGrad at 0x000002293035ACA0>) in gradient.
[2026-01-25 18:28:22,446] tensorflow - Level 1 - Registering MatrixSolve (<function _MatrixSolveGrad at 0x000002293035AD40>) in gradient.
[2026-01-25 18:28:22,446] tensorflow - Level 1 - Registering MatrixSolveLs (<function _MatrixSolveLsGrad at 0x000002293035ADE0>) in gradient.
[2026-01-25 18:28:22,447] tensorflow - Level 1 - Registering BandedTriangularSolve (<function _BandedTriangularSolveGrad at 0x000002293035AE80>) in gradient.
[2026-01-25 18:28:22,447] tensorflow - Level 1 - Registering MatrixTriangularSolve (<function _MatrixTriangularSolveGrad at 0x000002293035AF20>) in gradient.
[2026-01-25 18:28:22,447] tensorflow - Level 1 - Registering Eig (<function _EigGrad at 0x000002293035B060>) in gradient.
[2026-01-25 18:28:22,447] tensorflow - Level 1 - Registering SelfAdjointEigV2 (<function _SelfAdjointEigV2Grad at 0x000002293035B100>) in gradient.
[2026-01-25 18:28:22,447] tensorflow - Level 1 - Registering Svd (<function _SvdGrad at 0x000002293035B1A0>) in gradient.
[2026-01-25 18:28:22,448] tensorflow - Level 1 - Registering TridiagonalMatMul (<function _TridiagonalMatMulGrad at 0x000002293035B380>) in gradient.
[2026-01-25 18:28:22,448] tensorflow - Level 1 - Registering TridiagonalSolve (<function _TridiagonalSolveGrad at 0x000002293035B420>) in gradient.
[2026-01-25 18:28:22,450] tensorflow - Level 1 - Registering LookupTableFind (None) in gradient.
[2026-01-25 18:28:22,452] tensorflow - Level 1 - Registering LookupTableFindV2 (None) in gradient.
[2026-01-25 18:28:22,452] tensorflow - Level 1 - Registering LookupTableInsert (None) in gradient.
[2026-01-25 18:28:22,453] tensorflow - Level 1 - Registering LookupTableInsertV2 (None) in gradient.
[2026-01-25 18:28:22,453] tensorflow - Level 1 - Registering LookupTableSize (None) in gradient.
[2026-01-25 18:28:22,453] tensorflow - Level 1 - Registering LookupTableSizeV2 (None) in gradient.
[2026-01-25 18:28:22,453] tensorflow - Level 1 - Registering HashTable (None) in gradient.
[2026-01-25 18:28:22,453] tensorflow - Level 1 - Registering HashTableV2 (None) in gradient.
[2026-01-25 18:28:22,453] tensorflow - Level 1 - Registering InitializeTable (None) in gradient.
[2026-01-25 18:28:22,454] tensorflow - Level 1 - Registering InitializeTableV2 (None) in gradient.
[2026-01-25 18:28:22,454] tensorflow - Level 1 - Registering InitializeTableFromTextFile (None) in gradient.
[2026-01-25 18:28:22,454] tensorflow - Level 1 - Registering InitializeTableFromTextFileV2 (None) in gradient.
[2026-01-25 18:28:22,454] tensorflow - Level 1 - Registering MutableDenseHashTable (None) in gradient.
[2026-01-25 18:28:22,454] tensorflow - Level 1 - Registering MutableDenseHashTableV2 (None) in gradient.
[2026-01-25 18:28:22,455] tensorflow - Level 1 - Registering MutableHashTable (None) in gradient.
[2026-01-25 18:28:22,455] tensorflow - Level 1 - Registering MutableHashTableV2 (None) in gradient.
[2026-01-25 18:28:22,455] tensorflow - Level 1 - Registering MutableHashTableOfTensors (None) in gradient.
[2026-01-25 18:28:22,455] tensorflow - Level 1 - Registering MutableHashTableOfTensorsV2 (None) in gradient.
[2026-01-25 18:28:22,462] tensorflow - Level 1 - Registering Roll (<function _RollGrad at 0x000002293035B600>) in gradient.
[2026-01-25 18:28:22,466] tensorflow - Level 1 - Registering ArgMax (<function _ArgMaxGrad at 0x000002293035B7E0>) in gradient.
[2026-01-25 18:28:22,469] tensorflow - Level 1 - Registering ArgMin (<function _ArgMinGrad at 0x00000229303AC540>) in gradient.
[2026-01-25 18:28:22,469] tensorflow - Level 1 - Registering EuclideanNorm (<function _EuclideanNormGrad at 0x00000229303AC7C0>) in gradient.
[2026-01-25 18:28:22,469] tensorflow - Level 1 - Registering Sum (<function _SumGrad at 0x00000229303ACC20>) in gradient.
[2026-01-25 18:28:22,470] tensorflow - Level 1 - Registering Max (<function _MaxGrad at 0x00000229303ACD60>) in gradient.
[2026-01-25 18:28:22,470] tensorflow - Level 1 - Registering Min (<function _MinGrad at 0x00000229303ACE00>) in gradient.
[2026-01-25 18:28:22,470] tensorflow - Level 1 - Registering Mean (<function _MeanGrad at 0x00000229303ACEA0>) in gradient.
[2026-01-25 18:28:22,470] tensorflow - Level 1 - Registering Prod (<function _ProdGrad at 0x00000229303ACF40>) in gradient.
[2026-01-25 18:28:22,470] tensorflow - Level 1 - Registering SegmentSum (<function _SegmentSumGrad at 0x00000229303ACFE0>) in gradient.
[2026-01-25 18:28:22,471] tensorflow - Level 1 - Registering SegmentMean (<function _SegmentMeanGrad at 0x00000229303AD080>) in gradient.
[2026-01-25 18:28:22,471] tensorflow - Level 1 - Registering SparseSegmentSum (<function _SparseSegmentSumGrad at 0x00000229303AD260>) in gradient.
[2026-01-25 18:28:22,471] tensorflow - Level 1 - Registering SparseSegmentSumWithNumSegments (<function _SparseSegmentSumWithNumSegmentsGrad at 0x00000229303AD300>) in gradient.
[2026-01-25 18:28:22,471] tensorflow - Level 1 - Registering SparseSegmentMean (<function _SparseSegmentMeanGrad at 0x00000229303AD3A0>) in gradient.
[2026-01-25 18:28:22,471] tensorflow - Level 1 - Registering SparseSegmentMeanWithNumSegments (<function _SparseSegmentMeanWithNumSegmentsGrad at 0x00000229303AD440>) in gradient.
[2026-01-25 18:28:22,472] tensorflow - Level 1 - Registering SparseSegmentSqrtN (<function _SparseSegmentSqrtNGrad at 0x00000229303AD4E0>) in gradient.
[2026-01-25 18:28:22,472] tensorflow - Level 1 - Registering SparseSegmentSqrtNWithNumSegments (<function _SparseSegmentSqrtNWithNumSegmentsGrad at 0x00000229303AD580>) in gradient.
[2026-01-25 18:28:22,472] tensorflow - Level 1 - Registering SegmentMin (<function _SegmentMinGrad at 0x00000229303AD6C0>) in gradient.
[2026-01-25 18:28:22,472] tensorflow - Level 1 - Registering SegmentMax (<function _SegmentMaxGrad at 0x00000229303AD760>) in gradient.
[2026-01-25 18:28:22,472] tensorflow - Level 1 - Registering SegmentProd (<function _SegmentProdGrad at 0x00000229303AD800>) in gradient.
[2026-01-25 18:28:22,472] tensorflow - Level 1 - Registering UnsortedSegmentSum (<function _UnsortedSegmentSumGrad at 0x00000229303AD9E0>) in gradient.
[2026-01-25 18:28:22,474] tensorflow - Level 1 - Registering UnsortedSegmentMax (<function _UnsortedSegmentMaxGrad at 0x00000229303ADA80>) in gradient.
[2026-01-25 18:28:22,474] tensorflow - Level 1 - Registering UnsortedSegmentMin (<function _UnsortedSegmentMinGrad at 0x00000229303ADB20>) in gradient.
[2026-01-25 18:28:22,474] tensorflow - Level 1 - Registering UnsortedSegmentProd (<function _UnsortedSegmentProdGrad at 0x00000229303ADBC0>) in gradient.
[2026-01-25 18:28:22,474] tensorflow - Level 1 - Registering Abs (<function _AbsGrad at 0x00000229303ADC60>) in gradient.
[2026-01-25 18:28:22,474] tensorflow - Level 1 - Registering Neg (<function _NegGrad at 0x00000229303ADD00>) in gradient.
[2026-01-25 18:28:22,474] tensorflow - Level 1 - Registering Inv (<function _InvGrad at 0x00000229303ADDA0>) in gradient.
[2026-01-25 18:28:22,475] tensorflow - Level 1 - Registering Reciprocal (<function _ReciprocalGrad at 0x00000229303ADE40>) in gradient.
[2026-01-25 18:28:22,475] tensorflow - Level 1 - Registering InvGrad (<function _InvGradGrad at 0x00000229303ADEE0>) in gradient.
[2026-01-25 18:28:22,475] tensorflow - Level 1 - Registering ReciprocalGrad (<function _ReciprocalGradGrad at 0x00000229303ADF80>) in gradient.
[2026-01-25 18:28:22,475] tensorflow - Level 1 - Registering Square (<function _SquareGrad at 0x00000229303AE020>) in gradient.
[2026-01-25 18:28:22,476] tensorflow - Level 1 - Registering Sqrt (<function _SqrtGrad at 0x00000229303AE0C0>) in gradient.
[2026-01-25 18:28:22,476] tensorflow - Level 1 - Registering SqrtGrad (<function _SqrtGradGrad at 0x00000229303AE160>) in gradient.
[2026-01-25 18:28:22,476] tensorflow - Level 1 - Registering Rsqrt (<function _RsqrtGrad at 0x00000229303AE200>) in gradient.
[2026-01-25 18:28:22,476] tensorflow - Level 1 - Registering RsqrtGrad (<function _RsqrtGradGrad at 0x00000229303AE2A0>) in gradient.
[2026-01-25 18:28:22,477] tensorflow - Level 1 - Registering Exp (<function _ExpGrad at 0x00000229303AE340>) in gradient.
[2026-01-25 18:28:22,477] tensorflow - Level 1 - Registering Expm1 (<function _Expm1Grad at 0x00000229303AE3E0>) in gradient.
[2026-01-25 18:28:22,477] tensorflow - Level 1 - Registering Log (<function _LogGrad at 0x00000229303AE480>) in gradient.
[2026-01-25 18:28:22,477] tensorflow - Level 1 - Registering Log1p (<function _Log1pGrad at 0x00000229303AE520>) in gradient.
[2026-01-25 18:28:22,477] tensorflow - Level 1 - Registering Xlogy (<function _XLogyGrad at 0x00000229303AE5C0>) in gradient.
[2026-01-25 18:28:22,478] tensorflow - Level 1 - Registering Xlog1py (<function _XLog1pyGrad at 0x00000229303AE660>) in gradient.
[2026-01-25 18:28:22,478] tensorflow - Level 1 - Registering Xdivy (<function _XDivyGrad at 0x00000229303AE700>) in gradient.
[2026-01-25 18:28:22,478] tensorflow - Level 1 - Registering Sinh (<function _SinhGrad at 0x00000229303AE7A0>) in gradient.
[2026-01-25 18:28:22,478] tensorflow - Level 1 - Registering Cosh (<function _CoshGrad at 0x00000229303AE840>) in gradient.
[2026-01-25 18:28:22,478] tensorflow - Level 1 - Registering Tanh (<function _TanhGrad at 0x00000229303AE8E0>) in gradient.
[2026-01-25 18:28:22,480] tensorflow - Level 1 - Registering Asinh (<function _AsinhGrad at 0x00000229303AE980>) in gradient.
[2026-01-25 18:28:22,480] tensorflow - Level 1 - Registering Acosh (<function _AcoshGrad at 0x00000229303AEA20>) in gradient.
[2026-01-25 18:28:22,480] tensorflow - Level 1 - Registering Atanh (<function _AtanhGrad at 0x00000229303AEAC0>) in gradient.
[2026-01-25 18:28:22,480] tensorflow - Level 1 - Registering TanhGrad (<function _TanhGradGrad at 0x00000229303AEB60>) in gradient.
[2026-01-25 18:28:22,480] tensorflow - Level 1 - Registering Erf (<function _ErfGrad at 0x00000229303AEC00>) in gradient.
[2026-01-25 18:28:22,481] tensorflow - Level 1 - Registering Erfc (<function _ErfcGrad at 0x00000229303AECA0>) in gradient.
[2026-01-25 18:28:22,481] tensorflow - Level 1 - Registering Erfinv (<function _ErfinvGrad at 0x00000229303AED40>) in gradient.
[2026-01-25 18:28:22,481] tensorflow - Level 1 - Registering Ndtri (<function _NdtriGrad at 0x00000229303AEDE0>) in gradient.
[2026-01-25 18:28:22,481] tensorflow - Level 1 - Registering Lgamma (<function _LgammaGrad at 0x00000229303AEE80>) in gradient.
[2026-01-25 18:28:22,481] tensorflow - Level 1 - Registering Digamma (<function _DigammaGrad at 0x00000229303AEF20>) in gradient.
[2026-01-25 18:28:22,481] tensorflow - Level 1 - Registering Dawsn (<function _DawsnGrad at 0x00000229303AEFC0>) in gradient.
[2026-01-25 18:28:22,481] tensorflow - Level 1 - Registering Expint (<function _ExpintGrad at 0x00000229303AF060>) in gradient.
[2026-01-25 18:28:22,482] tensorflow - Level 1 - Registering FresnelCos (<function _FresnelCosGrad at 0x00000229303AF100>) in gradient.
[2026-01-25 18:28:22,482] tensorflow - Level 1 - Registering FresnelSin (<function _FresnelSinGrad at 0x00000229303AF1A0>) in gradient.
[2026-01-25 18:28:22,482] tensorflow - Level 1 - Registering Spence (<function _SpenceGrad at 0x00000229303AF240>) in gradient.
[2026-01-25 18:28:22,482] tensorflow - Level 1 - Registering BesselI0 (<function _BesselI0Grad at 0x00000229303AF2E0>) in gradient.
[2026-01-25 18:28:22,483] tensorflow - Level 1 - Registering BesselI0e (<function _BesselI0eGrad at 0x00000229303AF380>) in gradient.
[2026-01-25 18:28:22,483] tensorflow - Level 1 - Registering BesselI1 (<function _BesselI1Grad at 0x00000229303AF420>) in gradient.
[2026-01-25 18:28:22,483] tensorflow - Level 1 - Registering BesselI1e (<function _BesselI1eGrad at 0x00000229303AF4C0>) in gradient.
[2026-01-25 18:28:22,483] tensorflow - Level 1 - Registering BesselK0 (<function _BesselK0Grad at 0x00000229303AF560>) in gradient.
[2026-01-25 18:28:22,483] tensorflow - Level 1 - Registering BesselK0e (<function _BesselK0eGrad at 0x00000229303AF600>) in gradient.
[2026-01-25 18:28:22,483] tensorflow - Level 1 - Registering BesselK1 (<function _BesselK1Grad at 0x00000229303AF6A0>) in gradient.
[2026-01-25 18:28:22,485] tensorflow - Level 1 - Registering BesselK1e (<function _BesselK1eGrad at 0x00000229303AF740>) in gradient.
[2026-01-25 18:28:22,485] tensorflow - Level 1 - Registering BesselJ0 (<function _BesselJ0Grad at 0x00000229303AF7E0>) in gradient.
[2026-01-25 18:28:22,485] tensorflow - Level 1 - Registering BesselJ1 (<function _BesselJ1Grad at 0x00000229303AF880>) in gradient.
[2026-01-25 18:28:22,486] tensorflow - Level 1 - Registering BesselY0 (<function _BesselY0Grad at 0x00000229303AF920>) in gradient.
[2026-01-25 18:28:22,486] tensorflow - Level 1 - Registering BesselY1 (<function _BesselY1Grad at 0x00000229303AF9C0>) in gradient.
[2026-01-25 18:28:22,486] tensorflow - Level 1 - Registering Igamma (<function _IgammaGrad at 0x00000229303AFA60>) in gradient.
[2026-01-25 18:28:22,486] tensorflow - Level 1 - Registering Igammac (<function _IgammacGrad at 0x00000229303AFB00>) in gradient.
[2026-01-25 18:28:22,486] tensorflow - Level 1 - Registering Betainc (<function _BetaincGrad at 0x00000229303AFBA0>) in gradient.
[2026-01-25 18:28:22,487] tensorflow - Level 1 - Registering Zeta (<function _ZetaGrad at 0x00000229303AFC40>) in gradient.
[2026-01-25 18:28:22,487] tensorflow - Level 1 - Registering Polygamma (<function _PolygammaGrad at 0x00000229303AFCE0>) in gradient.
[2026-01-25 18:28:22,487] tensorflow - Level 1 - Registering Sigmoid (<function _SigmoidGrad at 0x00000229303AFD80>) in gradient.
[2026-01-25 18:28:22,487] tensorflow - Level 1 - Registering SigmoidGrad (<function _SigmoidGradGrad at 0x00000229303AFE20>) in gradient.
[2026-01-25 18:28:22,487] tensorflow - Level 1 - Registering Sign (<function _SignGrad at 0x00000229303AFEC0>) in gradient.
[2026-01-25 18:28:22,488] tensorflow - Level 1 - Registering Sin (<function _SinGrad at 0x00000229303AFF60>) in gradient.
[2026-01-25 18:28:22,488] tensorflow - Level 1 - Registering Cos (<function _CosGrad at 0x00000229303E8040>) in gradient.
[2026-01-25 18:28:22,488] tensorflow - Level 1 - Registering Tan (<function _TanGrad at 0x00000229303E80E0>) in gradient.
[2026-01-25 18:28:22,488] tensorflow - Level 1 - Registering Asin (<function _AsinGrad at 0x00000229303E8180>) in gradient.
[2026-01-25 18:28:22,488] tensorflow - Level 1 - Registering Acos (<function _AcosGrad at 0x00000229303E8220>) in gradient.
[2026-01-25 18:28:22,489] tensorflow - Level 1 - Registering Atan (<function _AtanGrad at 0x00000229303E82C0>) in gradient.
[2026-01-25 18:28:22,489] tensorflow - Level 1 - Registering Atan2 (<function _Atan2Grad at 0x00000229303E8360>) in gradient.
[2026-01-25 18:28:22,489] tensorflow - Level 1 - Registering AddN (<function _AddNGrad at 0x00000229303E8400>) in gradient.
[2026-01-25 18:28:22,489] tensorflow - Level 1 - Registering AddV2 (<function _AddGrad at 0x00000229303E8540>) in gradient.
[2026-01-25 18:28:22,489] tensorflow - Level 1 - Registering Add (<function _AddGrad at 0x00000229303E8540>) in gradient.
[2026-01-25 18:28:22,490] tensorflow - Level 1 - Registering Sub (<function _SubGrad at 0x00000229303E85E0>) in gradient.
[2026-01-25 18:28:22,490] tensorflow - Level 1 - Registering Mul (<function _MulGrad at 0x00000229303E8680>) in gradient.
[2026-01-25 18:28:22,490] tensorflow - Level 1 - Registering MulNoNan (<function _MulNoNanGrad at 0x00000229303E8720>) in gradient.
[2026-01-25 18:28:22,490] tensorflow - Level 1 - Registering Div (<function _DivGrad at 0x00000229303E87C0>) in gradient.
[2026-01-25 18:28:22,491] tensorflow - Level 1 - Registering FloorDiv (<function _FloorDivGrad at 0x00000229303E8860>) in gradient.
[2026-01-25 18:28:22,491] tensorflow - Level 1 - Registering FloorMod (<function _FloorModGrad at 0x00000229303E8900>) in gradient.
[2026-01-25 18:28:22,491] tensorflow - Level 1 - Registering TruncateDiv (<function _TruncateDivGrad at 0x00000229303E89A0>) in gradient.
[2026-01-25 18:28:22,491] tensorflow - Level 1 - Registering RealDiv (<function _RealDivGrad at 0x00000229303E8A40>) in gradient.
[2026-01-25 18:28:22,491] tensorflow - Level 1 - Registering DivNoNan (<function _DivNoNanGrad at 0x00000229303E8AE0>) in gradient.
[2026-01-25 18:28:22,491] tensorflow - Level 1 - Registering Pow (<function _PowGrad at 0x00000229303E8B80>) in gradient.
[2026-01-25 18:28:22,493] tensorflow - Level 1 - Registering Maximum (<function _MaximumGrad at 0x00000229303E8D60>) in gradient.
[2026-01-25 18:28:22,493] tensorflow - Level 1 - Registering Minimum (<function _MinimumGrad at 0x00000229303E8E00>) in gradient.
[2026-01-25 18:28:22,493] tensorflow - Level 1 - Registering SquaredDifference (<function _SquaredDifferenceGrad at 0x00000229303E8EA0>) in gradient.
[2026-01-25 18:28:22,493] tensorflow - Level 1 - Registering Less (None) in gradient.
[2026-01-25 18:28:22,493] tensorflow - Level 1 - Registering LessEqual (None) in gradient.
[2026-01-25 18:28:22,493] tensorflow - Level 1 - Registering Greater (None) in gradient.
[2026-01-25 18:28:22,493] tensorflow - Level 1 - Registering GreaterEqual (None) in gradient.
[2026-01-25 18:28:22,494] tensorflow - Level 1 - Registering Equal (None) in gradient.
[2026-01-25 18:28:22,494] tensorflow - Level 1 - Registering ApproximateEqual (None) in gradient.
[2026-01-25 18:28:22,495] tensorflow - Level 1 - Registering NotEqual (None) in gradient.
[2026-01-25 18:28:22,495] tensorflow - Level 1 - Registering LogicalAnd (None) in gradient.
[2026-01-25 18:28:22,495] tensorflow - Level 1 - Registering LogicalOr (None) in gradient.
[2026-01-25 18:28:22,495] tensorflow - Level 1 - Registering LogicalNot (None) in gradient.
[2026-01-25 18:28:22,495] tensorflow - Level 1 - Registering Select (<function _SelectGrad at 0x00000229303E8F40>) in gradient.
[2026-01-25 18:28:22,496] tensorflow - Level 1 - Registering SelectV2 (<function _SelectGradV2 at 0x00000229303E8FE0>) in gradient.
[2026-01-25 18:28:22,496] tensorflow - Level 1 - Registering MatMul (<function _MatMulGrad at 0x00000229303E91C0>) in gradient.
[2026-01-25 18:28:22,497] tensorflow - Level 1 - Registering SparseMatMul (<function _SparseMatMulGrad at 0x00000229303E9260>) in gradient.
[2026-01-25 18:28:22,497] tensorflow - Level 1 - Registering Floor (<function _FloorGrad at 0x00000229303E9300>) in gradient.
[2026-01-25 18:28:22,497] tensorflow - Level 1 - Registering Ceil (<function _CeilGrad at 0x00000229303E93A0>) in gradient.
[2026-01-25 18:28:22,497] tensorflow - Level 1 - Registering Round (<function _RoundGrad at 0x00000229303E9440>) in gradient.
[2026-01-25 18:28:22,497] tensorflow - Level 1 - Registering Rint (<function _RintGrad at 0x00000229303E94E0>) in gradient.
[2026-01-25 18:28:22,498] tensorflow - Level 1 - Registering BatchMatMul (<function _BatchMatMul at 0x00000229303E9580>) in gradient.
[2026-01-25 18:28:22,498] tensorflow - Level 1 - Registering BatchMatMulV3 (<function _BatchMatMulV2 at 0x00000229303E9620>) in gradient.
[2026-01-25 18:28:22,498] tensorflow - Level 1 - Registering BatchMatMulV2 (<function _BatchMatMulV2 at 0x00000229303E9620>) in gradient.
[2026-01-25 18:28:22,499] tensorflow - Level 1 - Registering Range (None) in gradient.
[2026-01-25 18:28:22,499] tensorflow - Level 1 - Registering LinSpace (None) in gradient.
[2026-01-25 18:28:22,499] tensorflow - Level 1 - Registering Complex (<function _ComplexGrad at 0x00000229303E96C0>) in gradient.
[2026-01-25 18:28:22,499] tensorflow - Level 1 - Registering Real (<function _RealGrad at 0x00000229303E9760>) in gradient.
[2026-01-25 18:28:22,499] tensorflow - Level 1 - Registering Imag (<function _ImagGrad at 0x00000229303E9800>) in gradient.
[2026-01-25 18:28:22,500] tensorflow - Level 1 - Registering Angle (<function _AngleGrad at 0x00000229303E98A0>) in gradient.
[2026-01-25 18:28:22,500] tensorflow - Level 1 - Registering Conj (<function _ConjGrad at 0x00000229303E9940>) in gradient.
[2026-01-25 18:28:22,500] tensorflow - Level 1 - Registering ComplexAbs (<function _ComplexAbsGrad at 0x00000229303E99E0>) in gradient.
[2026-01-25 18:28:22,501] tensorflow - Level 1 - Registering Cast (<function _CastGrad at 0x00000229303E9A80>) in gradient.
[2026-01-25 18:28:22,501] tensorflow - Level 1 - Registering Cross (<function _CrossGrad at 0x00000229303E9B20>) in gradient.
[2026-01-25 18:28:22,501] tensorflow - Level 1 - Registering Cumsum (<function _CumsumGrad at 0x00000229303E9BC0>) in gradient.
[2026-01-25 18:28:22,501] tensorflow - Level 1 - Registering Cumprod (<function _CumprodGrad at 0x00000229303E9C60>) in gradient.
[2026-01-25 18:28:22,501] tensorflow - Level 1 - Registering CumulativeLogsumexp (<function _CumulativeLogsumexpGrad at 0x00000229303E9D00>) in gradient.
[2026-01-25 18:28:22,501] tensorflow - Level 1 - Registering NextAfter (<function _NextAfterGrad at 0x00000229303E9DA0>) in gradient.
[2026-01-25 18:28:22,507] tensorflow - Level 1 - Registering NcclAllReduce (<function _all_sum_grad at 0x00000229303EA160>) in gradient.
[2026-01-25 18:28:22,509] tensorflow - Level 1 - Registering NcclReduce (<function _reduce_sum_grad at 0x00000229303EAD40>) in gradient.
[2026-01-25 18:28:22,510] tensorflow - Level 1 - Registering NcclBroadcast (<function _broadcast_grad at 0x00000229303EAE80>) in gradient.
[2026-01-25 18:28:22,512] tensorflow - Level 1 - Registering OptionalFromValue (<function _OptionalFromValueGrad at 0x00000229303EAAC0>) in gradient.
[2026-01-25 18:28:22,513] tensorflow - Level 1 - Registering OptionalGetValue (<function _OptionalGetValueGrad at 0x00000229303EB1A0>) in gradient.
[2026-01-25 18:28:22,515] tensorflow - Level 1 - Registering DecodeRaw (None) in gradient.
[2026-01-25 18:28:22,520] tensorflow - Level 1 - Registering DecodePaddedRaw (None) in gradient.
[2026-01-25 18:28:22,520] tensorflow - Level 1 - Registering ParseTensor (None) in gradient.
[2026-01-25 18:28:22,520] tensorflow - Level 1 - Registering SerializeTensor (None) in gradient.
[2026-01-25 18:28:22,521] tensorflow - Level 1 - Registering StringToNumber (None) in gradient.
[2026-01-25 18:28:22,527] tensorflow - Level 1 - Registering DecodeProtoV2 (None) in gradient.
[2026-01-25 18:28:22,530] tensorflow - Level 1 - Registering EncodeProto (None) in gradient.
[2026-01-25 18:28:22,532] tensorflow - Level 1 - Registering RandomGamma (<function _RandomGammaGrad at 0x00000229303EBEC0>) in gradient.
[2026-01-25 18:28:22,534] tensorflow - Level 1 - Registering StatelessRandomGammaV2 (<function _StatelessRandomGammaV2Grad at 0x0000022930404040>) in gradient.
[2026-01-25 18:28:22,535] tensorflow - Level 1 - Registering StatelessRandomGammaV3 (<function _StatelessRandomGammaV3Grad at 0x0000022930404180>) in gradient.
[2026-01-25 18:28:22,535] tensorflow - Level 1 - Registering StatelessParameterizedTruncatedNormal (<function _StatelessParameterizedTruncatedNormalGrad at 0x0000022930404400>) in gradient.
[2026-01-25 18:28:22,546] tensorflow - Level 1 - Registering BlockLSTM (<function _block_lstm_grad at 0x00000229304040E0>) in gradient.
[2026-01-25 18:28:22,547] tensorflow - Level 1 - Registering BlockLSTMV2 (<function _block_lstm_grad at 0x00000229304040E0>) in gradient.
[2026-01-25 18:28:22,561] tensorflow - Level 1 - Registering SdcaFprint (None) in gradient.
[2026-01-25 18:28:22,564] tensorflow - Level 1 - Registering SdcaOptimizer (None) in gradient.
[2026-01-25 18:28:22,565] tensorflow - Level 1 - Registering SdcaOptimizerV2 (None) in gradient.
[2026-01-25 18:28:22,565] tensorflow - Level 1 - Registering SdcaShrinkL1 (None) in gradient.
[2026-01-25 18:28:22,574] tensorflow - Level 1 - Registering SetSize (None) in gradient.
[2026-01-25 18:28:22,576] tensorflow - Level 1 - Registering DenseToDenseSetOperation (None) in gradient.
[2026-01-25 18:28:22,576] tensorflow - Level 1 - Registering DenseToSparseSetOperation (None) in gradient.
[2026-01-25 18:28:22,576] tensorflow - Level 1 - Registering SparseToSparseSetOperation (None) in gradient.
[2026-01-25 18:28:22,580] tensorflow - Level 1 - Registering SparseAddGrad (None) in gradient.
[2026-01-25 18:28:22,582] tensorflow - Level 1 - Registering SparseConcat (None) in gradient.
[2026-01-25 18:28:22,582] tensorflow - Level 1 - Registering SparseReorder (<function _SparseReorderGrad at 0x000002293043B420>) in gradient.
[2026-01-25 18:28:22,584] tensorflow - Level 1 - Registering SparseAdd (<function _SparseAddGrad at 0x000002293043B600>) in gradient.
[2026-01-25 18:28:22,585] tensorflow - Level 1 - Registering SparseTensorDenseAdd (<function _SparseTensorDenseAddGrad at 0x000002293043B560>) in gradient.
[2026-01-25 18:28:22,585] tensorflow - Level 1 - Registering SparseReduceSum (<function _SparseReduceSumGrad at 0x000002293043B6A0>) in gradient.
[2026-01-25 18:28:22,585] tensorflow - Level 1 - Registering SparseSlice (<function _SparseSliceGrad at 0x000002293043B740>) in gradient.
[2026-01-25 18:28:22,585] tensorflow - Level 1 - Registering SparseTensorDenseMatMul (<function _SparseTensorDenseMatMulGrad at 0x000002293043B7E0>) in gradient.
[2026-01-25 18:28:22,586] tensorflow - Level 1 - Registering SparseDenseCwiseAdd (<function _SparseDenseCwiseAddGrad at 0x000002293043B880>) in gradient.
[2026-01-25 18:28:22,586] tensorflow - Level 1 - Registering SparseDenseCwiseMul (<function _SparseDenseCwiseMulGrad at 0x000002293043B9C0>) in gradient.
[2026-01-25 18:28:22,587] tensorflow - Level 1 - Registering SparseDenseCwiseDiv (<function _SparseDenseCwiseDivGrad at 0x000002293043BA60>) in gradient.
[2026-01-25 18:28:22,588] tensorflow - Level 1 - Registering SparseSoftmax (<function _SparseSoftmaxGrad at 0x000002293043BB00>) in gradient.
[2026-01-25 18:28:22,588] tensorflow - Level 1 - Registering SparseSparseMaximum (<function _SparseSparseMaximumGrad at 0x000002293043BBA0>) in gradient.
[2026-01-25 18:28:22,588] tensorflow - Level 1 - Registering SparseSparseMinimum (<function _SparseSparseMinimumGrad at 0x000002293043BC40>) in gradient.
[2026-01-25 18:28:22,589] tensorflow - Level 1 - Registering SparseFillEmptyRows (<function _SparseFillEmptyRowsGrad at 0x000002293043BCE0>) in gradient.
[2026-01-25 18:28:22,589] tensorflow - Level 1 - Registering SparseToDense (<function _SparseToDenseGrad at 0x000002293043BD80>) in gradient.
[2026-01-25 18:28:22,592] tensorflow - Level 1 - Registering TensorArray (None) in gradient.
[2026-01-25 18:28:22,593] tensorflow - Level 1 - Registering TensorArrayGrad (None) in gradient.
[2026-01-25 18:28:22,594] tensorflow - Level 1 - Registering TensorArraySize (None) in gradient.
[2026-01-25 18:28:22,594] tensorflow - Level 1 - Registering TensorArrayClose (None) in gradient.
[2026-01-25 18:28:22,594] tensorflow - Level 1 - Registering TensorArrayV2 (None) in gradient.
[2026-01-25 18:28:22,594] tensorflow - Level 1 - Registering TensorArrayGradV2 (None) in gradient.
[2026-01-25 18:28:22,594] tensorflow - Level 1 - Registering TensorArraySizeV2 (None) in gradient.
[2026-01-25 18:28:22,595] tensorflow - Level 1 - Registering TensorArrayCloseV2 (None) in gradient.
[2026-01-25 18:28:22,595] tensorflow - Level 1 - Registering TensorArrayV3 (None) in gradient.
[2026-01-25 18:28:22,595] tensorflow - Level 1 - Registering TensorArrayGradV3 (None) in gradient.
[2026-01-25 18:28:22,595] tensorflow - Level 1 - Registering TensorArrayGradWithShape (None) in gradient.
[2026-01-25 18:28:22,595] tensorflow - Level 1 - Registering TensorArraySizeV3 (None) in gradient.
[2026-01-25 18:28:22,597] tensorflow - Level 1 - Registering TensorArrayCloseV3 (None) in gradient.
[2026-01-25 18:28:22,597] tensorflow - Level 1 - Registering TensorArrayReadV3 (<function _TensorArrayReadGrad at 0x000002293043BF60>) in gradient.
[2026-01-25 18:28:22,597] tensorflow - Level 1 - Registering TensorArrayReadV2 (<function _TensorArrayReadGrad at 0x000002293043BF60>) in gradient.
[2026-01-25 18:28:22,598] tensorflow - Level 1 - Registering TensorArrayRead (<function _TensorArrayReadGrad at 0x000002293043BF60>) in gradient.
[2026-01-25 18:28:22,598] tensorflow - Level 1 - Registering TensorArrayWriteV3 (<function _TensorArrayWriteGrad at 0x000002293043BEC0>) in gradient.
[2026-01-25 18:28:22,598] tensorflow - Level 1 - Registering TensorArrayWriteV2 (<function _TensorArrayWriteGrad at 0x000002293043BEC0>) in gradient.
[2026-01-25 18:28:22,599] tensorflow - Level 1 - Registering TensorArrayWrite (<function _TensorArrayWriteGrad at 0x000002293043BEC0>) in gradient.
[2026-01-25 18:28:22,599] tensorflow - Level 1 - Registering TensorArrayGatherV3 (<function _TensorArrayGatherGrad at 0x0000022930464040>) in gradient.
[2026-01-25 18:28:22,599] tensorflow - Level 1 - Registering TensorArrayGatherV2 (<function _TensorArrayGatherGrad at 0x0000022930464040>) in gradient.
[2026-01-25 18:28:22,600] tensorflow - Level 1 - Registering TensorArrayGather (<function _TensorArrayGatherGrad at 0x0000022930464040>) in gradient.
[2026-01-25 18:28:22,601] tensorflow - Level 1 - Registering TensorArrayScatterV3 (<function _TensorArrayScatterGrad at 0x00000229304640E0>) in gradient.
[2026-01-25 18:28:22,601] tensorflow - Level 1 - Registering TensorArrayScatterV2 (<function _TensorArrayScatterGrad at 0x00000229304640E0>) in gradient.
[2026-01-25 18:28:22,601] tensorflow - Level 1 - Registering TensorArrayScatter (<function _TensorArrayScatterGrad at 0x00000229304640E0>) in gradient.
[2026-01-25 18:28:22,601] tensorflow - Level 1 - Registering TensorArrayConcatV3 (<function _TensorArrayConcatGrad at 0x0000022930464180>) in gradient.
[2026-01-25 18:28:22,603] tensorflow - Level 1 - Registering TensorArrayConcatV2 (<function _TensorArrayConcatGrad at 0x0000022930464180>) in gradient.
[2026-01-25 18:28:22,603] tensorflow - Level 1 - Registering TensorArrayConcat (<function _TensorArrayConcatGrad at 0x0000022930464180>) in gradient.
[2026-01-25 18:28:22,603] tensorflow - Level 1 - Registering TensorArraySplitV3 (<function _TensorArraySplitGrad at 0x0000022930464220>) in gradient.
[2026-01-25 18:28:22,603] tensorflow - Level 1 - Registering TensorArraySplitV2 (<function _TensorArraySplitGrad at 0x0000022930464220>) in gradient.
[2026-01-25 18:28:22,604] tensorflow - Level 1 - Registering TensorArraySplit (<function _TensorArraySplitGrad at 0x0000022930464220>) in gradient.
[2026-01-25 18:28:22,620] tensorflow - Level 1 - Registering DenseToCSRSparseMatrix (<function _DenseToCSRSparseMatrixGrad at 0x00000229304644A0>) in gradient.
[2026-01-25 18:28:22,621] tensorflow - Level 1 - Registering CSRSparseMatrixToDense (<function _CSRSparseMatrixToDenseGrad at 0x00000229304645E0>) in gradient.
[2026-01-25 18:28:22,622] tensorflow - Level 1 - Registering SparseTensorToCSRSparseMatrix (<function _SparseTensorToCSRSparseMatrixGrad at 0x0000022930490FE0>) in gradient.
[2026-01-25 18:28:22,622] tensorflow - Level 1 - Registering CSRSparseMatrixToSparseTensor (<function _CSRSparseMatrixToSparseTensorGrad at 0x0000022930490F40>) in gradient.
[2026-01-25 18:28:22,622] tensorflow - Level 1 - Registering SparseMatrixNNZ (None) in gradient.
[2026-01-25 18:28:22,622] tensorflow - Level 1 - Registering SparseMatrixZeros (None) in gradient.
[2026-01-25 18:28:22,623] tensorflow - Level 1 - Registering SparseMatrixAdd (<function _SparseMatrixAddGrad at 0x00000229304911C0>) in gradient.
[2026-01-25 18:28:22,623] tensorflow - Level 1 - Registering SparseMatrixTranspose (<function _SparseMatrixTransposeGrad at 0x0000022930491300>) in gradient.
[2026-01-25 18:28:22,623] tensorflow - Level 1 - Registering SparseMatrixSoftmax (<function _SparseMatrixSoftmaxGrad at 0x00000229304913A0>) in gradient.
[2026-01-25 18:28:22,623] tensorflow - Level 1 - Registering SparseMatrixMatMul (<function _SparseMatrixMatMulGrad at 0x0000022930491440>) in gradient.
[2026-01-25 18:28:22,623] tensorflow - Level 1 - Registering SparseMatrixSparseMatMul (<function _SparseMatrixSparseMatMulGrad at 0x00000229304914E0>) in gradient.
[2026-01-25 18:28:22,624] tensorflow - Level 1 - Registering SparseMatrixMul (<function _SparseMatrixMulGrad at 0x0000022930491580>) in gradient.
[2026-01-25 18:28:22,642] tensorflow - Level 1 - Registering FFT (<function _fft_grad at 0x00000229304BF060>) in gradient.
[2026-01-25 18:28:22,645] tensorflow - Level 1 - Registering IFFT (<function _ifft_grad at 0x00000229304BF100>) in gradient.
[2026-01-25 18:28:22,645] tensorflow - Level 1 - Registering FFT2D (<function _fft2d_grad at 0x00000229304BF1A0>) in gradient.
[2026-01-25 18:28:22,646] tensorflow - Level 1 - Registering IFFT2D (<function _ifft2d_grad at 0x00000229304BF2E0>) in gradient.
[2026-01-25 18:28:22,646] tensorflow - Level 1 - Registering FFT3D (<function _fft3d_grad at 0x00000229304BF380>) in gradient.
[2026-01-25 18:28:22,646] tensorflow - Level 1 - Registering IFFT3D (<function _ifft3d_grad at 0x00000229304BF420>) in gradient.
[2026-01-25 18:28:22,647] tensorflow - Level 1 - Registering RFFT (<function _rfft_grad_helper.<locals>._grad at 0x00000229304BF880>) in gradient.
[2026-01-25 18:28:22,648] tensorflow - Level 1 - Registering IRFFT (<function _irfft_grad_helper.<locals>._grad at 0x00000229304BFA60>) in gradient.
[2026-01-25 18:28:22,648] tensorflow - Level 1 - Registering RFFT2D (<function _rfft_grad_helper.<locals>._grad at 0x00000229304BFB00>) in gradient.
[2026-01-25 18:28:22,648] tensorflow - Level 1 - Registering IRFFT2D (<function _irfft_grad_helper.<locals>._grad at 0x00000229304BFBA0>) in gradient.
[2026-01-25 18:28:22,654] tensorflow - Level 1 - Registering GenerateVocabRemapping (None) in gradient.
[2026-01-25 18:28:22,656] tensorflow - Level 1 - Registering LoadAndRemapMatrix (None) in gradient.
[2026-01-25 18:28:22,686] tensorflow - Level 1 - Registering XlaVariadicReduce (None) in gradient.
[2026-01-25 18:28:22,688] tensorflow - Level 1 - Registering XlaSharding (<function _sharding_grad at 0x000002293155E5C0>) in gradient.
[2026-01-25 18:28:22,689] tensorflow - Level 1 - Registering XlaSpmdFullToShardShape (<function _spmd_full_to_shard_shape_grad at 0x000002293155E660>) in gradient.
[2026-01-25 18:28:22,689] tensorflow - Level 1 - Registering XlaSpmdShardToFullShape (<function _spmd_shard_to_full_shape_grad at 0x000002293155E700>) in gradient.
[2026-01-25 18:28:22,709] tensorflow - Level 1 - Registering CTCLoss (<function _CTCLossGrad at 0x00000229315A2B60>) in gradient.
[2026-01-25 18:28:22,712] tensorflow - Level 1 - Registering CTCLossV2 (<function _CTCLossV2Grad at 0x00000229315A2C00>) in gradient.
[2026-01-25 18:28:22,713] tensorflow - Level 1 - Registering CTCGreedyDecoder (None) in gradient.
[2026-01-25 18:28:22,714] tensorflow - Level 1 - Registering CTCBeamSearchDecoder (None) in gradient.
[2026-01-25 18:28:22,716] tensorflow - Level 1 - Registering FusedBatchNormGrad (<function _FusedBatchNormGradGrad at 0x00000229315D0680>) in gradient.
[2026-01-25 18:28:22,719] tensorflow - Level 1 - Registering FusedBatchNormGradV2 (<function _FusedBatchNormGradGradV2 at 0x00000229315D0720>) in gradient.
[2026-01-25 18:28:22,719] tensorflow - Level 1 - Registering FusedBatchNormGradV3 (<function _FusedBatchNormGradGradV3 at 0x00000229315D0900>) in gradient.
[2026-01-25 18:28:22,733] tensorflow - Level 1 - Registering variables ((<class 'tensorflow.core.framework.variable_pb2.VariableDef'>, <function _to_proto_fn at 0x00000229315F89A0>, <function _from_proto_fn at 0x00000229315F8CC0>)) in proto functions.
[2026-01-25 18:28:22,735] tensorflow - Level 1 - Registering trainable_variables ((<class 'tensorflow.core.framework.variable_pb2.VariableDef'>, <function _to_proto_fn at 0x00000229315F89A0>, <function _from_proto_fn at 0x00000229315F8CC0>)) in proto functions.
[2026-01-25 18:28:22,736] tensorflow - Level 1 - Registering moving_average_variables ((<class 'tensorflow.core.framework.variable_pb2.VariableDef'>, <function _to_proto_fn at 0x00000229315F89A0>, <function _from_proto_fn at 0x00000229315F8CC0>)) in proto functions.
[2026-01-25 18:28:22,736] tensorflow - Level 1 - Registering local_variables ((<class 'tensorflow.core.framework.variable_pb2.VariableDef'>, <function _to_proto_fn at 0x00000229315F89A0>, <function _from_proto_fn at 0x00000229315F8CC0>)) in proto functions.
[2026-01-25 18:28:22,736] tensorflow - Level 1 - Registering model_variables ((<class 'tensorflow.core.framework.variable_pb2.VariableDef'>, <function _to_proto_fn at 0x00000229315F89A0>, <function _from_proto_fn at 0x00000229315F8CC0>)) in proto functions.
[2026-01-25 18:28:22,736] tensorflow - Level 1 - Registering global_step ((<class 'tensorflow.core.framework.variable_pb2.VariableDef'>, <function _to_proto_fn at 0x00000229315F89A0>, <function _from_proto_fn at 0x00000229315F8CC0>)) in proto functions.
[2026-01-25 18:28:22,737] tensorflow - Level 1 - Registering metric_variables ((<class 'tensorflow.core.framework.variable_pb2.VariableDef'>, <function _to_proto_fn at 0x00000229315F89A0>, <function _from_proto_fn at 0x00000229315F8CC0>)) in proto functions.
[2026-01-25 18:28:22,739] tensorflow - Level 1 - Registering RandomCrop (None) in gradient.
[2026-01-25 18:28:22,743] tensorflow - Level 1 - Registering HSVToRGB (None) in gradient.
[2026-01-25 18:28:22,744] tensorflow - Level 1 - Registering DrawBoundingBoxes (None) in gradient.
[2026-01-25 18:28:22,744] tensorflow - Level 1 - Registering SampleDistortedBoundingBox (None) in gradient.
[2026-01-25 18:28:22,744] tensorflow - Level 1 - Registering SampleDistortedBoundingBoxV2 (None) in gradient.
[2026-01-25 18:28:22,744] tensorflow - Level 1 - Registering ExtractGlimpse (None) in gradient.
[2026-01-25 18:28:22,744] tensorflow - Level 1 - Registering NonMaxSuppression (None) in gradient.
[2026-01-25 18:28:22,744] tensorflow - Level 1 - Registering NonMaxSuppressionV2 (None) in gradient.
[2026-01-25 18:28:22,746] tensorflow - Level 1 - Registering NonMaxSuppressionWithOverlaps (None) in gradient.
[2026-01-25 18:28:22,746] tensorflow - Level 1 - Registering GenerateBoundingBoxProposals (None) in gradient.
[2026-01-25 18:28:22,772] tensorflow - Level 1 - Registering ImageProjectiveTransformV2 (<function _image_projective_transform_grad at 0x00000229318D96C0>) in gradient.
[2026-01-25 18:28:22,773] tensorflow - Level 1 - Registering ImageProjectiveTransformV3 (<function _image_projective_transform_v3_grad at 0x00000229318D98A0>) in gradient.
[2026-01-25 18:28:22,955] tensorflow - Level 1 - Registering savers ((<class 'tensorflow.core.protobuf.saver_pb2.SaverDef'>, <function Saver.to_proto at 0x0000022931B9CC20>, <function Saver.from_proto at 0x0000022931B9CCC0>)) in proto functions.
[2026-01-25 18:28:22,972] tensorflow - Level 1 - Registering EagerPyFunc (<function _EagerPyFuncGrad at 0x0000022931BD98A0>) in gradient.
[2026-01-25 18:28:22,976] tensorflow - Level 1 - Registering PyFunc (None) in gradient.
[2026-01-25 18:28:22,976] tensorflow - Level 1 - Registering PyFuncStateless (None) in gradient.
[2026-01-25 18:28:22,996] tensorflow - Level 1 - Registering ReduceDataset (None) in gradient.
[2026-01-25 18:28:23,003] tensorflow - Level 1 - Registering tensorflow.python.data.ops.dataset_ops (<function _tf2_callback at 0x0000022931C23CE0>) in data_v2_callbacks.
[2026-01-25 18:28:23,015] tensorflow - Level 1 - Registering _resource_resolver (<function _resource_resolver at 0x0000022931CAC9A0>) in acd_resource_resolvers.
[2026-01-25 18:28:23,034] tensorflow - Level 1 - Registering tensorflow.python.data.experimental.ops.counter (<function _tf2_callback at 0x0000022931CADEE0>) in data_v2_callbacks.
[2026-01-25 18:28:23,060] tensorflow - Level 1 - Registering tensorflow.python.data.ops.readers (<function _tf2_callback at 0x0000022931CAD580>) in data_v2_callbacks.
[2026-01-25 18:28:23,065] tensorflow - Level 1 - Registering tensorflow.python.data.experimental.ops.interleave_ops (<function _tf2_callback at 0x0000022931CBD8A0>) in data_v2_callbacks.
[2026-01-25 18:28:23,106] tensorflow - Level 1 - Registering tensorflow.python.data.experimental.ops.random_ops (<function _tf2_callback at 0x0000022931D60A40>) in data_v2_callbacks.
[2026-01-25 18:28:23,113] tensorflow - Level 1 - Registering tensorflow.python.data.experimental.ops.readers (<function _tf2_callback at 0x0000022931D62340>) in data_v2_callbacks.
[2026-01-25 18:28:23,350] tensorflow - Level 1 - Registering tpu_replicated_input_resolver (<function tpu_replicated_input_resolver at 0x0000022931FE2340>) in acd_resource_resolvers.
[2026-01-25 18:28:23,359] tensorflow - DEBUG - Falling back to TensorFlow client; we recommended you install the Cloud TPU client directly with pip install cloud-tpu-client.
[2026-01-25 18:28:23,777] tensorflow - Level 1 - Registering queue_runners ((<class 'tensorflow.core.protobuf.queue_runner_pb2.QueueRunnerDef'>, <function QueueRunner.to_proto at 0x0000022932210D60>, <function QueueRunner.from_proto at 0x0000022932210E00>)) in proto functions.
[2026-01-25 18:28:24,368] h5py._conv - DEBUG - Creating converter from 7 to 5
[2026-01-25 18:28:24,368] h5py._conv - DEBUG - Creating converter from 5 to 7
[2026-01-25 18:28:24,368] h5py._conv - DEBUG - Creating converter from 7 to 5
[2026-01-25 18:28:24,368] h5py._conv - DEBUG - Creating converter from 5 to 7
[2026-01-25 18:28:24,647] tensorflow - Level 1 - Registering DebugGradientIdentity (<function _identify_gradient_grad at 0x0000022932C956C0>) in gradient.
[2026-01-25 18:28:24,650] tensorflow - Level 1 - Registering DebugGradientRefIdentity (<function _identify_gradient_grad_ref at 0x0000022932C95760>) in gradient.
[2026-01-25 18:28:24,709] tensorflow - Level 1 - Registering DebugIdentityV2 (<function _debug_identity_v2_grad at 0x0000022932D20AE0>) in gradient.
[2026-01-25 18:28:25,117] tensorflow - Level 1 - Registering AudioMicrofrontend (None) in gradient.
[2026-01-25 18:28:25,233] tensorflow - Level 1 - Registering Reciprocal,flops (<function _reciprocal_flops at 0x00000229332E23E0>) in statistical functions.
[2026-01-25 18:28:25,236] tensorflow - Level 1 - Registering Square,flops (<function _square_flops at 0x00000229332E2480>) in statistical functions.
[2026-01-25 18:28:25,237] tensorflow - Level 1 - Registering Rsqrt,flops (<function _rsqrt_flops at 0x00000229332E25C0>) in statistical functions.
[2026-01-25 18:28:25,237] tensorflow - Level 1 - Registering Log,flops (<function _log_flops at 0x00000229332E2520>) in statistical functions.
[2026-01-25 18:28:25,237] tensorflow - Level 1 - Registering Neg,flops (<function _neg_flops at 0x00000229332E2660>) in statistical functions.
[2026-01-25 18:28:25,237] tensorflow - Level 1 - Registering AssignSub,flops (<function _assign_sub_flops at 0x00000229332E2700>) in statistical functions.
[2026-01-25 18:28:25,237] tensorflow - Level 1 - Registering AssignAdd,flops (<function _assign_add_flops at 0x00000229332E27A0>) in statistical functions.
[2026-01-25 18:28:25,238] tensorflow - Level 1 - Registering L2Loss,flops (<function _l2_loss_flops at 0x00000229332E2840>) in statistical functions.
[2026-01-25 18:28:25,238] tensorflow - Level 1 - Registering Softmax,flops (<function _softmax_flops at 0x00000229332E28E0>) in statistical functions.
[2026-01-25 18:28:25,238] tensorflow - Level 1 - Registering AddV2,flops (<function _add_flops at 0x00000229332E2A20>) in statistical functions.
[2026-01-25 18:28:25,238] tensorflow - Level 1 - Registering Add,flops (<function _add_flops at 0x00000229332E2A20>) in statistical functions.
[2026-01-25 18:28:25,238] tensorflow - Level 1 - Registering Sub,flops (<function _sub_flops at 0x00000229332E2AC0>) in statistical functions.
[2026-01-25 18:28:25,239] tensorflow - Level 1 - Registering Mul,flops (<function _mul_flops at 0x00000229332E2B60>) in statistical functions.
[2026-01-25 18:28:25,239] tensorflow - Level 1 - Registering RealDiv,flops (<function _real_div_flops at 0x00000229332E2C00>) in statistical functions.
[2026-01-25 18:28:25,240] tensorflow - Level 1 - Registering Maximum,flops (<function _maximum_flops at 0x00000229332E2CA0>) in statistical functions.
[2026-01-25 18:28:25,240] tensorflow - Level 1 - Registering Minimum,flops (<function _minimum_flops at 0x00000229332E2D40>) in statistical functions.
[2026-01-25 18:28:25,240] tensorflow - Level 1 - Registering Pow,flops (<function _pow_flops at 0x00000229332E2DE0>) in statistical functions.
[2026-01-25 18:28:25,241] tensorflow - Level 1 - Registering RsqrtGrad,flops (<function _rsqrt_grad_flops at 0x00000229332E2E80>) in statistical functions.
[2026-01-25 18:28:25,241] tensorflow - Level 1 - Registering GreaterEqual,flops (<function _greater_equal_flops at 0x00000229332E2F20>) in statistical functions.
[2026-01-25 18:28:25,241] tensorflow - Level 1 - Registering Greater,flops (<function _greater_flops at 0x00000229332E2FC0>) in statistical functions.
[2026-01-25 18:28:25,241] tensorflow - Level 1 - Registering LessEqual,flops (<function _less_equal_flops at 0x00000229332E3060>) in statistical functions.
[2026-01-25 18:28:25,241] tensorflow - Level 1 - Registering Less,flops (<function _less_flops at 0x00000229332E3100>) in statistical functions.
[2026-01-25 18:28:25,242] tensorflow - Level 1 - Registering Equal,flops (<function _equal_flops at 0x00000229332E31A0>) in statistical functions.
[2026-01-25 18:28:25,242] tensorflow - Level 1 - Registering NotEqual,flops (<function _not_equal_flops at 0x00000229332E3240>) in statistical functions.
[2026-01-25 18:28:25,242] tensorflow - Level 1 - Registering SquaredDifference,flops (<function _squared_difference_flops at 0x00000229332E32E0>) in statistical functions.
[2026-01-25 18:28:25,243] tensorflow - Level 1 - Registering Mean,flops (<function _mean_flops at 0x00000229332E3420>) in statistical functions.
[2026-01-25 18:28:25,243] tensorflow - Level 1 - Registering Sum,flops (<function _sum_flops at 0x00000229332E34C0>) in statistical functions.
[2026-01-25 18:28:25,243] tensorflow - Level 1 - Registering ArgMax,flops (<function _arg_max_flops at 0x00000229332E3560>) in statistical functions.
[2026-01-25 18:28:25,243] tensorflow - Level 1 - Registering ArgMin,flops (<function _arg_min_flops at 0x00000229332E3600>) in statistical functions.
[2026-01-25 18:28:25,243] tensorflow - Level 1 - Registering BiasAddGrad,flops (<function _bias_add_grad_flops at 0x00000229332E36A0>) in statistical functions.
[2026-01-25 18:28:25,244] tensorflow - Level 1 - Registering AvgPool,flops (<function _avg_pool_flops at 0x00000229332E3880>) in statistical functions.
[2026-01-25 18:28:25,244] tensorflow - Level 1 - Registering MaxPool,flops (<function _max_pool_flops at 0x00000229332E3920>) in statistical functions.
[2026-01-25 18:28:25,244] tensorflow - Level 1 - Registering AvgPoolGrad,flops (<function _avg_pool_grad_flops at 0x00000229332E39C0>) in statistical functions.
[2026-01-25 18:28:25,244] tensorflow - Level 1 - Registering MaxPoolGrad,flops (<function _max_pool_grad_flops at 0x00000229332E3A60>) in statistical functions.
[2026-01-25 18:28:25,244] tensorflow - Level 1 - Registering Conv2DBackpropInput,flops (<function _conv_2d_backprop_input_flops at 0x00000229332E3B00>) in statistical functions.
[2026-01-25 18:28:25,246] tensorflow - Level 1 - Registering Conv2DBackpropFilter,flops (<function _conv_2d_backprop_filter_flops at 0x00000229332E3BA0>) in statistical functions.
[2026-01-25 18:28:25,246] tensorflow - Level 1 - Registering AddN,flops (<function _add_n_flops at 0x00000229332E3C40>) in statistical functions.
[2026-01-25 18:28:25,246] tensorflow - Level 1 - Registering MatMul,flops (<function _calc_mat_mul_flops at 0x00000229332E3CE0>) in statistical functions.
[2026-01-25 18:28:25,246] tensorflow - Level 1 - Registering BatchMatMulV3,flops (<function _calc_batch_mat_mul_flops at 0x00000229332E3D80>) in statistical functions.
[2026-01-25 18:28:25,246] tensorflow - Level 1 - Registering BatchMatMulV2,flops (<function _calc_batch_mat_mul_flops at 0x00000229332E3D80>) in statistical functions.
[2026-01-25 18:28:25,246] tensorflow - Level 1 - Registering BatchMatMul,flops (<function _calc_batch_mat_mul_flops at 0x00000229332E3D80>) in statistical functions.
[2026-01-25 18:28:26,258] tensorflow - Level 1 - Enabling eager execution
[2026-01-25 18:28:26,258] tensorflow - Level 1 - Enabling v2 tensorshape
[2026-01-25 18:28:26,258] tensorflow - Level 1 - Enabling resource variables
[2026-01-25 18:28:26,258] tensorflow - Level 1 - Enabling tensor equality
[2026-01-25 18:28:26,258] tensorflow - Level 1 - Enabling control flow v2
[2026-01-25 18:28:27,256] matplotlib - DEBUG - matplotlib data path: C:\Users\BS\anaconda3\Lib\site-packages\matplotlib\mpl-data
[2026-01-25 18:28:27,266] matplotlib - DEBUG - CONFIGDIR=C:\Users\BS\.matplotlib
[2026-01-25 18:28:27,269] matplotlib - DEBUG - interactive is False
[2026-01-25 18:28:27,269] matplotlib - DEBUG - platform is win32
[2026-01-25 18:28:27,478] matplotlib - DEBUG - CACHEDIR=C:\Users\BS\.matplotlib
[2026-01-25 18:28:27,484] matplotlib.font_manager - DEBUG - Using fontManager instance from C:\Users\BS\.matplotlib\fontlist-v390.json
[2026-01-25 18:28:39,339] tensorflow - WARNING - From C:\Users\BS\anaconda3\Lib\site-packages\tf_keras\src\losses.py:2976: The name tf.losses.sparse_softmax_cross_entropy is deprecated. Please use tf.compat.v1.losses.sparse_softmax_cross_entropy instead.

