[2026-01-25 00:19:40,640] tensorflow - Level 1 - Registering Relayout (<function _relayout_gradient at 0x0000017244E23A60>) in gradient.
[2026-01-25 00:19:40,646] tensorflow - Level 1 - Registering RelayoutLike (<function _relayout_grad_gradient at 0x0000017244E23BA0>) in gradient.
[2026-01-25 00:19:40,647] tensorflow - Level 1 - Registering CopyToMesh (<function _copy_to_mesh_gradient at 0x0000017244E902C0>) in gradient.
[2026-01-25 00:19:40,647] tensorflow - Level 1 - Registering CopyToMeshGrad (<function _copy_to_mesh_grad_gradient at 0x0000017244E90220>) in gradient.
[2026-01-25 00:19:40,680] tensorflow - Level 1 - Registering FakeQuantWithMinMaxArgs (<function _FakeQuantWithMinMaxArgsGradient at 0x0000017244EE0360>) in gradient.
[2026-01-25 00:19:40,683] tensorflow - Level 1 - Registering FakeQuantWithMinMaxVars (<function _FakeQuantWithMinMaxVarsGradient at 0x0000017244EE0540>) in gradient.
[2026-01-25 00:19:40,683] tensorflow - Level 1 - Registering FakeQuantWithMinMaxVarsPerChannel (<function _FakeQuantWithMinMaxVarsPerChannelGradient at 0x0000017244EE0AE0>) in gradient.
[2026-01-25 00:19:40,684] tensorflow - Level 1 - Registering QuantizeAndDequantizeV4 (<function _QuantizeAndDequantizeV4Grad at 0x0000017244EE0B80>) in gradient.
[2026-01-25 00:19:40,684] tensorflow - Level 1 - Registering QuantizeAndDequantizeV4Grad (<function _QuantizeAndDequantizeV4GradGrad at 0x0000017244EE0C20>) in gradient.
[2026-01-25 00:19:40,756] tensorflow - Level 1 - Registering TensorListConcatLists (None) in gradient.
[2026-01-25 00:19:40,759] tensorflow - Level 1 - Registering TensorListElementShape (None) in gradient.
[2026-01-25 00:19:40,759] tensorflow - Level 1 - Registering TensorListLength (None) in gradient.
[2026-01-25 00:19:40,760] tensorflow - Level 1 - Registering TensorListPushBackBatch (None) in gradient.
[2026-01-25 00:19:40,760] tensorflow - Level 1 - Registering TensorListPushBack (<function _PushBackGrad at 0x000001724509D4E0>) in gradient.
[2026-01-25 00:19:40,760] tensorflow - Level 1 - Registering TensorListPopBack (<function _PopBackGrad at 0x000001724509D580>) in gradient.
[2026-01-25 00:19:40,761] tensorflow - Level 1 - Registering TensorListStack (<function _TensorListStackGrad at 0x000001724509D620>) in gradient.
[2026-01-25 00:19:40,761] tensorflow - Level 1 - Registering TensorListConcatV2 (<function _TensorListConcatGrad at 0x000001724509D6C0>) in gradient.
[2026-01-25 00:19:40,761] tensorflow - Level 1 - Registering TensorListConcat (<function _TensorListConcatGrad at 0x000001724509D6C0>) in gradient.
[2026-01-25 00:19:40,762] tensorflow - Level 1 - Registering TensorListSplit (<function _TensorListSplitGrad at 0x000001724509D760>) in gradient.
[2026-01-25 00:19:40,762] tensorflow - Level 1 - Registering TensorListFromTensor (<function _TensorListFromTensorGrad at 0x000001724509D800>) in gradient.
[2026-01-25 00:19:40,762] tensorflow - Level 1 - Registering TensorListGetItem (<function _TensorListGetItemGrad at 0x000001724509D8A0>) in gradient.
[2026-01-25 00:19:40,763] tensorflow - Level 1 - Registering TensorListSetItem (<function _TensorListSetItemGrad at 0x000001724509D940>) in gradient.
[2026-01-25 00:19:40,763] tensorflow - Level 1 - Registering TensorListResize (<function _TensorListResizeGrad at 0x000001724509D9E0>) in gradient.
[2026-01-25 00:19:40,763] tensorflow - Level 1 - Registering TensorListGather (<function _TensorListGatherGrad at 0x000001724509DA80>) in gradient.
[2026-01-25 00:19:40,763] tensorflow - Level 1 - Registering TensorListScatterV2 (<function _TensorListScatterGrad at 0x000001724509DB20>) in gradient.
[2026-01-25 00:19:40,763] tensorflow - Level 1 - Registering TensorListScatter (<function _TensorListScatterGrad at 0x000001724509DB20>) in gradient.
[2026-01-25 00:19:40,763] tensorflow - Level 1 - Registering TensorListScatterIntoExistingList (<function _TensorListScatterIntoExistingListGrad at 0x000001724509DBC0>) in gradient.
[2026-01-25 00:19:40,860] tensorflow - Level 1 - Registering AccumulateNV2 (<function _accumulate_n_grad at 0x0000017245246DE0>) in gradient.
[2026-01-25 00:19:40,944] tensorflow - Level 1 - Registering cond_context ((<class 'tensorflow.core.protobuf.control_flow_pb2.CondContextDef'>, <function CondContext.to_proto at 0x000001724535DE40>, <function CondContext.from_proto at 0x000001724535DEE0>)) in proto functions.
[2026-01-25 00:19:40,946] tensorflow - Level 1 - Registering while_context ((<class 'tensorflow.core.protobuf.control_flow_pb2.WhileContextDef'>, <function WhileContext.to_proto at 0x000001724535ECA0>, <function WhileContext.from_proto at 0x000001724535EDE0>)) in proto functions.
[2026-01-25 00:19:40,947] tensorflow - Level 1 - Registering _identity_resolver (<function _identity_resolver at 0x0000017245368CC0>) in acd_resource_resolvers.
[2026-01-25 00:19:41,042] tensorflow - Level 1 - Registering Assign (None) in gradient.
[2026-01-25 00:19:41,045] tensorflow - Level 1 - Registering AssignAdd (None) in gradient.
[2026-01-25 00:19:41,046] tensorflow - Level 1 - Registering AssignSub (None) in gradient.
[2026-01-25 00:19:41,047] tensorflow - Level 1 - Registering ScatterAdd (None) in gradient.
[2026-01-25 00:19:41,048] tensorflow - Level 1 - Registering ScatterSub (None) in gradient.
[2026-01-25 00:19:41,048] tensorflow - Level 1 - Registering ScatterMul (None) in gradient.
[2026-01-25 00:19:41,049] tensorflow - Level 1 - Registering ScatterDiv (None) in gradient.
[2026-01-25 00:19:41,049] tensorflow - Level 1 - Registering ScatterNdUpdate (None) in gradient.
[2026-01-25 00:19:41,049] tensorflow - Level 1 - Registering ScatterNdAdd (None) in gradient.
[2026-01-25 00:19:41,050] tensorflow - Level 1 - Registering ScatterNdSub (None) in gradient.
[2026-01-25 00:19:41,050] tensorflow - Level 1 - Registering ScatterNdMul (None) in gradient.
[2026-01-25 00:19:41,051] tensorflow - Level 1 - Registering ScatterNdDiv (None) in gradient.
[2026-01-25 00:19:41,086] tensorflow - Level 1 - Registering ReadVariableOp (<function _ReadGrad at 0x00000172454E8B80>) in gradient.
[2026-01-25 00:19:41,088] tensorflow - Level 1 - Registering ResourceGather (<function _GatherGrad at 0x00000172454E9BC0>) in gradient.
[2026-01-25 00:19:41,089] tensorflow - Level 1 - Registering Assert (None) in gradient.
[2026-01-25 00:19:41,089] tensorflow - Level 1 - Registering VarIsInitializedOp (None) in gradient.
[2026-01-25 00:19:41,090] tensorflow - Level 1 - Registering VariableShape (None) in gradient.
[2026-01-25 00:19:41,153] tensorflow - Level 1 - Registering RandomStandardNormal (None) in gradient.
[2026-01-25 00:19:41,159] tensorflow - Level 1 - Registering ParameterizedTruncatedNormal (None) in gradient.
[2026-01-25 00:19:41,160] tensorflow - Level 1 - Registering TruncatedNormal (None) in gradient.
[2026-01-25 00:19:41,161] tensorflow - Level 1 - Registering RandomUniform (None) in gradient.
[2026-01-25 00:19:41,162] tensorflow - Level 1 - Registering RandomShuffle (None) in gradient.
[2026-01-25 00:19:41,164] tensorflow - Level 1 - Registering Multinomial (None) in gradient.
[2026-01-25 00:19:41,288] tensorflow - Level 1 - Registering If (<function _IfGrad at 0x00000172396513A0>) in gradient.
[2026-01-25 00:19:41,291] tensorflow - Level 1 - Registering StatelessIf (<function _IfGrad at 0x00000172396513A0>) in gradient.
[2026-01-25 00:19:41,292] tensorflow - Level 1 - Registering StatelessCase (<function _CaseGrad at 0x0000017239652AC0>) in gradient.
[2026-01-25 00:19:41,292] tensorflow - Level 1 - Registering Case (<function _CaseGrad at 0x0000017239652AC0>) in gradient.
[2026-01-25 00:19:41,346] tensorflow - Level 1 - Registering While (<function _WhileGrad at 0x00000172396C53A0>) in gradient.
[2026-01-25 00:19:41,350] tensorflow - Level 1 - Registering StatelessWhile (<function _WhileGrad at 0x00000172396C53A0>) in gradient.
[2026-01-25 00:19:41,708] tensorflow - Level 1 - Registering EnsureShape (<function _ensure_shape_grad at 0x0000017245E14B80>) in gradient.
[2026-01-25 00:19:41,736] tensorflow - Level 1 - Registering RaggedTensorToSparse (<function _ragged_tensor_to_sparse_gradient at 0x0000017245E88B80>) in gradient.
[2026-01-25 00:19:41,786] tensorflow - Level 1 - Registering Conv2DBackpropInput (<function _Conv2DBackpropInputGrad at 0x0000017245F14FE0>) in gradient.
[2026-01-25 00:19:41,788] tensorflow - Level 1 - Registering Conv2DBackpropFilter (<function _Conv2DBackpropFilterGrad at 0x0000017245F15620>) in gradient.
[2026-01-25 00:19:41,790] tensorflow - Level 1 - Registering DepthwiseConv2dNativeBackpropInput (<function _DepthwiseConv2dNativeBackpropInputGrad at 0x0000017245F15C60>) in gradient.
[2026-01-25 00:19:41,790] tensorflow - Level 1 - Registering DepthwiseConv2dNativeBackpropFilter (<function _DepthwiseConv2dNativeBackpropFilterGrad at 0x0000017245F163E0>) in gradient.
[2026-01-25 00:19:41,790] tensorflow - Level 1 - Registering Conv3D (<function _Conv3DGrad at 0x0000017245F16480>) in gradient.
[2026-01-25 00:19:41,791] tensorflow - Level 1 - Registering Conv3DBackpropInputV2 (<function _Conv3DBackpropInputGrad at 0x0000017245F16520>) in gradient.
[2026-01-25 00:19:41,791] tensorflow - Level 1 - Registering Conv3DBackpropFilterV2 (<function _Conv3DBackpropFilterGrad at 0x0000017245F165C0>) in gradient.
[2026-01-25 00:19:41,791] tensorflow - Level 1 - Registering AvgPool3D (<function _AvgPool3DGrad at 0x0000017245F16660>) in gradient.
[2026-01-25 00:19:41,791] tensorflow - Level 1 - Registering AvgPool3DGrad (<function _AvgPool3DGradGrad at 0x0000017245F16700>) in gradient.
[2026-01-25 00:19:41,791] tensorflow - Level 1 - Registering MaxPool3D (<function _MaxPool3DGrad at 0x0000017245F167A0>) in gradient.
[2026-01-25 00:19:41,792] tensorflow - Level 1 - Registering MaxPool3DGrad (<function _MaxPool3DGradGrad at 0x0000017245F16840>) in gradient.
[2026-01-25 00:19:41,792] tensorflow - Level 1 - Registering MaxPool3DGradGrad (<function _MaxPool3DGradGradGrad at 0x0000017245F168E0>) in gradient.
[2026-01-25 00:19:41,792] tensorflow - Level 1 - Registering Softmax (<function _SoftmaxGrad at 0x0000017245F16980>) in gradient.
[2026-01-25 00:19:41,792] tensorflow - Level 1 - Registering LogSoftmax (<function _LogSoftmaxGrad at 0x0000017245F16A20>) in gradient.
[2026-01-25 00:19:41,792] tensorflow - Level 1 - Registering BiasAdd (<function _BiasAddGrad at 0x0000017245F16AC0>) in gradient.
[2026-01-25 00:19:41,792] tensorflow - Level 1 - Registering BiasAddGrad (<function _BiasAddGradGrad at 0x0000017245F16B60>) in gradient.
[2026-01-25 00:19:41,792] tensorflow - Level 1 - Registering BiasAddV1 (<function _BiasAddGradV1 at 0x0000017245F16C00>) in gradient.
[2026-01-25 00:19:41,793] tensorflow - Level 1 - Registering Relu (<function _ReluGrad at 0x0000017245F16CA0>) in gradient.
[2026-01-25 00:19:41,793] tensorflow - Level 1 - Registering EluGrad (<function _EluGradGrad at 0x0000017245F16D40>) in gradient.
[2026-01-25 00:19:41,793] tensorflow - Level 1 - Registering SeluGrad (<function _SeluGradGrad at 0x0000017245F16DE0>) in gradient.
[2026-01-25 00:19:41,793] tensorflow - Level 1 - Registering Relu6 (<function _Relu6Grad at 0x0000017245F16E80>) in gradient.
[2026-01-25 00:19:41,794] tensorflow - Level 1 - Registering Relu6Grad (<function _Relu6GradGrad at 0x0000017245F16F20>) in gradient.
[2026-01-25 00:19:41,794] tensorflow - Level 1 - Registering LeakyRelu (<function _LeakyReluGrad at 0x0000017245F16FC0>) in gradient.
[2026-01-25 00:19:41,794] tensorflow - Level 1 - Registering LeakyReluGrad (<function _LeakyReluGradGrad at 0x0000017245F17060>) in gradient.
[2026-01-25 00:19:41,794] tensorflow - Level 1 - Registering Elu (<function _EluGrad at 0x0000017245F17100>) in gradient.
[2026-01-25 00:19:41,794] tensorflow - Level 1 - Registering Selu (<function _SeluGrad at 0x0000017245F171A0>) in gradient.
[2026-01-25 00:19:41,795] tensorflow - Level 1 - Registering Softplus (<function _SoftplusGrad at 0x0000017245F17240>) in gradient.
[2026-01-25 00:19:41,795] tensorflow - Level 1 - Registering SoftplusGrad (<function _SoftplusGradGrad at 0x0000017245F172E0>) in gradient.
[2026-01-25 00:19:41,795] tensorflow - Level 1 - Registering Softsign (<function _SoftsignGrad at 0x0000017245F17380>) in gradient.
[2026-01-25 00:19:41,795] tensorflow - Level 1 - Registering ReluGrad (<function _ReluGradGrad at 0x0000017245F17420>) in gradient.
[2026-01-25 00:19:41,796] tensorflow - Level 1 - Registering SoftmaxCrossEntropyWithLogits (<function _SoftmaxCrossEntropyWithLogitsGrad at 0x0000017245F17560>) in gradient.
[2026-01-25 00:19:41,796] tensorflow - Level 1 - Registering SparseSoftmaxCrossEntropyWithLogits (<function _SparseSoftmaxCrossEntropyWithLogitsGrad at 0x0000017245F17600>) in gradient.
[2026-01-25 00:19:41,797] tensorflow - Level 1 - Registering Conv2D (<function _Conv2DGrad at 0x0000017245F176A0>) in gradient.
[2026-01-25 00:19:41,797] tensorflow - Level 1 - Registering DepthwiseConv2dNative (<function _DepthwiseConv2dNativeGrad at 0x0000017245F17740>) in gradient.
[2026-01-25 00:19:41,798] tensorflow - Level 1 - Registering Dilation2D (<function _Dilation2DGrad at 0x0000017245F177E0>) in gradient.
[2026-01-25 00:19:41,799] tensorflow - Level 1 - Registering LRN (<function _LRNGrad at 0x0000017245F17880>) in gradient.
[2026-01-25 00:19:41,799] tensorflow - Level 1 - Registering AvgPool (<function _AvgPoolGrad at 0x0000017245F17920>) in gradient.
[2026-01-25 00:19:41,800] tensorflow - Level 1 - Registering AvgPoolGrad (<function _AvgPoolGradGrad at 0x0000017245F179C0>) in gradient.
[2026-01-25 00:19:41,800] tensorflow - Level 1 - Registering MaxPool (<function _MaxPoolGrad at 0x0000017245F17A60>) in gradient.
[2026-01-25 00:19:41,800] tensorflow - Level 1 - Registering MaxPoolV2 (<function _MaxPoolGradV2 at 0x0000017245F17B00>) in gradient.
[2026-01-25 00:19:41,801] tensorflow - Level 1 - Registering MaxPoolWithArgmax (<function _MaxPoolGradWithArgmax at 0x0000017245F17BA0>) in gradient.
[2026-01-25 00:19:41,801] tensorflow - Level 1 - Registering MaxPoolGrad (<function _MaxPoolGradGrad at 0x0000017245F17C40>) in gradient.
[2026-01-25 00:19:41,801] tensorflow - Level 1 - Registering MaxPoolGradV2 (<function _MaxPoolGradGradV2 at 0x0000017245F17CE0>) in gradient.
[2026-01-25 00:19:41,801] tensorflow - Level 1 - Registering MaxPoolGradGrad (<function _MaxPoolGradGradGrad at 0x0000017245F17D80>) in gradient.
[2026-01-25 00:19:41,801] tensorflow - Level 1 - Registering FractionalMaxPool (<function _FractionalMaxPoolGrad at 0x0000017245F17E20>) in gradient.
[2026-01-25 00:19:41,802] tensorflow - Level 1 - Registering FractionalAvgPool (<function _FractionalAvgPoolGrad at 0x0000017245F17EC0>) in gradient.
[2026-01-25 00:19:41,802] tensorflow - Level 1 - Registering BatchNormWithGlobalNormalization (<function _BatchNormWithGlobalNormalizationGrad at 0x0000017245F17F60>) in gradient.
[2026-01-25 00:19:41,802] tensorflow - Level 1 - Registering FusedBatchNorm (<function _FusedBatchNormGrad at 0x0000017245F540E0>) in gradient.
[2026-01-25 00:19:41,802] tensorflow - Level 1 - Registering FusedBatchNormV2 (<function _FusedBatchNormV2Grad at 0x0000017245F54180>) in gradient.
[2026-01-25 00:19:41,803] tensorflow - Level 1 - Registering FusedBatchNormV3 (<function _FusedBatchNormV3Grad at 0x0000017245F54220>) in gradient.
[2026-01-25 00:19:41,803] tensorflow - Level 1 - Registering L2Loss (<function _L2LossGrad at 0x0000017245F542C0>) in gradient.
[2026-01-25 00:19:41,803] tensorflow - Level 1 - Registering TopKV2 (<function _TopKGrad at 0x0000017245F54360>) in gradient.
[2026-01-25 00:19:41,803] tensorflow - Level 1 - Registering TopK (<function _TopKGrad at 0x0000017245F54360>) in gradient.
[2026-01-25 00:19:41,804] tensorflow - Level 1 - Registering ApproxTopK (<function _ApproxTopKGradient at 0x0000017245F54400>) in gradient.
[2026-01-25 00:19:41,804] tensorflow - Level 1 - Registering NthElement (<function _NthElementGrad at 0x0000017245F544A0>) in gradient.
[2026-01-25 00:19:41,804] tensorflow - Level 1 - Registering IsotonicRegression (<function _IsotonicRegressionGrad at 0x0000017245F545E0>) in gradient.
[2026-01-25 00:19:41,828] tensorflow - Level 1 - Registering BitwiseAnd (None) in gradient.
[2026-01-25 00:19:41,830] tensorflow - Level 1 - Registering BitwiseOr (None) in gradient.
[2026-01-25 00:19:41,831] tensorflow - Level 1 - Registering BitwiseXor (None) in gradient.
[2026-01-25 00:19:41,832] tensorflow - Level 1 - Registering Invert (None) in gradient.
[2026-01-25 00:19:41,832] tensorflow - Level 1 - Registering PopulationCount (None) in gradient.
[2026-01-25 00:19:41,833] tensorflow - Level 1 - Registering LeftShift (None) in gradient.
[2026-01-25 00:19:41,833] tensorflow - Level 1 - Registering RightShift (None) in gradient.
[2026-01-25 00:19:41,835] tensorflow - Level 1 - Registering StatelessMultinomial (None) in gradient.
[2026-01-25 00:19:41,839] tensorflow - Level 1 - Registering StatelessRandomBinomial (None) in gradient.
[2026-01-25 00:19:41,839] tensorflow - Level 1 - Registering StatelessRandomNormal (None) in gradient.
[2026-01-25 00:19:41,840] tensorflow - Level 1 - Registering StatelessRandomPoisson (None) in gradient.
[2026-01-25 00:19:41,840] tensorflow - Level 1 - Registering StatelessRandomUniform (None) in gradient.
[2026-01-25 00:19:41,840] tensorflow - Level 1 - Registering StatelessRandomUniformInt (None) in gradient.
[2026-01-25 00:19:41,840] tensorflow - Level 1 - Registering StatelessRandomUniformFullInt (None) in gradient.
[2026-01-25 00:19:41,840] tensorflow - Level 1 - Registering StatelessTruncatedNormal (None) in gradient.
[2026-01-25 00:19:41,840] tensorflow - Level 1 - Registering StatelessRandomNormalV2 (None) in gradient.
[2026-01-25 00:19:41,841] tensorflow - Level 1 - Registering StatelessRandomUniformV2 (None) in gradient.
[2026-01-25 00:19:41,841] tensorflow - Level 1 - Registering StatelessRandomUniformIntV2 (None) in gradient.
[2026-01-25 00:19:41,841] tensorflow - Level 1 - Registering StatelessRandomUniformFullIntV2 (None) in gradient.
[2026-01-25 00:19:41,841] tensorflow - Level 1 - Registering StatelessTruncatedNormalV2 (None) in gradient.
[2026-01-25 00:19:41,841] tensorflow - Level 1 - Registering StatelessRandomShuffle (None) in gradient.
[2026-01-25 00:19:41,842] tensorflow - Level 1 - Registering RandomIndexShuffle (None) in gradient.
[2026-01-25 00:19:41,866] tensorflow - Level 1 - Registering Conv3D,flops (<function _calc_conv3d_flops at 0x0000017245FD2D40>) in statistical functions.
[2026-01-25 00:19:41,869] tensorflow - Level 1 - Registering Conv2D,flops (<function _calc_conv_flops at 0x0000017245FD2F20>) in statistical functions.
[2026-01-25 00:19:41,870] tensorflow - Level 1 - Registering DepthwiseConv2dNative,flops (<function _calc_depthwise_conv_flops at 0x0000017245FD34C0>) in statistical functions.
[2026-01-25 00:19:41,870] tensorflow - Level 1 - Registering BiasAdd,flops (<function _calc_bias_add_flops at 0x0000017245FD3560>) in statistical functions.
[2026-01-25 00:19:41,876] tensorflow - Level 1 - Registering Dilation2D,flops (<function _calc_dilation2d_flops at 0x0000017246075080>) in statistical functions.
[2026-01-25 00:19:41,899] tensorflow - Level 1 - Registering CompositeTensorVariantFromComponents (<function _composite_tensor_to_variants_grad at 0x00000172460D60C0>) in gradient.
[2026-01-25 00:19:41,901] tensorflow - Level 1 - Registering CompositeTensorVariantToComponents (<function _composite_tensor_from_variant_grad at 0x00000172460D6160>) in gradient.
[2026-01-25 00:19:41,932] tensorflow - Level 1 - Registering RaggedRange (None) in gradient.
[2026-01-25 00:19:41,949] tensorflow - Level 1 - Registering RaggedFillEmptyRows (<function _ragged_fill_empty_rows_grad at 0x0000017246137060>) in gradient.
[2026-01-25 00:19:41,963] tensorflow - Level 1 - Registering RaggedGather (<function _ragged_gather_grad at 0x000001724615CF40>) in gradient.
[2026-01-25 00:19:41,980] tensorflow - Level 1 - Registering RegexReplace (None) in gradient.
[2026-01-25 00:19:41,981] tensorflow - Level 1 - Registering StringToHashBucket (None) in gradient.
[2026-01-25 00:19:41,981] tensorflow - Level 1 - Registering StringToHashBucketFast (None) in gradient.
[2026-01-25 00:19:41,981] tensorflow - Level 1 - Registering StringToHashBucketStrong (None) in gradient.
[2026-01-25 00:19:41,982] tensorflow - Level 1 - Registering ReduceJoin (None) in gradient.
[2026-01-25 00:19:41,982] tensorflow - Level 1 - Registering StringJoin (None) in gradient.
[2026-01-25 00:19:41,982] tensorflow - Level 1 - Registering StringSplit (None) in gradient.
[2026-01-25 00:19:41,983] tensorflow - Level 1 - Registering AsString (None) in gradient.
[2026-01-25 00:19:41,983] tensorflow - Level 1 - Registering EncodeBase64 (None) in gradient.
[2026-01-25 00:19:41,983] tensorflow - Level 1 - Registering DecodeBase64 (None) in gradient.
[2026-01-25 00:19:41,985] tensorflow - Level 1 - Registering Print (<function _PrintGrad at 0x000001724615FBA0>) in gradient.
[2026-01-25 00:19:41,989] tensorflow - Level 1 - Registering HistogramSummary (None) in gradient.
[2026-01-25 00:19:41,990] tensorflow - Level 1 - Registering ImageSummary (None) in gradient.
[2026-01-25 00:19:41,990] tensorflow - Level 1 - Registering AudioSummary (None) in gradient.
[2026-01-25 00:19:41,990] tensorflow - Level 1 - Registering AudioSummaryV2 (None) in gradient.
[2026-01-25 00:19:41,991] tensorflow - Level 1 - Registering MergeSummary (None) in gradient.
[2026-01-25 00:19:41,991] tensorflow - Level 1 - Registering ScalarSummary (None) in gradient.
[2026-01-25 00:19:41,991] tensorflow - Level 1 - Registering TensorSummary (None) in gradient.
[2026-01-25 00:19:41,992] tensorflow - Level 1 - Registering TensorSummaryV2 (None) in gradient.
[2026-01-25 00:19:41,992] tensorflow - Level 1 - Registering Timestamp (None) in gradient.
[2026-01-25 00:19:42,069] tensorflow - Level 1 - Registering XlaEinsum (<function _einsum_grad at 0x0000017246226C00>) in gradient.
[2026-01-25 00:19:42,089] tensorflow - Level 1 - Registering RaggedTensorToTensor (<function _ragged_tensor_to_tensor_grad at 0x0000017246253BA0>) in gradient.
[2026-01-25 00:19:42,091] tensorflow - Level 1 - Registering RaggedTensorFromVariant (<function _ragged_tensor_from_variant_grad at 0x0000017246253E20>) in gradient.
[2026-01-25 00:19:42,092] tensorflow - Level 1 - Registering RaggedTensorToVariant (<function _ragged_tensor_to_variant_grad at 0x0000017246253EC0>) in gradient.
[2026-01-25 00:19:42,102] tensorflow - Level 1 - Registering ClipByValue (<function _clip_by_value_grad at 0x00000172462705E0>) in gradient.
[2026-01-25 00:19:42,108] tensorflow - Level 1 - Registering DynamicPartition (<function _DynamicPartitionGrads at 0x0000017246270FE0>) in gradient.
[2026-01-25 00:19:42,111] tensorflow - Level 1 - Registering ParallelDynamicStitch (<function _DynamicStitchGrads at 0x0000017246271300>) in gradient.
[2026-01-25 00:19:42,111] tensorflow - Level 1 - Registering DynamicStitch (<function _DynamicStitchGrads at 0x0000017246271300>) in gradient.
[2026-01-25 00:19:42,112] tensorflow - Level 1 - Registering Queue (None) in gradient.
[2026-01-25 00:19:42,112] tensorflow - Level 1 - Registering QueueEnqueue (None) in gradient.
[2026-01-25 00:19:42,112] tensorflow - Level 1 - Registering QueueEnqueueMany (None) in gradient.
[2026-01-25 00:19:42,112] tensorflow - Level 1 - Registering QueueDequeue (None) in gradient.
[2026-01-25 00:19:42,113] tensorflow - Level 1 - Registering QueueDequeueMany (None) in gradient.
[2026-01-25 00:19:42,113] tensorflow - Level 1 - Registering QueueDequeueUpTo (None) in gradient.
[2026-01-25 00:19:42,113] tensorflow - Level 1 - Registering QueueClose (None) in gradient.
[2026-01-25 00:19:42,113] tensorflow - Level 1 - Registering QueueSize (None) in gradient.
[2026-01-25 00:19:42,114] tensorflow - Level 1 - Registering Stack (None) in gradient.
[2026-01-25 00:19:42,114] tensorflow - Level 1 - Registering StackPush (None) in gradient.
[2026-01-25 00:19:42,114] tensorflow - Level 1 - Registering StackPop (None) in gradient.
[2026-01-25 00:19:42,114] tensorflow - Level 1 - Registering StackClose (None) in gradient.
[2026-01-25 00:19:42,114] tensorflow - Level 1 - Registering GetSessionHandle (None) in gradient.
[2026-01-25 00:19:42,115] tensorflow - Level 1 - Registering GetSessionHandleV2 (None) in gradient.
[2026-01-25 00:19:42,115] tensorflow - Level 1 - Registering GetSessionTensor (None) in gradient.
[2026-01-25 00:19:42,115] tensorflow - Level 1 - Registering DeleteSessionTensor (None) in gradient.
[2026-01-25 00:19:42,246] tensorflow - Level 1 - Registering TPUReplicatedInput (None) in gradient.
[2026-01-25 00:19:42,250] tensorflow - Level 1 - Registering AllToAll (<function _all_to_all_grad at 0x00000172463C3600>) in gradient.
[2026-01-25 00:19:42,250] tensorflow - Level 1 - Registering CollectivePermute (<function _collective_permute_grad at 0x00000172463C37E0>) in gradient.
[2026-01-25 00:19:42,250] tensorflow - Level 1 - Registering CrossReplicaSum (<function _cross_replica_sum_grad at 0x00000172463C3880>) in gradient.
[2026-01-25 00:19:42,251] tensorflow - Level 1 - Registering TPUEmbeddingActivations (<function _embedding_activations_grad at 0x00000172463C3920>) in gradient.
[2026-01-25 00:19:42,323] tensorflow - Level 1 - Registering XlaClusterOutput (<function _XlaClusterOutputGrad at 0x0000017246412AC0>) in gradient.
[2026-01-25 00:19:42,330] tensorflow - Level 1 - Registering Pack (<function _PackGrad at 0x0000017246413060>) in gradient.
[2026-01-25 00:19:42,334] tensorflow - Level 1 - Registering Unpack (<function _UnpackGrad at 0x00000172464131A0>) in gradient.
[2026-01-25 00:19:42,334] tensorflow - Level 1 - Registering Concat (<function _ConcatGrad at 0x0000017246413380>) in gradient.
[2026-01-25 00:19:42,334] tensorflow - Level 1 - Registering ConcatV2 (<function _ConcatGradV2 at 0x0000017246413420>) in gradient.
[2026-01-25 00:19:42,334] tensorflow - Level 1 - Registering ConcatOffset (None) in gradient.
[2026-01-25 00:19:42,334] tensorflow - Level 1 - Registering Slice (<function _SliceGrad at 0x00000172464134C0>) in gradient.
[2026-01-25 00:19:42,334] tensorflow - Level 1 - Registering StridedSlice (<function _StridedSliceGrad at 0x00000172464136A0>) in gradient.
[2026-01-25 00:19:42,335] tensorflow - Level 1 - Registering StridedSliceGrad (<function _StridedSliceGradGrad at 0x0000017246413740>) in gradient.
[2026-01-25 00:19:42,335] tensorflow - Level 1 - Registering TensorStridedSliceUpdate (<function _TensorStridedSliceUpdateGrad at 0x00000172464137E0>) in gradient.
[2026-01-25 00:19:42,335] tensorflow - Level 1 - Registering Split (<function _SplitGrad at 0x0000017246413880>) in gradient.
[2026-01-25 00:19:42,335] tensorflow - Level 1 - Registering SplitV (<function _SplitVGrad at 0x0000017246413920>) in gradient.
[2026-01-25 00:19:42,336] tensorflow - Level 1 - Registering Const (None) in gradient.
[2026-01-25 00:19:42,336] tensorflow - Level 1 - Registering Diag (<function _DiagGrad at 0x00000172464139C0>) in gradient.
[2026-01-25 00:19:42,336] tensorflow - Level 1 - Registering DiagPart (<function _DiagPartGrad at 0x0000017246413A60>) in gradient.
[2026-01-25 00:19:42,336] tensorflow - Level 1 - Registering MatrixDiag (<function _MatrixDiagGrad at 0x0000017246413B00>) in gradient.
[2026-01-25 00:19:42,337] tensorflow - Level 1 - Registering MatrixDiagV2 (<function _MatrixDiagV2Grad at 0x0000017246413BA0>) in gradient.
[2026-01-25 00:19:42,337] tensorflow - Level 1 - Registering MatrixDiagV3 (<function _MatrixDiagV3Grad at 0x0000017246413C40>) in gradient.
[2026-01-25 00:19:42,337] tensorflow - Level 1 - Registering MatrixDiagPart (<function _MatrixDiagPartGrad at 0x0000017246413CE0>) in gradient.
[2026-01-25 00:19:42,337] tensorflow - Level 1 - Registering MatrixDiagPartV2 (<function _MatrixDiagPartV2Grad at 0x0000017246413D80>) in gradient.
[2026-01-25 00:19:42,337] tensorflow - Level 1 - Registering MatrixDiagPartV3 (<function _MatrixDiagPartV3Grad at 0x0000017246413E20>) in gradient.
[2026-01-25 00:19:42,338] tensorflow - Level 1 - Registering MatrixSetDiag (<function _MatrixSetDiagGrad at 0x0000017246413EC0>) in gradient.
[2026-01-25 00:19:42,338] tensorflow - Level 1 - Registering MatrixSetDiagV2 (<function _MatrixSetDiagGradV2 at 0x0000017246413F60>) in gradient.
[2026-01-25 00:19:42,338] tensorflow - Level 1 - Registering MatrixSetDiagV3 (<function _MatrixSetDiagGradV3 at 0x0000017246480040>) in gradient.
[2026-01-25 00:19:42,338] tensorflow - Level 1 - Registering MatrixBandPart (<function _MatrixBandPartGrad at 0x00000172464800E0>) in gradient.
[2026-01-25 00:19:42,339] tensorflow - Level 1 - Registering EditDistance (None) in gradient.
[2026-01-25 00:19:42,339] tensorflow - Level 1 - Registering Fill (<function _FillGrad at 0x0000017246480180>) in gradient.
[2026-01-25 00:19:42,339] tensorflow - Level 1 - Registering ZerosLike (None) in gradient.
[2026-01-25 00:19:42,340] tensorflow - Level 1 - Registering OnesLike (None) in gradient.
[2026-01-25 00:19:42,341] tensorflow - Level 1 - Registering PreventGradient (<function _PreventGradientGrad at 0x0000017246480220>) in gradient.
[2026-01-25 00:19:42,341] tensorflow - Level 1 - Registering Gather (<function _GatherGrad at 0x0000017246480360>) in gradient.
[2026-01-25 00:19:42,343] tensorflow - Level 1 - Registering GatherV2 (<function _GatherV2Grad at 0x0000017246480540>) in gradient.
[2026-01-25 00:19:42,343] tensorflow - Level 1 - Registering GatherNd (<function _GatherNdGrad at 0x00000172464805E0>) in gradient.
[2026-01-25 00:19:42,344] tensorflow - Level 1 - Registering ResourceGatherNd (<function _ResourceGatherNdGrad at 0x0000017246480680>) in gradient.
[2026-01-25 00:19:42,345] tensorflow - Level 1 - Registering CheckNumerics (<function _CheckNumericsGrad at 0x0000017246480720>) in gradient.
[2026-01-25 00:19:42,346] tensorflow - Level 1 - Registering CheckNumericsV2 (<function _CheckNumericsV2Grad at 0x00000172464807C0>) in gradient.
[2026-01-25 00:19:42,347] tensorflow - Level 1 - Registering Identity (<function _IdGrad at 0x0000017246480860>) in gradient.
[2026-01-25 00:19:42,347] tensorflow - Level 1 - Registering PlaceholderWithDefault (<function _IdGrad at 0x0000017246480860>) in gradient.
[2026-01-25 00:19:42,347] tensorflow - Level 1 - Registering _EagerConst (<function _EagerConstGrad at 0x0000017246480900>) in gradient.
[2026-01-25 00:19:42,347] tensorflow - Level 1 - Registering RefIdentity (<function _RefIdGrad at 0x00000172464809A0>) in gradient.
[2026-01-25 00:19:42,347] tensorflow - Level 1 - Registering IdentityN (<function _IdNGrad at 0x0000017246480A40>) in gradient.
[2026-01-25 00:19:42,348] tensorflow - Level 1 - Registering StopGradient (None) in gradient.
[2026-01-25 00:19:42,348] tensorflow - Level 1 - Registering Reshape (<function _ReshapeGrad at 0x0000017246480AE0>) in gradient.
[2026-01-25 00:19:42,349] tensorflow - Level 1 - Registering InvertPermutation (None) in gradient.
[2026-01-25 00:19:42,349] tensorflow - Level 1 - Registering ExpandDims (<function _ExpandDimsGrad at 0x0000017246480C20>) in gradient.
[2026-01-25 00:19:42,350] tensorflow - Level 1 - Registering Squeeze (<function _SqueezeGrad at 0x0000017246480CC0>) in gradient.
[2026-01-25 00:19:42,350] tensorflow - Level 1 - Registering Transpose (<function _TransposeGrad at 0x0000017246480D60>) in gradient.
[2026-01-25 00:19:42,351] tensorflow - Level 1 - Registering ConjugateTranspose (<function _ConjugateTransposeGrad at 0x0000017246480E00>) in gradient.
[2026-01-25 00:19:42,352] tensorflow - Level 1 - Registering Shape (None) in gradient.
[2026-01-25 00:19:42,353] tensorflow - Level 1 - Registering ShapeN (None) in gradient.
[2026-01-25 00:19:42,353] tensorflow - Level 1 - Registering Rank (None) in gradient.
[2026-01-25 00:19:42,353] tensorflow - Level 1 - Registering Size (None) in gradient.
[2026-01-25 00:19:42,354] tensorflow - Level 1 - Registering Tile (<function _TileGrad at 0x0000017246480EA0>) in gradient.
[2026-01-25 00:19:42,354] tensorflow - Level 1 - Registering BroadcastGradientArgs (None) in gradient.
[2026-01-25 00:19:42,355] tensorflow - Level 1 - Registering Pad (<function _PadGrad at 0x0000017246480F40>) in gradient.
[2026-01-25 00:19:42,355] tensorflow - Level 1 - Registering PadV2 (<function _PadGrad at 0x0000017246480F40>) in gradient.
[2026-01-25 00:19:42,355] tensorflow - Level 1 - Registering ReverseSequence (<function _ReverseSequenceGrad at 0x0000017246480FE0>) in gradient.
[2026-01-25 00:19:42,356] tensorflow - Level 1 - Registering Reverse (<function _ReverseGrad at 0x0000017246481080>) in gradient.
[2026-01-25 00:19:42,356] tensorflow - Level 1 - Registering ReverseV2 (<function _ReverseV2Grad at 0x0000017246481120>) in gradient.
[2026-01-25 00:19:42,357] tensorflow - Level 1 - Registering SpaceToBatch (<function _SpaceToBatchGrad at 0x00000172464811C0>) in gradient.
[2026-01-25 00:19:42,358] tensorflow - Level 1 - Registering SpaceToBatchND (<function _SpaceToBatchNDGrad at 0x0000017246481260>) in gradient.
[2026-01-25 00:19:42,358] tensorflow - Level 1 - Registering BatchToSpace (<function _BatchToSpaceGrad at 0x0000017246481300>) in gradient.
[2026-01-25 00:19:42,359] tensorflow - Level 1 - Registering BatchToSpaceND (<function _BatchToSpaceNDGrad at 0x00000172464813A0>) in gradient.
[2026-01-25 00:19:42,360] tensorflow - Level 1 - Registering SpaceToDepth (<function _SpaceToDepthGrad at 0x0000017246481440>) in gradient.
[2026-01-25 00:19:42,360] tensorflow - Level 1 - Registering DepthToSpace (<function _DepthToSpaceGrad at 0x00000172464814E0>) in gradient.
[2026-01-25 00:19:42,361] tensorflow - Level 1 - Registering OneHot (None) in gradient.
[2026-01-25 00:19:42,361] tensorflow - Level 1 - Registering MirrorPad (<function _MirrorPadGrad at 0x0000017246481580>) in gradient.
[2026-01-25 00:19:42,362] tensorflow - Level 1 - Registering MirrorPadGrad (<function _MirrorPadGradGrad at 0x0000017246481620>) in gradient.
[2026-01-25 00:19:42,362] tensorflow - Level 1 - Registering FakeQuantWithMinMaxArgsGradient (None) in gradient.
[2026-01-25 00:19:42,362] tensorflow - Level 1 - Registering FakeQuantWithMinMaxVarsGradient (None) in gradient.
[2026-01-25 00:19:42,363] tensorflow - Level 1 - Registering FakeQuantWithMinMaxVarsPerChannelGradient (None) in gradient.
[2026-01-25 00:19:42,363] tensorflow - Level 1 - Registering QuantizeAndDequantize (<function _QuantizeAndDequantizeGrad at 0x00000172464816C0>) in gradient.
[2026-01-25 00:19:42,363] tensorflow - Level 1 - Registering QuantizeAndDequantizeV2 (<function _QuantizeAndDequantizeV2Grad at 0x0000017246481800>) in gradient.
[2026-01-25 00:19:42,363] tensorflow - Level 1 - Registering QuantizeAndDequantizeV3 (<function _QuantizeAndDequantizeV3Grad at 0x00000172464818A0>) in gradient.
[2026-01-25 00:19:42,363] tensorflow - Level 1 - Registering ExtractImagePatches (<function _ExtractImagePatchesGrad at 0x0000017246481760>) in gradient.
[2026-01-25 00:19:42,364] tensorflow - Level 1 - Registering ExtractVolumePatches (<function _ExtractVolumePatchesGrad at 0x0000017246481940>) in gradient.
[2026-01-25 00:19:42,364] tensorflow - Level 1 - Registering ScatterNd (<function _ScatterNdGrad at 0x00000172464819E0>) in gradient.
[2026-01-25 00:19:42,364] tensorflow - Level 1 - Registering TensorScatterUpdate (<function _TensorScatterUpdateGrad at 0x0000017246481A80>) in gradient.
[2026-01-25 00:19:42,365] tensorflow - Level 1 - Registering TensorScatterAdd (<function _TensorScatterAddGrad at 0x0000017246481B20>) in gradient.
[2026-01-25 00:19:42,365] tensorflow - Level 1 - Registering TensorScatterMax (<function _TensorScatterMaxGrad at 0x0000017246481C60>) in gradient.
[2026-01-25 00:19:42,365] tensorflow - Level 1 - Registering TensorScatterMin (<function _TensorScatterMinGrad at 0x0000017246481D00>) in gradient.
[2026-01-25 00:19:42,366] tensorflow - Level 1 - Registering TensorScatterSub (<function _TensorScatterSubGrad at 0x0000017246481DA0>) in gradient.
[2026-01-25 00:19:42,366] tensorflow - Level 1 - Registering ScatterNdNonAliasingAdd (<function _ScatterNdNonAliasingAddGrad at 0x0000017246481E40>) in gradient.
[2026-01-25 00:19:42,367] tensorflow - Level 1 - Registering BroadcastTo (<function _BroadcastToGrad at 0x0000017246481EE0>) in gradient.
[2026-01-25 00:19:42,372] tensorflow - Level 1 - Registering Switch (<function _SwitchGrad at 0x00000172464820C0>) in gradient.
[2026-01-25 00:19:42,377] tensorflow - Level 1 - Registering RefSwitch (<function _SwitchGrad at 0x00000172464820C0>) in gradient.
[2026-01-25 00:19:42,378] tensorflow - Level 1 - Registering Merge (<function _MergeGrad at 0x0000017246482160>) in gradient.
[2026-01-25 00:19:42,378] tensorflow - Level 1 - Registering RefMerge (<function _RefMergeGrad at 0x00000172464822A0>) in gradient.
[2026-01-25 00:19:42,378] tensorflow - Level 1 - Registering Exit (<function _ExitGrad at 0x0000017246482200>) in gradient.
[2026-01-25 00:19:42,378] tensorflow - Level 1 - Registering RefExit (<function _ExitGrad at 0x0000017246482200>) in gradient.
[2026-01-25 00:19:42,379] tensorflow - Level 1 - Registering NextIteration (<function _NextIterationGrad at 0x0000017246482340>) in gradient.
[2026-01-25 00:19:42,379] tensorflow - Level 1 - Registering RefNextIteration (<function _RefNextIterationGrad at 0x00000172464823E0>) in gradient.
[2026-01-25 00:19:42,380] tensorflow - Level 1 - Registering Enter (<function _EnterGrad at 0x0000017246482480>) in gradient.
[2026-01-25 00:19:42,380] tensorflow - Level 1 - Registering RefEnter (<function _RefEnterGrad at 0x0000017246482520>) in gradient.
[2026-01-25 00:19:42,381] tensorflow - Level 1 - Registering LoopCond (<function _LoopCondGrad at 0x00000172464825C0>) in gradient.
[2026-01-25 00:19:42,404] tensorflow - Level 1 - Registering CudnnRNN (<function _cudnn_rnn_backward at 0x0000017246482700>) in gradient.
[2026-01-25 00:19:42,407] tensorflow - Level 1 - Registering CudnnRNNV2 (<function _cudnn_rnn_backward_v2 at 0x00000172464828E0>) in gradient.
[2026-01-25 00:19:42,407] tensorflow - Level 1 - Registering CudnnRNNV3 (<function _cudnn_rnn_backwardv3 at 0x000001724649AA20>) in gradient.
[2026-01-25 00:19:42,410] tensorflow - Level 1 - Registering ResizeNearestNeighbor (<function _ResizeNearestNeighborGrad at 0x000001724649A980>) in gradient.
[2026-01-25 00:19:42,414] tensorflow - Level 1 - Registering ResizeBilinear (<function _ResizeBilinearGrad at 0x000001724649AAC0>) in gradient.
[2026-01-25 00:19:42,415] tensorflow - Level 1 - Registering ResizeBilinearGrad (None) in gradient.
[2026-01-25 00:19:42,415] tensorflow - Level 1 - Registering ScaleAndTranslate (<function _ScaleAndTranslateGrad at 0x000001724649ACA0>) in gradient.
[2026-01-25 00:19:42,416] tensorflow - Level 1 - Registering ResizeBicubic (<function _ResizeBicubicGrad at 0x000001724649AC00>) in gradient.
[2026-01-25 00:19:42,416] tensorflow - Level 1 - Registering CropAndResize (<function _CropAndResizeGrad at 0x000001724649AD40>) in gradient.
[2026-01-25 00:19:42,417] tensorflow - Level 1 - Registering RGBToHSV (<function _RGBToHSVGrad at 0x000001724649AE80>) in gradient.
[2026-01-25 00:19:42,430] tensorflow - Level 1 - Registering ReaderRead (None) in gradient.
[2026-01-25 00:19:42,431] tensorflow - Level 1 - Registering ReaderReadUpTo (None) in gradient.
[2026-01-25 00:19:42,432] tensorflow - Level 1 - Registering ReaderNumRecordsProduced (None) in gradient.
[2026-01-25 00:19:42,432] tensorflow - Level 1 - Registering ReaderNumWorkUnitsCompleted (None) in gradient.
[2026-01-25 00:19:42,432] tensorflow - Level 1 - Registering ReaderSerializeState (None) in gradient.
[2026-01-25 00:19:42,432] tensorflow - Level 1 - Registering ReaderRestoreState (None) in gradient.
[2026-01-25 00:19:42,433] tensorflow - Level 1 - Registering ReaderReset (None) in gradient.
[2026-01-25 00:19:42,433] tensorflow - Level 1 - Registering WholeFileReader (None) in gradient.
[2026-01-25 00:19:42,435] tensorflow - Level 1 - Registering TextLineReader (None) in gradient.
[2026-01-25 00:19:42,435] tensorflow - Level 1 - Registering FixedLengthRecordReader (None) in gradient.
[2026-01-25 00:19:42,436] tensorflow - Level 1 - Registering TFRecordReader (None) in gradient.
[2026-01-25 00:19:42,437] tensorflow - Level 1 - Registering LMDBReader (None) in gradient.
[2026-01-25 00:19:42,437] tensorflow - Level 1 - Registering IdentityReader (None) in gradient.
[2026-01-25 00:19:42,451] tensorflow - Level 1 - Registering MatrixInverse (<function _MatrixInverseGrad at 0x000001724649AF20>) in gradient.
[2026-01-25 00:19:42,456] tensorflow - Level 1 - Registering Einsum (<function _EinsumGrad at 0x00000172465185E0>) in gradient.
[2026-01-25 00:19:42,456] tensorflow - Level 1 - Registering MatrixDeterminant (<function _MatrixDeterminantGrad at 0x000001724651AA20>) in gradient.
[2026-01-25 00:19:42,456] tensorflow - Level 1 - Registering MatrixSquareRoot (<function _MatrixSquareRootGrad at 0x000001724651AB60>) in gradient.
[2026-01-25 00:19:42,457] tensorflow - Level 1 - Registering LogMatrixDeterminant (<function _LogMatrixDeterminantGrad at 0x000001724651AC00>) in gradient.
[2026-01-25 00:19:42,457] tensorflow - Level 1 - Registering Cholesky (<function _CholeskyGrad at 0x000001724651ACA0>) in gradient.
[2026-01-25 00:19:42,458] tensorflow - Level 1 - Registering Qr (<function _QrGrad at 0x000001724651AD40>) in gradient.
[2026-01-25 00:19:42,459] tensorflow - Level 1 - Registering MatrixSolve (<function _MatrixSolveGrad at 0x000001724651ADE0>) in gradient.
[2026-01-25 00:19:42,461] tensorflow - Level 1 - Registering MatrixSolveLs (<function _MatrixSolveLsGrad at 0x000001724651AE80>) in gradient.
[2026-01-25 00:19:42,461] tensorflow - Level 1 - Registering BandedTriangularSolve (<function _BandedTriangularSolveGrad at 0x000001724651AF20>) in gradient.
[2026-01-25 00:19:42,461] tensorflow - Level 1 - Registering MatrixTriangularSolve (<function _MatrixTriangularSolveGrad at 0x000001724651AFC0>) in gradient.
[2026-01-25 00:19:42,461] tensorflow - Level 1 - Registering Eig (<function _EigGrad at 0x000001724651B100>) in gradient.
[2026-01-25 00:19:42,462] tensorflow - Level 1 - Registering SelfAdjointEigV2 (<function _SelfAdjointEigV2Grad at 0x000001724651B1A0>) in gradient.
[2026-01-25 00:19:42,463] tensorflow - Level 1 - Registering Svd (<function _SvdGrad at 0x000001724651B240>) in gradient.
[2026-01-25 00:19:42,463] tensorflow - Level 1 - Registering TridiagonalMatMul (<function _TridiagonalMatMulGrad at 0x000001724651B420>) in gradient.
[2026-01-25 00:19:42,464] tensorflow - Level 1 - Registering TridiagonalSolve (<function _TridiagonalSolveGrad at 0x000001724651B4C0>) in gradient.
[2026-01-25 00:19:42,467] tensorflow - Level 1 - Registering LookupTableFind (None) in gradient.
[2026-01-25 00:19:42,469] tensorflow - Level 1 - Registering LookupTableFindV2 (None) in gradient.
[2026-01-25 00:19:42,470] tensorflow - Level 1 - Registering LookupTableInsert (None) in gradient.
[2026-01-25 00:19:42,470] tensorflow - Level 1 - Registering LookupTableInsertV2 (None) in gradient.
[2026-01-25 00:19:42,471] tensorflow - Level 1 - Registering LookupTableSize (None) in gradient.
[2026-01-25 00:19:42,471] tensorflow - Level 1 - Registering LookupTableSizeV2 (None) in gradient.
[2026-01-25 00:19:42,471] tensorflow - Level 1 - Registering HashTable (None) in gradient.
[2026-01-25 00:19:42,472] tensorflow - Level 1 - Registering HashTableV2 (None) in gradient.
[2026-01-25 00:19:42,472] tensorflow - Level 1 - Registering InitializeTable (None) in gradient.
[2026-01-25 00:19:42,472] tensorflow - Level 1 - Registering InitializeTableV2 (None) in gradient.
[2026-01-25 00:19:42,473] tensorflow - Level 1 - Registering InitializeTableFromTextFile (None) in gradient.
[2026-01-25 00:19:42,473] tensorflow - Level 1 - Registering InitializeTableFromTextFileV2 (None) in gradient.
[2026-01-25 00:19:42,473] tensorflow - Level 1 - Registering MutableDenseHashTable (None) in gradient.
[2026-01-25 00:19:42,474] tensorflow - Level 1 - Registering MutableDenseHashTableV2 (None) in gradient.
[2026-01-25 00:19:42,474] tensorflow - Level 1 - Registering MutableHashTable (None) in gradient.
[2026-01-25 00:19:42,474] tensorflow - Level 1 - Registering MutableHashTableV2 (None) in gradient.
[2026-01-25 00:19:42,474] tensorflow - Level 1 - Registering MutableHashTableOfTensors (None) in gradient.
[2026-01-25 00:19:42,474] tensorflow - Level 1 - Registering MutableHashTableOfTensorsV2 (None) in gradient.
[2026-01-25 00:19:42,486] tensorflow - Level 1 - Registering Roll (<function _RollGrad at 0x000001724651B6A0>) in gradient.
[2026-01-25 00:19:42,493] tensorflow - Level 1 - Registering ArgMax (<function _ArgMaxGrad at 0x000001724651B880>) in gradient.
[2026-01-25 00:19:42,498] tensorflow - Level 1 - Registering ArgMin (<function _ArgMinGrad at 0x00000172465645E0>) in gradient.
[2026-01-25 00:19:42,499] tensorflow - Level 1 - Registering EuclideanNorm (<function _EuclideanNormGrad at 0x0000017246564860>) in gradient.
[2026-01-25 00:19:42,499] tensorflow - Level 1 - Registering Sum (<function _SumGrad at 0x0000017246564CC0>) in gradient.
[2026-01-25 00:19:42,499] tensorflow - Level 1 - Registering Max (<function _MaxGrad at 0x0000017246564E00>) in gradient.
[2026-01-25 00:19:42,499] tensorflow - Level 1 - Registering Min (<function _MinGrad at 0x0000017246564EA0>) in gradient.
[2026-01-25 00:19:42,500] tensorflow - Level 1 - Registering Mean (<function _MeanGrad at 0x0000017246564F40>) in gradient.
[2026-01-25 00:19:42,500] tensorflow - Level 1 - Registering Prod (<function _ProdGrad at 0x0000017246564FE0>) in gradient.
[2026-01-25 00:19:42,501] tensorflow - Level 1 - Registering SegmentSum (<function _SegmentSumGrad at 0x0000017246565080>) in gradient.
[2026-01-25 00:19:42,501] tensorflow - Level 1 - Registering SegmentMean (<function _SegmentMeanGrad at 0x0000017246565120>) in gradient.
[2026-01-25 00:19:42,501] tensorflow - Level 1 - Registering SparseSegmentSum (<function _SparseSegmentSumGrad at 0x0000017246565300>) in gradient.
[2026-01-25 00:19:42,503] tensorflow - Level 1 - Registering SparseSegmentSumWithNumSegments (<function _SparseSegmentSumWithNumSegmentsGrad at 0x00000172465653A0>) in gradient.
[2026-01-25 00:19:42,503] tensorflow - Level 1 - Registering SparseSegmentMean (<function _SparseSegmentMeanGrad at 0x0000017246565440>) in gradient.
[2026-01-25 00:19:42,503] tensorflow - Level 1 - Registering SparseSegmentMeanWithNumSegments (<function _SparseSegmentMeanWithNumSegmentsGrad at 0x00000172465654E0>) in gradient.
[2026-01-25 00:19:42,503] tensorflow - Level 1 - Registering SparseSegmentSqrtN (<function _SparseSegmentSqrtNGrad at 0x0000017246565580>) in gradient.
[2026-01-25 00:19:42,504] tensorflow - Level 1 - Registering SparseSegmentSqrtNWithNumSegments (<function _SparseSegmentSqrtNWithNumSegmentsGrad at 0x0000017246565620>) in gradient.
[2026-01-25 00:19:42,504] tensorflow - Level 1 - Registering SegmentMin (<function _SegmentMinGrad at 0x0000017246565760>) in gradient.
[2026-01-25 00:19:42,506] tensorflow - Level 1 - Registering SegmentMax (<function _SegmentMaxGrad at 0x0000017246565800>) in gradient.
[2026-01-25 00:19:42,506] tensorflow - Level 1 - Registering SegmentProd (<function _SegmentProdGrad at 0x00000172465658A0>) in gradient.
[2026-01-25 00:19:42,506] tensorflow - Level 1 - Registering UnsortedSegmentSum (<function _UnsortedSegmentSumGrad at 0x0000017246565A80>) in gradient.
[2026-01-25 00:19:42,507] tensorflow - Level 1 - Registering UnsortedSegmentMax (<function _UnsortedSegmentMaxGrad at 0x0000017246565B20>) in gradient.
[2026-01-25 00:19:42,507] tensorflow - Level 1 - Registering UnsortedSegmentMin (<function _UnsortedSegmentMinGrad at 0x0000017246565BC0>) in gradient.
[2026-01-25 00:19:42,507] tensorflow - Level 1 - Registering UnsortedSegmentProd (<function _UnsortedSegmentProdGrad at 0x0000017246565C60>) in gradient.
[2026-01-25 00:19:42,507] tensorflow - Level 1 - Registering Abs (<function _AbsGrad at 0x0000017246565D00>) in gradient.
[2026-01-25 00:19:42,507] tensorflow - Level 1 - Registering Neg (<function _NegGrad at 0x0000017246565DA0>) in gradient.
[2026-01-25 00:19:42,507] tensorflow - Level 1 - Registering Inv (<function _InvGrad at 0x0000017246565E40>) in gradient.
[2026-01-25 00:19:42,508] tensorflow - Level 1 - Registering Reciprocal (<function _ReciprocalGrad at 0x0000017246565EE0>) in gradient.
[2026-01-25 00:19:42,508] tensorflow - Level 1 - Registering InvGrad (<function _InvGradGrad at 0x0000017246565F80>) in gradient.
[2026-01-25 00:19:42,508] tensorflow - Level 1 - Registering ReciprocalGrad (<function _ReciprocalGradGrad at 0x0000017246566020>) in gradient.
[2026-01-25 00:19:42,508] tensorflow - Level 1 - Registering Square (<function _SquareGrad at 0x00000172465660C0>) in gradient.
[2026-01-25 00:19:42,508] tensorflow - Level 1 - Registering Sqrt (<function _SqrtGrad at 0x0000017246566160>) in gradient.
[2026-01-25 00:19:42,509] tensorflow - Level 1 - Registering SqrtGrad (<function _SqrtGradGrad at 0x0000017246566200>) in gradient.
[2026-01-25 00:19:42,509] tensorflow - Level 1 - Registering Rsqrt (<function _RsqrtGrad at 0x00000172465662A0>) in gradient.
[2026-01-25 00:19:42,509] tensorflow - Level 1 - Registering RsqrtGrad (<function _RsqrtGradGrad at 0x0000017246566340>) in gradient.
[2026-01-25 00:19:42,510] tensorflow - Level 1 - Registering Exp (<function _ExpGrad at 0x00000172465663E0>) in gradient.
[2026-01-25 00:19:42,510] tensorflow - Level 1 - Registering Expm1 (<function _Expm1Grad at 0x0000017246566480>) in gradient.
[2026-01-25 00:19:42,510] tensorflow - Level 1 - Registering Log (<function _LogGrad at 0x0000017246566520>) in gradient.
[2026-01-25 00:19:42,510] tensorflow - Level 1 - Registering Log1p (<function _Log1pGrad at 0x00000172465665C0>) in gradient.
[2026-01-25 00:19:42,511] tensorflow - Level 1 - Registering Xlogy (<function _XLogyGrad at 0x0000017246566660>) in gradient.
[2026-01-25 00:19:42,511] tensorflow - Level 1 - Registering Xlog1py (<function _XLog1pyGrad at 0x0000017246566700>) in gradient.
[2026-01-25 00:19:42,511] tensorflow - Level 1 - Registering Xdivy (<function _XDivyGrad at 0x00000172465667A0>) in gradient.
[2026-01-25 00:19:42,511] tensorflow - Level 1 - Registering Sinh (<function _SinhGrad at 0x0000017246566840>) in gradient.
[2026-01-25 00:19:42,511] tensorflow - Level 1 - Registering Cosh (<function _CoshGrad at 0x00000172465668E0>) in gradient.
[2026-01-25 00:19:42,512] tensorflow - Level 1 - Registering Tanh (<function _TanhGrad at 0x0000017246566980>) in gradient.
[2026-01-25 00:19:42,512] tensorflow - Level 1 - Registering Asinh (<function _AsinhGrad at 0x0000017246566A20>) in gradient.
[2026-01-25 00:19:42,512] tensorflow - Level 1 - Registering Acosh (<function _AcoshGrad at 0x0000017246566AC0>) in gradient.
[2026-01-25 00:19:42,512] tensorflow - Level 1 - Registering Atanh (<function _AtanhGrad at 0x0000017246566B60>) in gradient.
[2026-01-25 00:19:42,512] tensorflow - Level 1 - Registering TanhGrad (<function _TanhGradGrad at 0x0000017246566C00>) in gradient.
[2026-01-25 00:19:42,513] tensorflow - Level 1 - Registering Erf (<function _ErfGrad at 0x0000017246566CA0>) in gradient.
[2026-01-25 00:19:42,513] tensorflow - Level 1 - Registering Erfc (<function _ErfcGrad at 0x0000017246566D40>) in gradient.
[2026-01-25 00:19:42,513] tensorflow - Level 1 - Registering Erfinv (<function _ErfinvGrad at 0x0000017246566DE0>) in gradient.
[2026-01-25 00:19:42,513] tensorflow - Level 1 - Registering Ndtri (<function _NdtriGrad at 0x0000017246566E80>) in gradient.
[2026-01-25 00:19:42,513] tensorflow - Level 1 - Registering Lgamma (<function _LgammaGrad at 0x0000017246566F20>) in gradient.
[2026-01-25 00:19:42,513] tensorflow - Level 1 - Registering Digamma (<function _DigammaGrad at 0x0000017246566FC0>) in gradient.
[2026-01-25 00:19:42,514] tensorflow - Level 1 - Registering Dawsn (<function _DawsnGrad at 0x0000017246567060>) in gradient.
[2026-01-25 00:19:42,514] tensorflow - Level 1 - Registering Expint (<function _ExpintGrad at 0x0000017246567100>) in gradient.
[2026-01-25 00:19:42,514] tensorflow - Level 1 - Registering FresnelCos (<function _FresnelCosGrad at 0x00000172465671A0>) in gradient.
[2026-01-25 00:19:42,514] tensorflow - Level 1 - Registering FresnelSin (<function _FresnelSinGrad at 0x0000017246567240>) in gradient.
[2026-01-25 00:19:42,514] tensorflow - Level 1 - Registering Spence (<function _SpenceGrad at 0x00000172465672E0>) in gradient.
[2026-01-25 00:19:42,515] tensorflow - Level 1 - Registering BesselI0 (<function _BesselI0Grad at 0x0000017246567380>) in gradient.
[2026-01-25 00:19:42,515] tensorflow - Level 1 - Registering BesselI0e (<function _BesselI0eGrad at 0x0000017246567420>) in gradient.
[2026-01-25 00:19:42,515] tensorflow - Level 1 - Registering BesselI1 (<function _BesselI1Grad at 0x00000172465674C0>) in gradient.
[2026-01-25 00:19:42,515] tensorflow - Level 1 - Registering BesselI1e (<function _BesselI1eGrad at 0x0000017246567560>) in gradient.
[2026-01-25 00:19:42,515] tensorflow - Level 1 - Registering BesselK0 (<function _BesselK0Grad at 0x0000017246567600>) in gradient.
[2026-01-25 00:19:42,516] tensorflow - Level 1 - Registering BesselK0e (<function _BesselK0eGrad at 0x00000172465676A0>) in gradient.
[2026-01-25 00:19:42,516] tensorflow - Level 1 - Registering BesselK1 (<function _BesselK1Grad at 0x0000017246567740>) in gradient.
[2026-01-25 00:19:42,516] tensorflow - Level 1 - Registering BesselK1e (<function _BesselK1eGrad at 0x00000172465677E0>) in gradient.
[2026-01-25 00:19:42,516] tensorflow - Level 1 - Registering BesselJ0 (<function _BesselJ0Grad at 0x0000017246567880>) in gradient.
[2026-01-25 00:19:42,516] tensorflow - Level 1 - Registering BesselJ1 (<function _BesselJ1Grad at 0x0000017246567920>) in gradient.
[2026-01-25 00:19:42,517] tensorflow - Level 1 - Registering BesselY0 (<function _BesselY0Grad at 0x00000172465679C0>) in gradient.
[2026-01-25 00:19:42,517] tensorflow - Level 1 - Registering BesselY1 (<function _BesselY1Grad at 0x0000017246567A60>) in gradient.
[2026-01-25 00:19:42,517] tensorflow - Level 1 - Registering Igamma (<function _IgammaGrad at 0x0000017246567B00>) in gradient.
[2026-01-25 00:19:42,517] tensorflow - Level 1 - Registering Igammac (<function _IgammacGrad at 0x0000017246567BA0>) in gradient.
[2026-01-25 00:19:42,517] tensorflow - Level 1 - Registering Betainc (<function _BetaincGrad at 0x0000017246567C40>) in gradient.
[2026-01-25 00:19:42,518] tensorflow - Level 1 - Registering Zeta (<function _ZetaGrad at 0x0000017246567CE0>) in gradient.
[2026-01-25 00:19:42,518] tensorflow - Level 1 - Registering Polygamma (<function _PolygammaGrad at 0x0000017246567D80>) in gradient.
[2026-01-25 00:19:42,518] tensorflow - Level 1 - Registering Sigmoid (<function _SigmoidGrad at 0x0000017246567E20>) in gradient.
[2026-01-25 00:19:42,519] tensorflow - Level 1 - Registering SigmoidGrad (<function _SigmoidGradGrad at 0x0000017246567EC0>) in gradient.
[2026-01-25 00:19:42,519] tensorflow - Level 1 - Registering Sign (<function _SignGrad at 0x0000017246567F60>) in gradient.
[2026-01-25 00:19:42,519] tensorflow - Level 1 - Registering Sin (<function _SinGrad at 0x00000172465A8040>) in gradient.
[2026-01-25 00:19:42,520] tensorflow - Level 1 - Registering Cos (<function _CosGrad at 0x00000172465A80E0>) in gradient.
[2026-01-25 00:19:42,520] tensorflow - Level 1 - Registering Tan (<function _TanGrad at 0x00000172465A8180>) in gradient.
[2026-01-25 00:19:42,520] tensorflow - Level 1 - Registering Asin (<function _AsinGrad at 0x00000172465A8220>) in gradient.
[2026-01-25 00:19:42,521] tensorflow - Level 1 - Registering Acos (<function _AcosGrad at 0x00000172465A82C0>) in gradient.
[2026-01-25 00:19:42,521] tensorflow - Level 1 - Registering Atan (<function _AtanGrad at 0x00000172465A8360>) in gradient.
[2026-01-25 00:19:42,521] tensorflow - Level 1 - Registering Atan2 (<function _Atan2Grad at 0x00000172465A8400>) in gradient.
[2026-01-25 00:19:42,522] tensorflow - Level 1 - Registering AddN (<function _AddNGrad at 0x00000172465A84A0>) in gradient.
[2026-01-25 00:19:42,522] tensorflow - Level 1 - Registering AddV2 (<function _AddGrad at 0x00000172465A85E0>) in gradient.
[2026-01-25 00:19:42,522] tensorflow - Level 1 - Registering Add (<function _AddGrad at 0x00000172465A85E0>) in gradient.
[2026-01-25 00:19:42,523] tensorflow - Level 1 - Registering Sub (<function _SubGrad at 0x00000172465A8680>) in gradient.
[2026-01-25 00:19:42,523] tensorflow - Level 1 - Registering Mul (<function _MulGrad at 0x00000172465A8720>) in gradient.
[2026-01-25 00:19:42,523] tensorflow - Level 1 - Registering MulNoNan (<function _MulNoNanGrad at 0x00000172465A87C0>) in gradient.
[2026-01-25 00:19:42,523] tensorflow - Level 1 - Registering Div (<function _DivGrad at 0x00000172465A8860>) in gradient.
[2026-01-25 00:19:42,524] tensorflow - Level 1 - Registering FloorDiv (<function _FloorDivGrad at 0x00000172465A8900>) in gradient.
[2026-01-25 00:19:42,524] tensorflow - Level 1 - Registering FloorMod (<function _FloorModGrad at 0x00000172465A89A0>) in gradient.
[2026-01-25 00:19:42,524] tensorflow - Level 1 - Registering TruncateDiv (<function _TruncateDivGrad at 0x00000172465A8A40>) in gradient.
[2026-01-25 00:19:42,525] tensorflow - Level 1 - Registering RealDiv (<function _RealDivGrad at 0x00000172465A8AE0>) in gradient.
[2026-01-25 00:19:42,525] tensorflow - Level 1 - Registering DivNoNan (<function _DivNoNanGrad at 0x00000172465A8B80>) in gradient.
[2026-01-25 00:19:42,525] tensorflow - Level 1 - Registering Pow (<function _PowGrad at 0x00000172465A8C20>) in gradient.
[2026-01-25 00:19:42,526] tensorflow - Level 1 - Registering Maximum (<function _MaximumGrad at 0x00000172465A8E00>) in gradient.
[2026-01-25 00:19:42,526] tensorflow - Level 1 - Registering Minimum (<function _MinimumGrad at 0x00000172465A8EA0>) in gradient.
[2026-01-25 00:19:42,527] tensorflow - Level 1 - Registering SquaredDifference (<function _SquaredDifferenceGrad at 0x00000172465A8F40>) in gradient.
[2026-01-25 00:19:42,527] tensorflow - Level 1 - Registering Less (None) in gradient.
[2026-01-25 00:19:42,528] tensorflow - Level 1 - Registering LessEqual (None) in gradient.
[2026-01-25 00:19:42,529] tensorflow - Level 1 - Registering Greater (None) in gradient.
[2026-01-25 00:19:42,530] tensorflow - Level 1 - Registering GreaterEqual (None) in gradient.
[2026-01-25 00:19:42,530] tensorflow - Level 1 - Registering Equal (None) in gradient.
[2026-01-25 00:19:42,531] tensorflow - Level 1 - Registering ApproximateEqual (None) in gradient.
[2026-01-25 00:19:42,531] tensorflow - Level 1 - Registering NotEqual (None) in gradient.
[2026-01-25 00:19:42,532] tensorflow - Level 1 - Registering LogicalAnd (None) in gradient.
[2026-01-25 00:19:42,533] tensorflow - Level 1 - Registering LogicalOr (None) in gradient.
[2026-01-25 00:19:42,533] tensorflow - Level 1 - Registering LogicalNot (None) in gradient.
[2026-01-25 00:19:42,534] tensorflow - Level 1 - Registering Select (<function _SelectGrad at 0x00000172465A8FE0>) in gradient.
[2026-01-25 00:19:42,535] tensorflow - Level 1 - Registering SelectV2 (<function _SelectGradV2 at 0x00000172465A9080>) in gradient.
[2026-01-25 00:19:42,535] tensorflow - Level 1 - Registering MatMul (<function _MatMulGrad at 0x00000172465A9260>) in gradient.
[2026-01-25 00:19:42,535] tensorflow - Level 1 - Registering SparseMatMul (<function _SparseMatMulGrad at 0x00000172465A9300>) in gradient.
[2026-01-25 00:19:42,536] tensorflow - Level 1 - Registering Floor (<function _FloorGrad at 0x00000172465A93A0>) in gradient.
[2026-01-25 00:19:42,536] tensorflow - Level 1 - Registering Ceil (<function _CeilGrad at 0x00000172465A9440>) in gradient.
[2026-01-25 00:19:42,536] tensorflow - Level 1 - Registering Round (<function _RoundGrad at 0x00000172465A94E0>) in gradient.
[2026-01-25 00:19:42,537] tensorflow - Level 1 - Registering Rint (<function _RintGrad at 0x00000172465A9580>) in gradient.
[2026-01-25 00:19:42,537] tensorflow - Level 1 - Registering BatchMatMul (<function _BatchMatMul at 0x00000172465A9620>) in gradient.
[2026-01-25 00:19:42,537] tensorflow - Level 1 - Registering BatchMatMulV3 (<function _BatchMatMulV2 at 0x00000172465A96C0>) in gradient.
[2026-01-25 00:19:42,538] tensorflow - Level 1 - Registering BatchMatMulV2 (<function _BatchMatMulV2 at 0x00000172465A96C0>) in gradient.
[2026-01-25 00:19:42,538] tensorflow - Level 1 - Registering Range (None) in gradient.
[2026-01-25 00:19:42,538] tensorflow - Level 1 - Registering LinSpace (None) in gradient.
[2026-01-25 00:19:42,538] tensorflow - Level 1 - Registering Complex (<function _ComplexGrad at 0x00000172465A9760>) in gradient.
[2026-01-25 00:19:42,539] tensorflow - Level 1 - Registering Real (<function _RealGrad at 0x00000172465A9800>) in gradient.
[2026-01-25 00:19:42,539] tensorflow - Level 1 - Registering Imag (<function _ImagGrad at 0x00000172465A98A0>) in gradient.
[2026-01-25 00:19:42,539] tensorflow - Level 1 - Registering Angle (<function _AngleGrad at 0x00000172465A9940>) in gradient.
[2026-01-25 00:19:42,540] tensorflow - Level 1 - Registering Conj (<function _ConjGrad at 0x00000172465A99E0>) in gradient.
[2026-01-25 00:19:42,540] tensorflow - Level 1 - Registering ComplexAbs (<function _ComplexAbsGrad at 0x00000172465A9A80>) in gradient.
[2026-01-25 00:19:42,541] tensorflow - Level 1 - Registering Cast (<function _CastGrad at 0x00000172465A9B20>) in gradient.
[2026-01-25 00:19:42,541] tensorflow - Level 1 - Registering Cross (<function _CrossGrad at 0x00000172465A9BC0>) in gradient.
[2026-01-25 00:19:42,542] tensorflow - Level 1 - Registering Cumsum (<function _CumsumGrad at 0x00000172465A9C60>) in gradient.
[2026-01-25 00:19:42,542] tensorflow - Level 1 - Registering Cumprod (<function _CumprodGrad at 0x00000172465A9D00>) in gradient.
[2026-01-25 00:19:42,542] tensorflow - Level 1 - Registering CumulativeLogsumexp (<function _CumulativeLogsumexpGrad at 0x00000172465A9DA0>) in gradient.
[2026-01-25 00:19:42,542] tensorflow - Level 1 - Registering NextAfter (<function _NextAfterGrad at 0x00000172465A9E40>) in gradient.
[2026-01-25 00:19:42,551] tensorflow - Level 1 - Registering NcclAllReduce (<function _all_sum_grad at 0x00000172465AA200>) in gradient.
[2026-01-25 00:19:42,554] tensorflow - Level 1 - Registering NcclReduce (<function _reduce_sum_grad at 0x00000172465AADE0>) in gradient.
[2026-01-25 00:19:42,554] tensorflow - Level 1 - Registering NcclBroadcast (<function _broadcast_grad at 0x00000172465AAF20>) in gradient.
[2026-01-25 00:19:42,557] tensorflow - Level 1 - Registering OptionalFromValue (<function _OptionalFromValueGrad at 0x00000172465AAB60>) in gradient.
[2026-01-25 00:19:42,559] tensorflow - Level 1 - Registering OptionalGetValue (<function _OptionalGetValueGrad at 0x00000172465AB240>) in gradient.
[2026-01-25 00:19:42,561] tensorflow - Level 1 - Registering DecodeRaw (None) in gradient.
[2026-01-25 00:19:42,563] tensorflow - Level 1 - Registering DecodePaddedRaw (None) in gradient.
[2026-01-25 00:19:42,563] tensorflow - Level 1 - Registering ParseTensor (None) in gradient.
[2026-01-25 00:19:42,563] tensorflow - Level 1 - Registering SerializeTensor (None) in gradient.
[2026-01-25 00:19:42,564] tensorflow - Level 1 - Registering StringToNumber (None) in gradient.
[2026-01-25 00:19:42,575] tensorflow - Level 1 - Registering DecodeProtoV2 (None) in gradient.
[2026-01-25 00:19:42,578] tensorflow - Level 1 - Registering EncodeProto (None) in gradient.
[2026-01-25 00:19:42,582] tensorflow - Level 1 - Registering RandomGamma (<function _RandomGammaGrad at 0x00000172465C4040>) in gradient.
[2026-01-25 00:19:42,585] tensorflow - Level 1 - Registering StatelessRandomGammaV2 (<function _StatelessRandomGammaV2Grad at 0x00000172465C40E0>) in gradient.
[2026-01-25 00:19:42,586] tensorflow - Level 1 - Registering StatelessRandomGammaV3 (<function _StatelessRandomGammaV3Grad at 0x00000172465C4220>) in gradient.
[2026-01-25 00:19:42,587] tensorflow - Level 1 - Registering StatelessParameterizedTruncatedNormal (<function _StatelessParameterizedTruncatedNormalGrad at 0x00000172465C44A0>) in gradient.
[2026-01-25 00:19:42,604] tensorflow - Level 1 - Registering BlockLSTM (<function _block_lstm_grad at 0x00000172465C4180>) in gradient.
[2026-01-25 00:19:42,607] tensorflow - Level 1 - Registering BlockLSTMV2 (<function _block_lstm_grad at 0x00000172465C4180>) in gradient.
[2026-01-25 00:19:42,615] tensorflow - Level 1 - Registering SdcaFprint (None) in gradient.
[2026-01-25 00:19:42,617] tensorflow - Level 1 - Registering SdcaOptimizer (None) in gradient.
[2026-01-25 00:19:42,618] tensorflow - Level 1 - Registering SdcaOptimizerV2 (None) in gradient.
[2026-01-25 00:19:42,619] tensorflow - Level 1 - Registering SdcaShrinkL1 (None) in gradient.
[2026-01-25 00:19:42,631] tensorflow - Level 1 - Registering SetSize (None) in gradient.
[2026-01-25 00:19:42,635] tensorflow - Level 1 - Registering DenseToDenseSetOperation (None) in gradient.
[2026-01-25 00:19:42,635] tensorflow - Level 1 - Registering DenseToSparseSetOperation (None) in gradient.
[2026-01-25 00:19:42,636] tensorflow - Level 1 - Registering SparseToSparseSetOperation (None) in gradient.
[2026-01-25 00:19:42,642] tensorflow - Level 1 - Registering SparseAddGrad (None) in gradient.
[2026-01-25 00:19:42,645] tensorflow - Level 1 - Registering SparseConcat (None) in gradient.
[2026-01-25 00:19:42,645] tensorflow - Level 1 - Registering SparseReorder (<function _SparseReorderGrad at 0x00000172465FB4C0>) in gradient.
[2026-01-25 00:19:42,646] tensorflow - Level 1 - Registering SparseAdd (<function _SparseAddGrad at 0x00000172465FB6A0>) in gradient.
[2026-01-25 00:19:42,646] tensorflow - Level 1 - Registering SparseTensorDenseAdd (<function _SparseTensorDenseAddGrad at 0x00000172465FB600>) in gradient.
[2026-01-25 00:19:42,648] tensorflow - Level 1 - Registering SparseReduceSum (<function _SparseReduceSumGrad at 0x00000172465FB740>) in gradient.
[2026-01-25 00:19:42,648] tensorflow - Level 1 - Registering SparseSlice (<function _SparseSliceGrad at 0x00000172465FB7E0>) in gradient.
[2026-01-25 00:19:42,648] tensorflow - Level 1 - Registering SparseTensorDenseMatMul (<function _SparseTensorDenseMatMulGrad at 0x00000172465FB880>) in gradient.
[2026-01-25 00:19:42,648] tensorflow - Level 1 - Registering SparseDenseCwiseAdd (<function _SparseDenseCwiseAddGrad at 0x00000172465FB920>) in gradient.
[2026-01-25 00:19:42,649] tensorflow - Level 1 - Registering SparseDenseCwiseMul (<function _SparseDenseCwiseMulGrad at 0x00000172465FBA60>) in gradient.
[2026-01-25 00:19:42,649] tensorflow - Level 1 - Registering SparseDenseCwiseDiv (<function _SparseDenseCwiseDivGrad at 0x00000172465FBB00>) in gradient.
[2026-01-25 00:19:42,649] tensorflow - Level 1 - Registering SparseSoftmax (<function _SparseSoftmaxGrad at 0x00000172465FBBA0>) in gradient.
[2026-01-25 00:19:42,650] tensorflow - Level 1 - Registering SparseSparseMaximum (<function _SparseSparseMaximumGrad at 0x00000172465FBC40>) in gradient.
[2026-01-25 00:19:42,650] tensorflow - Level 1 - Registering SparseSparseMinimum (<function _SparseSparseMinimumGrad at 0x00000172465FBCE0>) in gradient.
[2026-01-25 00:19:42,651] tensorflow - Level 1 - Registering SparseFillEmptyRows (<function _SparseFillEmptyRowsGrad at 0x00000172465FBD80>) in gradient.
[2026-01-25 00:19:42,651] tensorflow - Level 1 - Registering SparseToDense (<function _SparseToDenseGrad at 0x00000172465FBE20>) in gradient.
[2026-01-25 00:19:42,656] tensorflow - Level 1 - Registering TensorArray (None) in gradient.
[2026-01-25 00:19:42,660] tensorflow - Level 1 - Registering TensorArrayGrad (None) in gradient.
[2026-01-25 00:19:42,661] tensorflow - Level 1 - Registering TensorArraySize (None) in gradient.
[2026-01-25 00:19:42,662] tensorflow - Level 1 - Registering TensorArrayClose (None) in gradient.
[2026-01-25 00:19:42,663] tensorflow - Level 1 - Registering TensorArrayV2 (None) in gradient.
[2026-01-25 00:19:42,663] tensorflow - Level 1 - Registering TensorArrayGradV2 (None) in gradient.
[2026-01-25 00:19:42,664] tensorflow - Level 1 - Registering TensorArraySizeV2 (None) in gradient.
[2026-01-25 00:19:42,665] tensorflow - Level 1 - Registering TensorArrayCloseV2 (None) in gradient.
[2026-01-25 00:19:42,665] tensorflow - Level 1 - Registering TensorArrayV3 (None) in gradient.
[2026-01-25 00:19:42,666] tensorflow - Level 1 - Registering TensorArrayGradV3 (None) in gradient.
[2026-01-25 00:19:42,667] tensorflow - Level 1 - Registering TensorArrayGradWithShape (None) in gradient.
[2026-01-25 00:19:42,667] tensorflow - Level 1 - Registering TensorArraySizeV3 (None) in gradient.
[2026-01-25 00:19:42,668] tensorflow - Level 1 - Registering TensorArrayCloseV3 (None) in gradient.
[2026-01-25 00:19:42,669] tensorflow - Level 1 - Registering TensorArrayReadV3 (<function _TensorArrayReadGrad at 0x00000172465FBF60>) in gradient.
[2026-01-25 00:19:42,669] tensorflow - Level 1 - Registering TensorArrayReadV2 (<function _TensorArrayReadGrad at 0x00000172465FBF60>) in gradient.
[2026-01-25 00:19:42,670] tensorflow - Level 1 - Registering TensorArrayRead (<function _TensorArrayReadGrad at 0x00000172465FBF60>) in gradient.
[2026-01-25 00:19:42,671] tensorflow - Level 1 - Registering TensorArrayWriteV3 (<function _TensorArrayWriteGrad at 0x0000017246624040>) in gradient.
[2026-01-25 00:19:42,671] tensorflow - Level 1 - Registering TensorArrayWriteV2 (<function _TensorArrayWriteGrad at 0x0000017246624040>) in gradient.
[2026-01-25 00:19:42,672] tensorflow - Level 1 - Registering TensorArrayWrite (<function _TensorArrayWriteGrad at 0x0000017246624040>) in gradient.
[2026-01-25 00:19:42,672] tensorflow - Level 1 - Registering TensorArrayGatherV3 (<function _TensorArrayGatherGrad at 0x00000172466240E0>) in gradient.
[2026-01-25 00:19:42,673] tensorflow - Level 1 - Registering TensorArrayGatherV2 (<function _TensorArrayGatherGrad at 0x00000172466240E0>) in gradient.
[2026-01-25 00:19:42,673] tensorflow - Level 1 - Registering TensorArrayGather (<function _TensorArrayGatherGrad at 0x00000172466240E0>) in gradient.
[2026-01-25 00:19:42,673] tensorflow - Level 1 - Registering TensorArrayScatterV3 (<function _TensorArrayScatterGrad at 0x0000017246624180>) in gradient.
[2026-01-25 00:19:42,674] tensorflow - Level 1 - Registering TensorArrayScatterV2 (<function _TensorArrayScatterGrad at 0x0000017246624180>) in gradient.
[2026-01-25 00:19:42,674] tensorflow - Level 1 - Registering TensorArrayScatter (<function _TensorArrayScatterGrad at 0x0000017246624180>) in gradient.
[2026-01-25 00:19:42,675] tensorflow - Level 1 - Registering TensorArrayConcatV3 (<function _TensorArrayConcatGrad at 0x0000017246624220>) in gradient.
[2026-01-25 00:19:42,675] tensorflow - Level 1 - Registering TensorArrayConcatV2 (<function _TensorArrayConcatGrad at 0x0000017246624220>) in gradient.
[2026-01-25 00:19:42,676] tensorflow - Level 1 - Registering TensorArrayConcat (<function _TensorArrayConcatGrad at 0x0000017246624220>) in gradient.
[2026-01-25 00:19:42,676] tensorflow - Level 1 - Registering TensorArraySplitV3 (<function _TensorArraySplitGrad at 0x00000172466242C0>) in gradient.
[2026-01-25 00:19:42,677] tensorflow - Level 1 - Registering TensorArraySplitV2 (<function _TensorArraySplitGrad at 0x00000172466242C0>) in gradient.
[2026-01-25 00:19:42,677] tensorflow - Level 1 - Registering TensorArraySplit (<function _TensorArraySplitGrad at 0x00000172466242C0>) in gradient.
[2026-01-25 00:19:42,698] tensorflow - Level 1 - Registering DenseToCSRSparseMatrix (<function _DenseToCSRSparseMatrixGrad at 0x0000017246624540>) in gradient.
[2026-01-25 00:19:42,702] tensorflow - Level 1 - Registering CSRSparseMatrixToDense (<function _CSRSparseMatrixToDenseGrad at 0x0000017246624680>) in gradient.
[2026-01-25 00:19:42,702] tensorflow - Level 1 - Registering SparseTensorToCSRSparseMatrix (<function _SparseTensorToCSRSparseMatrixGrad at 0x000001724664D080>) in gradient.
[2026-01-25 00:19:42,703] tensorflow - Level 1 - Registering CSRSparseMatrixToSparseTensor (<function _CSRSparseMatrixToSparseTensorGrad at 0x000001724664CFE0>) in gradient.
[2026-01-25 00:19:42,703] tensorflow - Level 1 - Registering SparseMatrixNNZ (None) in gradient.
[2026-01-25 00:19:42,703] tensorflow - Level 1 - Registering SparseMatrixZeros (None) in gradient.
[2026-01-25 00:19:42,703] tensorflow - Level 1 - Registering SparseMatrixAdd (<function _SparseMatrixAddGrad at 0x000001724664D260>) in gradient.
[2026-01-25 00:19:42,703] tensorflow - Level 1 - Registering SparseMatrixTranspose (<function _SparseMatrixTransposeGrad at 0x000001724664D3A0>) in gradient.
[2026-01-25 00:19:42,704] tensorflow - Level 1 - Registering SparseMatrixSoftmax (<function _SparseMatrixSoftmaxGrad at 0x000001724664D440>) in gradient.
[2026-01-25 00:19:42,704] tensorflow - Level 1 - Registering SparseMatrixMatMul (<function _SparseMatrixMatMulGrad at 0x000001724664D4E0>) in gradient.
[2026-01-25 00:19:42,704] tensorflow - Level 1 - Registering SparseMatrixSparseMatMul (<function _SparseMatrixSparseMatMulGrad at 0x000001724664D580>) in gradient.
[2026-01-25 00:19:42,704] tensorflow - Level 1 - Registering SparseMatrixMul (<function _SparseMatrixMulGrad at 0x000001724664D620>) in gradient.
[2026-01-25 00:19:42,736] tensorflow - Level 1 - Registering FFT (<function _fft_grad at 0x000001724667B100>) in gradient.
[2026-01-25 00:19:42,740] tensorflow - Level 1 - Registering IFFT (<function _ifft_grad at 0x000001724667B1A0>) in gradient.
[2026-01-25 00:19:42,740] tensorflow - Level 1 - Registering FFT2D (<function _fft2d_grad at 0x000001724667B240>) in gradient.
[2026-01-25 00:19:42,741] tensorflow - Level 1 - Registering IFFT2D (<function _ifft2d_grad at 0x000001724667B380>) in gradient.
[2026-01-25 00:19:42,741] tensorflow - Level 1 - Registering FFT3D (<function _fft3d_grad at 0x000001724667B420>) in gradient.
[2026-01-25 00:19:42,741] tensorflow - Level 1 - Registering IFFT3D (<function _ifft3d_grad at 0x000001724667B4C0>) in gradient.
[2026-01-25 00:19:42,743] tensorflow - Level 1 - Registering RFFT (<function _rfft_grad_helper.<locals>._grad at 0x000001724667B920>) in gradient.
[2026-01-25 00:19:42,743] tensorflow - Level 1 - Registering IRFFT (<function _irfft_grad_helper.<locals>._grad at 0x000001724667BB00>) in gradient.
[2026-01-25 00:19:42,743] tensorflow - Level 1 - Registering RFFT2D (<function _rfft_grad_helper.<locals>._grad at 0x000001724667BBA0>) in gradient.
[2026-01-25 00:19:42,744] tensorflow - Level 1 - Registering IRFFT2D (<function _irfft_grad_helper.<locals>._grad at 0x000001724667BC40>) in gradient.
[2026-01-25 00:19:42,751] tensorflow - Level 1 - Registering GenerateVocabRemapping (None) in gradient.
[2026-01-25 00:19:42,754] tensorflow - Level 1 - Registering LoadAndRemapMatrix (None) in gradient.
[2026-01-25 00:19:42,815] tensorflow - Level 1 - Registering XlaVariadicReduce (None) in gradient.
[2026-01-25 00:19:42,819] tensorflow - Level 1 - Registering XlaSharding (<function _sharding_grad at 0x000001724674A660>) in gradient.
[2026-01-25 00:19:42,820] tensorflow - Level 1 - Registering XlaSpmdFullToShardShape (<function _spmd_full_to_shard_shape_grad at 0x000001724674A700>) in gradient.
[2026-01-25 00:19:42,821] tensorflow - Level 1 - Registering XlaSpmdShardToFullShape (<function _spmd_shard_to_full_shape_grad at 0x000001724674A7A0>) in gradient.
[2026-01-25 00:19:42,859] tensorflow - Level 1 - Registering CTCLoss (<function _CTCLossGrad at 0x000001724678EC00>) in gradient.
[2026-01-25 00:19:42,863] tensorflow - Level 1 - Registering CTCLossV2 (<function _CTCLossV2Grad at 0x000001724678ECA0>) in gradient.
[2026-01-25 00:19:42,865] tensorflow - Level 1 - Registering CTCGreedyDecoder (None) in gradient.
[2026-01-25 00:19:42,866] tensorflow - Level 1 - Registering CTCBeamSearchDecoder (None) in gradient.
[2026-01-25 00:19:42,871] tensorflow - Level 1 - Registering FusedBatchNormGrad (<function _FusedBatchNormGradGrad at 0x00000172467BC720>) in gradient.
[2026-01-25 00:19:42,873] tensorflow - Level 1 - Registering FusedBatchNormGradV2 (<function _FusedBatchNormGradGradV2 at 0x00000172467BC7C0>) in gradient.
[2026-01-25 00:19:42,874] tensorflow - Level 1 - Registering FusedBatchNormGradV3 (<function _FusedBatchNormGradGradV3 at 0x00000172467BC9A0>) in gradient.
[2026-01-25 00:19:42,903] tensorflow - Level 1 - Registering variables ((<class 'tensorflow.core.framework.variable_pb2.VariableDef'>, <function _to_proto_fn at 0x00000172467E0A40>, <function _from_proto_fn at 0x00000172467E0D60>)) in proto functions.
[2026-01-25 00:19:42,906] tensorflow - Level 1 - Registering trainable_variables ((<class 'tensorflow.core.framework.variable_pb2.VariableDef'>, <function _to_proto_fn at 0x00000172467E0A40>, <function _from_proto_fn at 0x00000172467E0D60>)) in proto functions.
[2026-01-25 00:19:42,906] tensorflow - Level 1 - Registering moving_average_variables ((<class 'tensorflow.core.framework.variable_pb2.VariableDef'>, <function _to_proto_fn at 0x00000172467E0A40>, <function _from_proto_fn at 0x00000172467E0D60>)) in proto functions.
[2026-01-25 00:19:42,907] tensorflow - Level 1 - Registering local_variables ((<class 'tensorflow.core.framework.variable_pb2.VariableDef'>, <function _to_proto_fn at 0x00000172467E0A40>, <function _from_proto_fn at 0x00000172467E0D60>)) in proto functions.
[2026-01-25 00:19:42,907] tensorflow - Level 1 - Registering model_variables ((<class 'tensorflow.core.framework.variable_pb2.VariableDef'>, <function _to_proto_fn at 0x00000172467E0A40>, <function _from_proto_fn at 0x00000172467E0D60>)) in proto functions.
[2026-01-25 00:19:42,908] tensorflow - Level 1 - Registering global_step ((<class 'tensorflow.core.framework.variable_pb2.VariableDef'>, <function _to_proto_fn at 0x00000172467E0A40>, <function _from_proto_fn at 0x00000172467E0D60>)) in proto functions.
[2026-01-25 00:19:42,908] tensorflow - Level 1 - Registering metric_variables ((<class 'tensorflow.core.framework.variable_pb2.VariableDef'>, <function _to_proto_fn at 0x00000172467E0A40>, <function _from_proto_fn at 0x00000172467E0D60>)) in proto functions.
[2026-01-25 00:19:42,913] tensorflow - Level 1 - Registering RandomCrop (None) in gradient.
[2026-01-25 00:19:42,919] tensorflow - Level 1 - Registering HSVToRGB (None) in gradient.
[2026-01-25 00:19:42,919] tensorflow - Level 1 - Registering DrawBoundingBoxes (None) in gradient.
[2026-01-25 00:19:42,920] tensorflow - Level 1 - Registering SampleDistortedBoundingBox (None) in gradient.
[2026-01-25 00:19:42,920] tensorflow - Level 1 - Registering SampleDistortedBoundingBoxV2 (None) in gradient.
[2026-01-25 00:19:42,920] tensorflow - Level 1 - Registering ExtractGlimpse (None) in gradient.
[2026-01-25 00:19:42,921] tensorflow - Level 1 - Registering NonMaxSuppression (None) in gradient.
[2026-01-25 00:19:42,921] tensorflow - Level 1 - Registering NonMaxSuppressionV2 (None) in gradient.
[2026-01-25 00:19:42,921] tensorflow - Level 1 - Registering NonMaxSuppressionWithOverlaps (None) in gradient.
[2026-01-25 00:19:42,922] tensorflow - Level 1 - Registering GenerateBoundingBoxProposals (None) in gradient.
[2026-01-25 00:19:42,963] tensorflow - Level 1 - Registering ImageProjectiveTransformV2 (<function _image_projective_transform_grad at 0x0000017246AC9760>) in gradient.
[2026-01-25 00:19:42,965] tensorflow - Level 1 - Registering ImageProjectiveTransformV3 (<function _image_projective_transform_v3_grad at 0x0000017246AC9940>) in gradient.
[2026-01-25 00:19:43,283] tensorflow - Level 1 - Registering savers ((<class 'tensorflow.core.protobuf.saver_pb2.SaverDef'>, <function Saver.to_proto at 0x0000017247D5CCC0>, <function Saver.from_proto at 0x0000017247D5CD60>)) in proto functions.
[2026-01-25 00:19:43,309] tensorflow - Level 1 - Registering EagerPyFunc (<function _EagerPyFuncGrad at 0x0000017247D95940>) in gradient.
[2026-01-25 00:19:43,315] tensorflow - Level 1 - Registering PyFunc (None) in gradient.
[2026-01-25 00:19:43,315] tensorflow - Level 1 - Registering PyFuncStateless (None) in gradient.
[2026-01-25 00:19:43,344] tensorflow - Level 1 - Registering ReduceDataset (None) in gradient.
[2026-01-25 00:19:43,355] tensorflow - Level 1 - Registering tensorflow.python.data.ops.dataset_ops (<function _tf2_callback at 0x0000017247DDFD80>) in data_v2_callbacks.
[2026-01-25 00:19:43,375] tensorflow - Level 1 - Registering _resource_resolver (<function _resource_resolver at 0x0000017247E6CA40>) in acd_resource_resolvers.
[2026-01-25 00:19:43,407] tensorflow - Level 1 - Registering tensorflow.python.data.experimental.ops.counter (<function _tf2_callback at 0x0000017247E6DF80>) in data_v2_callbacks.
[2026-01-25 00:19:43,457] tensorflow - Level 1 - Registering tensorflow.python.data.ops.readers (<function _tf2_callback at 0x0000017247E6D620>) in data_v2_callbacks.
[2026-01-25 00:19:43,467] tensorflow - Level 1 - Registering tensorflow.python.data.experimental.ops.interleave_ops (<function _tf2_callback at 0x0000017247E7D940>) in data_v2_callbacks.
[2026-01-25 00:19:43,541] tensorflow - Level 1 - Registering tensorflow.python.data.experimental.ops.random_ops (<function _tf2_callback at 0x0000017247F20AE0>) in data_v2_callbacks.
[2026-01-25 00:19:43,557] tensorflow - Level 1 - Registering tensorflow.python.data.experimental.ops.readers (<function _tf2_callback at 0x0000017247F223E0>) in data_v2_callbacks.
[2026-01-25 00:19:44,014] tensorflow - Level 1 - Registering tpu_replicated_input_resolver (<function tpu_replicated_input_resolver at 0x00000172481A23E0>) in acd_resource_resolvers.
[2026-01-25 00:19:44,028] tensorflow - DEBUG - Falling back to TensorFlow client; we recommended you install the Cloud TPU client directly with pip install cloud-tpu-client.
[2026-01-25 00:19:44,614] tensorflow - Level 1 - Registering queue_runners ((<class 'tensorflow.core.protobuf.queue_runner_pb2.QueueRunnerDef'>, <function QueueRunner.to_proto at 0x00000172483C4E00>, <function QueueRunner.from_proto at 0x00000172483C4EA0>)) in proto functions.
[2026-01-25 00:19:45,550] h5py._conv - DEBUG - Creating converter from 7 to 5
[2026-01-25 00:19:45,550] h5py._conv - DEBUG - Creating converter from 5 to 7
[2026-01-25 00:19:45,550] h5py._conv - DEBUG - Creating converter from 7 to 5
[2026-01-25 00:19:45,550] h5py._conv - DEBUG - Creating converter from 5 to 7
[2026-01-25 00:19:45,809] tensorflow - Level 1 - Registering DebugGradientIdentity (<function _identify_gradient_grad at 0x0000017248E45760>) in gradient.
[2026-01-25 00:19:45,811] tensorflow - Level 1 - Registering DebugGradientRefIdentity (<function _identify_gradient_grad_ref at 0x0000017248E45800>) in gradient.
[2026-01-25 00:19:45,859] tensorflow - Level 1 - Registering DebugIdentityV2 (<function _debug_identity_v2_grad at 0x0000017248ECCB80>) in gradient.
[2026-01-25 00:19:46,186] tensorflow - Level 1 - Registering AudioMicrofrontend (None) in gradient.
[2026-01-25 00:19:46,290] tensorflow - Level 1 - Registering Reciprocal,flops (<function _reciprocal_flops at 0x0000017249492480>) in statistical functions.
[2026-01-25 00:19:46,293] tensorflow - Level 1 - Registering Square,flops (<function _square_flops at 0x0000017249492520>) in statistical functions.
[2026-01-25 00:19:46,293] tensorflow - Level 1 - Registering Rsqrt,flops (<function _rsqrt_flops at 0x0000017249492660>) in statistical functions.
[2026-01-25 00:19:46,293] tensorflow - Level 1 - Registering Log,flops (<function _log_flops at 0x00000172494925C0>) in statistical functions.
[2026-01-25 00:19:46,293] tensorflow - Level 1 - Registering Neg,flops (<function _neg_flops at 0x0000017249492700>) in statistical functions.
[2026-01-25 00:19:46,294] tensorflow - Level 1 - Registering AssignSub,flops (<function _assign_sub_flops at 0x00000172494927A0>) in statistical functions.
[2026-01-25 00:19:46,294] tensorflow - Level 1 - Registering AssignAdd,flops (<function _assign_add_flops at 0x0000017249492840>) in statistical functions.
[2026-01-25 00:19:46,294] tensorflow - Level 1 - Registering L2Loss,flops (<function _l2_loss_flops at 0x00000172494928E0>) in statistical functions.
[2026-01-25 00:19:46,294] tensorflow - Level 1 - Registering Softmax,flops (<function _softmax_flops at 0x0000017249492980>) in statistical functions.
[2026-01-25 00:19:46,294] tensorflow - Level 1 - Registering AddV2,flops (<function _add_flops at 0x0000017249492AC0>) in statistical functions.
[2026-01-25 00:19:46,294] tensorflow - Level 1 - Registering Add,flops (<function _add_flops at 0x0000017249492AC0>) in statistical functions.
[2026-01-25 00:19:46,295] tensorflow - Level 1 - Registering Sub,flops (<function _sub_flops at 0x0000017249492B60>) in statistical functions.
[2026-01-25 00:19:46,295] tensorflow - Level 1 - Registering Mul,flops (<function _mul_flops at 0x0000017249492C00>) in statistical functions.
[2026-01-25 00:19:46,295] tensorflow - Level 1 - Registering RealDiv,flops (<function _real_div_flops at 0x0000017249492CA0>) in statistical functions.
[2026-01-25 00:19:46,295] tensorflow - Level 1 - Registering Maximum,flops (<function _maximum_flops at 0x0000017249492D40>) in statistical functions.
[2026-01-25 00:19:46,295] tensorflow - Level 1 - Registering Minimum,flops (<function _minimum_flops at 0x0000017249492DE0>) in statistical functions.
[2026-01-25 00:19:46,295] tensorflow - Level 1 - Registering Pow,flops (<function _pow_flops at 0x0000017249492E80>) in statistical functions.
[2026-01-25 00:19:46,296] tensorflow - Level 1 - Registering RsqrtGrad,flops (<function _rsqrt_grad_flops at 0x0000017249492F20>) in statistical functions.
[2026-01-25 00:19:46,296] tensorflow - Level 1 - Registering GreaterEqual,flops (<function _greater_equal_flops at 0x0000017249492FC0>) in statistical functions.
[2026-01-25 00:19:46,296] tensorflow - Level 1 - Registering Greater,flops (<function _greater_flops at 0x0000017249493060>) in statistical functions.
[2026-01-25 00:19:46,296] tensorflow - Level 1 - Registering LessEqual,flops (<function _less_equal_flops at 0x0000017249493100>) in statistical functions.
[2026-01-25 00:19:46,296] tensorflow - Level 1 - Registering Less,flops (<function _less_flops at 0x00000172494931A0>) in statistical functions.
[2026-01-25 00:19:46,296] tensorflow - Level 1 - Registering Equal,flops (<function _equal_flops at 0x0000017249493240>) in statistical functions.
[2026-01-25 00:19:46,296] tensorflow - Level 1 - Registering NotEqual,flops (<function _not_equal_flops at 0x00000172494932E0>) in statistical functions.
[2026-01-25 00:19:46,297] tensorflow - Level 1 - Registering SquaredDifference,flops (<function _squared_difference_flops at 0x0000017249493380>) in statistical functions.
[2026-01-25 00:19:46,297] tensorflow - Level 1 - Registering Mean,flops (<function _mean_flops at 0x00000172494934C0>) in statistical functions.
[2026-01-25 00:19:46,297] tensorflow - Level 1 - Registering Sum,flops (<function _sum_flops at 0x0000017249493560>) in statistical functions.
[2026-01-25 00:19:46,297] tensorflow - Level 1 - Registering ArgMax,flops (<function _arg_max_flops at 0x0000017249493600>) in statistical functions.
[2026-01-25 00:19:46,297] tensorflow - Level 1 - Registering ArgMin,flops (<function _arg_min_flops at 0x00000172494936A0>) in statistical functions.
[2026-01-25 00:19:46,297] tensorflow - Level 1 - Registering BiasAddGrad,flops (<function _bias_add_grad_flops at 0x0000017249493740>) in statistical functions.
[2026-01-25 00:19:46,297] tensorflow - Level 1 - Registering AvgPool,flops (<function _avg_pool_flops at 0x0000017249493920>) in statistical functions.
[2026-01-25 00:19:46,298] tensorflow - Level 1 - Registering MaxPool,flops (<function _max_pool_flops at 0x00000172494939C0>) in statistical functions.
[2026-01-25 00:19:46,298] tensorflow - Level 1 - Registering AvgPoolGrad,flops (<function _avg_pool_grad_flops at 0x0000017249493A60>) in statistical functions.
[2026-01-25 00:19:46,298] tensorflow - Level 1 - Registering MaxPoolGrad,flops (<function _max_pool_grad_flops at 0x0000017249493B00>) in statistical functions.
[2026-01-25 00:19:46,298] tensorflow - Level 1 - Registering Conv2DBackpropInput,flops (<function _conv_2d_backprop_input_flops at 0x0000017249493BA0>) in statistical functions.
[2026-01-25 00:19:46,299] tensorflow - Level 1 - Registering Conv2DBackpropFilter,flops (<function _conv_2d_backprop_filter_flops at 0x0000017249493C40>) in statistical functions.
[2026-01-25 00:19:46,299] tensorflow - Level 1 - Registering AddN,flops (<function _add_n_flops at 0x0000017249493CE0>) in statistical functions.
[2026-01-25 00:19:46,299] tensorflow - Level 1 - Registering MatMul,flops (<function _calc_mat_mul_flops at 0x0000017249493D80>) in statistical functions.
[2026-01-25 00:19:46,299] tensorflow - Level 1 - Registering BatchMatMulV3,flops (<function _calc_batch_mat_mul_flops at 0x0000017249493E20>) in statistical functions.
[2026-01-25 00:19:46,300] tensorflow - Level 1 - Registering BatchMatMulV2,flops (<function _calc_batch_mat_mul_flops at 0x0000017249493E20>) in statistical functions.
[2026-01-25 00:19:46,300] tensorflow - Level 1 - Registering BatchMatMul,flops (<function _calc_batch_mat_mul_flops at 0x0000017249493E20>) in statistical functions.
[2026-01-25 00:19:47,059] tensorflow - Level 1 - Enabling eager execution
[2026-01-25 00:19:47,059] tensorflow - Level 1 - Enabling v2 tensorshape
[2026-01-25 00:19:47,059] tensorflow - Level 1 - Enabling resource variables
[2026-01-25 00:19:47,059] tensorflow - Level 1 - Enabling tensor equality
[2026-01-25 00:19:47,059] tensorflow - Level 1 - Enabling control flow v2
[2026-01-25 00:19:48,558] matplotlib - DEBUG - matplotlib data path: C:\Users\BS\anaconda3\Lib\site-packages\matplotlib\mpl-data
[2026-01-25 00:19:48,594] matplotlib - DEBUG - CONFIGDIR=C:\Users\BS\.matplotlib
[2026-01-25 00:19:48,604] matplotlib - DEBUG - interactive is False
[2026-01-25 00:19:48,606] matplotlib - DEBUG - platform is win32
[2026-01-25 00:19:48,957] matplotlib - DEBUG - CACHEDIR=C:\Users\BS\.matplotlib
[2026-01-25 00:19:48,965] matplotlib.font_manager - DEBUG - Using fontManager instance from C:\Users\BS\.matplotlib\fontlist-v390.json
[2026-01-25 00:20:09,576] tensorflow - WARNING - From C:\Users\BS\anaconda3\Lib\site-packages\tf_keras\src\losses.py:2976: The name tf.losses.sparse_softmax_cross_entropy is deprecated. Please use tf.compat.v1.losses.sparse_softmax_cross_entropy instead.

