[2026-01-25 01:16:15,213] tensorflow - Level 1 - Registering Relayout (<function _relayout_gradient at 0x00000170D67539C0>) in gradient.
[2026-01-25 01:16:15,215] tensorflow - Level 1 - Registering RelayoutLike (<function _relayout_grad_gradient at 0x00000170D6753B00>) in gradient.
[2026-01-25 01:16:15,215] tensorflow - Level 1 - Registering CopyToMesh (<function _copy_to_mesh_gradient at 0x00000170D67C0220>) in gradient.
[2026-01-25 01:16:15,216] tensorflow - Level 1 - Registering CopyToMeshGrad (<function _copy_to_mesh_grad_gradient at 0x00000170D67C0180>) in gradient.
[2026-01-25 01:16:15,227] tensorflow - Level 1 - Registering FakeQuantWithMinMaxArgs (<function _FakeQuantWithMinMaxArgsGradient at 0x00000170D68102C0>) in gradient.
[2026-01-25 01:16:15,228] tensorflow - Level 1 - Registering FakeQuantWithMinMaxVars (<function _FakeQuantWithMinMaxVarsGradient at 0x00000170D68104A0>) in gradient.
[2026-01-25 01:16:15,228] tensorflow - Level 1 - Registering FakeQuantWithMinMaxVarsPerChannel (<function _FakeQuantWithMinMaxVarsPerChannelGradient at 0x00000170D6810A40>) in gradient.
[2026-01-25 01:16:15,228] tensorflow - Level 1 - Registering QuantizeAndDequantizeV4 (<function _QuantizeAndDequantizeV4Grad at 0x00000170D6810AE0>) in gradient.
[2026-01-25 01:16:15,229] tensorflow - Level 1 - Registering QuantizeAndDequantizeV4Grad (<function _QuantizeAndDequantizeV4GradGrad at 0x00000170D6810B80>) in gradient.
[2026-01-25 01:16:15,256] tensorflow - Level 1 - Registering TensorListConcatLists (None) in gradient.
[2026-01-25 01:16:15,259] tensorflow - Level 1 - Registering TensorListElementShape (None) in gradient.
[2026-01-25 01:16:15,259] tensorflow - Level 1 - Registering TensorListLength (None) in gradient.
[2026-01-25 01:16:15,259] tensorflow - Level 1 - Registering TensorListPushBackBatch (None) in gradient.
[2026-01-25 01:16:15,259] tensorflow - Level 1 - Registering TensorListPushBack (<function _PushBackGrad at 0x00000170D69C9440>) in gradient.
[2026-01-25 01:16:15,259] tensorflow - Level 1 - Registering TensorListPopBack (<function _PopBackGrad at 0x00000170D69C94E0>) in gradient.
[2026-01-25 01:16:15,259] tensorflow - Level 1 - Registering TensorListStack (<function _TensorListStackGrad at 0x00000170D69C9580>) in gradient.
[2026-01-25 01:16:15,260] tensorflow - Level 1 - Registering TensorListConcatV2 (<function _TensorListConcatGrad at 0x00000170D69C9620>) in gradient.
[2026-01-25 01:16:15,260] tensorflow - Level 1 - Registering TensorListConcat (<function _TensorListConcatGrad at 0x00000170D69C9620>) in gradient.
[2026-01-25 01:16:15,260] tensorflow - Level 1 - Registering TensorListSplit (<function _TensorListSplitGrad at 0x00000170D69C96C0>) in gradient.
[2026-01-25 01:16:15,260] tensorflow - Level 1 - Registering TensorListFromTensor (<function _TensorListFromTensorGrad at 0x00000170D69C9760>) in gradient.
[2026-01-25 01:16:15,260] tensorflow - Level 1 - Registering TensorListGetItem (<function _TensorListGetItemGrad at 0x00000170D69C9800>) in gradient.
[2026-01-25 01:16:15,260] tensorflow - Level 1 - Registering TensorListSetItem (<function _TensorListSetItemGrad at 0x00000170D69C98A0>) in gradient.
[2026-01-25 01:16:15,260] tensorflow - Level 1 - Registering TensorListResize (<function _TensorListResizeGrad at 0x00000170D69C9940>) in gradient.
[2026-01-25 01:16:15,260] tensorflow - Level 1 - Registering TensorListGather (<function _TensorListGatherGrad at 0x00000170D69C99E0>) in gradient.
[2026-01-25 01:16:15,260] tensorflow - Level 1 - Registering TensorListScatterV2 (<function _TensorListScatterGrad at 0x00000170D69C9A80>) in gradient.
[2026-01-25 01:16:15,260] tensorflow - Level 1 - Registering TensorListScatter (<function _TensorListScatterGrad at 0x00000170D69C9A80>) in gradient.
[2026-01-25 01:16:15,260] tensorflow - Level 1 - Registering TensorListScatterIntoExistingList (<function _TensorListScatterIntoExistingListGrad at 0x00000170D69C9B20>) in gradient.
[2026-01-25 01:16:15,305] tensorflow - Level 1 - Registering AccumulateNV2 (<function _accumulate_n_grad at 0x00000170D6B76D40>) in gradient.
[2026-01-25 01:16:15,334] tensorflow - Level 1 - Registering cond_context ((<class 'tensorflow.core.protobuf.control_flow_pb2.CondContextDef'>, <function CondContext.to_proto at 0x00000170D6C8DDA0>, <function CondContext.from_proto at 0x00000170D6C8DE40>)) in proto functions.
[2026-01-25 01:16:15,335] tensorflow - Level 1 - Registering while_context ((<class 'tensorflow.core.protobuf.control_flow_pb2.WhileContextDef'>, <function WhileContext.to_proto at 0x00000170D6C8EC00>, <function WhileContext.from_proto at 0x00000170D6C8ED40>)) in proto functions.
[2026-01-25 01:16:15,336] tensorflow - Level 1 - Registering _identity_resolver (<function _identity_resolver at 0x00000170D6C9CC20>) in acd_resource_resolvers.
[2026-01-25 01:16:15,375] tensorflow - Level 1 - Registering Assign (None) in gradient.
[2026-01-25 01:16:15,376] tensorflow - Level 1 - Registering AssignAdd (None) in gradient.
[2026-01-25 01:16:15,377] tensorflow - Level 1 - Registering AssignSub (None) in gradient.
[2026-01-25 01:16:15,377] tensorflow - Level 1 - Registering ScatterAdd (None) in gradient.
[2026-01-25 01:16:15,377] tensorflow - Level 1 - Registering ScatterSub (None) in gradient.
[2026-01-25 01:16:15,377] tensorflow - Level 1 - Registering ScatterMul (None) in gradient.
[2026-01-25 01:16:15,377] tensorflow - Level 1 - Registering ScatterDiv (None) in gradient.
[2026-01-25 01:16:15,377] tensorflow - Level 1 - Registering ScatterNdUpdate (None) in gradient.
[2026-01-25 01:16:15,377] tensorflow - Level 1 - Registering ScatterNdAdd (None) in gradient.
[2026-01-25 01:16:15,377] tensorflow - Level 1 - Registering ScatterNdSub (None) in gradient.
[2026-01-25 01:16:15,377] tensorflow - Level 1 - Registering ScatterNdMul (None) in gradient.
[2026-01-25 01:16:15,377] tensorflow - Level 1 - Registering ScatterNdDiv (None) in gradient.
[2026-01-25 01:16:15,388] tensorflow - Level 1 - Registering ReadVariableOp (<function _ReadGrad at 0x00000170D6E18AE0>) in gradient.
[2026-01-25 01:16:15,389] tensorflow - Level 1 - Registering ResourceGather (<function _GatherGrad at 0x00000170D6E19B20>) in gradient.
[2026-01-25 01:16:15,389] tensorflow - Level 1 - Registering Assert (None) in gradient.
[2026-01-25 01:16:15,389] tensorflow - Level 1 - Registering VarIsInitializedOp (None) in gradient.
[2026-01-25 01:16:15,389] tensorflow - Level 1 - Registering VariableShape (None) in gradient.
[2026-01-25 01:16:15,419] tensorflow - Level 1 - Registering RandomStandardNormal (None) in gradient.
[2026-01-25 01:16:15,421] tensorflow - Level 1 - Registering ParameterizedTruncatedNormal (None) in gradient.
[2026-01-25 01:16:15,421] tensorflow - Level 1 - Registering TruncatedNormal (None) in gradient.
[2026-01-25 01:16:15,422] tensorflow - Level 1 - Registering RandomUniform (None) in gradient.
[2026-01-25 01:16:15,422] tensorflow - Level 1 - Registering RandomShuffle (None) in gradient.
[2026-01-25 01:16:15,422] tensorflow - Level 1 - Registering Multinomial (None) in gradient.
[2026-01-25 01:16:15,482] tensorflow - Level 1 - Registering If (<function _IfGrad at 0x00000170CAF81300>) in gradient.
[2026-01-25 01:16:15,485] tensorflow - Level 1 - Registering StatelessIf (<function _IfGrad at 0x00000170CAF81300>) in gradient.
[2026-01-25 01:16:15,485] tensorflow - Level 1 - Registering StatelessCase (<function _CaseGrad at 0x00000170CAF82A20>) in gradient.
[2026-01-25 01:16:15,485] tensorflow - Level 1 - Registering Case (<function _CaseGrad at 0x00000170CAF82A20>) in gradient.
[2026-01-25 01:16:15,506] tensorflow - Level 1 - Registering While (<function _WhileGrad at 0x00000170CAFF5300>) in gradient.
[2026-01-25 01:16:15,509] tensorflow - Level 1 - Registering StatelessWhile (<function _WhileGrad at 0x00000170CAFF5300>) in gradient.
[2026-01-25 01:16:15,673] tensorflow - Level 1 - Registering EnsureShape (<function _ensure_shape_grad at 0x00000170D7744AE0>) in gradient.
[2026-01-25 01:16:15,690] tensorflow - Level 1 - Registering RaggedTensorToSparse (<function _ragged_tensor_to_sparse_gradient at 0x00000170D77B8AE0>) in gradient.
[2026-01-25 01:16:15,722] tensorflow - Level 1 - Registering Conv2DBackpropInput (<function _Conv2DBackpropInputGrad at 0x00000170D7848F40>) in gradient.
[2026-01-25 01:16:15,724] tensorflow - Level 1 - Registering Conv2DBackpropFilter (<function _Conv2DBackpropFilterGrad at 0x00000170D7849580>) in gradient.
[2026-01-25 01:16:15,724] tensorflow - Level 1 - Registering DepthwiseConv2dNativeBackpropInput (<function _DepthwiseConv2dNativeBackpropInputGrad at 0x00000170D7849BC0>) in gradient.
[2026-01-25 01:16:15,724] tensorflow - Level 1 - Registering DepthwiseConv2dNativeBackpropFilter (<function _DepthwiseConv2dNativeBackpropFilterGrad at 0x00000170D784A340>) in gradient.
[2026-01-25 01:16:15,724] tensorflow - Level 1 - Registering Conv3D (<function _Conv3DGrad at 0x00000170D784A3E0>) in gradient.
[2026-01-25 01:16:15,724] tensorflow - Level 1 - Registering Conv3DBackpropInputV2 (<function _Conv3DBackpropInputGrad at 0x00000170D784A480>) in gradient.
[2026-01-25 01:16:15,724] tensorflow - Level 1 - Registering Conv3DBackpropFilterV2 (<function _Conv3DBackpropFilterGrad at 0x00000170D784A520>) in gradient.
[2026-01-25 01:16:15,724] tensorflow - Level 1 - Registering AvgPool3D (<function _AvgPool3DGrad at 0x00000170D784A5C0>) in gradient.
[2026-01-25 01:16:15,724] tensorflow - Level 1 - Registering AvgPool3DGrad (<function _AvgPool3DGradGrad at 0x00000170D784A660>) in gradient.
[2026-01-25 01:16:15,724] tensorflow - Level 1 - Registering MaxPool3D (<function _MaxPool3DGrad at 0x00000170D784A700>) in gradient.
[2026-01-25 01:16:15,725] tensorflow - Level 1 - Registering MaxPool3DGrad (<function _MaxPool3DGradGrad at 0x00000170D784A7A0>) in gradient.
[2026-01-25 01:16:15,725] tensorflow - Level 1 - Registering MaxPool3DGradGrad (<function _MaxPool3DGradGradGrad at 0x00000170D784A840>) in gradient.
[2026-01-25 01:16:15,725] tensorflow - Level 1 - Registering Softmax (<function _SoftmaxGrad at 0x00000170D784A8E0>) in gradient.
[2026-01-25 01:16:15,725] tensorflow - Level 1 - Registering LogSoftmax (<function _LogSoftmaxGrad at 0x00000170D784A980>) in gradient.
[2026-01-25 01:16:15,725] tensorflow - Level 1 - Registering BiasAdd (<function _BiasAddGrad at 0x00000170D784AA20>) in gradient.
[2026-01-25 01:16:15,725] tensorflow - Level 1 - Registering BiasAddGrad (<function _BiasAddGradGrad at 0x00000170D784AAC0>) in gradient.
[2026-01-25 01:16:15,725] tensorflow - Level 1 - Registering BiasAddV1 (<function _BiasAddGradV1 at 0x00000170D784AB60>) in gradient.
[2026-01-25 01:16:15,725] tensorflow - Level 1 - Registering Relu (<function _ReluGrad at 0x00000170D784AC00>) in gradient.
[2026-01-25 01:16:15,725] tensorflow - Level 1 - Registering EluGrad (<function _EluGradGrad at 0x00000170D784ACA0>) in gradient.
[2026-01-25 01:16:15,725] tensorflow - Level 1 - Registering SeluGrad (<function _SeluGradGrad at 0x00000170D784AD40>) in gradient.
[2026-01-25 01:16:15,725] tensorflow - Level 1 - Registering Relu6 (<function _Relu6Grad at 0x00000170D784ADE0>) in gradient.
[2026-01-25 01:16:15,726] tensorflow - Level 1 - Registering Relu6Grad (<function _Relu6GradGrad at 0x00000170D784AE80>) in gradient.
[2026-01-25 01:16:15,726] tensorflow - Level 1 - Registering LeakyRelu (<function _LeakyReluGrad at 0x00000170D784AF20>) in gradient.
[2026-01-25 01:16:15,726] tensorflow - Level 1 - Registering LeakyReluGrad (<function _LeakyReluGradGrad at 0x00000170D784AFC0>) in gradient.
[2026-01-25 01:16:15,726] tensorflow - Level 1 - Registering Elu (<function _EluGrad at 0x00000170D784B060>) in gradient.
[2026-01-25 01:16:15,726] tensorflow - Level 1 - Registering Selu (<function _SeluGrad at 0x00000170D784B100>) in gradient.
[2026-01-25 01:16:15,726] tensorflow - Level 1 - Registering Softplus (<function _SoftplusGrad at 0x00000170D784B1A0>) in gradient.
[2026-01-25 01:16:15,726] tensorflow - Level 1 - Registering SoftplusGrad (<function _SoftplusGradGrad at 0x00000170D784B240>) in gradient.
[2026-01-25 01:16:15,726] tensorflow - Level 1 - Registering Softsign (<function _SoftsignGrad at 0x00000170D784B2E0>) in gradient.
[2026-01-25 01:16:15,726] tensorflow - Level 1 - Registering ReluGrad (<function _ReluGradGrad at 0x00000170D784B380>) in gradient.
[2026-01-25 01:16:15,726] tensorflow - Level 1 - Registering SoftmaxCrossEntropyWithLogits (<function _SoftmaxCrossEntropyWithLogitsGrad at 0x00000170D784B4C0>) in gradient.
[2026-01-25 01:16:15,726] tensorflow - Level 1 - Registering SparseSoftmaxCrossEntropyWithLogits (<function _SparseSoftmaxCrossEntropyWithLogitsGrad at 0x00000170D784B560>) in gradient.
[2026-01-25 01:16:15,727] tensorflow - Level 1 - Registering Conv2D (<function _Conv2DGrad at 0x00000170D784B600>) in gradient.
[2026-01-25 01:16:15,727] tensorflow - Level 1 - Registering DepthwiseConv2dNative (<function _DepthwiseConv2dNativeGrad at 0x00000170D784B6A0>) in gradient.
[2026-01-25 01:16:15,727] tensorflow - Level 1 - Registering Dilation2D (<function _Dilation2DGrad at 0x00000170D784B740>) in gradient.
[2026-01-25 01:16:15,727] tensorflow - Level 1 - Registering LRN (<function _LRNGrad at 0x00000170D784B7E0>) in gradient.
[2026-01-25 01:16:15,727] tensorflow - Level 1 - Registering AvgPool (<function _AvgPoolGrad at 0x00000170D784B880>) in gradient.
[2026-01-25 01:16:15,727] tensorflow - Level 1 - Registering AvgPoolGrad (<function _AvgPoolGradGrad at 0x00000170D784B920>) in gradient.
[2026-01-25 01:16:15,727] tensorflow - Level 1 - Registering MaxPool (<function _MaxPoolGrad at 0x00000170D784B9C0>) in gradient.
[2026-01-25 01:16:15,727] tensorflow - Level 1 - Registering MaxPoolV2 (<function _MaxPoolGradV2 at 0x00000170D784BA60>) in gradient.
[2026-01-25 01:16:15,727] tensorflow - Level 1 - Registering MaxPoolWithArgmax (<function _MaxPoolGradWithArgmax at 0x00000170D784BB00>) in gradient.
[2026-01-25 01:16:15,727] tensorflow - Level 1 - Registering MaxPoolGrad (<function _MaxPoolGradGrad at 0x00000170D784BBA0>) in gradient.
[2026-01-25 01:16:15,727] tensorflow - Level 1 - Registering MaxPoolGradV2 (<function _MaxPoolGradGradV2 at 0x00000170D784BC40>) in gradient.
[2026-01-25 01:16:15,728] tensorflow - Level 1 - Registering MaxPoolGradGrad (<function _MaxPoolGradGradGrad at 0x00000170D784BCE0>) in gradient.
[2026-01-25 01:16:15,728] tensorflow - Level 1 - Registering FractionalMaxPool (<function _FractionalMaxPoolGrad at 0x00000170D784BD80>) in gradient.
[2026-01-25 01:16:15,728] tensorflow - Level 1 - Registering FractionalAvgPool (<function _FractionalAvgPoolGrad at 0x00000170D784BE20>) in gradient.
[2026-01-25 01:16:15,728] tensorflow - Level 1 - Registering BatchNormWithGlobalNormalization (<function _BatchNormWithGlobalNormalizationGrad at 0x00000170D784BEC0>) in gradient.
[2026-01-25 01:16:15,728] tensorflow - Level 1 - Registering FusedBatchNorm (<function _FusedBatchNormGrad at 0x00000170D7884040>) in gradient.
[2026-01-25 01:16:15,728] tensorflow - Level 1 - Registering FusedBatchNormV2 (<function _FusedBatchNormV2Grad at 0x00000170D78840E0>) in gradient.
[2026-01-25 01:16:15,728] tensorflow - Level 1 - Registering FusedBatchNormV3 (<function _FusedBatchNormV3Grad at 0x00000170D7884180>) in gradient.
[2026-01-25 01:16:15,728] tensorflow - Level 1 - Registering L2Loss (<function _L2LossGrad at 0x00000170D7884220>) in gradient.
[2026-01-25 01:16:15,728] tensorflow - Level 1 - Registering TopKV2 (<function _TopKGrad at 0x00000170D78842C0>) in gradient.
[2026-01-25 01:16:15,728] tensorflow - Level 1 - Registering TopK (<function _TopKGrad at 0x00000170D78842C0>) in gradient.
[2026-01-25 01:16:15,728] tensorflow - Level 1 - Registering ApproxTopK (<function _ApproxTopKGradient at 0x00000170D7884360>) in gradient.
[2026-01-25 01:16:15,729] tensorflow - Level 1 - Registering NthElement (<function _NthElementGrad at 0x00000170D7884400>) in gradient.
[2026-01-25 01:16:15,729] tensorflow - Level 1 - Registering IsotonicRegression (<function _IsotonicRegressionGrad at 0x00000170D7884540>) in gradient.
[2026-01-25 01:16:15,744] tensorflow - Level 1 - Registering BitwiseAnd (None) in gradient.
[2026-01-25 01:16:15,746] tensorflow - Level 1 - Registering BitwiseOr (None) in gradient.
[2026-01-25 01:16:15,746] tensorflow - Level 1 - Registering BitwiseXor (None) in gradient.
[2026-01-25 01:16:15,746] tensorflow - Level 1 - Registering Invert (None) in gradient.
[2026-01-25 01:16:15,746] tensorflow - Level 1 - Registering PopulationCount (None) in gradient.
[2026-01-25 01:16:15,746] tensorflow - Level 1 - Registering LeftShift (None) in gradient.
[2026-01-25 01:16:15,746] tensorflow - Level 1 - Registering RightShift (None) in gradient.
[2026-01-25 01:16:15,747] tensorflow - Level 1 - Registering StatelessMultinomial (None) in gradient.
[2026-01-25 01:16:15,748] tensorflow - Level 1 - Registering StatelessRandomBinomial (None) in gradient.
[2026-01-25 01:16:15,749] tensorflow - Level 1 - Registering StatelessRandomNormal (None) in gradient.
[2026-01-25 01:16:15,749] tensorflow - Level 1 - Registering StatelessRandomPoisson (None) in gradient.
[2026-01-25 01:16:15,749] tensorflow - Level 1 - Registering StatelessRandomUniform (None) in gradient.
[2026-01-25 01:16:15,749] tensorflow - Level 1 - Registering StatelessRandomUniformInt (None) in gradient.
[2026-01-25 01:16:15,749] tensorflow - Level 1 - Registering StatelessRandomUniformFullInt (None) in gradient.
[2026-01-25 01:16:15,749] tensorflow - Level 1 - Registering StatelessTruncatedNormal (None) in gradient.
[2026-01-25 01:16:15,749] tensorflow - Level 1 - Registering StatelessRandomNormalV2 (None) in gradient.
[2026-01-25 01:16:15,749] tensorflow - Level 1 - Registering StatelessRandomUniformV2 (None) in gradient.
[2026-01-25 01:16:15,749] tensorflow - Level 1 - Registering StatelessRandomUniformIntV2 (None) in gradient.
[2026-01-25 01:16:15,749] tensorflow - Level 1 - Registering StatelessRandomUniformFullIntV2 (None) in gradient.
[2026-01-25 01:16:15,750] tensorflow - Level 1 - Registering StatelessTruncatedNormalV2 (None) in gradient.
[2026-01-25 01:16:15,750] tensorflow - Level 1 - Registering StatelessRandomShuffle (None) in gradient.
[2026-01-25 01:16:15,750] tensorflow - Level 1 - Registering RandomIndexShuffle (None) in gradient.
[2026-01-25 01:16:15,759] tensorflow - Level 1 - Registering Conv3D,flops (<function _calc_conv3d_flops at 0x00000170D7902CA0>) in statistical functions.
[2026-01-25 01:16:15,762] tensorflow - Level 1 - Registering Conv2D,flops (<function _calc_conv_flops at 0x00000170D7902E80>) in statistical functions.
[2026-01-25 01:16:15,762] tensorflow - Level 1 - Registering DepthwiseConv2dNative,flops (<function _calc_depthwise_conv_flops at 0x00000170D7903420>) in statistical functions.
[2026-01-25 01:16:15,762] tensorflow - Level 1 - Registering BiasAdd,flops (<function _calc_bias_add_flops at 0x00000170D79034C0>) in statistical functions.
[2026-01-25 01:16:15,764] tensorflow - Level 1 - Registering Dilation2D,flops (<function _calc_dilation2d_flops at 0x00000170D79A4FE0>) in statistical functions.
[2026-01-25 01:16:15,779] tensorflow - Level 1 - Registering CompositeTensorVariantFromComponents (<function _composite_tensor_to_variants_grad at 0x00000170D7A02020>) in gradient.
[2026-01-25 01:16:15,781] tensorflow - Level 1 - Registering CompositeTensorVariantToComponents (<function _composite_tensor_from_variant_grad at 0x00000170D7A020C0>) in gradient.
[2026-01-25 01:16:15,793] tensorflow - Level 1 - Registering RaggedRange (None) in gradient.
[2026-01-25 01:16:15,800] tensorflow - Level 1 - Registering RaggedFillEmptyRows (<function _ragged_fill_empty_rows_grad at 0x00000170D7A66FC0>) in gradient.
[2026-01-25 01:16:15,809] tensorflow - Level 1 - Registering RaggedGather (<function _ragged_gather_grad at 0x00000170D7A88EA0>) in gradient.
[2026-01-25 01:16:15,819] tensorflow - Level 1 - Registering RegexReplace (None) in gradient.
[2026-01-25 01:16:15,820] tensorflow - Level 1 - Registering StringToHashBucket (None) in gradient.
[2026-01-25 01:16:15,820] tensorflow - Level 1 - Registering StringToHashBucketFast (None) in gradient.
[2026-01-25 01:16:15,820] tensorflow - Level 1 - Registering StringToHashBucketStrong (None) in gradient.
[2026-01-25 01:16:15,820] tensorflow - Level 1 - Registering ReduceJoin (None) in gradient.
[2026-01-25 01:16:15,820] tensorflow - Level 1 - Registering StringJoin (None) in gradient.
[2026-01-25 01:16:15,820] tensorflow - Level 1 - Registering StringSplit (None) in gradient.
[2026-01-25 01:16:15,820] tensorflow - Level 1 - Registering AsString (None) in gradient.
[2026-01-25 01:16:15,821] tensorflow - Level 1 - Registering EncodeBase64 (None) in gradient.
[2026-01-25 01:16:15,821] tensorflow - Level 1 - Registering DecodeBase64 (None) in gradient.
[2026-01-25 01:16:15,822] tensorflow - Level 1 - Registering Print (<function _PrintGrad at 0x00000170D7A8BB00>) in gradient.
[2026-01-25 01:16:15,824] tensorflow - Level 1 - Registering HistogramSummary (None) in gradient.
[2026-01-25 01:16:15,824] tensorflow - Level 1 - Registering ImageSummary (None) in gradient.
[2026-01-25 01:16:15,824] tensorflow - Level 1 - Registering AudioSummary (None) in gradient.
[2026-01-25 01:16:15,824] tensorflow - Level 1 - Registering AudioSummaryV2 (None) in gradient.
[2026-01-25 01:16:15,825] tensorflow - Level 1 - Registering MergeSummary (None) in gradient.
[2026-01-25 01:16:15,825] tensorflow - Level 1 - Registering ScalarSummary (None) in gradient.
[2026-01-25 01:16:15,825] tensorflow - Level 1 - Registering TensorSummary (None) in gradient.
[2026-01-25 01:16:15,825] tensorflow - Level 1 - Registering TensorSummaryV2 (None) in gradient.
[2026-01-25 01:16:15,825] tensorflow - Level 1 - Registering Timestamp (None) in gradient.
[2026-01-25 01:16:15,856] tensorflow - Level 1 - Registering XlaEinsum (<function _einsum_grad at 0x00000170D7B56B60>) in gradient.
[2026-01-25 01:16:15,866] tensorflow - Level 1 - Registering RaggedTensorToTensor (<function _ragged_tensor_to_tensor_grad at 0x00000170D7B83B00>) in gradient.
[2026-01-25 01:16:15,867] tensorflow - Level 1 - Registering RaggedTensorFromVariant (<function _ragged_tensor_from_variant_grad at 0x00000170D7B83D80>) in gradient.
[2026-01-25 01:16:15,867] tensorflow - Level 1 - Registering RaggedTensorToVariant (<function _ragged_tensor_to_variant_grad at 0x00000170D7B83E20>) in gradient.
[2026-01-25 01:16:15,872] tensorflow - Level 1 - Registering ClipByValue (<function _clip_by_value_grad at 0x00000170D7BA4540>) in gradient.
[2026-01-25 01:16:15,875] tensorflow - Level 1 - Registering DynamicPartition (<function _DynamicPartitionGrads at 0x00000170D7BA4F40>) in gradient.
[2026-01-25 01:16:15,876] tensorflow - Level 1 - Registering ParallelDynamicStitch (<function _DynamicStitchGrads at 0x00000170D7BA5260>) in gradient.
[2026-01-25 01:16:15,877] tensorflow - Level 1 - Registering DynamicStitch (<function _DynamicStitchGrads at 0x00000170D7BA5260>) in gradient.
[2026-01-25 01:16:15,877] tensorflow - Level 1 - Registering Queue (None) in gradient.
[2026-01-25 01:16:15,877] tensorflow - Level 1 - Registering QueueEnqueue (None) in gradient.
[2026-01-25 01:16:15,877] tensorflow - Level 1 - Registering QueueEnqueueMany (None) in gradient.
[2026-01-25 01:16:15,877] tensorflow - Level 1 - Registering QueueDequeue (None) in gradient.
[2026-01-25 01:16:15,877] tensorflow - Level 1 - Registering QueueDequeueMany (None) in gradient.
[2026-01-25 01:16:15,877] tensorflow - Level 1 - Registering QueueDequeueUpTo (None) in gradient.
[2026-01-25 01:16:15,877] tensorflow - Level 1 - Registering QueueClose (None) in gradient.
[2026-01-25 01:16:15,877] tensorflow - Level 1 - Registering QueueSize (None) in gradient.
[2026-01-25 01:16:15,877] tensorflow - Level 1 - Registering Stack (None) in gradient.
[2026-01-25 01:16:15,878] tensorflow - Level 1 - Registering StackPush (None) in gradient.
[2026-01-25 01:16:15,878] tensorflow - Level 1 - Registering StackPop (None) in gradient.
[2026-01-25 01:16:15,878] tensorflow - Level 1 - Registering StackClose (None) in gradient.
[2026-01-25 01:16:15,878] tensorflow - Level 1 - Registering GetSessionHandle (None) in gradient.
[2026-01-25 01:16:15,878] tensorflow - Level 1 - Registering GetSessionHandleV2 (None) in gradient.
[2026-01-25 01:16:15,878] tensorflow - Level 1 - Registering GetSessionTensor (None) in gradient.
[2026-01-25 01:16:15,878] tensorflow - Level 1 - Registering DeleteSessionTensor (None) in gradient.
[2026-01-25 01:16:15,928] tensorflow - Level 1 - Registering TPUReplicatedInput (None) in gradient.
[2026-01-25 01:16:15,930] tensorflow - Level 1 - Registering AllToAll (<function _all_to_all_grad at 0x00000170D7CEF560>) in gradient.
[2026-01-25 01:16:15,931] tensorflow - Level 1 - Registering CollectivePermute (<function _collective_permute_grad at 0x00000170D7CEF740>) in gradient.
[2026-01-25 01:16:15,931] tensorflow - Level 1 - Registering CrossReplicaSum (<function _cross_replica_sum_grad at 0x00000170D7CEF7E0>) in gradient.
[2026-01-25 01:16:15,931] tensorflow - Level 1 - Registering TPUEmbeddingActivations (<function _embedding_activations_grad at 0x00000170D7CEF880>) in gradient.
[2026-01-25 01:16:15,960] tensorflow - Level 1 - Registering XlaClusterOutput (<function _XlaClusterOutputGrad at 0x00000170D7D42A20>) in gradient.
[2026-01-25 01:16:15,963] tensorflow - Level 1 - Registering Pack (<function _PackGrad at 0x00000170D7D42FC0>) in gradient.
[2026-01-25 01:16:15,965] tensorflow - Level 1 - Registering Unpack (<function _UnpackGrad at 0x00000170D7D43100>) in gradient.
[2026-01-25 01:16:15,965] tensorflow - Level 1 - Registering Concat (<function _ConcatGrad at 0x00000170D7D432E0>) in gradient.
[2026-01-25 01:16:15,965] tensorflow - Level 1 - Registering ConcatV2 (<function _ConcatGradV2 at 0x00000170D7D43380>) in gradient.
[2026-01-25 01:16:15,965] tensorflow - Level 1 - Registering ConcatOffset (None) in gradient.
[2026-01-25 01:16:15,965] tensorflow - Level 1 - Registering Slice (<function _SliceGrad at 0x00000170D7D43420>) in gradient.
[2026-01-25 01:16:15,965] tensorflow - Level 1 - Registering StridedSlice (<function _StridedSliceGrad at 0x00000170D7D43600>) in gradient.
[2026-01-25 01:16:15,966] tensorflow - Level 1 - Registering StridedSliceGrad (<function _StridedSliceGradGrad at 0x00000170D7D436A0>) in gradient.
[2026-01-25 01:16:15,966] tensorflow - Level 1 - Registering TensorStridedSliceUpdate (<function _TensorStridedSliceUpdateGrad at 0x00000170D7D43740>) in gradient.
[2026-01-25 01:16:15,966] tensorflow - Level 1 - Registering Split (<function _SplitGrad at 0x00000170D7D437E0>) in gradient.
[2026-01-25 01:16:15,966] tensorflow - Level 1 - Registering SplitV (<function _SplitVGrad at 0x00000170D7D43880>) in gradient.
[2026-01-25 01:16:15,966] tensorflow - Level 1 - Registering Const (None) in gradient.
[2026-01-25 01:16:15,966] tensorflow - Level 1 - Registering Diag (<function _DiagGrad at 0x00000170D7D43920>) in gradient.
[2026-01-25 01:16:15,966] tensorflow - Level 1 - Registering DiagPart (<function _DiagPartGrad at 0x00000170D7D439C0>) in gradient.
[2026-01-25 01:16:15,966] tensorflow - Level 1 - Registering MatrixDiag (<function _MatrixDiagGrad at 0x00000170D7D43A60>) in gradient.
[2026-01-25 01:16:15,966] tensorflow - Level 1 - Registering MatrixDiagV2 (<function _MatrixDiagV2Grad at 0x00000170D7D43B00>) in gradient.
[2026-01-25 01:16:15,966] tensorflow - Level 1 - Registering MatrixDiagV3 (<function _MatrixDiagV3Grad at 0x00000170D7D43BA0>) in gradient.
[2026-01-25 01:16:15,967] tensorflow - Level 1 - Registering MatrixDiagPart (<function _MatrixDiagPartGrad at 0x00000170D7D43C40>) in gradient.
[2026-01-25 01:16:15,967] tensorflow - Level 1 - Registering MatrixDiagPartV2 (<function _MatrixDiagPartV2Grad at 0x00000170D7D43CE0>) in gradient.
[2026-01-25 01:16:15,967] tensorflow - Level 1 - Registering MatrixDiagPartV3 (<function _MatrixDiagPartV3Grad at 0x00000170D7D43D80>) in gradient.
[2026-01-25 01:16:15,967] tensorflow - Level 1 - Registering MatrixSetDiag (<function _MatrixSetDiagGrad at 0x00000170D7D43E20>) in gradient.
[2026-01-25 01:16:15,967] tensorflow - Level 1 - Registering MatrixSetDiagV2 (<function _MatrixSetDiagGradV2 at 0x00000170D7D43EC0>) in gradient.
[2026-01-25 01:16:15,967] tensorflow - Level 1 - Registering MatrixSetDiagV3 (<function _MatrixSetDiagGradV3 at 0x00000170D7D43F60>) in gradient.
[2026-01-25 01:16:15,967] tensorflow - Level 1 - Registering MatrixBandPart (<function _MatrixBandPartGrad at 0x00000170D7DB0040>) in gradient.
[2026-01-25 01:16:15,968] tensorflow - Level 1 - Registering EditDistance (None) in gradient.
[2026-01-25 01:16:15,968] tensorflow - Level 1 - Registering Fill (<function _FillGrad at 0x00000170D7DB00E0>) in gradient.
[2026-01-25 01:16:15,968] tensorflow - Level 1 - Registering ZerosLike (None) in gradient.
[2026-01-25 01:16:15,968] tensorflow - Level 1 - Registering OnesLike (None) in gradient.
[2026-01-25 01:16:15,968] tensorflow - Level 1 - Registering PreventGradient (<function _PreventGradientGrad at 0x00000170D7DB0180>) in gradient.
[2026-01-25 01:16:15,968] tensorflow - Level 1 - Registering Gather (<function _GatherGrad at 0x00000170D7DB02C0>) in gradient.
[2026-01-25 01:16:15,968] tensorflow - Level 1 - Registering GatherV2 (<function _GatherV2Grad at 0x00000170D7DB04A0>) in gradient.
[2026-01-25 01:16:15,968] tensorflow - Level 1 - Registering GatherNd (<function _GatherNdGrad at 0x00000170D7DB0540>) in gradient.
[2026-01-25 01:16:15,968] tensorflow - Level 1 - Registering ResourceGatherNd (<function _ResourceGatherNdGrad at 0x00000170D7DB05E0>) in gradient.
[2026-01-25 01:16:15,968] tensorflow - Level 1 - Registering CheckNumerics (<function _CheckNumericsGrad at 0x00000170D7DB0680>) in gradient.
[2026-01-25 01:16:15,968] tensorflow - Level 1 - Registering CheckNumericsV2 (<function _CheckNumericsV2Grad at 0x00000170D7DB0720>) in gradient.
[2026-01-25 01:16:15,969] tensorflow - Level 1 - Registering Identity (<function _IdGrad at 0x00000170D7DB07C0>) in gradient.
[2026-01-25 01:16:15,969] tensorflow - Level 1 - Registering PlaceholderWithDefault (<function _IdGrad at 0x00000170D7DB07C0>) in gradient.
[2026-01-25 01:16:15,969] tensorflow - Level 1 - Registering _EagerConst (<function _EagerConstGrad at 0x00000170D7DB0860>) in gradient.
[2026-01-25 01:16:15,969] tensorflow - Level 1 - Registering RefIdentity (<function _RefIdGrad at 0x00000170D7DB0900>) in gradient.
[2026-01-25 01:16:15,969] tensorflow - Level 1 - Registering IdentityN (<function _IdNGrad at 0x00000170D7DB09A0>) in gradient.
[2026-01-25 01:16:15,969] tensorflow - Level 1 - Registering StopGradient (None) in gradient.
[2026-01-25 01:16:15,969] tensorflow - Level 1 - Registering Reshape (<function _ReshapeGrad at 0x00000170D7DB0A40>) in gradient.
[2026-01-25 01:16:15,969] tensorflow - Level 1 - Registering InvertPermutation (None) in gradient.
[2026-01-25 01:16:15,969] tensorflow - Level 1 - Registering ExpandDims (<function _ExpandDimsGrad at 0x00000170D7DB0B80>) in gradient.
[2026-01-25 01:16:15,969] tensorflow - Level 1 - Registering Squeeze (<function _SqueezeGrad at 0x00000170D7DB0C20>) in gradient.
[2026-01-25 01:16:15,970] tensorflow - Level 1 - Registering Transpose (<function _TransposeGrad at 0x00000170D7DB0CC0>) in gradient.
[2026-01-25 01:16:15,970] tensorflow - Level 1 - Registering ConjugateTranspose (<function _ConjugateTransposeGrad at 0x00000170D7DB0D60>) in gradient.
[2026-01-25 01:16:15,970] tensorflow - Level 1 - Registering Shape (None) in gradient.
[2026-01-25 01:16:15,970] tensorflow - Level 1 - Registering ShapeN (None) in gradient.
[2026-01-25 01:16:15,970] tensorflow - Level 1 - Registering Rank (None) in gradient.
[2026-01-25 01:16:15,970] tensorflow - Level 1 - Registering Size (None) in gradient.
[2026-01-25 01:16:15,970] tensorflow - Level 1 - Registering Tile (<function _TileGrad at 0x00000170D7DB0E00>) in gradient.
[2026-01-25 01:16:15,970] tensorflow - Level 1 - Registering BroadcastGradientArgs (None) in gradient.
[2026-01-25 01:16:15,970] tensorflow - Level 1 - Registering Pad (<function _PadGrad at 0x00000170D7DB0EA0>) in gradient.
[2026-01-25 01:16:15,970] tensorflow - Level 1 - Registering PadV2 (<function _PadGrad at 0x00000170D7DB0EA0>) in gradient.
[2026-01-25 01:16:15,971] tensorflow - Level 1 - Registering ReverseSequence (<function _ReverseSequenceGrad at 0x00000170D7DB0F40>) in gradient.
[2026-01-25 01:16:15,971] tensorflow - Level 1 - Registering Reverse (<function _ReverseGrad at 0x00000170D7DB0FE0>) in gradient.
[2026-01-25 01:16:15,971] tensorflow - Level 1 - Registering ReverseV2 (<function _ReverseV2Grad at 0x00000170D7DB1080>) in gradient.
[2026-01-25 01:16:15,971] tensorflow - Level 1 - Registering SpaceToBatch (<function _SpaceToBatchGrad at 0x00000170D7DB1120>) in gradient.
[2026-01-25 01:16:15,971] tensorflow - Level 1 - Registering SpaceToBatchND (<function _SpaceToBatchNDGrad at 0x00000170D7DB11C0>) in gradient.
[2026-01-25 01:16:15,971] tensorflow - Level 1 - Registering BatchToSpace (<function _BatchToSpaceGrad at 0x00000170D7DB1260>) in gradient.
[2026-01-25 01:16:15,971] tensorflow - Level 1 - Registering BatchToSpaceND (<function _BatchToSpaceNDGrad at 0x00000170D7DB1300>) in gradient.
[2026-01-25 01:16:15,971] tensorflow - Level 1 - Registering SpaceToDepth (<function _SpaceToDepthGrad at 0x00000170D7DB13A0>) in gradient.
[2026-01-25 01:16:15,971] tensorflow - Level 1 - Registering DepthToSpace (<function _DepthToSpaceGrad at 0x00000170D7DB1440>) in gradient.
[2026-01-25 01:16:15,971] tensorflow - Level 1 - Registering OneHot (None) in gradient.
[2026-01-25 01:16:15,972] tensorflow - Level 1 - Registering MirrorPad (<function _MirrorPadGrad at 0x00000170D7DB14E0>) in gradient.
[2026-01-25 01:16:15,972] tensorflow - Level 1 - Registering MirrorPadGrad (<function _MirrorPadGradGrad at 0x00000170D7DB1580>) in gradient.
[2026-01-25 01:16:15,972] tensorflow - Level 1 - Registering FakeQuantWithMinMaxArgsGradient (None) in gradient.
[2026-01-25 01:16:15,972] tensorflow - Level 1 - Registering FakeQuantWithMinMaxVarsGradient (None) in gradient.
[2026-01-25 01:16:15,972] tensorflow - Level 1 - Registering FakeQuantWithMinMaxVarsPerChannelGradient (None) in gradient.
[2026-01-25 01:16:15,972] tensorflow - Level 1 - Registering QuantizeAndDequantize (<function _QuantizeAndDequantizeGrad at 0x00000170D7DB1620>) in gradient.
[2026-01-25 01:16:15,972] tensorflow - Level 1 - Registering QuantizeAndDequantizeV2 (<function _QuantizeAndDequantizeV2Grad at 0x00000170D7DB1760>) in gradient.
[2026-01-25 01:16:15,972] tensorflow - Level 1 - Registering QuantizeAndDequantizeV3 (<function _QuantizeAndDequantizeV3Grad at 0x00000170D7DB1800>) in gradient.
[2026-01-25 01:16:15,972] tensorflow - Level 1 - Registering ExtractImagePatches (<function _ExtractImagePatchesGrad at 0x00000170D7DB16C0>) in gradient.
[2026-01-25 01:16:15,972] tensorflow - Level 1 - Registering ExtractVolumePatches (<function _ExtractVolumePatchesGrad at 0x00000170D7DB18A0>) in gradient.
[2026-01-25 01:16:15,973] tensorflow - Level 1 - Registering ScatterNd (<function _ScatterNdGrad at 0x00000170D7DB1940>) in gradient.
[2026-01-25 01:16:15,973] tensorflow - Level 1 - Registering TensorScatterUpdate (<function _TensorScatterUpdateGrad at 0x00000170D7DB19E0>) in gradient.
[2026-01-25 01:16:15,973] tensorflow - Level 1 - Registering TensorScatterAdd (<function _TensorScatterAddGrad at 0x00000170D7DB1A80>) in gradient.
[2026-01-25 01:16:15,973] tensorflow - Level 1 - Registering TensorScatterMax (<function _TensorScatterMaxGrad at 0x00000170D7DB1BC0>) in gradient.
[2026-01-25 01:16:15,973] tensorflow - Level 1 - Registering TensorScatterMin (<function _TensorScatterMinGrad at 0x00000170D7DB1C60>) in gradient.
[2026-01-25 01:16:15,973] tensorflow - Level 1 - Registering TensorScatterSub (<function _TensorScatterSubGrad at 0x00000170D7DB1D00>) in gradient.
[2026-01-25 01:16:15,973] tensorflow - Level 1 - Registering ScatterNdNonAliasingAdd (<function _ScatterNdNonAliasingAddGrad at 0x00000170D7DB1DA0>) in gradient.
[2026-01-25 01:16:15,973] tensorflow - Level 1 - Registering BroadcastTo (<function _BroadcastToGrad at 0x00000170D7DB1E40>) in gradient.
[2026-01-25 01:16:15,975] tensorflow - Level 1 - Registering Switch (<function _SwitchGrad at 0x00000170D7DB2020>) in gradient.
[2026-01-25 01:16:15,977] tensorflow - Level 1 - Registering RefSwitch (<function _SwitchGrad at 0x00000170D7DB2020>) in gradient.
[2026-01-25 01:16:15,977] tensorflow - Level 1 - Registering Merge (<function _MergeGrad at 0x00000170D7DB20C0>) in gradient.
[2026-01-25 01:16:15,977] tensorflow - Level 1 - Registering RefMerge (<function _RefMergeGrad at 0x00000170D7DB2200>) in gradient.
[2026-01-25 01:16:15,977] tensorflow - Level 1 - Registering Exit (<function _ExitGrad at 0x00000170D7DB2160>) in gradient.
[2026-01-25 01:16:15,978] tensorflow - Level 1 - Registering RefExit (<function _ExitGrad at 0x00000170D7DB2160>) in gradient.
[2026-01-25 01:16:15,978] tensorflow - Level 1 - Registering NextIteration (<function _NextIterationGrad at 0x00000170D7DB22A0>) in gradient.
[2026-01-25 01:16:15,978] tensorflow - Level 1 - Registering RefNextIteration (<function _RefNextIterationGrad at 0x00000170D7DB2340>) in gradient.
[2026-01-25 01:16:15,978] tensorflow - Level 1 - Registering Enter (<function _EnterGrad at 0x00000170D7DB23E0>) in gradient.
[2026-01-25 01:16:15,978] tensorflow - Level 1 - Registering RefEnter (<function _RefEnterGrad at 0x00000170D7DB2480>) in gradient.
[2026-01-25 01:16:15,978] tensorflow - Level 1 - Registering LoopCond (<function _LoopCondGrad at 0x00000170D7DB2520>) in gradient.
[2026-01-25 01:16:15,984] tensorflow - Level 1 - Registering CudnnRNN (<function _cudnn_rnn_backward at 0x00000170D7DB2660>) in gradient.
[2026-01-25 01:16:15,986] tensorflow - Level 1 - Registering CudnnRNNV2 (<function _cudnn_rnn_backward_v2 at 0x00000170D7DB2840>) in gradient.
[2026-01-25 01:16:15,986] tensorflow - Level 1 - Registering CudnnRNNV3 (<function _cudnn_rnn_backwardv3 at 0x00000170D7DCA980>) in gradient.
[2026-01-25 01:16:15,988] tensorflow - Level 1 - Registering ResizeNearestNeighbor (<function _ResizeNearestNeighborGrad at 0x00000170D7DCA8E0>) in gradient.
[2026-01-25 01:16:15,989] tensorflow - Level 1 - Registering ResizeBilinear (<function _ResizeBilinearGrad at 0x00000170D7DCAA20>) in gradient.
[2026-01-25 01:16:15,990] tensorflow - Level 1 - Registering ResizeBilinearGrad (None) in gradient.
[2026-01-25 01:16:15,990] tensorflow - Level 1 - Registering ScaleAndTranslate (<function _ScaleAndTranslateGrad at 0x00000170D7DCAC00>) in gradient.
[2026-01-25 01:16:15,990] tensorflow - Level 1 - Registering ResizeBicubic (<function _ResizeBicubicGrad at 0x00000170D7DCAB60>) in gradient.
[2026-01-25 01:16:15,990] tensorflow - Level 1 - Registering CropAndResize (<function _CropAndResizeGrad at 0x00000170D7DCACA0>) in gradient.
[2026-01-25 01:16:15,990] tensorflow - Level 1 - Registering RGBToHSV (<function _RGBToHSVGrad at 0x00000170D7DCADE0>) in gradient.
[2026-01-25 01:16:15,996] tensorflow - Level 1 - Registering ReaderRead (None) in gradient.
[2026-01-25 01:16:15,996] tensorflow - Level 1 - Registering ReaderReadUpTo (None) in gradient.
[2026-01-25 01:16:15,997] tensorflow - Level 1 - Registering ReaderNumRecordsProduced (None) in gradient.
[2026-01-25 01:16:15,997] tensorflow - Level 1 - Registering ReaderNumWorkUnitsCompleted (None) in gradient.
[2026-01-25 01:16:15,997] tensorflow - Level 1 - Registering ReaderSerializeState (None) in gradient.
[2026-01-25 01:16:15,997] tensorflow - Level 1 - Registering ReaderRestoreState (None) in gradient.
[2026-01-25 01:16:15,997] tensorflow - Level 1 - Registering ReaderReset (None) in gradient.
[2026-01-25 01:16:15,997] tensorflow - Level 1 - Registering WholeFileReader (None) in gradient.
[2026-01-25 01:16:15,998] tensorflow - Level 1 - Registering TextLineReader (None) in gradient.
[2026-01-25 01:16:15,998] tensorflow - Level 1 - Registering FixedLengthRecordReader (None) in gradient.
[2026-01-25 01:16:15,999] tensorflow - Level 1 - Registering TFRecordReader (None) in gradient.
[2026-01-25 01:16:15,999] tensorflow - Level 1 - Registering LMDBReader (None) in gradient.
[2026-01-25 01:16:15,999] tensorflow - Level 1 - Registering IdentityReader (None) in gradient.
[2026-01-25 01:16:16,006] tensorflow - Level 1 - Registering MatrixInverse (<function _MatrixInverseGrad at 0x00000170D7DCAE80>) in gradient.
[2026-01-25 01:16:16,007] tensorflow - Level 1 - Registering Einsum (<function _EinsumGrad at 0x00000170D7E48540>) in gradient.
[2026-01-25 01:16:16,008] tensorflow - Level 1 - Registering MatrixDeterminant (<function _MatrixDeterminantGrad at 0x00000170D7E4A980>) in gradient.
[2026-01-25 01:16:16,008] tensorflow - Level 1 - Registering MatrixSquareRoot (<function _MatrixSquareRootGrad at 0x00000170D7E4AAC0>) in gradient.
[2026-01-25 01:16:16,008] tensorflow - Level 1 - Registering LogMatrixDeterminant (<function _LogMatrixDeterminantGrad at 0x00000170D7E4AB60>) in gradient.
[2026-01-25 01:16:16,008] tensorflow - Level 1 - Registering Cholesky (<function _CholeskyGrad at 0x00000170D7E4AC00>) in gradient.
[2026-01-25 01:16:16,008] tensorflow - Level 1 - Registering Qr (<function _QrGrad at 0x00000170D7E4ACA0>) in gradient.
[2026-01-25 01:16:16,008] tensorflow - Level 1 - Registering MatrixSolve (<function _MatrixSolveGrad at 0x00000170D7E4AD40>) in gradient.
[2026-01-25 01:16:16,008] tensorflow - Level 1 - Registering MatrixSolveLs (<function _MatrixSolveLsGrad at 0x00000170D7E4ADE0>) in gradient.
[2026-01-25 01:16:16,008] tensorflow - Level 1 - Registering BandedTriangularSolve (<function _BandedTriangularSolveGrad at 0x00000170D7E4AE80>) in gradient.
[2026-01-25 01:16:16,009] tensorflow - Level 1 - Registering MatrixTriangularSolve (<function _MatrixTriangularSolveGrad at 0x00000170D7E4AF20>) in gradient.
[2026-01-25 01:16:16,009] tensorflow - Level 1 - Registering Eig (<function _EigGrad at 0x00000170D7E4B060>) in gradient.
[2026-01-25 01:16:16,009] tensorflow - Level 1 - Registering SelfAdjointEigV2 (<function _SelfAdjointEigV2Grad at 0x00000170D7E4B100>) in gradient.
[2026-01-25 01:16:16,009] tensorflow - Level 1 - Registering Svd (<function _SvdGrad at 0x00000170D7E4B1A0>) in gradient.
[2026-01-25 01:16:16,009] tensorflow - Level 1 - Registering TridiagonalMatMul (<function _TridiagonalMatMulGrad at 0x00000170D7E4B380>) in gradient.
[2026-01-25 01:16:16,009] tensorflow - Level 1 - Registering TridiagonalSolve (<function _TridiagonalSolveGrad at 0x00000170D7E4B420>) in gradient.
[2026-01-25 01:16:16,011] tensorflow - Level 1 - Registering LookupTableFind (None) in gradient.
[2026-01-25 01:16:16,012] tensorflow - Level 1 - Registering LookupTableFindV2 (None) in gradient.
[2026-01-25 01:16:16,012] tensorflow - Level 1 - Registering LookupTableInsert (None) in gradient.
[2026-01-25 01:16:16,013] tensorflow - Level 1 - Registering LookupTableInsertV2 (None) in gradient.
[2026-01-25 01:16:16,013] tensorflow - Level 1 - Registering LookupTableSize (None) in gradient.
[2026-01-25 01:16:16,013] tensorflow - Level 1 - Registering LookupTableSizeV2 (None) in gradient.
[2026-01-25 01:16:16,013] tensorflow - Level 1 - Registering HashTable (None) in gradient.
[2026-01-25 01:16:16,013] tensorflow - Level 1 - Registering HashTableV2 (None) in gradient.
[2026-01-25 01:16:16,013] tensorflow - Level 1 - Registering InitializeTable (None) in gradient.
[2026-01-25 01:16:16,013] tensorflow - Level 1 - Registering InitializeTableV2 (None) in gradient.
[2026-01-25 01:16:16,013] tensorflow - Level 1 - Registering InitializeTableFromTextFile (None) in gradient.
[2026-01-25 01:16:16,013] tensorflow - Level 1 - Registering InitializeTableFromTextFileV2 (None) in gradient.
[2026-01-25 01:16:16,013] tensorflow - Level 1 - Registering MutableDenseHashTable (None) in gradient.
[2026-01-25 01:16:16,014] tensorflow - Level 1 - Registering MutableDenseHashTableV2 (None) in gradient.
[2026-01-25 01:16:16,014] tensorflow - Level 1 - Registering MutableHashTable (None) in gradient.
[2026-01-25 01:16:16,014] tensorflow - Level 1 - Registering MutableHashTableV2 (None) in gradient.
[2026-01-25 01:16:16,014] tensorflow - Level 1 - Registering MutableHashTableOfTensors (None) in gradient.
[2026-01-25 01:16:16,014] tensorflow - Level 1 - Registering MutableHashTableOfTensorsV2 (None) in gradient.
[2026-01-25 01:16:16,018] tensorflow - Level 1 - Registering Roll (<function _RollGrad at 0x00000170D7E4B600>) in gradient.
[2026-01-25 01:16:16,022] tensorflow - Level 1 - Registering ArgMax (<function _ArgMaxGrad at 0x00000170D7E4B7E0>) in gradient.
[2026-01-25 01:16:16,024] tensorflow - Level 1 - Registering ArgMin (<function _ArgMinGrad at 0x00000170D7E98540>) in gradient.
[2026-01-25 01:16:16,024] tensorflow - Level 1 - Registering EuclideanNorm (<function _EuclideanNormGrad at 0x00000170D7E987C0>) in gradient.
[2026-01-25 01:16:16,024] tensorflow - Level 1 - Registering Sum (<function _SumGrad at 0x00000170D7E98C20>) in gradient.
[2026-01-25 01:16:16,024] tensorflow - Level 1 - Registering Max (<function _MaxGrad at 0x00000170D7E98D60>) in gradient.
[2026-01-25 01:16:16,024] tensorflow - Level 1 - Registering Min (<function _MinGrad at 0x00000170D7E98E00>) in gradient.
[2026-01-25 01:16:16,024] tensorflow - Level 1 - Registering Mean (<function _MeanGrad at 0x00000170D7E98EA0>) in gradient.
[2026-01-25 01:16:16,024] tensorflow - Level 1 - Registering Prod (<function _ProdGrad at 0x00000170D7E98F40>) in gradient.
[2026-01-25 01:16:16,024] tensorflow - Level 1 - Registering SegmentSum (<function _SegmentSumGrad at 0x00000170D7E98FE0>) in gradient.
[2026-01-25 01:16:16,024] tensorflow - Level 1 - Registering SegmentMean (<function _SegmentMeanGrad at 0x00000170D7E99080>) in gradient.
[2026-01-25 01:16:16,025] tensorflow - Level 1 - Registering SparseSegmentSum (<function _SparseSegmentSumGrad at 0x00000170D7E99260>) in gradient.
[2026-01-25 01:16:16,025] tensorflow - Level 1 - Registering SparseSegmentSumWithNumSegments (<function _SparseSegmentSumWithNumSegmentsGrad at 0x00000170D7E99300>) in gradient.
[2026-01-25 01:16:16,025] tensorflow - Level 1 - Registering SparseSegmentMean (<function _SparseSegmentMeanGrad at 0x00000170D7E993A0>) in gradient.
[2026-01-25 01:16:16,025] tensorflow - Level 1 - Registering SparseSegmentMeanWithNumSegments (<function _SparseSegmentMeanWithNumSegmentsGrad at 0x00000170D7E99440>) in gradient.
[2026-01-25 01:16:16,025] tensorflow - Level 1 - Registering SparseSegmentSqrtN (<function _SparseSegmentSqrtNGrad at 0x00000170D7E994E0>) in gradient.
[2026-01-25 01:16:16,025] tensorflow - Level 1 - Registering SparseSegmentSqrtNWithNumSegments (<function _SparseSegmentSqrtNWithNumSegmentsGrad at 0x00000170D7E99580>) in gradient.
[2026-01-25 01:16:16,025] tensorflow - Level 1 - Registering SegmentMin (<function _SegmentMinGrad at 0x00000170D7E996C0>) in gradient.
[2026-01-25 01:16:16,025] tensorflow - Level 1 - Registering SegmentMax (<function _SegmentMaxGrad at 0x00000170D7E99760>) in gradient.
[2026-01-25 01:16:16,025] tensorflow - Level 1 - Registering SegmentProd (<function _SegmentProdGrad at 0x00000170D7E99800>) in gradient.
[2026-01-25 01:16:16,025] tensorflow - Level 1 - Registering UnsortedSegmentSum (<function _UnsortedSegmentSumGrad at 0x00000170D7E999E0>) in gradient.
[2026-01-25 01:16:16,026] tensorflow - Level 1 - Registering UnsortedSegmentMax (<function _UnsortedSegmentMaxGrad at 0x00000170D7E99A80>) in gradient.
[2026-01-25 01:16:16,026] tensorflow - Level 1 - Registering UnsortedSegmentMin (<function _UnsortedSegmentMinGrad at 0x00000170D7E99B20>) in gradient.
[2026-01-25 01:16:16,026] tensorflow - Level 1 - Registering UnsortedSegmentProd (<function _UnsortedSegmentProdGrad at 0x00000170D7E99BC0>) in gradient.
[2026-01-25 01:16:16,026] tensorflow - Level 1 - Registering Abs (<function _AbsGrad at 0x00000170D7E99C60>) in gradient.
[2026-01-25 01:16:16,026] tensorflow - Level 1 - Registering Neg (<function _NegGrad at 0x00000170D7E99D00>) in gradient.
[2026-01-25 01:16:16,026] tensorflow - Level 1 - Registering Inv (<function _InvGrad at 0x00000170D7E99DA0>) in gradient.
[2026-01-25 01:16:16,026] tensorflow - Level 1 - Registering Reciprocal (<function _ReciprocalGrad at 0x00000170D7E99E40>) in gradient.
[2026-01-25 01:16:16,026] tensorflow - Level 1 - Registering InvGrad (<function _InvGradGrad at 0x00000170D7E99EE0>) in gradient.
[2026-01-25 01:16:16,026] tensorflow - Level 1 - Registering ReciprocalGrad (<function _ReciprocalGradGrad at 0x00000170D7E99F80>) in gradient.
[2026-01-25 01:16:16,027] tensorflow - Level 1 - Registering Square (<function _SquareGrad at 0x00000170D7E9A020>) in gradient.
[2026-01-25 01:16:16,027] tensorflow - Level 1 - Registering Sqrt (<function _SqrtGrad at 0x00000170D7E9A0C0>) in gradient.
[2026-01-25 01:16:16,027] tensorflow - Level 1 - Registering SqrtGrad (<function _SqrtGradGrad at 0x00000170D7E9A160>) in gradient.
[2026-01-25 01:16:16,027] tensorflow - Level 1 - Registering Rsqrt (<function _RsqrtGrad at 0x00000170D7E9A200>) in gradient.
[2026-01-25 01:16:16,027] tensorflow - Level 1 - Registering RsqrtGrad (<function _RsqrtGradGrad at 0x00000170D7E9A2A0>) in gradient.
[2026-01-25 01:16:16,027] tensorflow - Level 1 - Registering Exp (<function _ExpGrad at 0x00000170D7E9A340>) in gradient.
[2026-01-25 01:16:16,027] tensorflow - Level 1 - Registering Expm1 (<function _Expm1Grad at 0x00000170D7E9A3E0>) in gradient.
[2026-01-25 01:16:16,027] tensorflow - Level 1 - Registering Log (<function _LogGrad at 0x00000170D7E9A480>) in gradient.
[2026-01-25 01:16:16,027] tensorflow - Level 1 - Registering Log1p (<function _Log1pGrad at 0x00000170D7E9A520>) in gradient.
[2026-01-25 01:16:16,028] tensorflow - Level 1 - Registering Xlogy (<function _XLogyGrad at 0x00000170D7E9A5C0>) in gradient.
[2026-01-25 01:16:16,028] tensorflow - Level 1 - Registering Xlog1py (<function _XLog1pyGrad at 0x00000170D7E9A660>) in gradient.
[2026-01-25 01:16:16,028] tensorflow - Level 1 - Registering Xdivy (<function _XDivyGrad at 0x00000170D7E9A700>) in gradient.
[2026-01-25 01:16:16,028] tensorflow - Level 1 - Registering Sinh (<function _SinhGrad at 0x00000170D7E9A7A0>) in gradient.
[2026-01-25 01:16:16,028] tensorflow - Level 1 - Registering Cosh (<function _CoshGrad at 0x00000170D7E9A840>) in gradient.
[2026-01-25 01:16:16,028] tensorflow - Level 1 - Registering Tanh (<function _TanhGrad at 0x00000170D7E9A8E0>) in gradient.
[2026-01-25 01:16:16,028] tensorflow - Level 1 - Registering Asinh (<function _AsinhGrad at 0x00000170D7E9A980>) in gradient.
[2026-01-25 01:16:16,028] tensorflow - Level 1 - Registering Acosh (<function _AcoshGrad at 0x00000170D7E9AA20>) in gradient.
[2026-01-25 01:16:16,028] tensorflow - Level 1 - Registering Atanh (<function _AtanhGrad at 0x00000170D7E9AAC0>) in gradient.
[2026-01-25 01:16:16,028] tensorflow - Level 1 - Registering TanhGrad (<function _TanhGradGrad at 0x00000170D7E9AB60>) in gradient.
[2026-01-25 01:16:16,029] tensorflow - Level 1 - Registering Erf (<function _ErfGrad at 0x00000170D7E9AC00>) in gradient.
[2026-01-25 01:16:16,029] tensorflow - Level 1 - Registering Erfc (<function _ErfcGrad at 0x00000170D7E9ACA0>) in gradient.
[2026-01-25 01:16:16,029] tensorflow - Level 1 - Registering Erfinv (<function _ErfinvGrad at 0x00000170D7E9AD40>) in gradient.
[2026-01-25 01:16:16,029] tensorflow - Level 1 - Registering Ndtri (<function _NdtriGrad at 0x00000170D7E9ADE0>) in gradient.
[2026-01-25 01:16:16,029] tensorflow - Level 1 - Registering Lgamma (<function _LgammaGrad at 0x00000170D7E9AE80>) in gradient.
[2026-01-25 01:16:16,029] tensorflow - Level 1 - Registering Digamma (<function _DigammaGrad at 0x00000170D7E9AF20>) in gradient.
[2026-01-25 01:16:16,029] tensorflow - Level 1 - Registering Dawsn (<function _DawsnGrad at 0x00000170D7E9AFC0>) in gradient.
[2026-01-25 01:16:16,029] tensorflow - Level 1 - Registering Expint (<function _ExpintGrad at 0x00000170D7E9B060>) in gradient.
[2026-01-25 01:16:16,029] tensorflow - Level 1 - Registering FresnelCos (<function _FresnelCosGrad at 0x00000170D7E9B100>) in gradient.
[2026-01-25 01:16:16,030] tensorflow - Level 1 - Registering FresnelSin (<function _FresnelSinGrad at 0x00000170D7E9B1A0>) in gradient.
[2026-01-25 01:16:16,030] tensorflow - Level 1 - Registering Spence (<function _SpenceGrad at 0x00000170D7E9B240>) in gradient.
[2026-01-25 01:16:16,030] tensorflow - Level 1 - Registering BesselI0 (<function _BesselI0Grad at 0x00000170D7E9B2E0>) in gradient.
[2026-01-25 01:16:16,030] tensorflow - Level 1 - Registering BesselI0e (<function _BesselI0eGrad at 0x00000170D7E9B380>) in gradient.
[2026-01-25 01:16:16,030] tensorflow - Level 1 - Registering BesselI1 (<function _BesselI1Grad at 0x00000170D7E9B420>) in gradient.
[2026-01-25 01:16:16,030] tensorflow - Level 1 - Registering BesselI1e (<function _BesselI1eGrad at 0x00000170D7E9B4C0>) in gradient.
[2026-01-25 01:16:16,030] tensorflow - Level 1 - Registering BesselK0 (<function _BesselK0Grad at 0x00000170D7E9B560>) in gradient.
[2026-01-25 01:16:16,031] tensorflow - Level 1 - Registering BesselK0e (<function _BesselK0eGrad at 0x00000170D7E9B600>) in gradient.
[2026-01-25 01:16:16,031] tensorflow - Level 1 - Registering BesselK1 (<function _BesselK1Grad at 0x00000170D7E9B6A0>) in gradient.
[2026-01-25 01:16:16,031] tensorflow - Level 1 - Registering BesselK1e (<function _BesselK1eGrad at 0x00000170D7E9B740>) in gradient.
[2026-01-25 01:16:16,031] tensorflow - Level 1 - Registering BesselJ0 (<function _BesselJ0Grad at 0x00000170D7E9B7E0>) in gradient.
[2026-01-25 01:16:16,031] tensorflow - Level 1 - Registering BesselJ1 (<function _BesselJ1Grad at 0x00000170D7E9B880>) in gradient.
[2026-01-25 01:16:16,031] tensorflow - Level 1 - Registering BesselY0 (<function _BesselY0Grad at 0x00000170D7E9B920>) in gradient.
[2026-01-25 01:16:16,031] tensorflow - Level 1 - Registering BesselY1 (<function _BesselY1Grad at 0x00000170D7E9B9C0>) in gradient.
[2026-01-25 01:16:16,031] tensorflow - Level 1 - Registering Igamma (<function _IgammaGrad at 0x00000170D7E9BA60>) in gradient.
[2026-01-25 01:16:16,031] tensorflow - Level 1 - Registering Igammac (<function _IgammacGrad at 0x00000170D7E9BB00>) in gradient.
[2026-01-25 01:16:16,032] tensorflow - Level 1 - Registering Betainc (<function _BetaincGrad at 0x00000170D7E9BBA0>) in gradient.
[2026-01-25 01:16:16,032] tensorflow - Level 1 - Registering Zeta (<function _ZetaGrad at 0x00000170D7E9BC40>) in gradient.
[2026-01-25 01:16:16,032] tensorflow - Level 1 - Registering Polygamma (<function _PolygammaGrad at 0x00000170D7E9BCE0>) in gradient.
[2026-01-25 01:16:16,032] tensorflow - Level 1 - Registering Sigmoid (<function _SigmoidGrad at 0x00000170D7E9BD80>) in gradient.
[2026-01-25 01:16:16,032] tensorflow - Level 1 - Registering SigmoidGrad (<function _SigmoidGradGrad at 0x00000170D7E9BE20>) in gradient.
[2026-01-25 01:16:16,032] tensorflow - Level 1 - Registering Sign (<function _SignGrad at 0x00000170D7E9BEC0>) in gradient.
[2026-01-25 01:16:16,032] tensorflow - Level 1 - Registering Sin (<function _SinGrad at 0x00000170D7E9BF60>) in gradient.
[2026-01-25 01:16:16,032] tensorflow - Level 1 - Registering Cos (<function _CosGrad at 0x00000170D7ED8040>) in gradient.
[2026-01-25 01:16:16,032] tensorflow - Level 1 - Registering Tan (<function _TanGrad at 0x00000170D7ED80E0>) in gradient.
[2026-01-25 01:16:16,033] tensorflow - Level 1 - Registering Asin (<function _AsinGrad at 0x00000170D7ED8180>) in gradient.
[2026-01-25 01:16:16,033] tensorflow - Level 1 - Registering Acos (<function _AcosGrad at 0x00000170D7ED8220>) in gradient.
[2026-01-25 01:16:16,033] tensorflow - Level 1 - Registering Atan (<function _AtanGrad at 0x00000170D7ED82C0>) in gradient.
[2026-01-25 01:16:16,033] tensorflow - Level 1 - Registering Atan2 (<function _Atan2Grad at 0x00000170D7ED8360>) in gradient.
[2026-01-25 01:16:16,033] tensorflow - Level 1 - Registering AddN (<function _AddNGrad at 0x00000170D7ED8400>) in gradient.
[2026-01-25 01:16:16,033] tensorflow - Level 1 - Registering AddV2 (<function _AddGrad at 0x00000170D7ED8540>) in gradient.
[2026-01-25 01:16:16,033] tensorflow - Level 1 - Registering Add (<function _AddGrad at 0x00000170D7ED8540>) in gradient.
[2026-01-25 01:16:16,033] tensorflow - Level 1 - Registering Sub (<function _SubGrad at 0x00000170D7ED85E0>) in gradient.
[2026-01-25 01:16:16,033] tensorflow - Level 1 - Registering Mul (<function _MulGrad at 0x00000170D7ED8680>) in gradient.
[2026-01-25 01:16:16,034] tensorflow - Level 1 - Registering MulNoNan (<function _MulNoNanGrad at 0x00000170D7ED8720>) in gradient.
[2026-01-25 01:16:16,034] tensorflow - Level 1 - Registering Div (<function _DivGrad at 0x00000170D7ED87C0>) in gradient.
[2026-01-25 01:16:16,034] tensorflow - Level 1 - Registering FloorDiv (<function _FloorDivGrad at 0x00000170D7ED8860>) in gradient.
[2026-01-25 01:16:16,034] tensorflow - Level 1 - Registering FloorMod (<function _FloorModGrad at 0x00000170D7ED8900>) in gradient.
[2026-01-25 01:16:16,034] tensorflow - Level 1 - Registering TruncateDiv (<function _TruncateDivGrad at 0x00000170D7ED89A0>) in gradient.
[2026-01-25 01:16:16,034] tensorflow - Level 1 - Registering RealDiv (<function _RealDivGrad at 0x00000170D7ED8A40>) in gradient.
[2026-01-25 01:16:16,034] tensorflow - Level 1 - Registering DivNoNan (<function _DivNoNanGrad at 0x00000170D7ED8AE0>) in gradient.
[2026-01-25 01:16:16,034] tensorflow - Level 1 - Registering Pow (<function _PowGrad at 0x00000170D7ED8B80>) in gradient.
[2026-01-25 01:16:16,034] tensorflow - Level 1 - Registering Maximum (<function _MaximumGrad at 0x00000170D7ED8D60>) in gradient.
[2026-01-25 01:16:16,034] tensorflow - Level 1 - Registering Minimum (<function _MinimumGrad at 0x00000170D7ED8E00>) in gradient.
[2026-01-25 01:16:16,035] tensorflow - Level 1 - Registering SquaredDifference (<function _SquaredDifferenceGrad at 0x00000170D7ED8EA0>) in gradient.
[2026-01-25 01:16:16,035] tensorflow - Level 1 - Registering Less (None) in gradient.
[2026-01-25 01:16:16,035] tensorflow - Level 1 - Registering LessEqual (None) in gradient.
[2026-01-25 01:16:16,035] tensorflow - Level 1 - Registering Greater (None) in gradient.
[2026-01-25 01:16:16,035] tensorflow - Level 1 - Registering GreaterEqual (None) in gradient.
[2026-01-25 01:16:16,035] tensorflow - Level 1 - Registering Equal (None) in gradient.
[2026-01-25 01:16:16,035] tensorflow - Level 1 - Registering ApproximateEqual (None) in gradient.
[2026-01-25 01:16:16,035] tensorflow - Level 1 - Registering NotEqual (None) in gradient.
[2026-01-25 01:16:16,035] tensorflow - Level 1 - Registering LogicalAnd (None) in gradient.
[2026-01-25 01:16:16,036] tensorflow - Level 1 - Registering LogicalOr (None) in gradient.
[2026-01-25 01:16:16,036] tensorflow - Level 1 - Registering LogicalNot (None) in gradient.
[2026-01-25 01:16:16,036] tensorflow - Level 1 - Registering Select (<function _SelectGrad at 0x00000170D7ED8F40>) in gradient.
[2026-01-25 01:16:16,036] tensorflow - Level 1 - Registering SelectV2 (<function _SelectGradV2 at 0x00000170D7ED8FE0>) in gradient.
[2026-01-25 01:16:16,036] tensorflow - Level 1 - Registering MatMul (<function _MatMulGrad at 0x00000170D7ED91C0>) in gradient.
[2026-01-25 01:16:16,036] tensorflow - Level 1 - Registering SparseMatMul (<function _SparseMatMulGrad at 0x00000170D7ED9260>) in gradient.
[2026-01-25 01:16:16,036] tensorflow - Level 1 - Registering Floor (<function _FloorGrad at 0x00000170D7ED9300>) in gradient.
[2026-01-25 01:16:16,036] tensorflow - Level 1 - Registering Ceil (<function _CeilGrad at 0x00000170D7ED93A0>) in gradient.
[2026-01-25 01:16:16,036] tensorflow - Level 1 - Registering Round (<function _RoundGrad at 0x00000170D7ED9440>) in gradient.
[2026-01-25 01:16:16,037] tensorflow - Level 1 - Registering Rint (<function _RintGrad at 0x00000170D7ED94E0>) in gradient.
[2026-01-25 01:16:16,037] tensorflow - Level 1 - Registering BatchMatMul (<function _BatchMatMul at 0x00000170D7ED9580>) in gradient.
[2026-01-25 01:16:16,037] tensorflow - Level 1 - Registering BatchMatMulV3 (<function _BatchMatMulV2 at 0x00000170D7ED9620>) in gradient.
[2026-01-25 01:16:16,037] tensorflow - Level 1 - Registering BatchMatMulV2 (<function _BatchMatMulV2 at 0x00000170D7ED9620>) in gradient.
[2026-01-25 01:16:16,037] tensorflow - Level 1 - Registering Range (None) in gradient.
[2026-01-25 01:16:16,037] tensorflow - Level 1 - Registering LinSpace (None) in gradient.
[2026-01-25 01:16:16,037] tensorflow - Level 1 - Registering Complex (<function _ComplexGrad at 0x00000170D7ED96C0>) in gradient.
[2026-01-25 01:16:16,037] tensorflow - Level 1 - Registering Real (<function _RealGrad at 0x00000170D7ED9760>) in gradient.
[2026-01-25 01:16:16,037] tensorflow - Level 1 - Registering Imag (<function _ImagGrad at 0x00000170D7ED9800>) in gradient.
[2026-01-25 01:16:16,038] tensorflow - Level 1 - Registering Angle (<function _AngleGrad at 0x00000170D7ED98A0>) in gradient.
[2026-01-25 01:16:16,038] tensorflow - Level 1 - Registering Conj (<function _ConjGrad at 0x00000170D7ED9940>) in gradient.
[2026-01-25 01:16:16,038] tensorflow - Level 1 - Registering ComplexAbs (<function _ComplexAbsGrad at 0x00000170D7ED99E0>) in gradient.
[2026-01-25 01:16:16,038] tensorflow - Level 1 - Registering Cast (<function _CastGrad at 0x00000170D7ED9A80>) in gradient.
[2026-01-25 01:16:16,038] tensorflow - Level 1 - Registering Cross (<function _CrossGrad at 0x00000170D7ED9B20>) in gradient.
[2026-01-25 01:16:16,038] tensorflow - Level 1 - Registering Cumsum (<function _CumsumGrad at 0x00000170D7ED9BC0>) in gradient.
[2026-01-25 01:16:16,038] tensorflow - Level 1 - Registering Cumprod (<function _CumprodGrad at 0x00000170D7ED9C60>) in gradient.
[2026-01-25 01:16:16,038] tensorflow - Level 1 - Registering CumulativeLogsumexp (<function _CumulativeLogsumexpGrad at 0x00000170D7ED9D00>) in gradient.
[2026-01-25 01:16:16,038] tensorflow - Level 1 - Registering NextAfter (<function _NextAfterGrad at 0x00000170D7ED9DA0>) in gradient.
[2026-01-25 01:16:16,041] tensorflow - Level 1 - Registering NcclAllReduce (<function _all_sum_grad at 0x00000170D7EDA160>) in gradient.
[2026-01-25 01:16:16,042] tensorflow - Level 1 - Registering NcclReduce (<function _reduce_sum_grad at 0x00000170D7EDAD40>) in gradient.
[2026-01-25 01:16:16,042] tensorflow - Level 1 - Registering NcclBroadcast (<function _broadcast_grad at 0x00000170D7EDAE80>) in gradient.
[2026-01-25 01:16:16,044] tensorflow - Level 1 - Registering OptionalFromValue (<function _OptionalFromValueGrad at 0x00000170D7EDAAC0>) in gradient.
[2026-01-25 01:16:16,044] tensorflow - Level 1 - Registering OptionalGetValue (<function _OptionalGetValueGrad at 0x00000170D7EDB1A0>) in gradient.
[2026-01-25 01:16:16,046] tensorflow - Level 1 - Registering DecodeRaw (None) in gradient.
[2026-01-25 01:16:16,047] tensorflow - Level 1 - Registering DecodePaddedRaw (None) in gradient.
[2026-01-25 01:16:16,047] tensorflow - Level 1 - Registering ParseTensor (None) in gradient.
[2026-01-25 01:16:16,047] tensorflow - Level 1 - Registering SerializeTensor (None) in gradient.
[2026-01-25 01:16:16,048] tensorflow - Level 1 - Registering StringToNumber (None) in gradient.
[2026-01-25 01:16:16,051] tensorflow - Level 1 - Registering DecodeProtoV2 (None) in gradient.
[2026-01-25 01:16:16,052] tensorflow - Level 1 - Registering EncodeProto (None) in gradient.
[2026-01-25 01:16:16,053] tensorflow - Level 1 - Registering RandomGamma (<function _RandomGammaGrad at 0x00000170D7EDBEC0>) in gradient.
[2026-01-25 01:16:16,055] tensorflow - Level 1 - Registering StatelessRandomGammaV2 (<function _StatelessRandomGammaV2Grad at 0x00000170D7EF4040>) in gradient.
[2026-01-25 01:16:16,055] tensorflow - Level 1 - Registering StatelessRandomGammaV3 (<function _StatelessRandomGammaV3Grad at 0x00000170D7EF4180>) in gradient.
[2026-01-25 01:16:16,055] tensorflow - Level 1 - Registering StatelessParameterizedTruncatedNormal (<function _StatelessParameterizedTruncatedNormalGrad at 0x00000170D7EF4400>) in gradient.
[2026-01-25 01:16:16,059] tensorflow - Level 1 - Registering BlockLSTM (<function _block_lstm_grad at 0x00000170D7EF40E0>) in gradient.
[2026-01-25 01:16:16,060] tensorflow - Level 1 - Registering BlockLSTMV2 (<function _block_lstm_grad at 0x00000170D7EF40E0>) in gradient.
[2026-01-25 01:16:16,065] tensorflow - Level 1 - Registering SdcaFprint (None) in gradient.
[2026-01-25 01:16:16,066] tensorflow - Level 1 - Registering SdcaOptimizer (None) in gradient.
[2026-01-25 01:16:16,066] tensorflow - Level 1 - Registering SdcaOptimizerV2 (None) in gradient.
[2026-01-25 01:16:16,066] tensorflow - Level 1 - Registering SdcaShrinkL1 (None) in gradient.
[2026-01-25 01:16:16,070] tensorflow - Level 1 - Registering SetSize (None) in gradient.
[2026-01-25 01:16:16,071] tensorflow - Level 1 - Registering DenseToDenseSetOperation (None) in gradient.
[2026-01-25 01:16:16,072] tensorflow - Level 1 - Registering DenseToSparseSetOperation (None) in gradient.
[2026-01-25 01:16:16,072] tensorflow - Level 1 - Registering SparseToSparseSetOperation (None) in gradient.
[2026-01-25 01:16:16,074] tensorflow - Level 1 - Registering SparseAddGrad (None) in gradient.
[2026-01-25 01:16:16,075] tensorflow - Level 1 - Registering SparseConcat (None) in gradient.
[2026-01-25 01:16:16,075] tensorflow - Level 1 - Registering SparseReorder (<function _SparseReorderGrad at 0x00000170D7F2B420>) in gradient.
[2026-01-25 01:16:16,075] tensorflow - Level 1 - Registering SparseAdd (<function _SparseAddGrad at 0x00000170D7F2B600>) in gradient.
[2026-01-25 01:16:16,075] tensorflow - Level 1 - Registering SparseTensorDenseAdd (<function _SparseTensorDenseAddGrad at 0x00000170D7F2B560>) in gradient.
[2026-01-25 01:16:16,075] tensorflow - Level 1 - Registering SparseReduceSum (<function _SparseReduceSumGrad at 0x00000170D7F2B6A0>) in gradient.
[2026-01-25 01:16:16,075] tensorflow - Level 1 - Registering SparseSlice (<function _SparseSliceGrad at 0x00000170D7F2B740>) in gradient.
[2026-01-25 01:16:16,075] tensorflow - Level 1 - Registering SparseTensorDenseMatMul (<function _SparseTensorDenseMatMulGrad at 0x00000170D7F2B7E0>) in gradient.
[2026-01-25 01:16:16,076] tensorflow - Level 1 - Registering SparseDenseCwiseAdd (<function _SparseDenseCwiseAddGrad at 0x00000170D7F2B880>) in gradient.
[2026-01-25 01:16:16,076] tensorflow - Level 1 - Registering SparseDenseCwiseMul (<function _SparseDenseCwiseMulGrad at 0x00000170D7F2B9C0>) in gradient.
[2026-01-25 01:16:16,076] tensorflow - Level 1 - Registering SparseDenseCwiseDiv (<function _SparseDenseCwiseDivGrad at 0x00000170D7F2BA60>) in gradient.
[2026-01-25 01:16:16,076] tensorflow - Level 1 - Registering SparseSoftmax (<function _SparseSoftmaxGrad at 0x00000170D7F2BB00>) in gradient.
[2026-01-25 01:16:16,076] tensorflow - Level 1 - Registering SparseSparseMaximum (<function _SparseSparseMaximumGrad at 0x00000170D7F2BBA0>) in gradient.
[2026-01-25 01:16:16,076] tensorflow - Level 1 - Registering SparseSparseMinimum (<function _SparseSparseMinimumGrad at 0x00000170D7F2BC40>) in gradient.
[2026-01-25 01:16:16,077] tensorflow - Level 1 - Registering SparseFillEmptyRows (<function _SparseFillEmptyRowsGrad at 0x00000170D7F2BCE0>) in gradient.
[2026-01-25 01:16:16,077] tensorflow - Level 1 - Registering SparseToDense (<function _SparseToDenseGrad at 0x00000170D7F2BD80>) in gradient.
[2026-01-25 01:16:16,078] tensorflow - Level 1 - Registering TensorArray (None) in gradient.
[2026-01-25 01:16:16,080] tensorflow - Level 1 - Registering TensorArrayGrad (None) in gradient.
[2026-01-25 01:16:16,080] tensorflow - Level 1 - Registering TensorArraySize (None) in gradient.
[2026-01-25 01:16:16,080] tensorflow - Level 1 - Registering TensorArrayClose (None) in gradient.
[2026-01-25 01:16:16,080] tensorflow - Level 1 - Registering TensorArrayV2 (None) in gradient.
[2026-01-25 01:16:16,080] tensorflow - Level 1 - Registering TensorArrayGradV2 (None) in gradient.
[2026-01-25 01:16:16,080] tensorflow - Level 1 - Registering TensorArraySizeV2 (None) in gradient.
[2026-01-25 01:16:16,080] tensorflow - Level 1 - Registering TensorArrayCloseV2 (None) in gradient.
[2026-01-25 01:16:16,080] tensorflow - Level 1 - Registering TensorArrayV3 (None) in gradient.
[2026-01-25 01:16:16,081] tensorflow - Level 1 - Registering TensorArrayGradV3 (None) in gradient.
[2026-01-25 01:16:16,081] tensorflow - Level 1 - Registering TensorArrayGradWithShape (None) in gradient.
[2026-01-25 01:16:16,081] tensorflow - Level 1 - Registering TensorArraySizeV3 (None) in gradient.
[2026-01-25 01:16:16,081] tensorflow - Level 1 - Registering TensorArrayCloseV3 (None) in gradient.
[2026-01-25 01:16:16,081] tensorflow - Level 1 - Registering TensorArrayReadV3 (<function _TensorArrayReadGrad at 0x00000170D7F2BF60>) in gradient.
[2026-01-25 01:16:16,081] tensorflow - Level 1 - Registering TensorArrayReadV2 (<function _TensorArrayReadGrad at 0x00000170D7F2BF60>) in gradient.
[2026-01-25 01:16:16,081] tensorflow - Level 1 - Registering TensorArrayRead (<function _TensorArrayReadGrad at 0x00000170D7F2BF60>) in gradient.
[2026-01-25 01:16:16,081] tensorflow - Level 1 - Registering TensorArrayWriteV3 (<function _TensorArrayWriteGrad at 0x00000170D7F2BEC0>) in gradient.
[2026-01-25 01:16:16,081] tensorflow - Level 1 - Registering TensorArrayWriteV2 (<function _TensorArrayWriteGrad at 0x00000170D7F2BEC0>) in gradient.
[2026-01-25 01:16:16,081] tensorflow - Level 1 - Registering TensorArrayWrite (<function _TensorArrayWriteGrad at 0x00000170D7F2BEC0>) in gradient.
[2026-01-25 01:16:16,082] tensorflow - Level 1 - Registering TensorArrayGatherV3 (<function _TensorArrayGatherGrad at 0x00000170D7F54040>) in gradient.
[2026-01-25 01:16:16,082] tensorflow - Level 1 - Registering TensorArrayGatherV2 (<function _TensorArrayGatherGrad at 0x00000170D7F54040>) in gradient.
[2026-01-25 01:16:16,082] tensorflow - Level 1 - Registering TensorArrayGather (<function _TensorArrayGatherGrad at 0x00000170D7F54040>) in gradient.
[2026-01-25 01:16:16,082] tensorflow - Level 1 - Registering TensorArrayScatterV3 (<function _TensorArrayScatterGrad at 0x00000170D7F540E0>) in gradient.
[2026-01-25 01:16:16,082] tensorflow - Level 1 - Registering TensorArrayScatterV2 (<function _TensorArrayScatterGrad at 0x00000170D7F540E0>) in gradient.
[2026-01-25 01:16:16,082] tensorflow - Level 1 - Registering TensorArrayScatter (<function _TensorArrayScatterGrad at 0x00000170D7F540E0>) in gradient.
[2026-01-25 01:16:16,082] tensorflow - Level 1 - Registering TensorArrayConcatV3 (<function _TensorArrayConcatGrad at 0x00000170D7F54180>) in gradient.
[2026-01-25 01:16:16,082] tensorflow - Level 1 - Registering TensorArrayConcatV2 (<function _TensorArrayConcatGrad at 0x00000170D7F54180>) in gradient.
[2026-01-25 01:16:16,082] tensorflow - Level 1 - Registering TensorArrayConcat (<function _TensorArrayConcatGrad at 0x00000170D7F54180>) in gradient.
[2026-01-25 01:16:16,082] tensorflow - Level 1 - Registering TensorArraySplitV3 (<function _TensorArraySplitGrad at 0x00000170D7F54220>) in gradient.
[2026-01-25 01:16:16,083] tensorflow - Level 1 - Registering TensorArraySplitV2 (<function _TensorArraySplitGrad at 0x00000170D7F54220>) in gradient.
[2026-01-25 01:16:16,083] tensorflow - Level 1 - Registering TensorArraySplit (<function _TensorArraySplitGrad at 0x00000170D7F54220>) in gradient.
[2026-01-25 01:16:16,089] tensorflow - Level 1 - Registering DenseToCSRSparseMatrix (<function _DenseToCSRSparseMatrixGrad at 0x00000170D7F544A0>) in gradient.
[2026-01-25 01:16:16,091] tensorflow - Level 1 - Registering CSRSparseMatrixToDense (<function _CSRSparseMatrixToDenseGrad at 0x00000170D7F545E0>) in gradient.
[2026-01-25 01:16:16,091] tensorflow - Level 1 - Registering SparseTensorToCSRSparseMatrix (<function _SparseTensorToCSRSparseMatrixGrad at 0x00000170D7F78FE0>) in gradient.
[2026-01-25 01:16:16,091] tensorflow - Level 1 - Registering CSRSparseMatrixToSparseTensor (<function _CSRSparseMatrixToSparseTensorGrad at 0x00000170D7F78F40>) in gradient.
[2026-01-25 01:16:16,091] tensorflow - Level 1 - Registering SparseMatrixNNZ (None) in gradient.
[2026-01-25 01:16:16,092] tensorflow - Level 1 - Registering SparseMatrixZeros (None) in gradient.
[2026-01-25 01:16:16,092] tensorflow - Level 1 - Registering SparseMatrixAdd (<function _SparseMatrixAddGrad at 0x00000170D7F791C0>) in gradient.
[2026-01-25 01:16:16,092] tensorflow - Level 1 - Registering SparseMatrixTranspose (<function _SparseMatrixTransposeGrad at 0x00000170D7F79300>) in gradient.
[2026-01-25 01:16:16,092] tensorflow - Level 1 - Registering SparseMatrixSoftmax (<function _SparseMatrixSoftmaxGrad at 0x00000170D7F793A0>) in gradient.
[2026-01-25 01:16:16,092] tensorflow - Level 1 - Registering SparseMatrixMatMul (<function _SparseMatrixMatMulGrad at 0x00000170D7F79440>) in gradient.
[2026-01-25 01:16:16,092] tensorflow - Level 1 - Registering SparseMatrixSparseMatMul (<function _SparseMatrixSparseMatMulGrad at 0x00000170D7F794E0>) in gradient.
[2026-01-25 01:16:16,093] tensorflow - Level 1 - Registering SparseMatrixMul (<function _SparseMatrixMulGrad at 0x00000170D7F79580>) in gradient.
[2026-01-25 01:16:16,100] tensorflow - Level 1 - Registering FFT (<function _fft_grad at 0x00000170D7FAF060>) in gradient.
[2026-01-25 01:16:16,103] tensorflow - Level 1 - Registering IFFT (<function _ifft_grad at 0x00000170D7FAF100>) in gradient.
[2026-01-25 01:16:16,103] tensorflow - Level 1 - Registering FFT2D (<function _fft2d_grad at 0x00000170D7FAF1A0>) in gradient.
[2026-01-25 01:16:16,103] tensorflow - Level 1 - Registering IFFT2D (<function _ifft2d_grad at 0x00000170D7FAF2E0>) in gradient.
[2026-01-25 01:16:16,103] tensorflow - Level 1 - Registering FFT3D (<function _fft3d_grad at 0x00000170D7FAF380>) in gradient.
[2026-01-25 01:16:16,103] tensorflow - Level 1 - Registering IFFT3D (<function _ifft3d_grad at 0x00000170D7FAF420>) in gradient.
[2026-01-25 01:16:16,104] tensorflow - Level 1 - Registering RFFT (<function _rfft_grad_helper.<locals>._grad at 0x00000170D7FAF880>) in gradient.
[2026-01-25 01:16:16,104] tensorflow - Level 1 - Registering IRFFT (<function _irfft_grad_helper.<locals>._grad at 0x00000170D7FAFA60>) in gradient.
[2026-01-25 01:16:16,104] tensorflow - Level 1 - Registering RFFT2D (<function _rfft_grad_helper.<locals>._grad at 0x00000170D7FAFB00>) in gradient.
[2026-01-25 01:16:16,104] tensorflow - Level 1 - Registering IRFFT2D (<function _irfft_grad_helper.<locals>._grad at 0x00000170D7FAFBA0>) in gradient.
[2026-01-25 01:16:16,106] tensorflow - Level 1 - Registering GenerateVocabRemapping (None) in gradient.
[2026-01-25 01:16:16,108] tensorflow - Level 1 - Registering LoadAndRemapMatrix (None) in gradient.
[2026-01-25 01:16:16,127] tensorflow - Level 1 - Registering XlaVariadicReduce (None) in gradient.
[2026-01-25 01:16:16,128] tensorflow - Level 1 - Registering XlaSharding (<function _sharding_grad at 0x00000170D904A5C0>) in gradient.
[2026-01-25 01:16:16,129] tensorflow - Level 1 - Registering XlaSpmdFullToShardShape (<function _spmd_full_to_shard_shape_grad at 0x00000170D904A660>) in gradient.
[2026-01-25 01:16:16,129] tensorflow - Level 1 - Registering XlaSpmdShardToFullShape (<function _spmd_shard_to_full_shape_grad at 0x00000170D904A700>) in gradient.
[2026-01-25 01:16:16,140] tensorflow - Level 1 - Registering CTCLoss (<function _CTCLossGrad at 0x00000170D908EB60>) in gradient.
[2026-01-25 01:16:16,142] tensorflow - Level 1 - Registering CTCLossV2 (<function _CTCLossV2Grad at 0x00000170D908EC00>) in gradient.
[2026-01-25 01:16:16,143] tensorflow - Level 1 - Registering CTCGreedyDecoder (None) in gradient.
[2026-01-25 01:16:16,143] tensorflow - Level 1 - Registering CTCBeamSearchDecoder (None) in gradient.
[2026-01-25 01:16:16,144] tensorflow - Level 1 - Registering FusedBatchNormGrad (<function _FusedBatchNormGradGrad at 0x00000170D90C0680>) in gradient.
[2026-01-25 01:16:16,145] tensorflow - Level 1 - Registering FusedBatchNormGradV2 (<function _FusedBatchNormGradGradV2 at 0x00000170D90C0720>) in gradient.
[2026-01-25 01:16:16,146] tensorflow - Level 1 - Registering FusedBatchNormGradV3 (<function _FusedBatchNormGradGradV3 at 0x00000170D90C0900>) in gradient.
[2026-01-25 01:16:16,152] tensorflow - Level 1 - Registering variables ((<class 'tensorflow.core.framework.variable_pb2.VariableDef'>, <function _to_proto_fn at 0x00000170D90E09A0>, <function _from_proto_fn at 0x00000170D90E0CC0>)) in proto functions.
[2026-01-25 01:16:16,153] tensorflow - Level 1 - Registering trainable_variables ((<class 'tensorflow.core.framework.variable_pb2.VariableDef'>, <function _to_proto_fn at 0x00000170D90E09A0>, <function _from_proto_fn at 0x00000170D90E0CC0>)) in proto functions.
[2026-01-25 01:16:16,153] tensorflow - Level 1 - Registering moving_average_variables ((<class 'tensorflow.core.framework.variable_pb2.VariableDef'>, <function _to_proto_fn at 0x00000170D90E09A0>, <function _from_proto_fn at 0x00000170D90E0CC0>)) in proto functions.
[2026-01-25 01:16:16,153] tensorflow - Level 1 - Registering local_variables ((<class 'tensorflow.core.framework.variable_pb2.VariableDef'>, <function _to_proto_fn at 0x00000170D90E09A0>, <function _from_proto_fn at 0x00000170D90E0CC0>)) in proto functions.
[2026-01-25 01:16:16,153] tensorflow - Level 1 - Registering model_variables ((<class 'tensorflow.core.framework.variable_pb2.VariableDef'>, <function _to_proto_fn at 0x00000170D90E09A0>, <function _from_proto_fn at 0x00000170D90E0CC0>)) in proto functions.
[2026-01-25 01:16:16,154] tensorflow - Level 1 - Registering global_step ((<class 'tensorflow.core.framework.variable_pb2.VariableDef'>, <function _to_proto_fn at 0x00000170D90E09A0>, <function _from_proto_fn at 0x00000170D90E0CC0>)) in proto functions.
[2026-01-25 01:16:16,154] tensorflow - Level 1 - Registering metric_variables ((<class 'tensorflow.core.framework.variable_pb2.VariableDef'>, <function _to_proto_fn at 0x00000170D90E09A0>, <function _from_proto_fn at 0x00000170D90E0CC0>)) in proto functions.
[2026-01-25 01:16:16,155] tensorflow - Level 1 - Registering RandomCrop (None) in gradient.
[2026-01-25 01:16:16,157] tensorflow - Level 1 - Registering HSVToRGB (None) in gradient.
[2026-01-25 01:16:16,158] tensorflow - Level 1 - Registering DrawBoundingBoxes (None) in gradient.
[2026-01-25 01:16:16,158] tensorflow - Level 1 - Registering SampleDistortedBoundingBox (None) in gradient.
[2026-01-25 01:16:16,158] tensorflow - Level 1 - Registering SampleDistortedBoundingBoxV2 (None) in gradient.
[2026-01-25 01:16:16,158] tensorflow - Level 1 - Registering ExtractGlimpse (None) in gradient.
[2026-01-25 01:16:16,158] tensorflow - Level 1 - Registering NonMaxSuppression (None) in gradient.
[2026-01-25 01:16:16,158] tensorflow - Level 1 - Registering NonMaxSuppressionV2 (None) in gradient.
[2026-01-25 01:16:16,158] tensorflow - Level 1 - Registering NonMaxSuppressionWithOverlaps (None) in gradient.
[2026-01-25 01:16:16,158] tensorflow - Level 1 - Registering GenerateBoundingBoxProposals (None) in gradient.
[2026-01-25 01:16:16,167] tensorflow - Level 1 - Registering ImageProjectiveTransformV2 (<function _image_projective_transform_grad at 0x00000170D93C56C0>) in gradient.
[2026-01-25 01:16:16,169] tensorflow - Level 1 - Registering ImageProjectiveTransformV3 (<function _image_projective_transform_v3_grad at 0x00000170D93C58A0>) in gradient.
[2026-01-25 01:16:16,276] tensorflow - Level 1 - Registering savers ((<class 'tensorflow.core.protobuf.saver_pb2.SaverDef'>, <function Saver.to_proto at 0x00000170D968CC20>, <function Saver.from_proto at 0x00000170D968CCC0>)) in proto functions.
[2026-01-25 01:16:16,286] tensorflow - Level 1 - Registering EagerPyFunc (<function _EagerPyFuncGrad at 0x00000170D96C58A0>) in gradient.
[2026-01-25 01:16:16,288] tensorflow - Level 1 - Registering PyFunc (None) in gradient.
[2026-01-25 01:16:16,288] tensorflow - Level 1 - Registering PyFuncStateless (None) in gradient.
[2026-01-25 01:16:16,303] tensorflow - Level 1 - Registering ReduceDataset (None) in gradient.
[2026-01-25 01:16:16,309] tensorflow - Level 1 - Registering tensorflow.python.data.ops.dataset_ops (<function _tf2_callback at 0x00000170D970FCE0>) in data_v2_callbacks.
[2026-01-25 01:16:16,318] tensorflow - Level 1 - Registering _resource_resolver (<function _resource_resolver at 0x00000170D979C9A0>) in acd_resource_resolvers.
[2026-01-25 01:16:16,330] tensorflow - Level 1 - Registering tensorflow.python.data.experimental.ops.counter (<function _tf2_callback at 0x00000170D979DEE0>) in data_v2_callbacks.
[2026-01-25 01:16:16,349] tensorflow - Level 1 - Registering tensorflow.python.data.ops.readers (<function _tf2_callback at 0x00000170D979D580>) in data_v2_callbacks.
[2026-01-25 01:16:16,353] tensorflow - Level 1 - Registering tensorflow.python.data.experimental.ops.interleave_ops (<function _tf2_callback at 0x00000170D97AD8A0>) in data_v2_callbacks.
[2026-01-25 01:16:16,383] tensorflow - Level 1 - Registering tensorflow.python.data.experimental.ops.random_ops (<function _tf2_callback at 0x00000170D984CA40>) in data_v2_callbacks.
[2026-01-25 01:16:16,389] tensorflow - Level 1 - Registering tensorflow.python.data.experimental.ops.readers (<function _tf2_callback at 0x00000170D984E340>) in data_v2_callbacks.
[2026-01-25 01:16:16,562] tensorflow - Level 1 - Registering tpu_replicated_input_resolver (<function tpu_replicated_input_resolver at 0x00000170D9AD2340>) in acd_resource_resolvers.
[2026-01-25 01:16:16,567] tensorflow - DEBUG - Falling back to TensorFlow client; we recommended you install the Cloud TPU client directly with pip install cloud-tpu-client.
[2026-01-25 01:16:16,852] tensorflow - Level 1 - Registering queue_runners ((<class 'tensorflow.core.protobuf.queue_runner_pb2.QueueRunnerDef'>, <function QueueRunner.to_proto at 0x00000170D9CF8D60>, <function QueueRunner.from_proto at 0x00000170D9CF8E00>)) in proto functions.
[2026-01-25 01:16:17,269] h5py._conv - DEBUG - Creating converter from 7 to 5
[2026-01-25 01:16:17,269] h5py._conv - DEBUG - Creating converter from 5 to 7
[2026-01-25 01:16:17,269] h5py._conv - DEBUG - Creating converter from 7 to 5
[2026-01-25 01:16:17,269] h5py._conv - DEBUG - Creating converter from 5 to 7
[2026-01-25 01:16:17,454] tensorflow - Level 1 - Registering DebugGradientIdentity (<function _identify_gradient_grad at 0x00000170DA7856C0>) in gradient.
[2026-01-25 01:16:17,456] tensorflow - Level 1 - Registering DebugGradientRefIdentity (<function _identify_gradient_grad_ref at 0x00000170DA785760>) in gradient.
[2026-01-25 01:16:17,503] tensorflow - Level 1 - Registering DebugIdentityV2 (<function _debug_identity_v2_grad at 0x00000170DA80CAE0>) in gradient.
[2026-01-25 01:16:17,769] tensorflow - Level 1 - Registering AudioMicrofrontend (None) in gradient.
[2026-01-25 01:16:17,848] tensorflow - Level 1 - Registering Reciprocal,flops (<function _reciprocal_flops at 0x00000170DADCE3E0>) in statistical functions.
[2026-01-25 01:16:17,849] tensorflow - Level 1 - Registering Square,flops (<function _square_flops at 0x00000170DADCE480>) in statistical functions.
[2026-01-25 01:16:17,850] tensorflow - Level 1 - Registering Rsqrt,flops (<function _rsqrt_flops at 0x00000170DADCE5C0>) in statistical functions.
[2026-01-25 01:16:17,850] tensorflow - Level 1 - Registering Log,flops (<function _log_flops at 0x00000170DADCE520>) in statistical functions.
[2026-01-25 01:16:17,850] tensorflow - Level 1 - Registering Neg,flops (<function _neg_flops at 0x00000170DADCE660>) in statistical functions.
[2026-01-25 01:16:17,850] tensorflow - Level 1 - Registering AssignSub,flops (<function _assign_sub_flops at 0x00000170DADCE700>) in statistical functions.
[2026-01-25 01:16:17,850] tensorflow - Level 1 - Registering AssignAdd,flops (<function _assign_add_flops at 0x00000170DADCE7A0>) in statistical functions.
[2026-01-25 01:16:17,850] tensorflow - Level 1 - Registering L2Loss,flops (<function _l2_loss_flops at 0x00000170DADCE840>) in statistical functions.
[2026-01-25 01:16:17,850] tensorflow - Level 1 - Registering Softmax,flops (<function _softmax_flops at 0x00000170DADCE8E0>) in statistical functions.
[2026-01-25 01:16:17,850] tensorflow - Level 1 - Registering AddV2,flops (<function _add_flops at 0x00000170DADCEA20>) in statistical functions.
[2026-01-25 01:16:17,850] tensorflow - Level 1 - Registering Add,flops (<function _add_flops at 0x00000170DADCEA20>) in statistical functions.
[2026-01-25 01:16:17,850] tensorflow - Level 1 - Registering Sub,flops (<function _sub_flops at 0x00000170DADCEAC0>) in statistical functions.
[2026-01-25 01:16:17,851] tensorflow - Level 1 - Registering Mul,flops (<function _mul_flops at 0x00000170DADCEB60>) in statistical functions.
[2026-01-25 01:16:17,851] tensorflow - Level 1 - Registering RealDiv,flops (<function _real_div_flops at 0x00000170DADCEC00>) in statistical functions.
[2026-01-25 01:16:17,851] tensorflow - Level 1 - Registering Maximum,flops (<function _maximum_flops at 0x00000170DADCECA0>) in statistical functions.
[2026-01-25 01:16:17,851] tensorflow - Level 1 - Registering Minimum,flops (<function _minimum_flops at 0x00000170DADCED40>) in statistical functions.
[2026-01-25 01:16:17,851] tensorflow - Level 1 - Registering Pow,flops (<function _pow_flops at 0x00000170DADCEDE0>) in statistical functions.
[2026-01-25 01:16:17,851] tensorflow - Level 1 - Registering RsqrtGrad,flops (<function _rsqrt_grad_flops at 0x00000170DADCEE80>) in statistical functions.
[2026-01-25 01:16:17,851] tensorflow - Level 1 - Registering GreaterEqual,flops (<function _greater_equal_flops at 0x00000170DADCEF20>) in statistical functions.
[2026-01-25 01:16:17,851] tensorflow - Level 1 - Registering Greater,flops (<function _greater_flops at 0x00000170DADCEFC0>) in statistical functions.
[2026-01-25 01:16:17,851] tensorflow - Level 1 - Registering LessEqual,flops (<function _less_equal_flops at 0x00000170DADCF060>) in statistical functions.
[2026-01-25 01:16:17,851] tensorflow - Level 1 - Registering Less,flops (<function _less_flops at 0x00000170DADCF100>) in statistical functions.
[2026-01-25 01:16:17,851] tensorflow - Level 1 - Registering Equal,flops (<function _equal_flops at 0x00000170DADCF1A0>) in statistical functions.
[2026-01-25 01:16:17,852] tensorflow - Level 1 - Registering NotEqual,flops (<function _not_equal_flops at 0x00000170DADCF240>) in statistical functions.
[2026-01-25 01:16:17,852] tensorflow - Level 1 - Registering SquaredDifference,flops (<function _squared_difference_flops at 0x00000170DADCF2E0>) in statistical functions.
[2026-01-25 01:16:17,852] tensorflow - Level 1 - Registering Mean,flops (<function _mean_flops at 0x00000170DADCF420>) in statistical functions.
[2026-01-25 01:16:17,852] tensorflow - Level 1 - Registering Sum,flops (<function _sum_flops at 0x00000170DADCF4C0>) in statistical functions.
[2026-01-25 01:16:17,852] tensorflow - Level 1 - Registering ArgMax,flops (<function _arg_max_flops at 0x00000170DADCF560>) in statistical functions.
[2026-01-25 01:16:17,852] tensorflow - Level 1 - Registering ArgMin,flops (<function _arg_min_flops at 0x00000170DADCF600>) in statistical functions.
[2026-01-25 01:16:17,852] tensorflow - Level 1 - Registering BiasAddGrad,flops (<function _bias_add_grad_flops at 0x00000170DADCF6A0>) in statistical functions.
[2026-01-25 01:16:17,852] tensorflow - Level 1 - Registering AvgPool,flops (<function _avg_pool_flops at 0x00000170DADCF880>) in statistical functions.
[2026-01-25 01:16:17,852] tensorflow - Level 1 - Registering MaxPool,flops (<function _max_pool_flops at 0x00000170DADCF920>) in statistical functions.
[2026-01-25 01:16:17,852] tensorflow - Level 1 - Registering AvgPoolGrad,flops (<function _avg_pool_grad_flops at 0x00000170DADCF9C0>) in statistical functions.
[2026-01-25 01:16:17,852] tensorflow - Level 1 - Registering MaxPoolGrad,flops (<function _max_pool_grad_flops at 0x00000170DADCFA60>) in statistical functions.
[2026-01-25 01:16:17,852] tensorflow - Level 1 - Registering Conv2DBackpropInput,flops (<function _conv_2d_backprop_input_flops at 0x00000170DADCFB00>) in statistical functions.
[2026-01-25 01:16:17,853] tensorflow - Level 1 - Registering Conv2DBackpropFilter,flops (<function _conv_2d_backprop_filter_flops at 0x00000170DADCFBA0>) in statistical functions.
[2026-01-25 01:16:17,853] tensorflow - Level 1 - Registering AddN,flops (<function _add_n_flops at 0x00000170DADCFC40>) in statistical functions.
[2026-01-25 01:16:17,853] tensorflow - Level 1 - Registering MatMul,flops (<function _calc_mat_mul_flops at 0x00000170DADCFCE0>) in statistical functions.
[2026-01-25 01:16:17,853] tensorflow - Level 1 - Registering BatchMatMulV3,flops (<function _calc_batch_mat_mul_flops at 0x00000170DADCFD80>) in statistical functions.
[2026-01-25 01:16:17,853] tensorflow - Level 1 - Registering BatchMatMulV2,flops (<function _calc_batch_mat_mul_flops at 0x00000170DADCFD80>) in statistical functions.
[2026-01-25 01:16:17,853] tensorflow - Level 1 - Registering BatchMatMul,flops (<function _calc_batch_mat_mul_flops at 0x00000170DADCFD80>) in statistical functions.
[2026-01-25 01:16:18,390] tensorflow - Level 1 - Enabling eager execution
[2026-01-25 01:16:18,390] tensorflow - Level 1 - Enabling v2 tensorshape
[2026-01-25 01:16:18,390] tensorflow - Level 1 - Enabling resource variables
[2026-01-25 01:16:18,390] tensorflow - Level 1 - Enabling tensor equality
[2026-01-25 01:16:18,390] tensorflow - Level 1 - Enabling control flow v2
[2026-01-25 01:16:19,121] matplotlib - DEBUG - matplotlib data path: C:\Users\BS\anaconda3\Lib\site-packages\matplotlib\mpl-data
[2026-01-25 01:16:19,128] matplotlib - DEBUG - CONFIGDIR=C:\Users\BS\.matplotlib
[2026-01-25 01:16:19,130] matplotlib - DEBUG - interactive is False
[2026-01-25 01:16:19,131] matplotlib - DEBUG - platform is win32
[2026-01-25 01:16:19,206] matplotlib - DEBUG - CACHEDIR=C:\Users\BS\.matplotlib
[2026-01-25 01:16:19,209] matplotlib.font_manager - DEBUG - Using fontManager instance from C:\Users\BS\.matplotlib\fontlist-v390.json
[2026-01-25 01:16:28,124] tensorflow - WARNING - From C:\Users\BS\anaconda3\Lib\site-packages\tf_keras\src\losses.py:2976: The name tf.losses.sparse_softmax_cross_entropy is deprecated. Please use tf.compat.v1.losses.sparse_softmax_cross_entropy instead.

